[2026-05-05 20:52:47] [INFO] Starting SCRIPT-Main automation pipeline
[2026-05-05 20:52:47] [INFO] Selected mode: update
[2026-05-05 20:52:47] [INFO] Scope policy: only AGF-/zzzAGF-prefixed mods are managed in workspace and game folders
[2026-05-05 20:52:47] [INFO] Preflight writeability check passed
[2026-05-05 20:52:47] [INFO] Mode update: sync Draft<->Game, ingest Draft->ActiveBuild, sync ActiveBuild<->Game, normalize names/readmes — no promote or package.
[2026-05-05 20:52:47] [INFO] Step 0.25: Compare Game <-> Draft and pull newer game updates into Draft
[2026-05-05 20:52:47] [INFO] Step 0.5: Ensure latest Draft mods are in ActiveBuild
[2026-05-05 20:52:47] [INFO] Draft sync skipped for AGF-4Modders-AntiCM-v0.0.2: version 0.0.2 is draft-only (major < 1)
[2026-05-05 20:52:47] [INFO] Draft sync skipped for AGF-4Modders-ESCWindowPlus-v0.3.2: version 0.3.2 is draft-only (major < 1)
[2026-05-05 20:52:47] [INFO] Draft sync skipped for AGF-NoEAC-TerrainLeveler-v0.0.2: version 0.0.2 is draft-only (major < 1)
[2026-05-05 20:52:47] [INFO] Draft sync skipped for AGF-NoEAC-VisualEntityTracker-v0.1.2: version 0.1.2 is draft-only (major < 1)
[2026-05-05 20:52:47] [INFO] Draft sync skipped for AGF-VP-MedicalTreatOthersTreatedInjuries-v0.0.2: version 0.0.2 is draft-only (major < 1)
[2026-05-05 20:52:47] [INFO] Draft sync skipped for AGF-VP-MedicallyTreatOthers-v0.0.2: version 0.0.2 is draft-only (major < 1)
[2026-05-05 20:52:47] [INFO] Lane policy: keep major v0.x mods in Draft, not ActiveBuild
[2026-05-05 20:52:48] [INFO] Rename folders to match ModInfo Name+Version when safe
[2026-05-05 20:52:48] [INFO] Renamed folder: AGF-HUDPluszOther-Weekday-v2.1.1 -> AGF-HUDPluszOther-Weekday-v2.1.2
[2026-05-05 20:52:48] [INFO] Rename folders to match ModInfo Name+Version when safe
[2026-05-05 20:52:49] [INFO] Mode sync-work: Sync Staging <-> Game by version
[2026-05-05 20:52:49] [INFO] Policy: keep one active BackpackPlus in game root, keep all BackpackPlus in .Optionals-Backpack, mirror all HUDPlus/HUDPluszOther in .Optionals-HUDPlus and keep HUDPluszOther out of game root, and mirror AGF-4Modders into .Optionals-4Modders without auto-pushing them into game root.
[2026-05-05 20:53:00] [INFO] Quarantined game folder instead of delete: C:\Program Files (x86)\Steam\steamapps\common\7 Days To Die\Mods\zzzAGF-Special-Compatibilities-v4.1.1 -> C:\GitHub\7D2D-Mods\_Quarantine-GameRemovals\20260505-205300\zzzAGF-Special-Compatibilities-v4.1.1
[2026-05-05 20:53:00] [INFO] sync-work tie resolved for zzzAGF-Special-Compatibilities: both v4.1.1 but content differed. Pushed staging copy to game.
[2026-05-05 20:53:00] [INFO] sync-work mirror: 4Modders optional updated: AGF-4Modders-10IngredientSlots-v1.0.2
[2026-05-05 20:53:00] [INFO] sync-work mirror: 4Modders optional updated: AGF-4Modders-CustomWindowEnteringDuration-v1.0.1
[2026-05-05 20:53:00] [INFO] sync-work mirror: 4Modders optional updated: AGF-4Modders-Fix4DestroyBiomeBadge-v1.0.1
[2026-05-05 20:53:00] [INFO] sync-work mirror: 4Modders optional updated: AGF-4Modders-Fix4RemoveItems-v1.0.1
[2026-05-05 20:53:00] [INFO] sync-work mirror: 4Modders optional updated: AGF-4Modders-SkillPointCap-v1.0.1
[2026-05-05 20:53:00] [INFO] sync-work mirror: backpack optional updated: AGF-BackpackPlus-060Slots-v3.2.3
[2026-05-05 20:53:00] [INFO] sync-work mirror: backpack optional updated: AGF-BackpackPlus-072Slots-v3.2.3
[2026-05-05 20:53:00] [INFO] sync-work mirror: backpack optional updated: AGF-BackpackPlus-084Slots-v3.2.3
[2026-05-05 20:53:00] [INFO] sync-work mirror: backpack optional updated: AGF-BackpackPlus-119Slots-v1.2.3
[2026-05-05 20:53:00] [INFO] sync-work mirror: HUD optional updated: AGF-HUDPlus-1Main-v5.4.7
[2026-05-05 20:53:00] [INFO] sync-work mirror: HUD optional updated: AGF-HUDPlus-BMCounter-v2.1.3
[2026-05-05 20:53:00] [INFO] sync-work mirror: HUD optional updated: AGF-HUDPlus-HealthBars-v4.0.1
[2026-05-05 20:53:00] [INFO] sync-work mirror: HUD optional updated: AGF-HUDPlus-PurpleBook-v2.0.1
[2026-05-05 20:53:01] [INFO] sync-work mirror: HUD optional updated: AGF-HUDPlus-RemoveEnteringPopUp-v1.0.1
[2026-05-05 20:53:01] [INFO] sync-work mirror: HUD optional updated: AGF-HUDPluszOther-RemoveWrittentormAlerts-v2.0.1
[2026-05-05 20:53:01] [INFO] sync-work mirror: HUD optional updated: AGF-HUDPluszOther-SmallerInteractionPrompt-v1.0.1
[2026-05-05 20:53:01] [INFO] sync-work mirror: HUD optional updated: AGF-HUDPluszOther-TinyBuffsPopUp-v1.0.1
[2026-05-05 20:53:01] [INFO] sync-work mirror: HUD optional updated: AGF-HUDPluszOther-Weekday-v2.1.2
[2026-05-05 20:53:01] [INFO] Quarantined game folder instead of delete: C:\Program Files (x86)\Steam\steamapps\common\7 Days To Die\Mods\.Optionals-HUDPlus\AGF-HUDPluszOther-Weekday-v2.1.1 -> C:\GitHub\7D2D-Mods\_Quarantine-GameRemovals\20260505-205301\.Optionals-HUDPlus\AGF-HUDPluszOther-Weekday-v2.1.1
[2026-05-05 20:53:01] [INFO] sync-work cleanup: removed stale optional from .Optionals-HUDPlus: AGF-HUDPluszOther-Weekday-v2.1.1
[2026-05-05 20:53:01] [INFO] Rename folders to match ModInfo Name+Version when safe
[2026-05-05 20:53:01] [INFO] sync-work cleanup: post-rename cleanup pass
[2026-05-05 20:53:01] [INFO] Pre-release prep: refresh folder names + README files
[2026-05-05 20:53:01] [INFO] Rename folders to match ModInfo Name+Version when safe
[2026-05-05 20:53:01] [INFO] Step 4.2: Normalize HELPER_ModCompatibility.csv
[2026-05-05 20:53:01] [INFO] Step 4.3: Normalize quote files
[2026-05-05 20:53:01] [INFO] Generate per-mod README.md and ReadableReadMe.txt
[2026-05-05 20:53:01] [INFO] Cleanup: Remove legacy 4Modders-replaced folders in 02_ActiveBuild
[2026-05-05 20:53:01] [INFO] Cleanup: Remove older duplicate versions in 02_ActiveBuild
[2026-05-05 20:53:01] [INFO] Rename folders to match ModInfo Name+Version when safe
[2026-05-05 20:53:01] [INFO] Cleanup: Remove older duplicate versions in 01_Draft
[2026-05-05 20:53:01] [INFO] Step 4.2: Normalize HELPER_ModCompatibility.csv
[2026-05-05 20:53:01] [INFO] Step 4.3: Normalize quote files
[2026-05-05 20:53:01] [INFO] Generate per-mod README.md and ReadableReadMe.txt
[2026-05-05 20:53:03] [INFO] Generating mod images: C:\GitHub\7D2D-Mods\.venv\Scripts\python.exe C:\GitHub\7D2D-Mods\Workflow\SCRIPT-GenerateModImages.py --changed-only
[2026-05-05 20:53:06] [INFO]   [modimages] generated AGF-HUDPluszOther-Weekday (placeholder media)
[2026-05-05 20:53:06] [INFO]   [modimages] unchanged-skipped=92
[2026-05-05 20:53:06] [INFO]   [modimages] media-status-csv=C:\GitHub\7D2D-Mods\00_Images\media-status.csv
[2026-05-05 20:53:06] [INFO]   [modimages] done: generated_or_planned=1, skipped=0, total=93
[2026-05-05 20:53:06] [INFO] Copy banner -> 02_ActiveBuild\AGF-HUDPluszOther-Weekday-v2.1.2\ModImage_AGF-HUDPluszOther-Weekday.png
[2026-05-05 20:53:06] [INFO] ModImage copy: 1 file(s) updated
[2026-05-05 20:53:06] [INFO] Generate per-mod README.md and ReadableReadMe.txt
[2026-05-05 20:53:06] [INFO] Step 5: Push updated pulled mods back to game folder
[2026-05-05 20:53:06] [INFO] Pending GigglePack changes updated: new=0, updated=1, renamed=0, removed=0

=== SUMMARY ===
scanned_workspace_mods: 93
scanned_game_mods: 81
synced_pull_from_game: 0
synced_push_to_game: 1
sync_conflicts: 0
moved_to_publish_ready: 0
moved_to_in_progress: 0
renamed_folders: 1
csv_added_rows: 0
csv_removed_rows: 0
quote_files_created: 0
quote_files_renamed: 0
quote_files_blanked_none: 0
readmes_written: 192
readable_txt_written: 192
pushed_back_to_game: 0
mod_zips_created: 0
pack_zips_created: 0
promoted_to_publish_ready: 0
warnings: 0
errors: 0

=== MOD CHANGES ===
none
