[2026-06-16 02:18:16] [INFO] Starting SCRIPT-Main automation pipeline
[2026-06-16 02:18:16] [INFO] Selected mode: full
[2026-06-16 02:18:16] [INFO] Scope policy: only AGF-/zzzAGF-prefixed mods are managed in workspace and game folders
[2026-06-16 02:18:16] [INFO] Preflight writeability check passed
[2026-06-16 02:18:16] [INFO] Mode full: sync Game<->Draft for tracked draft mods, ingest Draft->ActiveBuild, sync ActiveBuild<->Game, then apply targeted pushback for pulled mods, then finalize/promote/package.
[2026-06-16 02:18:16] [INFO] Step 0.25: Compare Game <-> Draft and pull newer game updates into Draft
[2026-06-16 02:18:16] [INFO] Draft/game pull: AGF-BackpackPlus-060Slots-v3.2.3 v4.0.0 -> AGF-BackpackPlus-060Slots-v3.2.3 v3.2.3
[2026-06-16 02:18:18] [INFO] Rename folders to match ModInfo Name+Version when safe
[2026-06-16 02:18:18] [INFO] Renamed folder: AGF-BackpackPlus-060Slots-v3.2.3 -> AGF-BackpackPlus-060Slots-v4.0.0
[2026-06-16 02:18:18] [INFO] Step 0.5: Promote Draft mods to ActiveBuild only on major-version upgrade
[2026-06-16 02:18:18] [INFO] Draft hold: AGF-4Modders-10IngredientSlots-v1.0.2 v1.0.2 not promoted (baseline major 1; waiting for major increase)
[2026-06-16 02:18:18] [INFO] Draft sync skipped for AGF-4Modders-AntiCM-v0.0.2: version 0.0.2 is draft-only (major < 1)
[2026-06-16 02:18:18] [INFO] Draft hold: AGF-4Modders-CustomWindowEnteringDuration-v1.0.1 v1.0.1 not promoted (baseline major 1; waiting for major increase)
[2026-06-16 02:18:18] [INFO] Draft sync skipped for AGF-4Modders-ESCWindowPlus-v0.3.2: version 0.3.2 is draft-only (major < 1)
[2026-06-16 02:18:18] [INFO] Draft hold: AGF-4Modders-Fix4DestroyBiomeBadge-v1.0.1 v1.0.1 not promoted (baseline major 1; waiting for major increase)
[2026-06-16 02:18:18] [INFO] Draft hold: AGF-4Modders-Fix4RemoveItems-v1.0.1 v1.0.1 not promoted (baseline major 1; waiting for major increase)
[2026-06-16 02:18:18] [INFO] Draft hold: AGF-4Modders-SkillPointCap-v1.0.1 v1.0.1 not promoted (baseline major 1; waiting for major increase)
[2026-06-16 02:18:18] [INFO] Draft promotion add: AGF-BackpackPlus-060Slots-v4.0.0 v4.0.0 (no existing ActiveBuild copy)
[2026-06-16 02:18:18] [INFO] Draft promotion cleanup: removed AGF-BackpackPlus-060Slots-v4.0.0 v4.0.0 from Draft after syncing to ActiveBuild
[2026-06-16 02:18:18] [INFO] Draft hold: AGF-BackpackPlus-072Slots-v3.2.3 v3.2.3 not promoted (baseline major 3; waiting for major increase)
[2026-06-16 02:18:18] [INFO] Draft hold: AGF-BackpackPlus-084Slots-v3.2.3 v3.2.3 not promoted (baseline major 3; waiting for major increase)
[2026-06-16 02:18:18] [INFO] Draft hold: AGF-BackpackPlus-119Slots-v1.2.3 v1.2.3 not promoted (baseline major 1; waiting for major increase)
[2026-06-16 02:18:18] [INFO] Draft hold: AGF-HUDPlus-BMCounter-v2.1.3 v2.1.3 not promoted (baseline major 2; waiting for major increase)
[2026-06-16 02:18:18] [INFO] Draft hold: AGF-HUDPlus-PurpleBook-v2.0.1 v2.0.1 not promoted (baseline major 2; waiting for major increase)
[2026-06-16 02:18:18] [INFO] Draft hold: AGF-HUDPluszOther-RemoveWrittentormAlerts-v2.0.1 v2.0.1 not promoted (baseline major 2; waiting for major increase)
[2026-06-16 02:18:18] [INFO] Draft hold: AGF-HUDPluszOther-SmallerInteractionPrompt-v1.0.1 v1.0.1 not promoted (baseline major 1; waiting for major increase)
[2026-06-16 02:18:18] [INFO] Draft hold: AGF-HUDPluszOther-TinyBuffsPopUp-v1.0.1 v1.0.1 not promoted (baseline major 1; waiting for major increase)
[2026-06-16 02:18:18] [INFO] Draft hold: AGF-NoEAC-AudioOptionsPlus-v1.0.1 v1.0.1 not promoted (baseline major 1; waiting for major increase)
[2026-06-16 02:18:18] [INFO] Draft hold: AGF-NoEAC-AutoRun-v1.0.1 v1.0.1 not promoted (baseline major 1; waiting for major increase)
[2026-06-16 02:18:18] [INFO] Draft hold: AGF-NoEAC-ConsoleOpacityMod-v1.0.1 v1.0.1 not promoted (baseline major 1; waiting for major increase)
[2026-06-16 02:18:18] [INFO] Draft hold: AGF-NoEAC-CosmeticLockIcon-v1.0.2 v1.0.2 not promoted (baseline major 1; waiting for major increase)
[2026-06-16 02:18:18] [INFO] Draft hold: AGF-NoEAC-EnhancedAGF-v3.2.1 v3.2.1 not promoted (baseline major 3; waiting for major increase)
[2026-06-16 02:18:18] [INFO] Draft hold: AGF-NoEAC-ExpandedInteractionPrompts-v1.1.1 v1.1.1 not promoted (baseline major 1; waiting for major increase)
[2026-06-16 02:18:18] [INFO] Draft hold: AGF-NoEAC-FlightAssist-v1.0.1 v1.0.1 not promoted (baseline major 1; waiting for major increase)
[2026-06-16 02:18:18] [INFO] Draft hold: AGF-NoEAC-GlobalStormTracker-v1.0.1 v1.0.1 not promoted (baseline major 1; waiting for major increase)
[2026-06-16 02:18:18] [INFO] Draft hold: AGF-NoEAC-ItemTypeIconColor-v1.0.3 v1.0.3 not promoted (baseline major 1; waiting for major increase)
[2026-06-16 02:18:18] [INFO] Draft hold: AGF-NoEAC-LockableWorkstations-v1.2.1 v1.2.1 not promoted (baseline major 1; waiting for major increase)
[2026-06-16 02:18:18] [INFO] Draft hold: AGF-NoEAC-OpenAllButton-v1.0.2 v1.0.2 not promoted (baseline major 1; waiting for major increase)
[2026-06-16 02:18:18] [INFO] Draft hold: AGF-NoEAC-ScreamerAlert-v1.2.1 v1.2.1 not promoted (baseline major 1; waiting for major increase)
[2026-06-16 02:18:18] [INFO] Draft hold: AGF-NoEAC-SortingBox-v1.0.6 v1.0.6 not promoted (baseline major 1; waiting for major increase)
[2026-06-16 02:18:18] [INFO] Draft sync skipped for AGF-NoEAC-TerrainLeveler-v0.0.2: version 0.0.2 is draft-only (major < 1)
[2026-06-16 02:18:18] [INFO] Draft hold: AGF-NoEAC-Toolbelt12Slots-v1.0.3 v1.0.3 not promoted (baseline major 1; waiting for major increase)
[2026-06-16 02:18:18] [INFO] Draft sync skipped for AGF-NoEAC-VisualEntityTracker-v0.1.2: version 0.1.2 is draft-only (major < 1)
[2026-06-16 02:18:18] [INFO] Draft sync skipped for AGF-PurpleBookGenerator-v0.0.1: version 0.0.1 is draft-only (major < 1)
[2026-06-16 02:18:18] [INFO] Draft hold: AGF-VP-AdminModdingSupport-v1.0.5 v1.0.5 not promoted (baseline major 1; waiting for major increase)
[2026-06-16 02:18:18] [INFO] Draft hold: AGF-VP-AlternativeRecipes-v1.0.2 v1.0.2 not promoted (baseline major 1; waiting for major increase)
[2026-06-16 02:18:18] [INFO] Draft hold: AGF-VP-AmmoDisassembly-v1.0.2 v1.0.2 not promoted (baseline major 1; waiting for major increase)
[2026-06-16 02:18:18] [INFO] Draft hold: AGF-VP-ApiaryPlus-v1.0.4 v1.0.4 not promoted (baseline major 1; waiting for major increase)
[2026-06-16 02:18:18] [INFO] Draft hold: AGF-VP-ArcheryFeathersChange-v1.0.3 v1.0.3 not promoted (baseline major 1; waiting for major increase)
[2026-06-16 02:18:18] [INFO] Draft hold: AGF-VP-ArmorHarvestMods-v2.1.1 v2.1.1 not promoted (baseline major 2; waiting for major increase)
[2026-06-16 02:18:18] [INFO] Draft hold: AGF-VP-AutomobilesRespawn-v3.1.1 v3.1.1 not promoted (baseline major 3; waiting for major increase)
[2026-06-16 02:18:18] [INFO] Draft hold: AGF-VP-BedrollPlus-v1.0.1 v1.0.1 not promoted (baseline major 1; waiting for major increase)
[2026-06-16 02:18:18] [INFO] Draft hold: AGF-VP-BetterEggChance-v2.1.1 v2.1.1 not promoted (baseline major 2; waiting for major increase)
[2026-06-16 02:18:18] [INFO] Draft hold: AGF-VP-BreakItGetIt-v1.0.3 v1.0.3 not promoted (baseline major 1; waiting for major increase)
[2026-06-16 02:18:18] [INFO] Draft hold: AGF-VP-BuyTraderVendingMachines-v3.0.3 v3.0.3 not promoted (baseline major 3; waiting for major increase)
[2026-06-16 02:18:18] [INFO] Draft hold: AGF-VP-CraftSewingKits-v1.0.1 v1.0.1 not promoted (baseline major 1; waiting for major increase)
[2026-06-16 02:18:18] [INFO] Draft hold: AGF-VP-CraftStackEngBattCells-v3.3.1 v3.3.1 not promoted (baseline major 3; waiting for major increase)
[2026-06-16 02:18:18] [INFO] Draft hold: AGF-VP-CraftVitamins-v1.1.1 v1.1.1 not promoted (baseline major 1; waiting for major increase)
[2026-06-16 02:18:18] [INFO] Draft hold: AGF-VP-DecorationBlock-v3.0.3 v3.0.3 not promoted (baseline major 3; waiting for major increase)
[2026-06-16 02:18:18] [INFO] Draft hold: AGF-VP-DewsPlus-v2.4.3 v2.4.3 not promoted (baseline major 2; waiting for major increase)
[2026-06-16 02:18:18] [INFO] Draft hold: AGF-VP-DoorsPlus-v3.0.1 v3.0.1 not promoted (baseline major 3; waiting for major increase)
[2026-06-16 02:18:18] [INFO] Draft hold: AGF-VP-DrinkableAcid-v2.0.2 v2.0.2 not promoted (baseline major 2; waiting for major increase)
[2026-06-16 02:18:18] [INFO] Draft hold: AGF-VP-DyesPlus-v3.1.1 v3.1.1 not promoted (baseline major 3; waiting for major increase)
[2026-06-16 02:18:18] [INFO] Draft hold: AGF-VP-FarmingPlus-v5.6.3 v5.6.3 not promoted (baseline major 5; waiting for major increase)
[2026-06-16 02:18:18] [INFO] Draft hold: AGF-VP-FloraHarvester-v2.3.1 v2.3.1 not promoted (baseline major 2; waiting for major increase)
[2026-06-16 02:18:18] [INFO] Draft hold: AGF-VP-FuelBurnPlus-v2.3.1 v2.3.1 not promoted (baseline major 2; waiting for major increase)
[2026-06-16 02:18:18] [INFO] Draft hold: AGF-VP-MasterTool-v6.1.2 v6.1.2 not promoted (baseline major 6; waiting for major increase)
[2026-06-16 02:18:18] [INFO] Draft hold: AGF-VP-MaxLevel500-v2.0.3 v2.0.3 not promoted (baseline major 2; waiting for major increase)
[2026-06-16 02:18:18] [INFO] Draft sync skipped for AGF-VP-MedicalTreatOthersTreatedInjuries-v0.0.2: version 0.0.2 is draft-only (major < 1)
[2026-06-16 02:18:18] [INFO] Draft sync skipped for AGF-VP-MedicallyTreatOthers-v0.0.2: version 0.0.2 is draft-only (major < 1)
[2026-06-16 02:18:18] [INFO] Draft hold: AGF-VP-MedicationNoInsectSlow-v1.1.1 v1.1.1 not promoted (baseline major 1; waiting for major increase)
[2026-06-16 02:18:18] [INFO] Draft hold: AGF-VP-MiningPlus-v1.2.1 v1.2.1 not promoted (baseline major 1; waiting for major increase)
[2026-06-16 02:18:18] [INFO] Draft hold: AGF-VP-Mod988-v2.0.2 v2.0.2 not promoted (baseline major 2; waiting for major increase)
[2026-06-16 02:18:18] [INFO] Draft hold: AGF-VP-ModBundling-v1.0.2 v1.0.2 not promoted (baseline major 1; waiting for major increase)
[2026-06-16 02:18:18] [INFO] Draft hold: AGF-VP-ModSlotsPlus-v3.0.2 v3.0.2 not promoted (baseline major 3; waiting for major increase)
[2026-06-16 02:18:18] [INFO] Draft hold: AGF-VP-PaintbrushPlus-v2.1.1 v2.1.1 not promoted (baseline major 2; waiting for major increase)
[2026-06-16 02:18:18] [INFO] Draft hold: AGF-VP-PickupLanternsPlus-v2.0.2 v2.0.2 not promoted (baseline major 2; waiting for major increase)
[2026-06-16 02:18:18] [INFO] Draft hold: AGF-VP-PlayerResetQuests-v2.0.2 v2.0.2 not promoted (baseline major 2; waiting for major increase)
[2026-06-16 02:18:18] [INFO] Draft hold: AGF-VP-PlayerVendingMachinesPlus-v1.0.1 v1.0.1 not promoted (baseline major 1; waiting for major increase)
[2026-06-16 02:18:18] [INFO] Draft hold: AGF-VP-PumpkinsPlus-v2.0.5 v2.0.5 not promoted (baseline major 2; waiting for major increase)
[2026-06-16 02:18:18] [INFO] Draft hold: AGF-VP-QuickStart-v2.0.1 v2.0.1 not promoted (baseline major 2; waiting for major increase)
[2026-06-16 02:18:18] [INFO] Draft hold: AGF-VP-RebundleBundles-v1.0.1 v1.0.1 not promoted (baseline major 1; waiting for major increase)
[2026-06-16 02:18:18] [INFO] Draft hold: AGF-VP-RecipeRottingFlesh-v1.0.1 v1.0.1 not promoted (baseline major 1; waiting for major increase)
[2026-06-16 02:18:18] [INFO] Draft hold: AGF-VP-RenamesAlphabeticalSort-v2.0.5 v2.0.5 not promoted (baseline major 2; waiting for major increase)
[2026-06-16 02:18:18] [INFO] Draft hold: AGF-VP-RestorePowerAnyTime-v1.0.3 v1.0.3 not promoted (baseline major 1; waiting for major increase)
[2026-06-16 02:18:18] [INFO] Draft hold: AGF-VP-ScrapBatts4Acid-v1.1.1 v1.1.1 not promoted (baseline major 1; waiting for major increase)
[2026-06-16 02:18:18] [INFO] Draft hold: AGF-VP-ScrapEquipmentFaster-v1.0.1 v1.0.1 not promoted (baseline major 1; waiting for major increase)
[2026-06-16 02:18:18] [INFO] Draft hold: AGF-VP-SimplifiedStacks-v1.2.4 v1.2.4 not promoted (baseline major 1; waiting for major increase)
[2026-06-16 02:18:18] [INFO] Draft hold: AGF-VP-SmeltingPlus-v2.4.1 v2.4.1 not promoted (baseline major 2; waiting for major increase)
[2026-06-16 02:18:18] [INFO] Draft hold: AGF-VP-StayLongerAnimalCorpse-v2.0.3 v2.0.3 not promoted (baseline major 2; waiting for major increase)
[2026-06-16 02:18:18] [INFO] Draft hold: AGF-VP-StayLongerPlayerBackpack-v2.0.2 v2.0.2 not promoted (baseline major 2; waiting for major increase)
[2026-06-16 02:18:18] [INFO] Draft hold: AGF-VP-StayLongerZombieLoot-v2.0.2 v2.0.2 not promoted (baseline major 2; waiting for major increase)
[2026-06-16 02:18:18] [INFO] Draft hold: AGF-VP-TacticalRiflePlus-v2.1.1 v2.1.1 not promoted (baseline major 2; waiting for major increase)
[2026-06-16 02:18:18] [INFO] Draft hold: AGF-VP-TraderAlwaysOpen-v2.0.2 v2.0.2 not promoted (baseline major 2; waiting for major increase)
[2026-06-16 02:18:18] [INFO] Draft hold: AGF-VP-TraderCostlierPrices-v1.0.1 v1.0.1 not promoted (baseline major 1; waiting for major increase)
[2026-06-16 02:18:18] [INFO] Draft hold: AGF-VP-TraderSellsMoreBooks-v3.0.1 v3.0.1 not promoted (baseline major 3; waiting for major increase)
[2026-06-16 02:18:18] [INFO] Draft hold: AGF-VP-TradersRestockEvery2Days-v1.0.1 v1.0.1 not promoted (baseline major 1; waiting for major increase)
[2026-06-16 02:18:18] [INFO] Draft hold: AGF-VP-TreesPlus-v3.0.2 v3.0.2 not promoted (baseline major 3; waiting for major increase)
[2026-06-16 02:18:18] [INFO] Draft hold: AGF-VP-VehiclePerformance-v1.0.2 v1.0.2 not promoted (baseline major 1; waiting for major increase)
[2026-06-16 02:18:18] [INFO] Draft hold: AGF-VP-VehicleStoragePlus-v2.1.2 v2.1.2 not promoted (baseline major 2; waiting for major increase)
[2026-06-16 02:18:18] [INFO] Draft hold: AGF-VP-VehiclesExtraSeating-v1.0.1 v1.0.1 not promoted (baseline major 1; waiting for major increase)
[2026-06-16 02:18:18] [INFO] Draft hold: AGF-VP-WriteStoryOnCrate-v1.0.1 v1.0.1 not promoted (baseline major 1; waiting for major increase)
[2026-06-16 02:18:18] [INFO] Draft hold: AGF-VP-XPDeathPenaltyReduction-v2.0.1 v2.0.1 not promoted (baseline major 2; waiting for major increase)
[2026-06-16 02:18:18] [INFO] Draft hold: AGF-VP-ZombieBiomeSpawning-v3.0.1 v3.0.1 not promoted (baseline major 3; waiting for major increase)
[2026-06-16 02:18:18] [INFO] Draft hold: AGF-VP-ZombieCorpseLeaveQuicker-v2.0.2 v2.0.2 not promoted (baseline major 2; waiting for major increase)
[2026-06-16 02:18:18] [INFO] Draft hold: AGF-VP-ZombieLargerHordes-v2.0.2 v2.0.2 not promoted (baseline major 2; waiting for major increase)
[2026-06-16 02:18:18] [INFO] Draft hold: zzzAGF-Special-Compatibilities-v4.1.1 v4.1.1 not promoted (baseline major 4; waiting for major increase)
[2026-06-16 02:18:18] [INFO] Lane policy: keep major v0.x mods in Draft, not ActiveBuild
[2026-06-16 02:18:18] [INFO] Rename folders to match ModInfo Name+Version when safe
[2026-06-16 02:18:18] [INFO] Renamed folder: AGF-HUDPlus-1Main-v6.0.0 -> AGF-HUDPlus-1Main-v6.0.1
[2026-06-16 02:18:18] [INFO] Renamed folder: AGF-HUDPlus-HealthBars-v5.0.0 -> AGF-HUDPlus-HealthBars-v5.0.1
[2026-06-16 02:18:18] [INFO] Renamed folder: AGF-HUDPlus-RemoveEnteringPopUp-v2.0.0 -> AGF-HUDPlus-RemoveEnteringPopUp-v2.0.1
[2026-06-16 02:18:18] [INFO] Renamed folder: AGF-HUDPluszOther-Weekday-v3.0.1 -> AGF-HUDPluszOther-Weekday-v3.0.2
[2026-06-16 02:18:18] [INFO] Rename folders to match ModInfo Name+Version when safe
[2026-06-16 02:18:18] [INFO] Mode sync-work: Sync Staging <-> Game by version
[2026-06-16 02:18:18] [INFO] Policy: keep one active BackpackPlus in game root, keep all BackpackPlus in .Optionals-Backpack, mirror all HUDPlus/HUDPluszOther in .Optionals-HUDPlus and keep HUDPluszOther out of game root, and mirror AGF-4Modders into .Optionals-4Modders without auto-pushing them into game root.
[2026-06-16 02:18:18] [WARN] Default backpack token '084Slots' not found. Using 'AGF-BackpackPlus-060Slots-v4.0.0' as active backpack.
[2026-06-16 02:18:18] [INFO] Quarantined game folder instead of delete: C:\Program Files (x86)\Steam\steamapps\common\7 Days To Die\Mods\AGF-BackpackPlus-060Slots-v3.2.3 -> C:\GitHub\7D2D-Mods\_Quarantine-GameRemovals\20260616-021818\AGF-BackpackPlus-060Slots-v3.2.3
[2026-06-16 02:18:18] [INFO] sync-work cleanup: removed non-active backpack from game root: AGF-BackpackPlus-060Slots-v3.2.3
[2026-06-16 02:18:18] [INFO] sync-work push: AGF-HUDPlus-1Main-v6.0.1 v6.0.1 -> game
[2026-06-16 02:18:18] [INFO] sync-work push: AGF-HUDPlus-HealthBars-v5.0.1 v5.0.1 -> game
[2026-06-16 02:18:18] [INFO] sync-work push: AGF-HUDPlus-RemoveEnteringPopUp-v2.0.1 v2.0.1 -> game
[2026-06-16 02:18:18] [INFO] sync-work push: ensured active backpack in game root: AGF-BackpackPlus-060Slots-v4.0.0
[2026-06-16 02:18:18] [INFO] sync-work push: added missing game mod AGF-BackpackPlus-060Slots-v4.0.0 v4.0.0
[2026-06-16 02:18:18] [INFO] sync-work mirror: backpack optional updated: AGF-BackpackPlus-060Slots-v4.0.0
[2026-06-16 02:18:18] [INFO] sync-work mirror: HUD optional updated: AGF-HUDPlus-1Main-v6.0.1
[2026-06-16 02:18:18] [INFO] sync-work mirror: HUD optional updated: AGF-HUDPlus-HealthBars-v5.0.1
[2026-06-16 02:18:18] [INFO] sync-work mirror: HUD optional updated: AGF-HUDPlus-RemoveEnteringPopUp-v2.0.1
[2026-06-16 02:18:18] [INFO] sync-work mirror: HUD optional updated: AGF-HUDPluszOther-Weekday-v3.0.2
[2026-06-16 02:18:18] [INFO] Quarantined game folder instead of delete: C:\Program Files (x86)\Steam\steamapps\common\7 Days To Die\Mods\.Optionals-HUDPlus\AGF-HUDPlus-1Main-v6.0.0 -> C:\GitHub\7D2D-Mods\_Quarantine-GameRemovals\20260616-021818\.Optionals-HUDPlus\AGF-HUDPlus-1Main-v6.0.0
[2026-06-16 02:18:18] [INFO] sync-work cleanup: removed stale optional from .Optionals-HUDPlus: AGF-HUDPlus-1Main-v6.0.0
[2026-06-16 02:18:18] [INFO] Quarantined game folder instead of delete: C:\Program Files (x86)\Steam\steamapps\common\7 Days To Die\Mods\.Optionals-HUDPlus\AGF-HUDPlus-HealthBars-v5.0.0 -> C:\GitHub\7D2D-Mods\_Quarantine-GameRemovals\20260616-021818\.Optionals-HUDPlus\AGF-HUDPlus-HealthBars-v5.0.0
[2026-06-16 02:18:18] [INFO] sync-work cleanup: removed stale optional from .Optionals-HUDPlus: AGF-HUDPlus-HealthBars-v5.0.0
[2026-06-16 02:18:18] [INFO] Quarantined game folder instead of delete: C:\Program Files (x86)\Steam\steamapps\common\7 Days To Die\Mods\.Optionals-HUDPlus\AGF-HUDPlus-RemoveEnteringPopUp-v2.0.0 -> C:\GitHub\7D2D-Mods\_Quarantine-GameRemovals\20260616-021818\.Optionals-HUDPlus\AGF-HUDPlus-RemoveEnteringPopUp-v2.0.0
[2026-06-16 02:18:18] [INFO] sync-work cleanup: removed stale optional from .Optionals-HUDPlus: AGF-HUDPlus-RemoveEnteringPopUp-v2.0.0
[2026-06-16 02:18:18] [INFO] Quarantined game folder instead of delete: C:\Program Files (x86)\Steam\steamapps\common\7 Days To Die\Mods\.Optionals-HUDPlus\AGF-HUDPluszOther-Weekday-v3.0.1 -> C:\GitHub\7D2D-Mods\_Quarantine-GameRemovals\20260616-021818\.Optionals-HUDPlus\AGF-HUDPluszOther-Weekday-v3.0.1
[2026-06-16 02:18:18] [INFO] sync-work cleanup: removed stale optional from .Optionals-HUDPlus: AGF-HUDPluszOther-Weekday-v3.0.1
[2026-06-16 02:18:18] [INFO] Rename folders to match ModInfo Name+Version when safe
[2026-06-16 02:18:18] [INFO] sync-work cleanup: post-rename cleanup pass
[2026-06-16 02:18:18] [INFO] Quarantined game folder instead of delete: C:\Program Files (x86)\Steam\steamapps\common\7 Days To Die\Mods\AGF-HUDPlus-1Main-v6.0.0 -> C:\GitHub\7D2D-Mods\_Quarantine-GameRemovals\20260616-021818\AGF-HUDPlus-1Main-v6.0.0
[2026-06-16 02:18:18] [INFO] sync-work cleanup: post-rename removed extra game version for base AGF-HUDPlus-1Main: AGF-HUDPlus-1Main-v6.0.0
[2026-06-16 02:18:18] [INFO] Quarantined game folder instead of delete: C:\Program Files (x86)\Steam\steamapps\common\7 Days To Die\Mods\AGF-HUDPlus-HealthBars-v5.0.0 -> C:\GitHub\7D2D-Mods\_Quarantine-GameRemovals\20260616-021818\AGF-HUDPlus-HealthBars-v5.0.0
[2026-06-16 02:18:18] [INFO] sync-work cleanup: post-rename removed extra game version for base AGF-HUDPlus-HealthBars: AGF-HUDPlus-HealthBars-v5.0.0
[2026-06-16 02:18:18] [INFO] Quarantined game folder instead of delete: C:\Program Files (x86)\Steam\steamapps\common\7 Days To Die\Mods\AGF-HUDPlus-RemoveEnteringPopUp-v2.0.0 -> C:\GitHub\7D2D-Mods\_Quarantine-GameRemovals\20260616-021818\AGF-HUDPlus-RemoveEnteringPopUp-v2.0.0
[2026-06-16 02:18:18] [INFO] sync-work cleanup: post-rename removed extra game version for base AGF-HUDPlus-RemoveEnteringPopUp: AGF-HUDPlus-RemoveEnteringPopUp-v2.0.0
[2026-06-16 02:18:18] [INFO] Pre-release prep: refresh folder names + README files
[2026-06-16 02:18:18] [INFO] Rename folders to match ModInfo Name+Version when safe
[2026-06-16 02:18:18] [INFO] Step 4.2: Normalize HELPER_ModCompatibility.csv
[2026-06-16 02:18:18] [INFO] Step 4.3: Normalize quote files
[2026-06-16 02:18:19] [INFO] Generate per-mod README.md and ReadableReadMe.txt
[2026-06-16 02:18:19] [INFO] Cleanup: Remove legacy 4Modders-replaced folders in 02_ActiveBuild
[2026-06-16 02:18:19] [INFO] Cleanup: Remove older duplicate versions in 02_ActiveBuild
[2026-06-16 02:18:19] [INFO] Generating mod images: C:\GitHub\7D2D-Mods\.venv\Scripts\python.exe C:\GitHub\7D2D-Mods\Workflow\SCRIPT-GenerateModImages.py --changed-only
[2026-06-16 02:18:20] [INFO]   [modimages] generated AGF-BackpackPlus-060Slots (placeholder media)
[2026-06-16 02:18:20] [INFO]   [modimages] generated AGF-HUDPlus-1Main
[2026-06-16 02:18:20] [INFO]   [modimages] generated AGF-HUDPlus-HealthBars
[2026-06-16 02:18:20] [INFO]   [modimages] generated AGF-HUDPlus-RemoveEnteringPopUp (placeholder media)
[2026-06-16 02:18:20] [INFO]   [modimages] generated AGF-HUDPluszOther-Weekday
[2026-06-16 02:18:20] [INFO]   [modimages] media-status-csv=C:\GitHub\7D2D-Mods\00_Images\media-status.csv
[2026-06-16 02:18:20] [INFO]   [modimages] done: generated_or_planned=5, skipped=0, total=5
[2026-06-16 02:18:20] [INFO] Copy banner -> 02_ActiveBuild\AGF-BackpackPlus-060Slots-v4.0.0\ModImage_AGF-BackpackPlus-060Slots.png
[2026-06-16 02:18:20] [INFO] Copy banner -> 02_ActiveBuild\AGF-HUDPlus-1Main-v6.0.1\ModImage_AGF-HUDPlus-1Main.png
[2026-06-16 02:18:20] [INFO] Copy banner -> 02_ActiveBuild\AGF-HUDPlus-HealthBars-v5.0.1\ModImage_AGF-HUDPlus-HealthBars.png
[2026-06-16 02:18:20] [INFO] Copy banner -> 02_ActiveBuild\AGF-HUDPlus-RemoveEnteringPopUp-v2.0.1\ModImage_AGF-HUDPlus-RemoveEnteringPopUp.png
[2026-06-16 02:18:20] [INFO] Copy banner -> 02_ActiveBuild\AGF-HUDPluszOther-Weekday-v3.0.2\ModImage_AGF-HUDPluszOther-Weekday.png
[2026-06-16 02:18:20] [INFO] ModImage copy: 5 file(s) updated
[2026-06-16 02:18:20] [INFO] Mode promote: Promote Staging -> PublishReady (version-gated)
[2026-06-16 02:18:20] [INFO] Promoted new mod: AGF-BackpackPlus-060Slots-v4.0.0 v4.0.0
[2026-06-16 02:18:20] [INFO] Promoted update: AGF-HUDPlus-1Main-v6.0.1 v6.0.1 (was AGF-HUDPlus-1Main-v6.0.0 v6.0.0)
[2026-06-16 02:18:20] [INFO] Promoted update: AGF-HUDPlus-HealthBars-v5.0.1 v5.0.1 (was AGF-HUDPlus-HealthBars-v5.0.0 v5.0.0)
[2026-06-16 02:18:20] [INFO] Promoted update: AGF-HUDPlus-RemoveEnteringPopUp-v2.0.1 v2.0.1 (was AGF-HUDPlus-RemoveEnteringPopUp-v2.0.0 v2.0.0)
[2026-06-16 02:18:20] [INFO] Promoted update: AGF-HUDPluszOther-Weekday-v3.0.2 v3.0.2 (was AGF-HUDPluszOther-Weekday-v3.0.1 v3.0.1)
[2026-06-16 02:18:20] [INFO] Cleanup: Remove legacy ReleaseSource folders replaced by AGF-4Modders renames
[2026-06-16 02:18:20] [INFO] Cleanup: Remove legacy 4Modders-replaced folders in 03_ReleaseSource
[2026-06-16 02:18:20] [INFO] Cleanup: Remove older duplicate versions in 03_ReleaseSource
[2026-06-16 02:18:20] [INFO] Rename folders to match ModInfo Name+Version when safe
[2026-06-16 02:18:20] [INFO] Rename folders to match ModInfo Name+Version when safe
[2026-06-16 02:18:20] [INFO] Cleanup: Remove older duplicate versions in 01_Draft
[2026-06-16 02:18:20] [INFO] Step 4.2: Normalize HELPER_ModCompatibility.csv
[2026-06-16 02:18:20] [INFO] Step 4.3: Normalize quote files
[2026-06-16 02:18:20] [INFO] Generate per-mod README.md and ReadableReadMe.txt
[2026-06-16 02:18:20] [INFO] Generate per-mod README.md and ReadableReadMe.txt
[2026-06-16 02:18:22] [INFO] Pushback remap: AGF-BackpackPlus-060Slots-v3.2.3 -> AGF-BackpackPlus-060Slots-v4.0.0 (using post-rename workspace path)
[2026-06-16 02:18:22] [INFO] Step 5: Push updated pulled mods back to game folder
[2026-06-16 02:18:22] [INFO] Quarantined game folder instead of delete: C:\Program Files (x86)\Steam\steamapps\common\7 Days To Die\Mods\AGF-BackpackPlus-060Slots-v4.0.0 -> C:\GitHub\7D2D-Mods\_Quarantine-GameRemovals\20260616-021822\AGF-BackpackPlus-060Slots-v4.0.0
[2026-06-16 02:18:22] [INFO] Pushback complete: AGF-BackpackPlus-060Slots-v4.0.0
[2026-06-16 02:18:22] [INFO] Step 6: Create all mod and category zip files
[2026-06-16 02:18:23] [INFO] Pack zip skipped (empty): 00_NoEAC_All.zip
[2026-06-16 02:18:23] [INFO] Pack zip skipped (empty): 00_4Modders_All.zip
[2026-06-16 02:18:23] [INFO] Pack zip skipped (empty): 00_VP_All.zip
[2026-06-16 02:18:23] [INFO] Step 6.5: Generate GigglePack release metadata + changelog outputs
[2026-06-16 02:18:23] [INFO] Step 7: Generate main README.md

=== SUMMARY ===
scanned_workspace_mods: 5
scanned_game_mods: 4
synced_pull_from_game: 1
synced_push_to_game: 5
sync_conflicts: 0
moved_to_publish_ready: 0
moved_to_in_progress: 0
renamed_folders: 5
csv_added_rows: 0
csv_removed_rows: 0
quote_files_created: 0
quote_files_renamed: 0
quote_files_blanked_none: 0
readmes_written: 105
readable_txt_written: 105
pushed_back_to_game: 1
mod_zips_created: 5
pack_zips_created: 4
promoted_to_publish_ready: 5
warnings: 1
errors: 0

=== MOD CHANGES ===
AGF-BackpackPlus-060Slots-v4.0.0 | pushed to game, promoted (new)
AGF-HUDPlus-1Main-v6.0.1 | pushed to game, promoted (updated)
AGF-HUDPlus-HealthBars-v5.0.1 | pushed to game, promoted (updated)
AGF-HUDPlus-RemoveEnteringPopUp-v2.0.1 | pushed to game, promoted (updated)
AGF-HUDPluszOther-Weekday-v3.0.2 | promoted (updated)
