[2026-06-15 03:15:21] [INFO] Starting SCRIPT-Main automation pipeline
[2026-06-15 03:15:21] [INFO] Selected mode: package
[2026-06-15 03:15:21] [INFO] Scope policy: only AGF-/zzzAGF-prefixed mods are managed in workspace and game folders
[2026-06-15 03:15:21] [INFO] Dry-run mode enabled: no file system changes will be written
[2026-06-15 03:15:21] [INFO] Preflight writeability check passed
[2026-06-15 03:15:21] [INFO] Pre-release prep: refresh folder names + README files
[2026-06-15 03:15:21] [INFO] Rename folders to match ModInfo Name+Version when safe
[2026-06-15 03:15:21] [INFO] Step 4.2: Normalize HELPER_ModCompatibility.csv
[2026-06-15 03:15:21] [INFO] [DRYRUN] Would write compatibility CSV: C:\GitHub\7D2D-Mods\HELPER_ModCompatibility.csv (100 rows)
[2026-06-15 03:15:21] [INFO] Step 4.3: Normalize quote files
[2026-06-15 03:15:21] [INFO] [DRYRUN] Would ensure quote directory exists: C:\GitHub\7D2D-Mods\_Quotes
[2026-06-15 03:15:21] [INFO] Generate per-mod README.md and ReadableReadMe.txt
[2026-06-15 03:15:21] [INFO] [DRYRUN] Would write README + ReadableReadMe for AGF-HUDPlus-1Main-v6.0.0
[2026-06-15 03:15:21] [INFO] [DRYRUN] Would write README + ReadableReadMe for AGF-HUDPlus-HealthBars-v5.0.0
[2026-06-15 03:15:21] [INFO] [DRYRUN] Would write README + ReadableReadMe for AGF-HUDPlus-RemoveEnteringPopUp-v2.0.0
[2026-06-15 03:15:21] [INFO] [DRYRUN] Would write README + ReadableReadMe for AGF-HUDPluszOther-Weekday-v3.0.0
[2026-06-15 03:15:21] [INFO] Step 6: Create all mod and category zip files
[2026-06-15 03:15:21] [INFO] [DRYRUN] Would ensure zip output directory exists: C:\GitHub\7D2D-Mods\04_DownloadZips
[2026-06-15 03:15:21] [INFO] [DRYRUN] Would delete old zip: 00_GigglePack_All.zip
[2026-06-15 03:15:21] [INFO] [DRYRUN] Would delete old zip: 00_HUDPluszOther_All.zip
[2026-06-15 03:15:21] [INFO] [DRYRUN] Would delete old zip: 00_HUDPlus_All.zip
[2026-06-15 03:15:21] [INFO] [DRYRUN] Would delete old zip: AGF-GigglePack-v0.0.1.zip
[2026-06-15 03:15:21] [INFO] [DRYRUN] Would delete old zip: AGF-HUDPlus-1Main.zip
[2026-06-15 03:15:21] [INFO] [DRYRUN] Would delete old zip: AGF-HUDPlus-HealthBars.zip
[2026-06-15 03:15:21] [INFO] [DRYRUN] Would delete old zip: AGF-HUDPlus-RemoveEnteringPopUp.zip
[2026-06-15 03:15:21] [INFO] [DRYRUN] Would delete old zip: AGF-HUDPluszOther-Weekday.zip
[2026-06-15 03:15:21] [INFO] [DRYRUN] Would create mod zip: AGF-HUDPlus-1Main.zip
[2026-06-15 03:15:21] [INFO] [DRYRUN] Would create mod zip: AGF-HUDPlus-HealthBars.zip
[2026-06-15 03:15:21] [INFO] [DRYRUN] Would create mod zip: AGF-HUDPlus-RemoveEnteringPopUp.zip
[2026-06-15 03:15:21] [INFO] [DRYRUN] Would create mod zip: AGF-HUDPluszOther-Weekday.zip
[2026-06-15 03:15:21] [INFO] Pack zip skipped (empty): 00_BackpackPlus_All.zip
[2026-06-15 03:15:21] [INFO] [DRYRUN] Would create pack zip: 00_GigglePack_All.zip
[2026-06-15 03:15:21] [INFO] [DRYRUN] Would create pack zip: 00_HUDPlus_All.zip
[2026-06-15 03:15:21] [INFO] [DRYRUN] Would create pack zip: 00_HUDPluszOther_All.zip
[2026-06-15 03:15:21] [INFO] Pack zip skipped (empty): 00_NoEAC_All.zip
[2026-06-15 03:15:21] [INFO] Pack zip skipped (empty): 00_4Modders_All.zip
[2026-06-15 03:15:21] [INFO] Pack zip skipped (empty): 00_VP_All.zip
[2026-06-15 03:15:21] [INFO] Step 6.5: Generate GigglePack release metadata + changelog outputs
[2026-06-15 03:15:21] [INFO] Step 7: Generate main README.md
[2026-06-15 03:15:21] [INFO] [DRYRUN] Would write main README: C:\GitHub\7D2D-Mods\README.md

=== SUMMARY ===
scanned_workspace_mods: 0
scanned_game_mods: 0
synced_pull_from_game: 0
synced_push_to_game: 0
sync_conflicts: 0
moved_to_publish_ready: 0
moved_to_in_progress: 0
renamed_folders: 0
csv_added_rows: 0
csv_removed_rows: 0
quote_files_created: 0
quote_files_renamed: 0
quote_files_blanked_none: 0
readmes_written: 4
readable_txt_written: 4
pushed_back_to_game: 0
mod_zips_created: 4
pack_zips_created: 3
promoted_to_publish_ready: 0
warnings: 0
errors: 0

=== MOD CHANGES ===
none
