[2026-03-26 20:54:34] [INFO] Starting SCRIPT-Main automation pipeline
[2026-03-26 20:54:34] [INFO] Selected mode: sync-work
[2026-03-26 20:54:34] [INFO] Mode sync-work: Sync Staging <-> Game by version
[2026-03-26 20:54:34] [INFO] Policy: keep one active BackpackPlus in game root, keep all BackpackPlus in .Optionals-Backpack, mirror all HUDPlus/HUDPluszOther in .Optionals-HUDPlus and keep HUDPluszOther out of game root, and mirror AGF-4Modders into .Optionals-4Modders without auto-pushing them into game root.
[2026-03-26 20:54:34] [INFO] Removed legacy folder in game root: AGF-NoEAC-ConfigureWindowEnteringDuration-v1.0.1 -> replaced by AGF-4Modders-ConfigureWindowEnteringDuration
[2026-03-26 20:54:34] [INFO] Removed legacy folder in game root: AGF-NoEAC-ConsoleOpacityMod-v1.0.0 -> replaced by AGF-4Modders-ConsoleOpacityMod
[2026-03-26 20:54:34] [INFO] Removed legacy folder in .Optionals-HUDPlus: AGF-HUDPluszOther-10IngredientSlots-v1.0.0 -> replaced by AGF-4Modders-10IngredientSlots
[2026-03-26 20:54:34] [INFO] Removed legacy folder in .Optionals-HUDPlus: AGF-HUDPluszOther-10IngredientSlots-v1.0.1 -> replaced by AGF-4Modders-10IngredientSlots
[2026-03-26 20:54:34] [INFO] sync-work mirror: 4Modders optional updated: AGF-4Modders-10IngredientSlots-v1.0.1
[2026-03-26 20:54:34] [INFO] sync-work mirror: 4Modders optional updated: AGF-4Modders-ConfigureWindowEnteringDuration-v1.0.1
[2026-03-26 20:54:34] [INFO] sync-work mirror: 4Modders optional updated: AGF-4Modders-ConsoleOpacityMod-v1.0.0
[2026-03-26 20:54:34] [INFO] sync-work mirror: backpack optional updated: AGF-BackpackPlus-060Slots-v3.2.2
[2026-03-26 20:54:34] [INFO] sync-work mirror: backpack optional updated: AGF-BackpackPlus-072Slots-v3.2.2
[2026-03-26 20:54:34] [INFO] sync-work mirror: backpack optional updated: AGF-BackpackPlus-084Slots-v3.2.2
[2026-03-26 20:54:34] [INFO] sync-work mirror: backpack optional updated: AGF-BackpackPlus-119Slots-v1.2.2
[2026-03-26 20:54:34] [INFO] sync-work mirror: HUD optional updated: AGF-HUDPlus-1Main-v5.4.4
[2026-03-26 20:54:34] [INFO] sync-work mirror: HUD optional updated: AGF-HUDPlus-BMCounter-v2.1.2
[2026-03-26 20:54:34] [INFO] sync-work mirror: HUD optional updated: AGF-HUDPlus-HealthBars-v4.0.0
[2026-03-26 20:54:34] [INFO] sync-work mirror: HUD optional updated: AGF-HUDPlus-PurpleBook-v2.0.0
[2026-03-26 20:54:34] [INFO] sync-work mirror: HUD optional updated: AGF-HUDPlus-RemoveEnteringPopUp-v1.0.0
[2026-03-26 20:54:34] [INFO] sync-work mirror: HUD optional updated: AGF-HUDPluszOther-RemoveWrittentormAlerts-v2.0.0
[2026-03-26 20:54:34] [INFO] sync-work mirror: HUD optional updated: AGF-HUDPluszOther-SmallerInteractionPrompt-v1.0.0
[2026-03-26 20:54:34] [INFO] sync-work mirror: HUD optional updated: AGF-HUDPluszOther-TinyBuffsPopUp-v1.0.0
[2026-03-26 20:54:34] [INFO] sync-work mirror: HUD optional updated: AGF-HUDPluszOther-Weekday-v2.1.0
[2026-03-26 20:54:34] [INFO] Rename folders to match ModInfo Name+Version when safe

=== SUMMARY ===
scanned_workspace_mods: 87
scanned_game_mods: 79
synced_pull_from_game: 0
synced_push_to_game: 0
sync_conflicts: 0
moved_to_publish_ready: 0
moved_to_in_progress: 0
renamed_folders: 0
csv_added_rows: 0
csv_removed_rows: 0
quote_files_created: 0
quote_files_renamed: 0
quote_files_blanked_none: 0
readmes_written: 0
readable_txt_written: 0
pushed_back_to_game: 0
mod_zips_created: 0
pack_zips_created: 0
promoted_to_publish_ready: 0
warnings: 0
errors: 0
