[2026-03-26 11:44:03] [INFO] Starting SCRIPT-Main automation pipeline
[2026-03-26 11:44:03] [INFO] Selected mode: sync-work
[2026-03-26 11:44:03] [INFO] Mode sync-work: Sync Staging <-> Game by version
[2026-03-26 11:44:03] [INFO] Policy: keep one active BackpackPlus in game root, keep all BackpackPlus in .Optionals-Backpack, and mirror all HUDPlus/HUDPluszOther in .Optionals-HUDPlus (without forcing HUDPluszOther root removal).
[2026-03-26 11:44:03] [INFO] sync-work tie resolved for AGF-HUDPlus-BMCounter: both v2.1.2 but content differed. Pushed staging copy to game.
[2026-03-26 11:44:03] [INFO] sync-work tie resolved for AGF-HUDPlus-HealthBars: both v4.0.0 but content differed. Pushed staging copy to game.
[2026-03-26 11:44:03] [INFO] sync-work tie resolved for AGF-HUDPlus-PurpleBook: both v2.0.0 but content differed. Pushed staging copy to game.
[2026-03-26 11:44:03] [INFO] sync-work tie resolved for AGF-HUDPlus-RemoveEnteringPopUp: both v1.0.0 but content differed. Pushed staging copy to game.
[2026-03-26 11:44:03] [INFO] sync-work tie resolved for AGF-NoEAC-ConfigureWindowEnteringDuration: both v1.0.1 but content differed. Pushed staging copy to game.
[2026-03-26 11:44:03] [INFO] sync-work tie resolved for AGF-NoEAC-ConsoleOpacityMod: both v1.0.0 but content differed. Pushed staging copy to game.
[2026-03-26 11:44:03] [INFO] sync-work tie resolved for AGF-NoEAC-CosmeticLockIcon: both v1.0.1 but content differed. Pushed staging copy to game.
[2026-03-26 11:44:03] [INFO] sync-work tie resolved for AGF-NoEAC-EnhancedPatch: both v3.0.0 but content differed. Pushed staging copy to game.
[2026-03-26 11:44:03] [INFO] sync-work tie resolved for AGF-NoEAC-GlobalStormTracker: both v1.0.0 but content differed. Pushed staging copy to game.
[2026-03-26 11:44:03] [INFO] sync-work tie resolved for AGF-NoEAC-ItemTypeIconColor: both v1.0.0 but content differed. Pushed staging copy to game.
[2026-03-26 11:44:03] [INFO] sync-work tie resolved for AGF-NoEAC-OpenAllButton: both v1.0.0 but content differed. Pushed staging copy to game.
[2026-03-26 11:44:03] [INFO] sync-work tie resolved for AGF-NoEAC-ScreamerAlert: both v1.1.1 but content differed. Pushed staging copy to game.
[2026-03-26 11:44:03] [INFO] sync-work tie resolved for AGF-VP-AdminModdingSupport: both v1.0.3 but content differed. Pushed staging copy to game.
[2026-03-26 11:44:03] [INFO] sync-work tie resolved for AGF-VP-AlternativeRecipes: both v1.0.1 but content differed. Pushed staging copy to game.
[2026-03-26 11:44:03] [INFO] sync-work tie resolved for AGF-VP-AmmoDisassembly: both v1.0.1 but content differed. Pushed staging copy to game.
[2026-03-26 11:44:03] [INFO] sync-work tie resolved for AGF-VP-ApiaryPlus: both v1.0.3 but content differed. Pushed staging copy to game.
[2026-03-26 11:44:03] [INFO] sync-work tie resolved for AGF-VP-ArcheryFeathersChange: both v1.0.2 but content differed. Pushed staging copy to game.
[2026-03-26 11:44:03] [INFO] sync-work tie resolved for AGF-VP-ArmorHarvestMods: both v2.1.0 but content differed. Pushed staging copy to game.
[2026-03-26 11:44:03] [INFO] sync-work tie resolved for AGF-VP-AutomobilesRespawn: both v3.0.1 but content differed. Pushed staging copy to game.
[2026-03-26 11:44:03] [INFO] sync-work tie resolved for AGF-VP-BedrollPlus: both v1.0.0 but content differed. Pushed staging copy to game.
[2026-03-26 11:44:03] [INFO] sync-work tie resolved for AGF-VP-BetterEggChance: both v2.1.0 but content differed. Pushed staging copy to game.
[2026-03-26 11:44:03] [INFO] sync-work tie resolved for AGF-VP-BreakItGetIt: both v1.0.2 but content differed. Pushed staging copy to game.
[2026-03-26 11:44:03] [INFO] sync-work tie resolved for AGF-VP-BuyTraderVendingMachines: both v3.0.2 but content differed. Pushed staging copy to game.
[2026-03-26 11:44:03] [INFO] sync-work tie resolved for AGF-VP-CraftSewingKits: both v1.0.0 but content differed. Pushed staging copy to game.
[2026-03-26 11:44:03] [INFO] sync-work tie resolved for AGF-VP-CraftStackEngBattCells: both v3.3.0 but content differed. Pushed staging copy to game.
[2026-03-26 11:44:03] [INFO] sync-work tie resolved for AGF-VP-CraftVitamins: both v1.1.0 but content differed. Pushed staging copy to game.
[2026-03-26 11:44:03] [INFO] sync-work tie resolved for AGF-VP-DecorationBlock: both v3.0.2 but content differed. Pushed staging copy to game.
[2026-03-26 11:44:03] [INFO] sync-work tie resolved for AGF-VP-DewsPlus: both v2.4.2 but content differed. Pushed staging copy to game.
[2026-03-26 11:44:03] [INFO] sync-work tie resolved for AGF-VP-DoorsPlus: both v3.0.0 but content differed. Pushed staging copy to game.
[2026-03-26 11:44:03] [INFO] sync-work tie resolved for AGF-VP-DrinkableAcid: both v2.0.1 but content differed. Pushed staging copy to game.
[2026-03-26 11:44:03] [INFO] sync-work tie resolved for AGF-VP-DyesPlus: both v3.1.0 but content differed. Pushed staging copy to game.
[2026-03-26 11:44:03] [INFO] sync-work tie resolved for AGF-VP-FarmingPlus: both v5.6.1 but content differed. Pushed staging copy to game.
[2026-03-26 11:44:03] [INFO] sync-work tie resolved for AGF-VP-FloraHarvester: both v2.3.0 but content differed. Pushed staging copy to game.
[2026-03-26 11:44:03] [INFO] sync-work tie resolved for AGF-VP-FuelBurnPlus: both v2.3.0 but content differed. Pushed staging copy to game.
[2026-03-26 11:44:03] [INFO] sync-work tie resolved for AGF-VP-MasterTool: both v6.1.0 but content differed. Pushed staging copy to game.
[2026-03-26 11:44:03] [INFO] sync-work tie resolved for AGF-VP-MaxLevel500: both v2.0.2 but content differed. Pushed staging copy to game.
[2026-03-26 11:44:03] [INFO] sync-work tie resolved for AGF-VP-MedicationNoInsectSlow: both v1.1.0 but content differed. Pushed staging copy to game.
[2026-03-26 11:44:03] [INFO] sync-work tie resolved for AGF-VP-MiningPlus: both v1.2.0 but content differed. Pushed staging copy to game.
[2026-03-26 11:44:03] [INFO] sync-work tie resolved for AGF-VP-Mod988: both v2.0.1 but content differed. Pushed staging copy to game.
[2026-03-26 11:44:03] [INFO] sync-work tie resolved for AGF-VP-ModBundling: both v1.0.1 but content differed. Pushed staging copy to game.
[2026-03-26 11:44:03] [INFO] sync-work tie resolved for AGF-VP-ModSlotsPlus: both v3.0.1 but content differed. Pushed staging copy to game.
[2026-03-26 11:44:03] [INFO] sync-work tie resolved for AGF-VP-PaintbrushPlus: both v2.1.0 but content differed. Pushed staging copy to game.
[2026-03-26 11:44:03] [INFO] sync-work tie resolved for AGF-VP-PickupLanternsPlus: both v2.0.1 but content differed. Pushed staging copy to game.
[2026-03-26 11:44:03] [INFO] sync-work tie resolved for AGF-VP-PlayerResetQuests: both v2.0.1 but content differed. Pushed staging copy to game.
[2026-03-26 11:44:03] [INFO] sync-work tie resolved for AGF-VP-PlayerVendingMachinesPlus: both v1.0.0 but content differed. Pushed staging copy to game.
[2026-03-26 11:44:03] [INFO] sync-work tie resolved for AGF-VP-PumpkinsPlus: both v2.0.4 but content differed. Pushed staging copy to game.
[2026-03-26 11:44:03] [INFO] sync-work tie resolved for AGF-VP-QuickStart: both v2.0.0 but content differed. Pushed staging copy to game.
[2026-03-26 11:44:03] [INFO] sync-work tie resolved for AGF-VP-RebundleBundles: both v1.0.0 but content differed. Pushed staging copy to game.
[2026-03-26 11:44:03] [INFO] sync-work tie resolved for AGF-VP-RecipeRottingFlesh: both v1.0.0 but content differed. Pushed staging copy to game.
[2026-03-26 11:44:03] [INFO] sync-work tie resolved for AGF-VP-RenamesAlphabeticalSort: both v2.0.4 but content differed. Pushed staging copy to game.
[2026-03-26 11:44:03] [INFO] sync-work tie resolved for AGF-VP-RestorePowerAnyTime: both v1.0.2 but content differed. Pushed staging copy to game.
[2026-03-26 11:44:03] [INFO] sync-work tie resolved for AGF-VP-ScrapBatts4Acid: both v1.1.0 but content differed. Pushed staging copy to game.
[2026-03-26 11:44:03] [INFO] sync-work tie resolved for AGF-VP-ScrapEquipmentFaster: both v1.0.0 but content differed. Pushed staging copy to game.
[2026-03-26 11:44:03] [INFO] sync-work tie resolved for AGF-VP-SimplifiedStacks: both v1.2.3 but content differed. Pushed staging copy to game.
[2026-03-26 11:44:03] [INFO] sync-work tie resolved for AGF-VP-SmeltingPlus: both v2.4.0 but content differed. Pushed staging copy to game.
[2026-03-26 11:44:03] [INFO] sync-work tie resolved for AGF-VP-StayLongerAnimalCorpse: both v2.0.2 but content differed. Pushed staging copy to game.
[2026-03-26 11:44:03] [INFO] sync-work tie resolved for AGF-VP-StayLongerPlayerBackpack: both v2.0.1 but content differed. Pushed staging copy to game.
[2026-03-26 11:44:03] [INFO] sync-work tie resolved for AGF-VP-StayLongerZombieLoot: both v2.0.1 but content differed. Pushed staging copy to game.
[2026-03-26 11:44:03] [INFO] sync-work tie resolved for AGF-VP-TacticalRiflePlus: both v2.1.0 but content differed. Pushed staging copy to game.
[2026-03-26 11:44:03] [INFO] sync-work tie resolved for AGF-VP-TraderAlwaysOpen: both v2.0.1 but content differed. Pushed staging copy to game.
[2026-03-26 11:44:03] [INFO] sync-work tie resolved for AGF-VP-TraderCostlierPrices: both v1.0.0 but content differed. Pushed staging copy to game.
[2026-03-26 11:44:03] [INFO] sync-work tie resolved for AGF-VP-TraderSellsMoreBooks: both v3.0.0 but content differed. Pushed staging copy to game.
[2026-03-26 11:44:03] [INFO] sync-work tie resolved for AGF-VP-TradersRestockEvery2Days: both v1.0.0 but content differed. Pushed staging copy to game.
[2026-03-26 11:44:03] [INFO] sync-work tie resolved for AGF-VP-TreesPlus: both v3.0.0 but content differed. Pushed staging copy to game.
[2026-03-26 11:44:03] [INFO] sync-work tie resolved for AGF-VP-VehiclePerformance: both v1.0.1 but content differed. Pushed staging copy to game.
[2026-03-26 11:44:03] [INFO] sync-work tie resolved for AGF-VP-VehicleStoragePlus: both v2.1.1 but content differed. Pushed staging copy to game.
[2026-03-26 11:44:03] [INFO] sync-work tie resolved for AGF-VP-VehiclesExtraSeating: both v1.0.0 but content differed. Pushed staging copy to game.
[2026-03-26 11:44:03] [INFO] sync-work tie resolved for AGF-VP-WriteStoryOnCrate: both v1.0.0 but content differed. Pushed staging copy to game.
[2026-03-26 11:44:03] [INFO] sync-work tie resolved for AGF-VP-XPDeathPenaltyReduction: both v2.0.0 but content differed. Pushed staging copy to game.
[2026-03-26 11:44:03] [INFO] sync-work tie resolved for AGF-VP-ZombieBiomeSpawning: both v3.0.0 but content differed. Pushed staging copy to game.
[2026-03-26 11:44:03] [INFO] sync-work tie resolved for AGF-VP-ZombieCorpseLeaveQuicker: both v2.0.1 but content differed. Pushed staging copy to game.
[2026-03-26 11:44:03] [INFO] sync-work tie resolved for AGF-VP-ZombieLargerHordes: both v2.0.1 but content differed. Pushed staging copy to game.
[2026-03-26 11:44:03] [INFO] sync-work mirror: backpack optional updated: AGF-BackpackPlus-060Slots-v3.2.2
[2026-03-26 11:44:03] [INFO] sync-work mirror: backpack optional updated: AGF-BackpackPlus-072Slots-v3.2.2
[2026-03-26 11:44:03] [INFO] sync-work mirror: backpack optional updated: AGF-BackpackPlus-084Slots-v3.2.2
[2026-03-26 11:44:03] [INFO] sync-work mirror: backpack optional updated: AGF-BackpackPlus-119Slots-v1.2.2
[2026-03-26 11:44:03] [INFO] sync-work mirror: HUD optional updated: AGF-HUDPlus-1Main-v5.4.4
[2026-03-26 11:44:03] [INFO] sync-work mirror: HUD optional updated: AGF-HUDPlus-BMCounter-v2.1.2
[2026-03-26 11:44:03] [INFO] sync-work mirror: HUD optional updated: AGF-HUDPlus-HealthBars-v4.0.0
[2026-03-26 11:44:03] [INFO] sync-work mirror: HUD optional updated: AGF-HUDPlus-PurpleBook-v2.0.0
[2026-03-26 11:44:03] [INFO] sync-work mirror: HUD optional updated: AGF-HUDPlus-RemoveEnteringPopUp-v1.0.0
[2026-03-26 11:44:03] [INFO] sync-work mirror: HUD optional updated: AGF-HUDPluszOther-10IngredientSlots-v1.0.1
[2026-03-26 11:44:03] [INFO] sync-work mirror: HUD optional updated: AGF-HUDPluszOther-RemoveWrittentormAlerts-v2.0.0
[2026-03-26 11:44:03] [INFO] sync-work mirror: HUD optional updated: AGF-HUDPluszOther-SmallerInteractionPrompt-v1.0.0
[2026-03-26 11:44:03] [INFO] sync-work mirror: HUD optional updated: AGF-HUDPluszOther-TinyBuffsPopUp-v1.0.0
[2026-03-26 11:44:03] [INFO] sync-work mirror: HUD optional updated: AGF-HUDPluszOther-Weekday-v2.1.0
[2026-03-26 11:44:03] [INFO] Rename folders to match ModInfo Name+Version when safe

=== SUMMARY ===
scanned_workspace_mods: 86
scanned_game_mods: 78
synced_pull_from_game: 0
synced_push_to_game: 72
sync_conflicts: 0
moved_to_publish_ready: 0
moved_to_in_progress: 0
renamed_folders: 0
csv_added_rows: 0
csv_removed_rows: 0
quote_files_created: 0
quote_files_renamed: 0
quote_files_blanked_none: 0
readmes_written: 0
readable_txt_written: 0
pushed_back_to_game: 0
mod_zips_created: 0
pack_zips_created: 0
promoted_to_publish_ready: 0
warnings: 0
errors: 0
