[2026-07-02 15:13:17] [INFO] Starting SCRIPT-Main automation pipeline
[2026-07-02 15:13:17] [INFO] Selected mode: full
[2026-07-02 15:13:17] [INFO] Scope policy: only AGF-/zzzAGF-prefixed mods are managed in workspace and game folders
[2026-07-02 15:13:17] [INFO] Preflight writeability check passed
[2026-07-02 15:13:17] [INFO] Mode full: sync Game<->Draft for tracked draft mods, ingest Draft->ActiveBuild, sync ActiveBuild<->Game, then apply targeted pushback for pulled mods, then finalize/promote/package.
[2026-07-02 15:13:23] [INFO] Step 0.25: Compare Game <-> Draft and pull newer game updates into Draft
[2026-07-02 15:13:23] [INFO] Rename folders to match ModInfo Name+Version when safe
[2026-07-02 15:13:23] [INFO] Renamed folder: AGF-VP-BreakItGetIt-v1.0.3 -> AGF-VP-BreakItGetIt-v2.0.0
[2026-07-02 15:13:23] [INFO] Renamed folder: AGF-VP-CraftSewingKits-v1.0.1 -> AGF-VP-CraftSewingKits-v2.0.0
[2026-07-02 15:13:23] [INFO] Renamed folder: AGF-VP-CraftVitamins-v1.1.1 -> AGF-VP-CraftVitamins-v2.0.0
[2026-07-02 15:13:23] [INFO] Renamed folder: AGF-VP-RestorePowerAnyTime-v1.0.3 -> AGF-VP-RestorePowerAnyTime-v2.0.0
[2026-07-02 15:13:23] [INFO] Renamed folder: AGF-VP-ScrapEquipmentFaster-v1.0.1 -> AGF-VP-ScrapEquipmentFaster-v2.0.0
[2026-07-02 15:13:23] [INFO] Renamed folder: AGF-VP-VehiclePerformance-v1.0.2 -> AGF-VP-VehiclePerformance-v2.0.0
[2026-07-02 15:13:23] [INFO] Renamed folder: AGF-VP-VehiclesExtraSeating-v1.0.1 -> AGF-VP-VehiclesExtraSeating-v2.0.0
[2026-07-02 15:13:23] [INFO] Renamed folder: AGF-VP-VehicleStoragePlus-v2.1.2 -> AGF-VP-VehicleStoragePlus-v3.0.0
[2026-07-02 15:13:23] [INFO] Step 0.5: Promote Draft mods to ActiveBuild only on major-version upgrade
[2026-07-02 15:13:23] [INFO] Draft hold: AGF-4Modders-10IngredientSlots-v1.0.2 v1.0.2 not promoted (baseline major 1; waiting for major increase)
[2026-07-02 15:13:23] [INFO] Draft sync skipped for AGF-4Modders-AntiCM-v0.0.2: version 0.0.2 is draft-only (major < 1)
[2026-07-02 15:13:23] [INFO] Draft hold: AGF-4Modders-CustomWindowEnteringDuration-v1.0.1 v1.0.1 not promoted (baseline major 1; waiting for major increase)
[2026-07-02 15:13:23] [INFO] Draft sync skipped for AGF-4Modders-ESCWindowPlus-v0.3.2: version 0.3.2 is draft-only (major < 1)
[2026-07-02 15:13:23] [INFO] Draft hold: AGF-4Modders-Fix4DestroyBiomeBadge-v1.0.1 v1.0.1 not promoted (baseline major 1; waiting for major increase)
[2026-07-02 15:13:23] [INFO] Draft hold: AGF-4Modders-Fix4RemoveItems-v1.0.1 v1.0.1 not promoted (baseline major 1; waiting for major increase)
[2026-07-02 15:13:23] [INFO] Draft hold: AGF-4Modders-ItemTypeIconColor-v2.0.0 v2.0.0 not promoted (baseline major 2; waiting for major increase)
[2026-07-02 15:13:23] [INFO] Draft hold: AGF-4Modders-SkillPointCap-v1.0.1 v1.0.1 not promoted (baseline major 1; waiting for major increase)
[2026-07-02 15:13:23] [INFO] Draft hold: AGF-HUDPluszOther-SmallerInteractionPrompt-v1.0.1 v1.0.1 not promoted (baseline major 1; waiting for major increase)
[2026-07-02 15:13:23] [INFO] Draft hold: AGF-HUDPluszOther-TinyBuffsPopUp-v1.0.1 v1.0.1 not promoted (baseline major 1; waiting for major increase)
[2026-07-02 15:13:23] [INFO] Draft hold: AGF-NoEAC-AudioOptionsPlus-v1.0.1 v1.0.1 not promoted (baseline major 1; waiting for major increase)
[2026-07-02 15:13:23] [INFO] Draft hold: AGF-NoEAC-ConsoleOpacityMod-v1.0.1 v1.0.1 not promoted (baseline major 1; waiting for major increase)
[2026-07-02 15:13:23] [INFO] Draft hold: AGF-NoEAC-ExpandedInteractionPrompts-v1.1.1 v1.1.1 not promoted (baseline major 1; waiting for major increase)
[2026-07-02 15:13:23] [INFO] Draft hold: AGF-NoEAC-FlightAssist-v1.0.1 v1.0.1 not promoted (baseline major 1; waiting for major increase)
[2026-07-02 15:13:23] [INFO] Draft hold: AGF-NoEAC-LockableWorkstations-v1.2.1 v1.2.1 not promoted (baseline major 1; waiting for major increase)
[2026-07-02 15:13:23] [INFO] Draft hold: AGF-NoEAC-OpenAllButton-v1.0.2 v1.0.2 not promoted (baseline major 1; waiting for major increase)
[2026-07-02 15:13:23] [INFO] Draft hold: AGF-NoEAC-SortingBox-v1.0.6 v1.0.6 not promoted (baseline major 1; waiting for major increase)
[2026-07-02 15:13:23] [INFO] Draft sync skipped for AGF-NoEAC-TerrainLeveler-v0.0.2: version 0.0.2 is draft-only (major < 1)
[2026-07-02 15:13:23] [INFO] Draft sync skipped for AGF-NoEAC-VisualEntityTracker-v0.2.0: version 0.2.0 is draft-only (major < 1)
[2026-07-02 15:13:23] [INFO] Draft hold: AGF-VP-AdminModdingSupport-v1.0.5 v1.0.5 not promoted (baseline major 1; waiting for major increase)
[2026-07-02 15:13:23] [INFO] Draft hold: AGF-VP-AlternativeRecipes-v1.0.2 v1.0.2 not promoted (baseline major 1; waiting for major increase)
[2026-07-02 15:13:23] [INFO] Draft hold: AGF-VP-AmmoDisassembly-v1.0.2 v1.0.2 not promoted (baseline major 1; waiting for major increase)
[2026-07-02 15:13:23] [INFO] Draft hold: AGF-VP-ApiaryPlus-v1.0.4 v1.0.4 not promoted (baseline major 1; waiting for major increase)
[2026-07-02 15:13:23] [INFO] Draft hold: AGF-VP-ArcheryFeathersChange-v1.0.3 v1.0.3 not promoted (baseline major 1; waiting for major increase)
[2026-07-02 15:13:23] [INFO] Draft hold: AGF-VP-ArmorHarvestMods-v2.1.1 v2.1.1 not promoted (baseline major 2; waiting for major increase)
[2026-07-02 15:13:23] [INFO] Draft hold: AGF-VP-AutomobilesRespawn-v3.1.1 v3.1.1 not promoted (baseline major 3; waiting for major increase)
[2026-07-02 15:13:23] [INFO] Draft hold: AGF-VP-BetterEggChance-v2.1.1 v2.1.1 not promoted (baseline major 2; waiting for major increase)
[2026-07-02 15:13:23] [INFO] Draft promotion add: AGF-VP-BreakItGetIt-v2.0.0 v2.0.0 (no existing ActiveBuild copy)
[2026-07-02 15:13:23] [INFO] Draft promotion cleanup: removed AGF-VP-BreakItGetIt-v2.0.0 v2.0.0 from Draft after syncing to ActiveBuild
[2026-07-02 15:13:23] [INFO] Draft hold: AGF-VP-BuyTraderVendingMachines-v3.0.3 v3.0.3 not promoted (baseline major 3; waiting for major increase)
[2026-07-02 15:13:23] [INFO] Draft promotion add: AGF-VP-CraftSewingKits-v2.0.0 v2.0.0 (no existing ActiveBuild copy)
[2026-07-02 15:13:23] [INFO] Draft promotion cleanup: removed AGF-VP-CraftSewingKits-v2.0.0 v2.0.0 from Draft after syncing to ActiveBuild
[2026-07-02 15:13:23] [INFO] Draft hold: AGF-VP-CraftStackEngBattCells-v3.3.1 v3.3.1 not promoted (baseline major 3; waiting for major increase)
[2026-07-02 15:13:23] [INFO] Draft promotion add: AGF-VP-CraftVitamins-v2.0.0 v2.0.0 (no existing ActiveBuild copy)
[2026-07-02 15:13:23] [INFO] Draft promotion cleanup: removed AGF-VP-CraftVitamins-v2.0.0 v2.0.0 from Draft after syncing to ActiveBuild
[2026-07-02 15:13:23] [INFO] Draft hold: AGF-VP-DecorationBlock-v3.0.3 v3.0.3 not promoted (baseline major 3; waiting for major increase)
[2026-07-02 15:13:23] [INFO] Draft hold: AGF-VP-DewsPlus-v2.4.3 v2.4.3 not promoted (baseline major 2; waiting for major increase)
[2026-07-02 15:13:23] [INFO] Draft hold: AGF-VP-DoorsPlus-v3.0.1 v3.0.1 not promoted (baseline major 3; waiting for major increase)
[2026-07-02 15:13:23] [INFO] Draft hold: AGF-VP-DrinkableAcid-v2.0.2 v2.0.2 not promoted (baseline major 2; waiting for major increase)
[2026-07-02 15:13:23] [INFO] Draft hold: AGF-VP-DyesPlus-v3.1.1 v3.1.1 not promoted (baseline major 3; waiting for major increase)
[2026-07-02 15:13:23] [INFO] Draft hold: AGF-VP-FarmingPlus-v5.6.3 v5.6.3 not promoted (baseline major 5; waiting for major increase)
[2026-07-02 15:13:23] [INFO] Draft hold: AGF-VP-FloraHarvester-v2.3.1 v2.3.1 not promoted (baseline major 2; waiting for major increase)
[2026-07-02 15:13:23] [INFO] Draft hold: AGF-VP-MasterTool-v6.1.2 v6.1.2 not promoted (baseline major 6; waiting for major increase)
[2026-07-02 15:13:23] [INFO] Draft sync skipped for AGF-VP-MedicalTreatOthersTreatedInjuries-v0.0.2: version 0.0.2 is draft-only (major < 1)
[2026-07-02 15:13:23] [INFO] Draft sync skipped for AGF-VP-MedicallyTreatOthers-v0.0.2: version 0.0.2 is draft-only (major < 1)
[2026-07-02 15:13:23] [INFO] Draft hold: AGF-VP-MedicationNoInsectSlow-v1.1.1 v1.1.1 not promoted (baseline major 1; waiting for major increase)
[2026-07-02 15:13:23] [INFO] Draft hold: AGF-VP-MiningPlus-v1.2.1 v1.2.1 not promoted (baseline major 1; waiting for major increase)
[2026-07-02 15:13:23] [INFO] Draft hold: AGF-VP-Mod988-v2.0.2 v2.0.2 not promoted (baseline major 2; waiting for major increase)
[2026-07-02 15:13:23] [INFO] Draft hold: AGF-VP-ModBundling-v1.0.2 v1.0.2 not promoted (baseline major 1; waiting for major increase)
[2026-07-02 15:13:23] [INFO] Draft hold: AGF-VP-PaintbrushPlus-v2.1.1 v2.1.1 not promoted (baseline major 2; waiting for major increase)
[2026-07-02 15:13:23] [INFO] Draft hold: AGF-VP-PlayerVendingMachinesPlus-v1.0.1 v1.0.1 not promoted (baseline major 1; waiting for major increase)
[2026-07-02 15:13:23] [INFO] Draft hold: AGF-VP-PumpkinsPlus-v2.0.5 v2.0.5 not promoted (baseline major 2; waiting for major increase)
[2026-07-02 15:13:23] [INFO] Draft hold: AGF-VP-RecipeRottingFlesh-v1.0.1 v1.0.1 not promoted (baseline major 1; waiting for major increase)
[2026-07-02 15:13:23] [INFO] Draft hold: AGF-VP-RenamesAlphabeticalSort-v2.0.5 v2.0.5 not promoted (baseline major 2; waiting for major increase)
[2026-07-02 15:13:23] [INFO] Draft promotion add: AGF-VP-RestorePowerAnyTime-v2.0.0 v2.0.0 (no existing ActiveBuild copy)
[2026-07-02 15:13:23] [INFO] Draft promotion cleanup: removed AGF-VP-RestorePowerAnyTime-v2.0.0 v2.0.0 from Draft after syncing to ActiveBuild
[2026-07-02 15:13:23] [INFO] Draft hold: AGF-VP-ScrapBatts4Acid-v1.1.1 v1.1.1 not promoted (baseline major 1; waiting for major increase)
[2026-07-02 15:13:23] [INFO] Draft promotion add: AGF-VP-ScrapEquipmentFaster-v2.0.0 v2.0.0 (no existing ActiveBuild copy)
[2026-07-02 15:13:23] [INFO] Draft promotion cleanup: removed AGF-VP-ScrapEquipmentFaster-v2.0.0 v2.0.0 from Draft after syncing to ActiveBuild
[2026-07-02 15:13:23] [INFO] Draft hold: AGF-VP-SmeltingPlus-v2.4.1 v2.4.1 not promoted (baseline major 2; waiting for major increase)
[2026-07-02 15:13:23] [INFO] Draft hold: AGF-VP-StayLongerAnimalCorpse-v2.0.3 v2.0.3 not promoted (baseline major 2; waiting for major increase)
[2026-07-02 15:13:23] [INFO] Draft hold: AGF-VP-StayLongerPlayerBackpack-v2.0.2 v2.0.2 not promoted (baseline major 2; waiting for major increase)
[2026-07-02 15:13:23] [INFO] Draft hold: AGF-VP-StayLongerZombieLoot-v2.0.2 v2.0.2 not promoted (baseline major 2; waiting for major increase)
[2026-07-02 15:13:23] [INFO] Draft hold: AGF-VP-TacticalRiflePlus-v2.1.1 v2.1.1 not promoted (baseline major 2; waiting for major increase)
[2026-07-02 15:13:23] [INFO] Draft hold: AGF-VP-TreesPlus-v3.0.2 v3.0.2 not promoted (baseline major 3; waiting for major increase)
[2026-07-02 15:13:23] [INFO] Draft promotion add: AGF-VP-VehiclePerformance-v2.0.0 v2.0.0 (no existing ActiveBuild copy)
[2026-07-02 15:13:23] [INFO] Draft promotion cleanup: removed AGF-VP-VehiclePerformance-v2.0.0 v2.0.0 from Draft after syncing to ActiveBuild
[2026-07-02 15:13:23] [INFO] Draft promotion add: AGF-VP-VehicleStoragePlus-v3.0.0 v3.0.0 (no existing ActiveBuild copy)
[2026-07-02 15:13:23] [INFO] Draft promotion cleanup: removed AGF-VP-VehicleStoragePlus-v3.0.0 v3.0.0 from Draft after syncing to ActiveBuild
[2026-07-02 15:13:23] [INFO] Draft promotion add: AGF-VP-VehiclesExtraSeating-v2.0.0 v2.0.0 (no existing ActiveBuild copy)
[2026-07-02 15:13:23] [INFO] Draft promotion cleanup: removed AGF-VP-VehiclesExtraSeating-v2.0.0 v2.0.0 from Draft after syncing to ActiveBuild
[2026-07-02 15:13:23] [INFO] Draft hold: AGF-VP-WriteStoryOnCrate-v1.0.1 v1.0.1 not promoted (baseline major 1; waiting for major increase)
[2026-07-02 15:13:23] [INFO] Draft hold: AGF-VP-XPDeathPenaltyReduction-v2.0.1 v2.0.1 not promoted (baseline major 2; waiting for major increase)
[2026-07-02 15:13:23] [INFO] Draft hold: AGF-VP-ZombieCorpseLeaveQuicker-v2.0.2 v2.0.2 not promoted (baseline major 2; waiting for major increase)
[2026-07-02 15:13:23] [INFO] Lane policy: keep major v0.x mods in Draft, not ActiveBuild
[2026-07-02 15:13:23] [INFO] Rename folders to match ModInfo Name+Version when safe
[2026-07-02 15:13:23] [INFO] Rename folders to match ModInfo Name+Version when safe
[2026-07-02 15:13:24] [INFO] Mode sync-work: Sync Staging <-> Game by version
[2026-07-02 15:13:24] [INFO] Policy: keep one active BackpackPlus in game root, keep all BackpackPlus in .Optionals-Backpack, mirror all HUDPlus/HUDPluszOther in .Optionals-HUDPlus and keep HUDPluszOther out of game root, and mirror AGF-4Modders into .Optionals-4Modders without auto-pushing them into game root.
[2026-07-02 15:13:24] [INFO] Quarantined game folder instead of delete: C:\Program Files (x86)\Steam\steamapps\common\7 Days To Die\Mods\AGF-NoEAC-AutoRun-v2.0.3 -> C:\GitHub\7D2D-Mods\_Quarantine-GameRemovals\20260702-151324\AGF-NoEAC-AutoRun-v2.0.3
[2026-07-02 15:13:24] [INFO] sync-work tie resolved for AGF-NoEAC-AutoRun: both v2.0.3 but content differed. Pushed staging copy to game.
[2026-07-02 15:13:24] [INFO] sync-work push: added missing game mod AGF-VP-BreakItGetIt-v2.0.0 v2.0.0
[2026-07-02 15:13:24] [INFO] sync-work push: added missing game mod AGF-VP-CraftSewingKits-v2.0.0 v2.0.0
[2026-07-02 15:13:24] [INFO] sync-work push: added missing game mod AGF-VP-CraftVitamins-v2.0.0 v2.0.0
[2026-07-02 15:13:24] [INFO] sync-work push: added missing game mod AGF-VP-RestorePowerAnyTime-v2.0.0 v2.0.0
[2026-07-02 15:13:24] [INFO] sync-work push: added missing game mod AGF-VP-ScrapEquipmentFaster-v2.0.0 v2.0.0
[2026-07-02 15:13:24] [INFO] sync-work push: added missing game mod AGF-VP-VehiclePerformance-v2.0.0 v2.0.0
[2026-07-02 15:13:24] [INFO] sync-work push: added missing game mod AGF-VP-VehicleStoragePlus-v3.0.0 v3.0.0
[2026-07-02 15:13:24] [INFO] sync-work push: added missing game mod AGF-VP-VehiclesExtraSeating-v2.0.0 v2.0.0
[2026-07-02 15:13:24] [INFO] sync-work mirror: backpack optional updated: AGF-BackpackPlus-060Slots-v4.0.4
[2026-07-02 15:13:24] [INFO] sync-work mirror: backpack optional updated: AGF-BackpackPlus-072Slots-v4.0.3
[2026-07-02 15:13:24] [INFO] sync-work mirror: backpack optional updated: AGF-BackpackPlus-084Slots-v4.0.2
[2026-07-02 15:13:24] [INFO] sync-work mirror: backpack optional updated: AGF-BackpackPlus-119Slots-v2.0.0
[2026-07-02 15:13:24] [INFO] sync-work mirror: HUD optional updated: AGF-HUDPlus-1Main-v6.4.0
[2026-07-02 15:13:24] [INFO] sync-work mirror: HUD optional updated: AGF-HUDPlus-BMCounter-v3.0.0
[2026-07-02 15:13:24] [INFO] sync-work mirror: HUD optional updated: AGF-HUDPlus-PurpleBook-v3.0.0
[2026-07-02 15:13:24] [INFO] sync-work mirror: HUD optional updated: AGF-HUDPlus-RemoveEnteringPopUp-v2.0.1
[2026-07-02 15:13:24] [INFO] sync-work mirror: HUD optional updated: AGF-HUDPluszOther-Weekday-v3.0.3
[2026-07-02 15:13:24] [INFO] Rename folders to match ModInfo Name+Version when safe
[2026-07-02 15:13:24] [INFO] sync-work cleanup: post-rename cleanup pass
[2026-07-02 15:13:24] [INFO] Pre-release prep: refresh folder names + README files
[2026-07-02 15:13:24] [INFO] Rename folders to match ModInfo Name+Version when safe
[2026-07-02 15:13:24] [INFO] Step 4.2: Normalize HELPER_ModCompatibility.csv
[2026-07-02 15:13:24] [INFO] Step 4.3: Normalize quote files
[2026-07-02 15:13:24] [INFO] Generate per-mod README.md and ReadableReadMe.txt
[2026-07-02 15:13:25] [INFO] Cleanup: Remove legacy 4Modders-replaced folders in 02_ActiveBuild
[2026-07-02 15:13:25] [INFO] Cleanup: Remove older duplicate versions in 02_ActiveBuild
[2026-07-02 15:13:25] [INFO] Generating mod images: C:\GitHub\7D2D-Mods\.venv\Scripts\python.exe C:\GitHub\7D2D-Mods\Workflow\SCRIPT-GenerateModImages.py --changed-only
[2026-07-02 15:13:27] [INFO]   [modimages] generated AGF-VP-BreakItGetIt (placeholder media)
[2026-07-02 15:13:27] [INFO]   [modimages] generated AGF-VP-CraftSewingKits (placeholder media)
[2026-07-02 15:13:27] [INFO]   [modimages] generated AGF-VP-CraftVitamins (placeholder media)
[2026-07-02 15:13:27] [INFO]   [modimages] generated AGF-VP-RestorePowerAnyTime (placeholder media)
[2026-07-02 15:13:27] [INFO]   [modimages] generated AGF-VP-ScrapEquipmentFaster (placeholder media)
[2026-07-02 15:13:27] [INFO]   [modimages] generated AGF-VP-VehiclePerformance (placeholder media)
[2026-07-02 15:13:27] [INFO]   [modimages] generated AGF-VP-VehiclesExtraSeating (placeholder media)
[2026-07-02 15:13:27] [INFO]   [modimages] generated AGF-VP-VehicleStoragePlus (placeholder media)
[2026-07-02 15:13:27] [INFO]   [modimages] unchanged-skipped=26
[2026-07-02 15:13:27] [INFO]   [modimages] media-status-csv=C:\GitHub\7D2D-Mods\00_Images\media-status.csv
[2026-07-02 15:13:27] [INFO]   [modimages] done: generated_or_planned=8, skipped=0, total=34
[2026-07-02 15:13:27] [INFO] Copy generated _01 -> 02_ActiveBuild\AGF-BackpackPlus-060Slots-v4.0.4\AGF-BackpackPlus-060Slots_01.png
[2026-07-02 15:13:27] [INFO] Copy generated _01 -> 02_ActiveBuild\AGF-BackpackPlus-072Slots-v4.0.3\AGF-BackpackPlus-072Slots_01.png
[2026-07-02 15:13:27] [INFO] Copy generated _01 -> 02_ActiveBuild\AGF-BackpackPlus-084Slots-v4.0.2\AGF-BackpackPlus-084Slots_01.png
[2026-07-02 15:13:27] [INFO] Copy generated _01 -> 02_ActiveBuild\AGF-BackpackPlus-119Slots-v2.0.0\AGF-BackpackPlus-119Slots_01.png
[2026-07-02 15:13:27] [INFO] Copy generated _01 -> 02_ActiveBuild\AGF-HUDPlus-1Main-v6.4.0\AGF-HUDPlus-1Main_01.png
[2026-07-02 15:13:27] [INFO] Copy generated _01 -> 02_ActiveBuild\AGF-HUDPlus-BMCounter-v3.0.0\AGF-HUDPlus-BMCounter_01.png
[2026-07-02 15:13:27] [INFO] Copy generated _01 -> 02_ActiveBuild\AGF-HUDPlus-PurpleBook-v3.0.0\AGF-HUDPlus-PurpleBook_01.png
[2026-07-02 15:13:27] [INFO] Copy generated _01 -> 02_ActiveBuild\AGF-HUDPlus-RemoveEnteringPopUp-v2.0.1\AGF-HUDPlus-RemoveEnteringPopUp_01.png
[2026-07-02 15:13:27] [INFO] Copy generated _01 -> 02_ActiveBuild\AGF-HUDPluszOther-Weekday-v3.0.3\AGF-HUDPluszOther-Weekday_01.png
[2026-07-02 15:13:27] [INFO] Copy generated _01 -> 02_ActiveBuild\AGF-NoEAC-AutoRun-v2.0.3\AGF-NoEAC-AutoRun_01.png
[2026-07-02 15:13:27] [INFO] Copy generated _01 -> 02_ActiveBuild\AGF-NoEAC-CosmeticLockIcon-v3.0.0\AGF-NoEAC-CosmeticLockIcon_01.png
[2026-07-02 15:13:27] [INFO] Copy generated _01 -> 02_ActiveBuild\AGF-NoEAC-EnhancedAGF-v4.2.0\AGF-NoEAC-EnhancedAGF_01.png
[2026-07-02 15:13:27] [INFO] Copy generated _01 -> 02_ActiveBuild\AGF-NoEAC-GlobalStormTracker-v2.0.1\AGF-NoEAC-GlobalStormTracker_01.png
[2026-07-02 15:13:27] [INFO] Copy generated _01 -> 02_ActiveBuild\AGF-NoEAC-ScreamerAlert-v2.2.0\AGF-NoEAC-ScreamerAlert_01.png
[2026-07-02 15:13:27] [INFO] Copy generated _01 -> 02_ActiveBuild\AGF-NoEAC-SignErrorGuard-v1.0.0\AGF-NoEAC-SignErrorGuard_01.png
[2026-07-02 15:13:27] [INFO] Copy generated _01 -> 02_ActiveBuild\AGF-NoEAC-Toolbelt12Slots-v2.1.1\AGF-NoEAC-Toolbelt12Slots_01.png
[2026-07-02 15:13:27] [INFO] Copy generated _01 -> 02_ActiveBuild\AGF-VP-BedrollPlus-v2.0.0\AGF-VP-BedrollPlus_01.png
[2026-07-02 15:13:27] [INFO] Copy generated _01 -> 02_ActiveBuild\AGF-VP-BreakItGetIt-v2.0.0\AGF-VP-BreakItGetIt_01.png
[2026-07-02 15:13:27] [INFO] Copy generated _01 -> 02_ActiveBuild\AGF-VP-CraftSewingKits-v2.0.0\AGF-VP-CraftSewingKits_01.png
[2026-07-02 15:13:27] [INFO] Copy generated _01 -> 02_ActiveBuild\AGF-VP-CraftVitamins-v2.0.0\AGF-VP-CraftVitamins_01.png
[2026-07-02 15:13:27] [INFO] Copy generated _01 -> 02_ActiveBuild\AGF-VP-FuelBurnPlus-v3.0.0\AGF-VP-FuelBurnPlus_01.png
[2026-07-02 15:13:27] [INFO] Copy generated _01 -> 02_ActiveBuild\AGF-VP-LargerStorageOption-v1.0.1\AGF-VP-LargerStorageOption_01.png
[2026-07-02 15:13:27] [INFO] Copy generated _01 -> 02_ActiveBuild\AGF-VP-MaxLevel500-v3.0.0\AGF-VP-MaxLevel500_01.png
[2026-07-02 15:13:27] [INFO] Copy generated _01 -> 02_ActiveBuild\AGF-VP-ModSlotsPlus-v4.0.0\AGF-VP-ModSlotsPlus_01.png
[2026-07-02 15:13:27] [INFO] Copy generated _01 -> 02_ActiveBuild\AGF-VP-PickupLanternsPlus-v3.0.0\AGF-VP-PickupLanternsPlus_01.png
[2026-07-02 15:13:27] [INFO] Copy generated _01 -> 02_ActiveBuild\AGF-VP-PlayerResetQuests-v3.0.0\AGF-VP-PlayerResetQuests_01.png
[2026-07-02 15:13:27] [INFO] Copy generated _01 -> 02_ActiveBuild\AGF-VP-RebundleBundles-v2.0.0\AGF-VP-RebundleBundles_01.png
[2026-07-02 15:13:27] [INFO] Copy generated _01 -> 02_ActiveBuild\AGF-VP-RestorePowerAnyTime-v2.0.0\AGF-VP-RestorePowerAnyTime_01.png
[2026-07-02 15:13:27] [INFO] Copy generated _01 -> 02_ActiveBuild\AGF-VP-ScrapEquipmentFaster-v2.0.0\AGF-VP-ScrapEquipmentFaster_01.png
[2026-07-02 15:13:27] [INFO] Copy generated _01 -> 02_ActiveBuild\AGF-VP-SimplifiedStacks-v2.0.1\AGF-VP-SimplifiedStacks_01.png
[2026-07-02 15:13:27] [INFO] Copy generated _01 -> 02_ActiveBuild\AGF-VP-VehiclePerformance-v2.0.0\AGF-VP-VehiclePerformance_01.png
[2026-07-02 15:13:27] [INFO] Copy generated _01 -> 02_ActiveBuild\AGF-VP-VehicleStoragePlus-v3.0.0\AGF-VP-VehicleStoragePlus_01.png
[2026-07-02 15:13:27] [INFO] Copy generated _01 -> 02_ActiveBuild\AGF-VP-VehiclesExtraSeating-v2.0.0\AGF-VP-VehiclesExtraSeating_01.png
[2026-07-02 15:13:27] [INFO] Copy generated _01 -> 02_ActiveBuild\zzzAGF-Special-Compatibilities-v5.0.0\zzzAGF-Special-Compatibilities_01.png
[2026-07-02 15:13:27] [INFO] Generated _01 image copy: 34 file(s) updated
[2026-07-02 15:13:27] [INFO] Thumbnail copy skipped by policy (thumbnails stay only in 00_Images/_generated)
[2026-07-02 15:13:27] [INFO] Mod media copy: 0 file(s) updated
[2026-07-02 15:13:27] [INFO] Targeted game sync complete: AGF-BackpackPlus-060Slots-v4.0.4 (mod image refresh)
[2026-07-02 15:13:27] [INFO] Targeted game sync complete: AGF-BackpackPlus-072Slots-v4.0.3 (mod image refresh)
[2026-07-02 15:13:27] [INFO] Quarantined game folder instead of delete: C:\Program Files (x86)\Steam\steamapps\common\7 Days To Die\Mods\AGF-BackpackPlus-084Slots-v4.0.2 -> C:\GitHub\7D2D-Mods\_Quarantine-GameRemovals\20260702-151327\AGF-BackpackPlus-084Slots-v4.0.2
[2026-07-02 15:13:27] [INFO] Targeted game sync complete: AGF-BackpackPlus-084Slots-v4.0.2 (mod image refresh)
[2026-07-02 15:13:27] [INFO] Targeted game sync complete: AGF-BackpackPlus-119Slots-v2.0.0 (mod image refresh)
[2026-07-02 15:13:27] [INFO] Quarantined game folder instead of delete: C:\Program Files (x86)\Steam\steamapps\common\7 Days To Die\Mods\AGF-HUDPlus-1Main-v6.4.0 -> C:\GitHub\7D2D-Mods\_Quarantine-GameRemovals\20260702-151327\AGF-HUDPlus-1Main-v6.4.0
[2026-07-02 15:13:27] [INFO] Targeted game sync complete: AGF-HUDPlus-1Main-v6.4.0 (mod image refresh)
[2026-07-02 15:13:27] [INFO] Quarantined game folder instead of delete: C:\Program Files (x86)\Steam\steamapps\common\7 Days To Die\Mods\AGF-HUDPlus-BMCounter-v3.0.0 -> C:\GitHub\7D2D-Mods\_Quarantine-GameRemovals\20260702-151327\AGF-HUDPlus-BMCounter-v3.0.0
[2026-07-02 15:13:27] [INFO] Targeted game sync complete: AGF-HUDPlus-BMCounter-v3.0.0 (mod image refresh)
[2026-07-02 15:13:27] [INFO] Quarantined game folder instead of delete: C:\Program Files (x86)\Steam\steamapps\common\7 Days To Die\Mods\AGF-HUDPlus-PurpleBook-v3.0.0 -> C:\GitHub\7D2D-Mods\_Quarantine-GameRemovals\20260702-151327\AGF-HUDPlus-PurpleBook-v3.0.0
[2026-07-02 15:13:27] [INFO] Targeted game sync complete: AGF-HUDPlus-PurpleBook-v3.0.0 (mod image refresh)
[2026-07-02 15:13:27] [INFO] Quarantined game folder instead of delete: C:\Program Files (x86)\Steam\steamapps\common\7 Days To Die\Mods\AGF-HUDPlus-RemoveEnteringPopUp-v2.0.1 -> C:\GitHub\7D2D-Mods\_Quarantine-GameRemovals\20260702-151327\AGF-HUDPlus-RemoveEnteringPopUp-v2.0.1
[2026-07-02 15:13:27] [INFO] Targeted game sync complete: AGF-HUDPlus-RemoveEnteringPopUp-v2.0.1 (mod image refresh)
[2026-07-02 15:13:27] [INFO] Targeted game sync complete: AGF-HUDPluszOther-Weekday-v3.0.3 (mod image refresh)
[2026-07-02 15:13:27] [INFO] Quarantined game folder instead of delete: C:\Program Files (x86)\Steam\steamapps\common\7 Days To Die\Mods\AGF-NoEAC-AutoRun-v2.0.3 -> C:\GitHub\7D2D-Mods\_Quarantine-GameRemovals\20260702-151327\AGF-NoEAC-AutoRun-v2.0.3
[2026-07-02 15:13:27] [INFO] Targeted game sync complete: AGF-NoEAC-AutoRun-v2.0.3 (mod image refresh)
[2026-07-02 15:13:27] [INFO] Quarantined game folder instead of delete: C:\Program Files (x86)\Steam\steamapps\common\7 Days To Die\Mods\AGF-NoEAC-CosmeticLockIcon-v3.0.0 -> C:\GitHub\7D2D-Mods\_Quarantine-GameRemovals\20260702-151327\AGF-NoEAC-CosmeticLockIcon-v3.0.0
[2026-07-02 15:13:27] [INFO] Targeted game sync complete: AGF-NoEAC-CosmeticLockIcon-v3.0.0 (mod image refresh)
[2026-07-02 15:13:27] [INFO] Quarantined game folder instead of delete: C:\Program Files (x86)\Steam\steamapps\common\7 Days To Die\Mods\AGF-NoEAC-EnhancedAGF-v4.2.0 -> C:\GitHub\7D2D-Mods\_Quarantine-GameRemovals\20260702-151327\AGF-NoEAC-EnhancedAGF-v4.2.0
[2026-07-02 15:13:27] [INFO] Targeted game sync complete: AGF-NoEAC-EnhancedAGF-v4.2.0 (mod image refresh)
[2026-07-02 15:13:27] [INFO] Quarantined game folder instead of delete: C:\Program Files (x86)\Steam\steamapps\common\7 Days To Die\Mods\AGF-NoEAC-GlobalStormTracker-v2.0.1 -> C:\GitHub\7D2D-Mods\_Quarantine-GameRemovals\20260702-151327\AGF-NoEAC-GlobalStormTracker-v2.0.1
[2026-07-02 15:13:27] [INFO] Targeted game sync complete: AGF-NoEAC-GlobalStormTracker-v2.0.1 (mod image refresh)
[2026-07-02 15:13:27] [INFO] Quarantined game folder instead of delete: C:\Program Files (x86)\Steam\steamapps\common\7 Days To Die\Mods\AGF-NoEAC-ScreamerAlert-v2.2.0 -> C:\GitHub\7D2D-Mods\_Quarantine-GameRemovals\20260702-151327\AGF-NoEAC-ScreamerAlert-v2.2.0
[2026-07-02 15:13:27] [INFO] Targeted game sync complete: AGF-NoEAC-ScreamerAlert-v2.2.0 (mod image refresh)
[2026-07-02 15:13:27] [INFO] Quarantined game folder instead of delete: C:\Program Files (x86)\Steam\steamapps\common\7 Days To Die\Mods\AGF-NoEAC-SignErrorGuard-v1.0.0 -> C:\GitHub\7D2D-Mods\_Quarantine-GameRemovals\20260702-151327\AGF-NoEAC-SignErrorGuard-v1.0.0
[2026-07-02 15:13:27] [INFO] Targeted game sync complete: AGF-NoEAC-SignErrorGuard-v1.0.0 (mod image refresh)
[2026-07-02 15:13:27] [INFO] Quarantined game folder instead of delete: C:\Program Files (x86)\Steam\steamapps\common\7 Days To Die\Mods\AGF-NoEAC-Toolbelt12Slots-v2.1.1 -> C:\GitHub\7D2D-Mods\_Quarantine-GameRemovals\20260702-151327\AGF-NoEAC-Toolbelt12Slots-v2.1.1
[2026-07-02 15:13:27] [INFO] Targeted game sync complete: AGF-NoEAC-Toolbelt12Slots-v2.1.1 (mod image refresh)
[2026-07-02 15:13:27] [INFO] Quarantined game folder instead of delete: C:\Program Files (x86)\Steam\steamapps\common\7 Days To Die\Mods\AGF-VP-BedrollPlus-v2.0.0 -> C:\GitHub\7D2D-Mods\_Quarantine-GameRemovals\20260702-151327\AGF-VP-BedrollPlus-v2.0.0
[2026-07-02 15:13:27] [INFO] Targeted game sync complete: AGF-VP-BedrollPlus-v2.0.0 (mod image refresh)
[2026-07-02 15:13:27] [INFO] Quarantined game folder instead of delete: C:\Program Files (x86)\Steam\steamapps\common\7 Days To Die\Mods\AGF-VP-BreakItGetIt-v2.0.0 -> C:\GitHub\7D2D-Mods\_Quarantine-GameRemovals\20260702-151327\AGF-VP-BreakItGetIt-v2.0.0
[2026-07-02 15:13:27] [INFO] Targeted game sync complete: AGF-VP-BreakItGetIt-v2.0.0 (mod image refresh)
[2026-07-02 15:13:27] [INFO] Quarantined game folder instead of delete: C:\Program Files (x86)\Steam\steamapps\common\7 Days To Die\Mods\AGF-VP-CraftSewingKits-v2.0.0 -> C:\GitHub\7D2D-Mods\_Quarantine-GameRemovals\20260702-151327\AGF-VP-CraftSewingKits-v2.0.0
[2026-07-02 15:13:27] [INFO] Targeted game sync complete: AGF-VP-CraftSewingKits-v2.0.0 (mod image refresh)
[2026-07-02 15:13:28] [INFO] Quarantined game folder instead of delete: C:\Program Files (x86)\Steam\steamapps\common\7 Days To Die\Mods\AGF-VP-CraftVitamins-v2.0.0 -> C:\GitHub\7D2D-Mods\_Quarantine-GameRemovals\20260702-151327\AGF-VP-CraftVitamins-v2.0.0
[2026-07-02 15:13:28] [INFO] Targeted game sync complete: AGF-VP-CraftVitamins-v2.0.0 (mod image refresh)
[2026-07-02 15:13:28] [INFO] Quarantined game folder instead of delete: C:\Program Files (x86)\Steam\steamapps\common\7 Days To Die\Mods\AGF-VP-FuelBurnPlus-v3.0.0 -> C:\GitHub\7D2D-Mods\_Quarantine-GameRemovals\20260702-151328\AGF-VP-FuelBurnPlus-v3.0.0
[2026-07-02 15:13:28] [INFO] Targeted game sync complete: AGF-VP-FuelBurnPlus-v3.0.0 (mod image refresh)
[2026-07-02 15:13:28] [INFO] Quarantined game folder instead of delete: C:\Program Files (x86)\Steam\steamapps\common\7 Days To Die\Mods\AGF-VP-LargerStorageOption-v1.0.1 -> C:\GitHub\7D2D-Mods\_Quarantine-GameRemovals\20260702-151328\AGF-VP-LargerStorageOption-v1.0.1
[2026-07-02 15:13:28] [INFO] Targeted game sync complete: AGF-VP-LargerStorageOption-v1.0.1 (mod image refresh)
[2026-07-02 15:13:28] [INFO] Quarantined game folder instead of delete: C:\Program Files (x86)\Steam\steamapps\common\7 Days To Die\Mods\AGF-VP-MaxLevel500-v3.0.0 -> C:\GitHub\7D2D-Mods\_Quarantine-GameRemovals\20260702-151328\AGF-VP-MaxLevel500-v3.0.0
[2026-07-02 15:13:28] [INFO] Targeted game sync complete: AGF-VP-MaxLevel500-v3.0.0 (mod image refresh)
[2026-07-02 15:13:28] [INFO] Quarantined game folder instead of delete: C:\Program Files (x86)\Steam\steamapps\common\7 Days To Die\Mods\AGF-VP-ModSlotsPlus-v4.0.0 -> C:\GitHub\7D2D-Mods\_Quarantine-GameRemovals\20260702-151328\AGF-VP-ModSlotsPlus-v4.0.0
[2026-07-02 15:13:28] [INFO] Targeted game sync complete: AGF-VP-ModSlotsPlus-v4.0.0 (mod image refresh)
[2026-07-02 15:13:28] [INFO] Quarantined game folder instead of delete: C:\Program Files (x86)\Steam\steamapps\common\7 Days To Die\Mods\AGF-VP-PickupLanternsPlus-v3.0.0 -> C:\GitHub\7D2D-Mods\_Quarantine-GameRemovals\20260702-151328\AGF-VP-PickupLanternsPlus-v3.0.0
[2026-07-02 15:13:28] [INFO] Targeted game sync complete: AGF-VP-PickupLanternsPlus-v3.0.0 (mod image refresh)
[2026-07-02 15:13:28] [INFO] Quarantined game folder instead of delete: C:\Program Files (x86)\Steam\steamapps\common\7 Days To Die\Mods\AGF-VP-PlayerResetQuests-v3.0.0 -> C:\GitHub\7D2D-Mods\_Quarantine-GameRemovals\20260702-151328\AGF-VP-PlayerResetQuests-v3.0.0
[2026-07-02 15:13:28] [INFO] Targeted game sync complete: AGF-VP-PlayerResetQuests-v3.0.0 (mod image refresh)
[2026-07-02 15:13:28] [INFO] Quarantined game folder instead of delete: C:\Program Files (x86)\Steam\steamapps\common\7 Days To Die\Mods\AGF-VP-RebundleBundles-v2.0.0 -> C:\GitHub\7D2D-Mods\_Quarantine-GameRemovals\20260702-151328\AGF-VP-RebundleBundles-v2.0.0
[2026-07-02 15:13:28] [INFO] Targeted game sync complete: AGF-VP-RebundleBundles-v2.0.0 (mod image refresh)
[2026-07-02 15:13:28] [INFO] Quarantined game folder instead of delete: C:\Program Files (x86)\Steam\steamapps\common\7 Days To Die\Mods\AGF-VP-RestorePowerAnyTime-v2.0.0 -> C:\GitHub\7D2D-Mods\_Quarantine-GameRemovals\20260702-151328\AGF-VP-RestorePowerAnyTime-v2.0.0
[2026-07-02 15:13:28] [INFO] Targeted game sync complete: AGF-VP-RestorePowerAnyTime-v2.0.0 (mod image refresh)
[2026-07-02 15:13:28] [INFO] Quarantined game folder instead of delete: C:\Program Files (x86)\Steam\steamapps\common\7 Days To Die\Mods\AGF-VP-ScrapEquipmentFaster-v2.0.0 -> C:\GitHub\7D2D-Mods\_Quarantine-GameRemovals\20260702-151328\AGF-VP-ScrapEquipmentFaster-v2.0.0
[2026-07-02 15:13:28] [INFO] Targeted game sync complete: AGF-VP-ScrapEquipmentFaster-v2.0.0 (mod image refresh)
[2026-07-02 15:13:28] [INFO] Quarantined game folder instead of delete: C:\Program Files (x86)\Steam\steamapps\common\7 Days To Die\Mods\AGF-VP-SimplifiedStacks-v2.0.1 -> C:\GitHub\7D2D-Mods\_Quarantine-GameRemovals\20260702-151328\AGF-VP-SimplifiedStacks-v2.0.1
[2026-07-02 15:13:28] [INFO] Targeted game sync complete: AGF-VP-SimplifiedStacks-v2.0.1 (mod image refresh)
[2026-07-02 15:13:28] [INFO] Quarantined game folder instead of delete: C:\Program Files (x86)\Steam\steamapps\common\7 Days To Die\Mods\AGF-VP-VehiclePerformance-v2.0.0 -> C:\GitHub\7D2D-Mods\_Quarantine-GameRemovals\20260702-151328\AGF-VP-VehiclePerformance-v2.0.0
[2026-07-02 15:13:28] [INFO] Targeted game sync complete: AGF-VP-VehiclePerformance-v2.0.0 (mod image refresh)
[2026-07-02 15:13:28] [INFO] Quarantined game folder instead of delete: C:\Program Files (x86)\Steam\steamapps\common\7 Days To Die\Mods\AGF-VP-VehicleStoragePlus-v3.0.0 -> C:\GitHub\7D2D-Mods\_Quarantine-GameRemovals\20260702-151328\AGF-VP-VehicleStoragePlus-v3.0.0
[2026-07-02 15:13:28] [INFO] Targeted game sync complete: AGF-VP-VehicleStoragePlus-v3.0.0 (mod image refresh)
[2026-07-02 15:13:28] [INFO] Quarantined game folder instead of delete: C:\Program Files (x86)\Steam\steamapps\common\7 Days To Die\Mods\AGF-VP-VehiclesExtraSeating-v2.0.0 -> C:\GitHub\7D2D-Mods\_Quarantine-GameRemovals\20260702-151328\AGF-VP-VehiclesExtraSeating-v2.0.0
[2026-07-02 15:13:28] [INFO] Targeted game sync complete: AGF-VP-VehiclesExtraSeating-v2.0.0 (mod image refresh)
[2026-07-02 15:13:28] [INFO] Quarantined game folder instead of delete: C:\Program Files (x86)\Steam\steamapps\common\7 Days To Die\Mods\zzzAGF-Special-Compatibilities-v5.0.0 -> C:\GitHub\7D2D-Mods\_Quarantine-GameRemovals\20260702-151328\zzzAGF-Special-Compatibilities-v5.0.0
[2026-07-02 15:13:28] [INFO] Targeted game sync complete: zzzAGF-Special-Compatibilities-v5.0.0 (mod image refresh)
[2026-07-02 15:13:28] [INFO] Targeted game sync summary: 34 mod(s) pushed for mod image refresh
[2026-07-02 15:13:28] [INFO] Mode promote: Promote Staging -> PublishReady (version-gated)
[2026-07-02 15:13:28] [INFO] Promote skipped for AGF-BackpackPlus-060Slots-v4.0.4: same version/content as publish-ready (4.0.4)
[2026-07-02 15:13:28] [INFO] Promote skipped for AGF-BackpackPlus-072Slots-v4.0.3: same version/content as publish-ready (4.0.3)
[2026-07-02 15:13:28] [INFO] Promote skipped for AGF-BackpackPlus-084Slots-v4.0.2: same version/content as publish-ready (4.0.2)
[2026-07-02 15:13:28] [INFO] Promote skipped for AGF-BackpackPlus-119Slots-v2.0.0: same version/content as publish-ready (2.0.0)
[2026-07-02 15:13:28] [INFO] Promote skipped for AGF-HUDPlus-1Main-v6.4.0: same version/content as publish-ready (6.4.0)
[2026-07-02 15:13:28] [INFO] Promote skipped for AGF-HUDPlus-BMCounter-v3.0.0: same version/content as publish-ready (3.0.0)
[2026-07-02 15:13:28] [INFO] Promote skipped for AGF-HUDPlus-PurpleBook-v3.0.0: same version/content as publish-ready (3.0.0)
[2026-07-02 15:13:28] [INFO] Promote skipped for AGF-HUDPlus-RemoveEnteringPopUp-v2.0.1: same version/content as publish-ready (2.0.1)
[2026-07-02 15:13:28] [INFO] Promote skipped for AGF-HUDPluszOther-Weekday-v3.0.3: same version/content as publish-ready (3.0.3)
[2026-07-02 15:13:28] [INFO] Promote skipped for AGF-NoEAC-AutoRun-v2.0.3: same version/content as publish-ready (2.0.3)
[2026-07-02 15:13:28] [INFO] Promote skipped for AGF-NoEAC-CosmeticLockIcon-v3.0.0: same version/content as publish-ready (3.0.0)
[2026-07-02 15:13:28] [INFO] Promote skipped for AGF-NoEAC-EnhancedAGF-v4.2.0: same version/content as publish-ready (4.2.0)
[2026-07-02 15:13:28] [INFO] Promote skipped for AGF-NoEAC-GlobalStormTracker-v2.0.1: same version/content as publish-ready (2.0.1)
[2026-07-02 15:13:28] [INFO] Promote skipped for AGF-NoEAC-ScreamerAlert-v2.2.0: same version/content as publish-ready (2.2.0)
[2026-07-02 15:13:28] [INFO] Promote skipped for AGF-NoEAC-SignErrorGuard-v1.0.0: same version/content as publish-ready (1.0.0)
[2026-07-02 15:13:28] [INFO] Promote skipped for AGF-NoEAC-Toolbelt12Slots-v2.1.1: same version/content as publish-ready (2.1.1)
[2026-07-02 15:13:28] [INFO] Promote skipped for AGF-VP-BedrollPlus-v2.0.0: same version/content as publish-ready (2.0.0)
[2026-07-02 15:13:28] [INFO] Promoted new mod: AGF-VP-BreakItGetIt-v2.0.0 v2.0.0
[2026-07-02 15:13:28] [INFO] Promoted new mod: AGF-VP-CraftSewingKits-v2.0.0 v2.0.0
[2026-07-02 15:13:28] [INFO] Promoted new mod: AGF-VP-CraftVitamins-v2.0.0 v2.0.0
[2026-07-02 15:13:29] [INFO] Promote skipped for AGF-VP-FuelBurnPlus-v3.0.0: same version/content as publish-ready (3.0.0)
[2026-07-02 15:13:29] [INFO] Promote skipped for AGF-VP-LargerStorageOption-v1.0.1: same version/content as publish-ready (1.0.1)
[2026-07-02 15:13:29] [INFO] Promote skipped for AGF-VP-MaxLevel500-v3.0.0: same version/content as publish-ready (3.0.0)
[2026-07-02 15:13:29] [INFO] Promote skipped for AGF-VP-ModSlotsPlus-v4.0.0: same version/content as publish-ready (4.0.0)
[2026-07-02 15:13:29] [INFO] Promote skipped for AGF-VP-PickupLanternsPlus-v3.0.0: same version/content as publish-ready (3.0.0)
[2026-07-02 15:13:29] [INFO] Promote skipped for AGF-VP-PlayerResetQuests-v3.0.0: same version/content as publish-ready (3.0.0)
[2026-07-02 15:13:29] [INFO] Promote skipped for AGF-VP-RebundleBundles-v2.0.0: same version/content as publish-ready (2.0.0)
[2026-07-02 15:13:29] [INFO] Promoted new mod: AGF-VP-RestorePowerAnyTime-v2.0.0 v2.0.0
[2026-07-02 15:13:29] [INFO] Promoted new mod: AGF-VP-ScrapEquipmentFaster-v2.0.0 v2.0.0
[2026-07-02 15:13:29] [INFO] Promote skipped for AGF-VP-SimplifiedStacks-v2.0.1: same version/content as publish-ready (2.0.1)
[2026-07-02 15:13:29] [INFO] Promoted new mod: AGF-VP-VehiclePerformance-v2.0.0 v2.0.0
[2026-07-02 15:13:29] [INFO] Promoted new mod: AGF-VP-VehiclesExtraSeating-v2.0.0 v2.0.0
[2026-07-02 15:13:29] [INFO] Promoted new mod: AGF-VP-VehicleStoragePlus-v3.0.0 v3.0.0
[2026-07-02 15:13:29] [INFO] Promote skipped for zzzAGF-Special-Compatibilities-v5.0.0: same version/content as publish-ready (5.0.0)
[2026-07-02 15:13:29] [INFO] Cleanup: Remove legacy ReleaseSource folders replaced by AGF-4Modders renames
[2026-07-02 15:13:29] [INFO] Cleanup: Remove legacy 4Modders-replaced folders in 03_ReleaseSource
[2026-07-02 15:13:29] [INFO] Cleanup: Remove older duplicate versions in 03_ReleaseSource
[2026-07-02 15:13:29] [INFO] Rename folders to match ModInfo Name+Version when safe
[2026-07-02 15:13:29] [INFO] Rename folders to match ModInfo Name+Version when safe
[2026-07-02 15:13:29] [INFO] Cleanup: Remove older duplicate versions in 01_Draft
[2026-07-02 15:13:29] [INFO] Step 4.2: Normalize HELPER_ModCompatibility.csv
[2026-07-02 15:13:29] [INFO] Step 4.3: Normalize quote files
[2026-07-02 15:13:29] [INFO] Generate per-mod README.md and ReadableReadMe.txt
[2026-07-02 15:13:29] [INFO] Generate per-mod README.md and ReadableReadMe.txt
[2026-07-02 15:13:29] [WARN] Invalid MOD_TYPE_ID '0' for AGF-4Modders-AntiCM; using MISSINGDATA
[2026-07-02 15:13:29] [WARN] Invalid MOD_TYPE_ID '0' for AGF-4Modders-CustomWindowEnteringDuration; using MISSINGDATA
[2026-07-02 15:13:29] [WARN] Invalid MOD_TYPE_ID '0' for AGF-4Modders-Fix4DestroyBiomeBadge; using MISSINGDATA
[2026-07-02 15:13:29] [WARN] Invalid MOD_TYPE_ID '0' for AGF-4Modders-Fix4RemoveItems; using MISSINGDATA
[2026-07-02 15:13:29] [WARN] Invalid MOD_TYPE_ID '0' for AGF-4Modders-ItemTypeIconColor; using MISSINGDATA
[2026-07-02 15:13:30] [WARN] Invalid MOD_TYPE_ID '0' for AGF-NoEAC-ConsoleOpacityMod; using MISSINGDATA
[2026-07-02 15:13:30] [WARN] Invalid MOD_TYPE_ID '0' for AGF-NoEAC-TerrainLeveler; using MISSINGDATA
[2026-07-02 15:13:31] [INFO] Step 5: Push updated pulled mods back to game folder
[2026-07-02 15:13:31] [INFO] Step 6: Create all mod and category zip files
[2026-07-02 15:13:37] [INFO] Pack zip skipped (empty): 00_4Modders_All.zip
[2026-07-02 15:13:41] [INFO] GigglePack finalization skipped for this publish run; updating pending changes queue only.
[2026-07-02 15:13:41] [INFO] Pending GigglePack changes updated: new=9, updated=1, renamed=0, removed=0
[2026-07-02 15:13:41] [WARN] ACTION NEEDED: GigglePack release remains queued. Re-run publish with --publish-gigglepack-action finalize when ready.
[2026-07-02 15:13:41] [INFO] Step 7: Generate main README.md

=== SUMMARY ===
scanned_workspace_mods: 34
scanned_game_mods: 22
synced_pull_from_game: 0
synced_push_to_game: 9
sync_conflicts: 0
moved_to_publish_ready: 0
moved_to_in_progress: 0
renamed_folders: 8
csv_added_rows: 0
csv_removed_rows: 0
quote_files_created: 0
quote_files_renamed: 0
quote_files_blanked_none: 0
readmes_written: 126
readable_txt_written: 126
pushed_back_to_game: 34
mod_zips_created: 34
pack_zips_created: 6
promoted_to_publish_ready: 8
warnings: 8
errors: 0

=== MOD CHANGES ===
AGF-VP-BreakItGetIt-v2.0.0 | pushed to game, promoted (new)
AGF-VP-CraftSewingKits-v2.0.0 | pushed to game, promoted (new)
AGF-VP-CraftVitamins-v2.0.0 | pushed to game, promoted (new)
AGF-VP-RestorePowerAnyTime-v2.0.0 | pushed to game, promoted (new)
AGF-VP-ScrapEquipmentFaster-v2.0.0 | pushed to game, promoted (new)
AGF-VP-VehiclePerformance-v2.0.0 | pushed to game, promoted (new)
AGF-VP-VehiclesExtraSeating-v2.0.0 | pushed to game, promoted (new)
AGF-VP-VehicleStoragePlus-v3.0.0 | pushed to game, promoted (new)
