[2026-03-25 23:03:07] [INFO] Starting SCRIPT-Main automation pipeline
[2026-03-25 23:03:07] [INFO] Selected mode: prep-work
[2026-03-25 23:03:07] [INFO] Pre-release prep: refresh folder names + README files
[2026-03-25 23:03:07] [INFO] Rename folders to match ModInfo Name+Version when safe
[2026-03-25 23:03:07] [INFO] Step 4.3: Normalize quote files
[2026-03-25 23:03:07] [INFO] Generate per-mod README.md and ReadableReadMe.txt

=== SUMMARY ===
scanned_workspace_mods: 0
scanned_game_mods: 0
synced_pull_from_game: 0
synced_push_to_game: 0
sync_conflicts: 0
moved_to_publish_ready: 0
moved_to_in_progress: 0
renamed_folders: 0
csv_added_rows: 0
csv_removed_rows: 0
quote_files_created: 0
quote_files_renamed: 0
quote_files_blanked_none: 0
readmes_written: 85
readable_txt_written: 85
pushed_back_to_game: 0
mod_zips_created: 0
pack_zips_created: 0
promoted_to_publish_ready: 0
warnings: 0
errors: 0
