[2026-04-30 00:23:58] [INFO] Starting SCRIPT-Main automation pipeline
[2026-04-30 00:23:58] [INFO] Selected mode: full
[2026-04-30 00:23:58] [INFO] Mode full: sync Game<->Draft for tracked draft mods, ingest Draft->ActiveBuild, sync ActiveBuild<->Game, then apply targeted pushback for pulled mods, then finalize/promote/package.
[2026-04-30 00:23:58] [INFO] Step 0.25: Compare Game <-> Draft and pull newer game updates into Draft
[2026-04-30 00:23:58] [INFO] Draft/game pull: AGF-NoEAC-AutoRun-v0.0.1 v1.0.0 -> AGF-NoEAC-AutoRun-v0.0.1 v0.0.1
[2026-04-30 00:23:58] [INFO] Draft/game pull: AGF-NoEAC-FlightLevelAssist-v0.0.1 v1.0.0 -> AGF-NoEAC-FlightLevelAssist-v0.0.1 v0.0.1
[2026-04-30 00:23:58] [INFO] Draft/game tie refresh for AGF-NoEAC-OptionsPlus: both v0.0.1 but content differed. Pulled game copy into Draft.
[2026-04-30 00:23:58] [INFO] Draft/game pull: AGF-NoEAC-VisualEntityTracker-v0.0.1 v0.1.0 -> AGF-NoEAC-VisualEntityTracker-v0.0.1 v0.0.1
[2026-04-30 00:23:58] [INFO] Step 0.5: Ensure latest Draft mods are in ActiveBuild
[2026-04-30 00:23:58] [INFO] Draft sync skipped for AGF-4Modders-AntiCM-v0.0.1: version 0.0.1 is draft-only (major < 1)
[2026-04-30 00:23:58] [INFO] Draft sync skipped for AGF-4Modders-ESCWindowPlus-v0.3.1: version 0.3.1 is draft-only (major < 1)
[2026-04-30 00:23:58] [INFO] Draft sync add: AGF-NoEAC-AutoRun-v0.0.1 v1.0.0
[2026-04-30 00:23:58] [INFO] Draft promotion cleanup: removed AGF-NoEAC-AutoRun-v0.0.1 v1.0.0 from Draft after syncing to ActiveBuild
[2026-04-30 00:23:58] [INFO] Draft sync add: AGF-NoEAC-FlightLevelAssist-v0.0.1 v1.0.0
[2026-04-30 00:23:58] [INFO] Draft promotion cleanup: removed AGF-NoEAC-FlightLevelAssist-v0.0.1 v1.0.0 from Draft after syncing to ActiveBuild
[2026-04-30 00:23:58] [INFO] Draft sync skipped for AGF-NoEAC-OptionsPlus-v0.0.1: version 0.0.1 is draft-only (major < 1)
[2026-04-30 00:23:58] [INFO] Draft sync skipped for AGF-NoEAC-TerrainLeveler-v0.0.1: version 0.0.1 is draft-only (major < 1)
[2026-04-30 00:23:58] [INFO] Draft sync skipped for AGF-NoEAC-VisualEntityTracker-v0.0.1: version 0.1.0 is draft-only (major < 1)
[2026-04-30 00:23:58] [INFO] Draft sync skipped for AGF-VP-MedicalTreatOthersTreatedInjuries-v0.0.1: version 0.0.1 is draft-only (major < 1)
[2026-04-30 00:23:58] [INFO] Draft sync skipped for AGF-VP-MedicallyTreatOthers-v0.0.1: version 0.0.1 is draft-only (major < 1)
[2026-04-30 00:23:58] [INFO] Lane policy: keep major v0.x mods in Draft, not ActiveBuild
[2026-04-30 00:23:58] [INFO] Mode sync-work: Sync Staging <-> Game by version
[2026-04-30 00:23:58] [INFO] Policy: keep one active BackpackPlus in game root, keep all BackpackPlus in .Optionals-Backpack, mirror all HUDPlus/HUDPluszOther in .Optionals-HUDPlus and keep HUDPluszOther out of game root, and mirror AGF-4Modders into .Optionals-4Modders without auto-pushing them into game root.
[2026-04-30 00:23:58] [INFO] sync-work tie resolved for AGF-HUDPlus-1Main: both v5.4.4 but content differed. Pushed staging copy to game.
[2026-04-30 00:23:58] [INFO] sync-work tie resolved for AGF-NoEAC-AudioOptionsPlus: both v1.0.0 but content differed. Pushed staging copy to game.
[2026-04-30 00:23:58] [INFO] sync-work pull: AGF-NoEAC-EnhancedPatch-v3.1.1 v3.2.0 -> staging
[2026-04-30 00:23:58] [INFO] sync-work tie resolved for AGF-NoEAC-ExpandedInteractionPrompts: both v1.1.0 but content differed. Pushed staging copy to game.
[2026-04-30 00:23:58] [INFO] sync-work pull: AGF-NoEAC-LockableWorkstations-v1.1.1 v1.2.0 -> staging
[2026-04-30 00:23:58] [INFO] sync-work pull: AGF-NoEAC-ScreamerAlert-v1.1.1 v1.2.0 -> staging
[2026-04-30 00:23:58] [INFO] sync-work pull: AGF-NoEAC-Toolbelt12Slots-v1.0.1 v1.0.2 -> staging
[2026-04-30 00:23:58] [INFO] sync-work pull: zzzAGF-Special-Compatibilities-v4.0.3 v4.1.0 -> staging
[2026-04-30 00:23:58] [INFO] sync-work mirror: 4Modders optional updated: AGF-4Modders-10IngredientSlots-v1.0.1
[2026-04-30 00:23:59] [INFO] sync-work mirror: 4Modders optional updated: AGF-4Modders-CustomWindowEnteringDuration-v1.0.0
[2026-04-30 00:23:59] [INFO] sync-work mirror: 4Modders optional updated: AGF-4Modders-Fix4DestroyBiomeBadge-v1.0.0
[2026-04-30 00:23:59] [INFO] sync-work mirror: 4Modders optional updated: AGF-4Modders-Fix4RemoveItems-v1.0.0
[2026-04-30 00:23:59] [INFO] sync-work mirror: 4Modders optional updated: AGF-4Modders-SkillPointCap-v1.0.0
[2026-04-30 00:23:59] [INFO] sync-work mirror: backpack optional updated: AGF-BackpackPlus-060Slots-v3.2.2
[2026-04-30 00:23:59] [INFO] sync-work mirror: backpack optional updated: AGF-BackpackPlus-072Slots-v3.2.2
[2026-04-30 00:23:59] [INFO] sync-work mirror: backpack optional updated: AGF-BackpackPlus-084Slots-v3.2.2
[2026-04-30 00:23:59] [INFO] sync-work mirror: backpack optional updated: AGF-BackpackPlus-119Slots-v1.2.2
[2026-04-30 00:23:59] [INFO] sync-work mirror: HUD optional updated: AGF-HUDPlus-1Main-v5.4.4
[2026-04-30 00:23:59] [INFO] sync-work mirror: HUD optional updated: AGF-HUDPlus-BMCounter-v2.1.2
[2026-04-30 00:23:59] [INFO] sync-work mirror: HUD optional updated: AGF-HUDPlus-HealthBars-v4.0.0
[2026-04-30 00:23:59] [INFO] sync-work mirror: HUD optional updated: AGF-HUDPlus-PurpleBook-v2.0.0
[2026-04-30 00:23:59] [INFO] sync-work mirror: HUD optional updated: AGF-HUDPlus-RemoveEnteringPopUp-v1.0.0
[2026-04-30 00:23:59] [INFO] sync-work mirror: HUD optional updated: AGF-HUDPluszOther-RemoveWrittentormAlerts-v2.0.0
[2026-04-30 00:23:59] [INFO] sync-work mirror: HUD optional updated: AGF-HUDPluszOther-SmallerInteractionPrompt-v1.0.0
[2026-04-30 00:23:59] [INFO] sync-work mirror: HUD optional updated: AGF-HUDPluszOther-TinyBuffsPopUp-v1.0.0
[2026-04-30 00:23:59] [INFO] sync-work mirror: HUD optional updated: AGF-HUDPluszOther-Weekday-v2.1.0
[2026-04-30 00:23:59] [INFO] Rename folders to match ModInfo Name+Version when safe
[2026-04-30 00:23:59] [INFO] Renamed folder: AGF-NoEAC-AutoRun-v0.0.1 -> AGF-NoEAC-AutoRun-v1.0.0
[2026-04-30 00:23:59] [INFO] Renamed folder: AGF-NoEAC-EnhancedPatch-v3.1.1 -> AGF-NoEAC-EnhancedAGF-v3.2.0
[2026-04-30 00:23:59] [INFO] Renamed folder: AGF-NoEAC-FlightLevelAssist-v0.0.1 -> AGF-NoEAC-FlightAssist-v1.0.0
[2026-04-30 00:23:59] [INFO] Renamed folder: AGF-NoEAC-LockableWorkstations-v1.1.1 -> AGF-NoEAC-LockableWorkstations-v1.2.0
[2026-04-30 00:23:59] [INFO] Renamed folder: AGF-NoEAC-ScreamerAlert-v1.1.1 -> AGF-NoEAC-ScreamerAlert-v1.2.0
[2026-04-30 00:23:59] [INFO] Renamed folder: AGF-NoEAC-Toolbelt12Slots-v1.0.1 -> AGF-NoEAC-Toolbelt12Slots-v1.0.2
[2026-04-30 00:23:59] [INFO] Renamed folder: zzzAGF-Special-Compatibilities-v4.0.3 -> zzzAGF-Special-Compatibilities-v4.1.0
[2026-04-30 00:23:59] [INFO] Pre-release prep: refresh folder names + README files
[2026-04-30 00:23:59] [INFO] Rename folders to match ModInfo Name+Version when safe
[2026-04-30 00:23:59] [INFO] Step 4.2: Normalize HELPER_ModCompatibility.csv
[2026-04-30 00:23:59] [INFO] Step 4.3: Normalize quote files
[2026-04-30 00:23:59] [INFO] Generate per-mod README.md and ReadableReadMe.txt
[2026-04-30 00:23:59] [INFO] Cleanup: Remove legacy 4Modders-replaced folders in 02_ActiveBuild
[2026-04-30 00:23:59] [INFO] Cleanup: Remove older duplicate versions in 02_ActiveBuild
[2026-04-30 00:23:59] [INFO] Mode promote: Promote Staging -> PublishReady (version-gated)
[2026-04-30 00:23:59] [INFO] Promote skipped for AGF-4Modders-10IngredientSlots-v1.0.1: same version/content as publish-ready (1.0.1)
[2026-04-30 00:23:59] [INFO] Promote skipped for AGF-4Modders-CustomWindowEnteringDuration-v1.0.0: same version/content as publish-ready (1.0.0)
[2026-04-30 00:23:59] [INFO] Promote skipped for AGF-4Modders-Fix4DestroyBiomeBadge-v1.0.0: same version/content as publish-ready (1.0.0)
[2026-04-30 00:23:59] [INFO] Promote skipped for AGF-4Modders-Fix4RemoveItems-v1.0.0: same version/content as publish-ready (1.0.0)
[2026-04-30 00:23:59] [INFO] Promote skipped for AGF-4Modders-SkillPointCap-v1.0.0: same version/content as publish-ready (1.0.0)
[2026-04-30 00:23:59] [INFO] Promote skipped for AGF-BackpackPlus-060Slots-v3.2.2: same version/content as publish-ready (3.2.2)
[2026-04-30 00:23:59] [INFO] Promote skipped for AGF-BackpackPlus-072Slots-v3.2.2: same version/content as publish-ready (3.2.2)
[2026-04-30 00:23:59] [INFO] Promote skipped for AGF-BackpackPlus-084Slots-v3.2.2: same version/content as publish-ready (3.2.2)
[2026-04-30 00:23:59] [INFO] Promote skipped for AGF-BackpackPlus-119Slots-v1.2.2: same version/content as publish-ready (1.2.2)
[2026-04-30 00:23:59] [INFO] Promote skipped for AGF-HUDPlus-1Main-v5.4.4: same version/content as publish-ready (5.4.4)
[2026-04-30 00:23:59] [INFO] Promote skipped for AGF-HUDPlus-BMCounter-v2.1.2: same version/content as publish-ready (2.1.2)
[2026-04-30 00:23:59] [INFO] Promote skipped for AGF-HUDPlus-HealthBars-v4.0.0: same version/content as publish-ready (4.0.0)
[2026-04-30 00:24:00] [INFO] Promote skipped for AGF-HUDPlus-PurpleBook-v2.0.0: same version/content as publish-ready (2.0.0)
[2026-04-30 00:24:00] [INFO] Promote skipped for AGF-HUDPlus-RemoveEnteringPopUp-v1.0.0: same version/content as publish-ready (1.0.0)
[2026-04-30 00:24:00] [INFO] Promote skipped for AGF-HUDPluszOther-RemoveWrittentormAlerts-v2.0.0: same version/content as publish-ready (2.0.0)
[2026-04-30 00:24:00] [INFO] Promote skipped for AGF-HUDPluszOther-SmallerInteractionPrompt-v1.0.0: same version/content as publish-ready (1.0.0)
[2026-04-30 00:24:00] [INFO] Promote skipped for AGF-HUDPluszOther-TinyBuffsPopUp-v1.0.0: same version/content as publish-ready (1.0.0)
[2026-04-30 00:24:00] [INFO] Promote skipped for AGF-HUDPluszOther-Weekday-v2.1.0: same version/content as publish-ready (2.1.0)
[2026-04-30 00:24:00] [INFO] Promote skipped for AGF-NoEAC-AudioOptionsPlus-v1.0.0: same version/content as publish-ready (1.0.0)
[2026-04-30 00:24:00] [INFO] Promoted new mod: AGF-NoEAC-AutoRun-v1.0.0 v1.0.0
[2026-04-30 00:24:00] [INFO] Promote skipped for AGF-NoEAC-ConsoleOpacityMod-v1.0.0: same version/content as publish-ready (1.0.0)
[2026-04-30 00:24:00] [INFO] Promote skipped for AGF-NoEAC-CosmeticLockIcon-v1.0.1: same version/content as publish-ready (1.0.1)
[2026-04-30 00:24:00] [INFO] Promoted new mod: AGF-NoEAC-EnhancedAGF-v3.2.0 v3.2.0
[2026-04-30 00:24:00] [INFO] Promote skipped for AGF-NoEAC-ExpandedInteractionPrompts-v1.1.0: same version/content as publish-ready (1.1.0)
[2026-04-30 00:24:00] [INFO] Promoted new mod: AGF-NoEAC-FlightAssist-v1.0.0 v1.0.0
[2026-04-30 00:24:00] [INFO] Promote skipped for AGF-NoEAC-GlobalStormTracker-v1.0.0: same version/content as publish-ready (1.0.0)
[2026-04-30 00:24:00] [INFO] Promote skipped for AGF-NoEAC-ItemTypeIconColor-v1.0.0: same version/content as publish-ready (1.0.0)
[2026-04-30 00:24:00] [INFO] Promoted update: AGF-NoEAC-LockableWorkstations-v1.2.0 v1.2.0 (was AGF-NoEAC-LockableWorkstations-v1.1.1 v1.1.1)
[2026-04-30 00:24:00] [INFO] Promote skipped for AGF-NoEAC-OpenAllButton-v1.0.1: same version/content as publish-ready (1.0.1)
[2026-04-30 00:24:00] [INFO] Promoted update: AGF-NoEAC-ScreamerAlert-v1.2.0 v1.2.0 (was AGF-NoEAC-ScreamerAlert-v1.1.1 v1.1.1)
[2026-04-30 00:24:00] [INFO] Promote skipped for AGF-NoEAC-SortingBox-v1.0.5: same version/content as publish-ready (1.0.5)
[2026-04-30 00:24:00] [INFO] Promoted update: AGF-NoEAC-Toolbelt12Slots-v1.0.2 v1.0.2 (was AGF-NoEAC-Toolbelt12Slots-v1.0.1 v1.0.1)
[2026-04-30 00:24:00] [INFO] Promote skipped for AGF-VP-AdminModdingSupport-v1.0.3: same version/content as publish-ready (1.0.3)
[2026-04-30 00:24:00] [INFO] Promote skipped for AGF-VP-AlternativeRecipes-v1.0.1: same version/content as publish-ready (1.0.1)
[2026-04-30 00:24:00] [INFO] Promote skipped for AGF-VP-AmmoDisassembly-v1.0.1: same version/content as publish-ready (1.0.1)
[2026-04-30 00:24:00] [INFO] Promote skipped for AGF-VP-ApiaryPlus-v1.0.3: same version/content as publish-ready (1.0.3)
[2026-04-30 00:24:00] [INFO] Promote skipped for AGF-VP-ArcheryFeathersChange-v1.0.2: same version/content as publish-ready (1.0.2)
[2026-04-30 00:24:00] [INFO] Promote skipped for AGF-VP-ArmorHarvestMods-v2.1.0: same version/content as publish-ready (2.1.0)
[2026-04-30 00:24:00] [INFO] Promote skipped for AGF-VP-AutomobilesRespawn-v3.1.0: same version/content as publish-ready (3.1.0)
[2026-04-30 00:24:00] [INFO] Promote skipped for AGF-VP-BedrollPlus-v1.0.0: same version/content as publish-ready (1.0.0)
[2026-04-30 00:24:00] [INFO] Promote skipped for AGF-VP-BetterEggChance-v2.1.0: same version/content as publish-ready (2.1.0)
[2026-04-30 00:24:01] [INFO] Promote skipped for AGF-VP-BreakItGetIt-v1.0.2: same version/content as publish-ready (1.0.2)
[2026-04-30 00:24:01] [INFO] Promote skipped for AGF-VP-BuyTraderVendingMachines-v3.0.2: same version/content as publish-ready (3.0.2)
[2026-04-30 00:24:01] [INFO] Promote skipped for AGF-VP-CraftSewingKits-v1.0.0: same version/content as publish-ready (1.0.0)
[2026-04-30 00:24:01] [INFO] Promote skipped for AGF-VP-CraftStackEngBattCells-v3.3.0: same version/content as publish-ready (3.3.0)
[2026-04-30 00:24:01] [INFO] Promote skipped for AGF-VP-CraftVitamins-v1.1.0: same version/content as publish-ready (1.1.0)
[2026-04-30 00:24:01] [INFO] Promote skipped for AGF-VP-DecorationBlock-v3.0.2: same version/content as publish-ready (3.0.2)
[2026-04-30 00:24:01] [INFO] Promote skipped for AGF-VP-DewsPlus-v2.4.2: same version/content as publish-ready (2.4.2)
[2026-04-30 00:24:01] [INFO] Promote skipped for AGF-VP-DoorsPlus-v3.0.0: same version/content as publish-ready (3.0.0)
[2026-04-30 00:24:01] [INFO] Promote skipped for AGF-VP-DrinkableAcid-v2.0.1: same version/content as publish-ready (2.0.1)
[2026-04-30 00:24:01] [INFO] Promote skipped for AGF-VP-DyesPlus-v3.1.0: same version/content as publish-ready (3.1.0)
[2026-04-30 00:24:01] [INFO] Promote skipped for AGF-VP-FarmingPlus-v5.6.1: same version/content as publish-ready (5.6.1)
[2026-04-30 00:24:01] [INFO] Promote skipped for AGF-VP-FloraHarvester-v2.3.0: same version/content as publish-ready (2.3.0)
[2026-04-30 00:24:01] [INFO] Promote skipped for AGF-VP-FuelBurnPlus-v2.3.0: same version/content as publish-ready (2.3.0)
[2026-04-30 00:24:01] [INFO] Promote skipped for AGF-VP-MasterTool-v6.1.1: same version/content as publish-ready (6.1.1)
[2026-04-30 00:24:01] [INFO] Promote skipped for AGF-VP-MaxLevel500-v2.0.2: same version/content as publish-ready (2.0.2)
[2026-04-30 00:24:01] [INFO] Promote skipped for AGF-VP-MedicationNoInsectSlow-v1.1.0: same version/content as publish-ready (1.1.0)
[2026-04-30 00:24:01] [INFO] Promote skipped for AGF-VP-MiningPlus-v1.2.0: same version/content as publish-ready (1.2.0)
[2026-04-30 00:24:01] [INFO] Promote skipped for AGF-VP-Mod988-v2.0.1: same version/content as publish-ready (2.0.1)
[2026-04-30 00:24:01] [INFO] Promote skipped for AGF-VP-ModBundling-v1.0.1: same version/content as publish-ready (1.0.1)
[2026-04-30 00:24:01] [INFO] Promote skipped for AGF-VP-ModSlotsPlus-v3.0.1: same version/content as publish-ready (3.0.1)
[2026-04-30 00:24:01] [INFO] Promote skipped for AGF-VP-PaintbrushPlus-v2.1.0: same version/content as publish-ready (2.1.0)
[2026-04-30 00:24:01] [INFO] Promote skipped for AGF-VP-PickupLanternsPlus-v2.0.1: same version/content as publish-ready (2.0.1)
[2026-04-30 00:24:01] [INFO] Promote skipped for AGF-VP-PlayerResetQuests-v2.0.1: same version/content as publish-ready (2.0.1)
[2026-04-30 00:24:01] [INFO] Promote skipped for AGF-VP-PlayerVendingMachinesPlus-v1.0.0: same version/content as publish-ready (1.0.0)
[2026-04-30 00:24:01] [INFO] Promote skipped for AGF-VP-PumpkinsPlus-v2.0.4: same version/content as publish-ready (2.0.4)
[2026-04-30 00:24:02] [INFO] Promote skipped for AGF-VP-QuickStart-v2.0.0: same version/content as publish-ready (2.0.0)
[2026-04-30 00:24:02] [INFO] Promote skipped for AGF-VP-RebundleBundles-v1.0.0: same version/content as publish-ready (1.0.0)
[2026-04-30 00:24:02] [INFO] Promote skipped for AGF-VP-RecipeRottingFlesh-v1.0.0: same version/content as publish-ready (1.0.0)
[2026-04-30 00:24:02] [INFO] Promote skipped for AGF-VP-RenamesAlphabeticalSort-v2.0.4: same version/content as publish-ready (2.0.4)
[2026-04-30 00:24:02] [INFO] Promote skipped for AGF-VP-RestorePowerAnyTime-v1.0.2: same version/content as publish-ready (1.0.2)
[2026-04-30 00:24:02] [INFO] Promote skipped for AGF-VP-ScrapBatts4Acid-v1.1.0: same version/content as publish-ready (1.1.0)
[2026-04-30 00:24:02] [INFO] Promote skipped for AGF-VP-ScrapEquipmentFaster-v1.0.0: same version/content as publish-ready (1.0.0)
[2026-04-30 00:24:02] [INFO] Promote skipped for AGF-VP-SimplifiedStacks-v1.2.3: same version/content as publish-ready (1.2.3)
[2026-04-30 00:24:02] [INFO] Promote skipped for AGF-VP-SmeltingPlus-v2.4.0: same version/content as publish-ready (2.4.0)
[2026-04-30 00:24:02] [INFO] Promote skipped for AGF-VP-StayLongerAnimalCorpse-v2.0.2: same version/content as publish-ready (2.0.2)
[2026-04-30 00:24:02] [INFO] Promote skipped for AGF-VP-StayLongerPlayerBackpack-v2.0.1: same version/content as publish-ready (2.0.1)
[2026-04-30 00:24:02] [INFO] Promote skipped for AGF-VP-StayLongerZombieLoot-v2.0.1: same version/content as publish-ready (2.0.1)
[2026-04-30 00:24:02] [INFO] Promote skipped for AGF-VP-TacticalRiflePlus-v2.1.0: same version/content as publish-ready (2.1.0)
[2026-04-30 00:24:02] [INFO] Promote skipped for AGF-VP-TraderAlwaysOpen-v2.0.1: same version/content as publish-ready (2.0.1)
[2026-04-30 00:24:02] [INFO] Promote skipped for AGF-VP-TraderCostlierPrices-v1.0.0: same version/content as publish-ready (1.0.0)
[2026-04-30 00:24:02] [INFO] Promote skipped for AGF-VP-TraderSellsMoreBooks-v3.0.0: same version/content as publish-ready (3.0.0)
[2026-04-30 00:24:02] [INFO] Promote skipped for AGF-VP-TradersRestockEvery2Days-v1.0.0: same version/content as publish-ready (1.0.0)
[2026-04-30 00:24:02] [INFO] Promote skipped for AGF-VP-TreesPlus-v3.0.0: same version/content as publish-ready (3.0.0)
[2026-04-30 00:24:02] [INFO] Promote skipped for AGF-VP-VehiclePerformance-v1.0.1: same version/content as publish-ready (1.0.1)
[2026-04-30 00:24:02] [INFO] Promote skipped for AGF-VP-VehiclesExtraSeating-v1.0.0: same version/content as publish-ready (1.0.0)
[2026-04-30 00:24:02] [INFO] Promote skipped for AGF-VP-VehicleStoragePlus-v2.1.1: same version/content as publish-ready (2.1.1)
[2026-04-30 00:24:02] [INFO] Promote skipped for AGF-VP-WriteStoryOnCrate-v1.0.0: same version/content as publish-ready (1.0.0)
[2026-04-30 00:24:02] [INFO] Promote skipped for AGF-VP-XPDeathPenaltyReduction-v2.0.0: same version/content as publish-ready (2.0.0)
[2026-04-30 00:24:02] [INFO] Promote skipped for AGF-VP-ZombieBiomeSpawning-v3.0.0: same version/content as publish-ready (3.0.0)
[2026-04-30 00:24:02] [INFO] Promote skipped for AGF-VP-ZombieCorpseLeaveQuicker-v2.0.1: same version/content as publish-ready (2.0.1)
[2026-04-30 00:24:02] [INFO] Promote skipped for AGF-VP-ZombieLargerHordes-v2.0.1: same version/content as publish-ready (2.0.1)
[2026-04-30 00:24:03] [INFO] Promoted update: zzzAGF-Special-Compatibilities-v4.1.0 v4.1.0 (was zzzAGF-Special-Compatibilities-v4.0.3 v4.0.3)
[2026-04-30 00:24:03] [INFO] Cleanup: Remove legacy ReleaseSource folders replaced by AGF-4Modders renames
[2026-04-30 00:24:03] [INFO] Cleanup: Remove legacy 4Modders-replaced folders in 03_ReleaseSource
[2026-04-30 00:24:03] [INFO] Cleanup: Remove older duplicate versions in 03_ReleaseSource
[2026-04-30 00:24:03] [INFO] Rename folders to match ModInfo Name+Version when safe
[2026-04-30 00:24:03] [INFO] Rename folders to match ModInfo Name+Version when safe
[2026-04-30 00:24:03] [INFO] Renamed folder: AGF-NoEAC-VisualEntityTracker-v0.0.1 -> AGF-NoEAC-VisualEntityTracker-v0.1.0
[2026-04-30 00:24:03] [INFO] Step 4.2: Normalize HELPER_ModCompatibility.csv
[2026-04-30 00:24:03] [INFO] Step 4.3: Normalize quote files
[2026-04-30 00:24:03] [INFO] Generate per-mod README.md and ReadableReadMe.txt
[2026-04-30 00:24:03] [INFO] Generate per-mod README.md and ReadableReadMe.txt
[2026-04-30 00:24:03] [INFO] Pushback remap: AGF-NoEAC-VisualEntityTracker-v0.0.1 -> AGF-NoEAC-VisualEntityTracker-v0.1.0 (using post-rename workspace path)
[2026-04-30 00:24:03] [INFO] Step 5: Push updated pulled mods back to game folder
[2026-04-30 00:24:03] [INFO] Pushback cleanup: removed old game folder name AGF-NoEAC-AutoRun-v0.0.1 before pushing AGF-NoEAC-AutoRun-v1.0.0
[2026-04-30 00:24:03] [INFO] Pushback complete: AGF-NoEAC-AutoRun-v0.0.1
[2026-04-30 00:24:03] [WARN] Pushback skipped for AGF-NoEAC-FlightLevelAssist-v0.0.1: workspace path missing C:\GitHub\7D2D-Mods\01_Draft\AGF-NoEAC-FlightLevelAssist-v0.0.1
[2026-04-30 00:24:03] [INFO] Pushback skipped for AGF-NoEAC-OptionsPlus-v0.0.1: version 0.0.1 is draft-only (major < 1)
[2026-04-30 00:24:03] [INFO] Pushback skipped for AGF-NoEAC-VisualEntityTracker-v0.1.0: version 0.1.0 is draft-only (major < 1)
[2026-04-30 00:24:03] [INFO] Pushback complete: AGF-NoEAC-EnhancedPatch-v3.1.1
[2026-04-30 00:24:03] [INFO] Pushback cleanup: removed old game folder name AGF-NoEAC-LockableWorkstations-v1.1.1 before pushing AGF-NoEAC-LockableWorkstations-v1.2.0
[2026-04-30 00:24:03] [INFO] Pushback complete: AGF-NoEAC-LockableWorkstations-v1.1.1
[2026-04-30 00:24:03] [INFO] Pushback cleanup: removed old game folder name AGF-NoEAC-ScreamerAlert-v1.1.1 before pushing AGF-NoEAC-ScreamerAlert-v1.2.0
[2026-04-30 00:24:03] [INFO] Pushback complete: AGF-NoEAC-ScreamerAlert-v1.1.1
[2026-04-30 00:24:03] [INFO] Pushback cleanup: removed old game folder name AGF-NoEAC-Toolbelt12Slots-v1.0.1 before pushing AGF-NoEAC-Toolbelt12Slots-v1.0.2
[2026-04-30 00:24:03] [INFO] Pushback complete: AGF-NoEAC-Toolbelt12Slots-v1.0.1
[2026-04-30 00:24:03] [INFO] Pushback cleanup: removed old game folder name zzzAGF-Special-Compatibilities-v4.0.3 before pushing zzzAGF-Special-Compatibilities-v4.1.0
[2026-04-30 00:24:03] [INFO] Pushback complete: zzzAGF-Special-Compatibilities-v4.0.3
[2026-04-30 00:24:03] [INFO] Step 6: Create all mod and category zip files
[2026-04-30 00:24:04] [INFO] Step 6.5: Generate GigglePack release metadata + changelog outputs
[2026-04-30 00:24:04] [INFO] Step 7: Generate main README.md

=== SUMMARY ===
scanned_workspace_mods: 93
scanned_game_mods: 84
synced_pull_from_game: 9
synced_push_to_game: 3
sync_conflicts: 0
moved_to_publish_ready: 0
moved_to_in_progress: 0
renamed_folders: 8
csv_added_rows: 2
csv_removed_rows: 1
quote_files_created: 2
quote_files_renamed: 0
quote_files_blanked_none: 0
readmes_written: 195
readable_txt_written: 195
pushed_back_to_game: 6
mod_zips_created: 95
pack_zips_created: 7
promoted_to_publish_ready: 7
warnings: 1
errors: 0

=== MOD CHANGES ===
AGF-NoEAC-AutoRun-v1.0.0 | promoted (new)
AGF-NoEAC-EnhancedAGF-v3.2.0 | promoted (new)
AGF-NoEAC-EnhancedPatch-v3.1.1 | pulled from game
AGF-NoEAC-FlightAssist-v1.0.0 | promoted (new)
AGF-NoEAC-LockableWorkstations-v1.1.1 | pulled from game
AGF-NoEAC-LockableWorkstations-v1.2.0 | promoted (updated)
AGF-NoEAC-ScreamerAlert-v1.1.1 | pulled from game
AGF-NoEAC-ScreamerAlert-v1.2.0 | promoted (updated)
AGF-NoEAC-Toolbelt12Slots-v1.0.1 | pulled from game
AGF-NoEAC-Toolbelt12Slots-v1.0.2 | promoted (updated)
