[2026-07-13 22:17:37] [INFO] Starting SCRIPT-Main automation pipeline
[2026-07-13 22:17:37] [INFO] Selected mode: full
[2026-07-13 22:17:37] [INFO] Scope policy: only AGF-/zzzAGF-prefixed mods are managed in workspace and game folders
[2026-07-13 22:17:37] [INFO] Preflight writeability check passed
[2026-07-13 22:17:37] [INFO] Mode full: sync Game<->Draft for tracked draft mods, ingest Draft->ActiveBuild, sync ActiveBuild<->Game, then apply targeted pushback for pulled mods, then finalize/promote/package.
[2026-07-13 22:17:38] [INFO] Step 0.25: Compare Game <-> Draft and pull newer game updates into Draft
[2026-07-13 22:17:38] [INFO] Rename folders to match ModInfo Name+Version when safe
[2026-07-13 22:17:38] [INFO] Step 0.5: Promote Draft mods to ActiveBuild only on major-version upgrade
[2026-07-13 22:17:38] [INFO] Draft hold: AGF-4Modders-10IngredientSlots-v1.0.2 v1.0.2 not promoted (baseline major 1; waiting for major increase)
[2026-07-13 22:17:38] [INFO] Draft sync skipped for AGF-4Modders-AntiCM-v0.0.2: version 0.0.2 is draft-only (major < 1)
[2026-07-13 22:17:38] [INFO] Draft hold: AGF-4Modders-CustomWindowEnteringDuration-v1.0.1 v1.0.1 not promoted (baseline major 1; waiting for major increase)
[2026-07-13 22:17:38] [INFO] Draft sync skipped for AGF-4Modders-ESCWindowPlus-v0.3.2: version 0.3.2 is draft-only (major < 1)
[2026-07-13 22:17:38] [INFO] Draft hold: AGF-4Modders-Fix4DestroyBiomeBadge-v1.0.1 v1.0.1 not promoted (baseline major 1; waiting for major increase)
[2026-07-13 22:17:38] [INFO] Draft hold: AGF-4Modders-Fix4RemoveItems-v1.0.1 v1.0.1 not promoted (baseline major 1; waiting for major increase)
[2026-07-13 22:17:38] [INFO] Draft hold: AGF-4Modders-ItemTypeIconColor-v2.0.0 v2.0.0 not promoted (baseline major 2; waiting for major increase)
[2026-07-13 22:17:38] [INFO] Draft hold: AGF-4Modders-SkillPointCap-v1.0.1 v1.0.1 not promoted (baseline major 1; waiting for major increase)
[2026-07-13 22:17:38] [INFO] Draft hold: AGF-HUDPluszOther-SmallerInteractionPrompt-v1.0.1 v1.0.1 not promoted (baseline major 1; waiting for major increase)
[2026-07-13 22:17:38] [INFO] Draft hold: AGF-HUDPluszOther-TinyBuffsPopUp-v1.0.1 v1.0.1 not promoted (baseline major 1; waiting for major increase)
[2026-07-13 22:17:38] [INFO] Draft hold: AGF-NoEAC-AudioOptionsPlus-v1.0.1 v1.0.1 not promoted (baseline major 1; waiting for major increase)
[2026-07-13 22:17:38] [INFO] Draft hold: AGF-NoEAC-ConsoleOpacityMod-v1.0.1 v1.0.1 not promoted (baseline major 1; waiting for major increase)
[2026-07-13 22:17:38] [INFO] Draft hold: AGF-NoEAC-ExpandedInteractionPrompts-v1.1.1 v1.1.1 not promoted (baseline major 1; waiting for major increase)
[2026-07-13 22:17:38] [INFO] Draft hold: AGF-NoEAC-FlightAssist-v1.0.1 v1.0.1 not promoted (baseline major 1; waiting for major increase)
[2026-07-13 22:17:38] [INFO] Draft hold: AGF-NoEAC-LockableWorkstations-v1.2.1 v1.2.1 not promoted (baseline major 1; waiting for major increase)
[2026-07-13 22:17:38] [INFO] Draft hold: AGF-NoEAC-OpenAllButton-v1.0.2 v1.0.2 not promoted (baseline major 1; waiting for major increase)
[2026-07-13 22:17:38] [INFO] Draft hold: AGF-NoEAC-SortingBox-v1.0.6 v1.0.6 not promoted (baseline major 1; waiting for major increase)
[2026-07-13 22:17:38] [INFO] Draft sync skipped for AGF-NoEAC-TerrainLeveler-v0.0.2: version 0.0.2 is draft-only (major < 1)
[2026-07-13 22:17:38] [INFO] Draft sync skipped for AGF-NoEAC-VisualEntityTracker-v0.2.0: version 0.2.0 is draft-only (major < 1)
[2026-07-13 22:17:38] [INFO] Draft hold: AGF-VP-AdminModdingSupport-v1.0.5 v1.0.5 not promoted (baseline major 1; waiting for major increase)
[2026-07-13 22:17:38] [INFO] Draft hold: AGF-VP-AlternativeRecipes-v1.0.2 v1.0.2 not promoted (baseline major 1; waiting for major increase)
[2026-07-13 22:17:38] [INFO] Draft hold: AGF-VP-AmmoDisassembly-v1.0.2 v1.0.2 not promoted (baseline major 1; waiting for major increase)
[2026-07-13 22:17:38] [INFO] Draft hold: AGF-VP-ApiaryPlus-v1.0.4 v1.0.4 not promoted (baseline major 1; waiting for major increase)
[2026-07-13 22:17:38] [INFO] Draft hold: AGF-VP-ArcheryFeathersChange-v1.0.3 v1.0.3 not promoted (baseline major 1; waiting for major increase)
[2026-07-13 22:17:38] [INFO] Draft hold: AGF-VP-ArmorHarvestMods-v2.1.1 v2.1.1 not promoted (baseline major 2; waiting for major increase)
[2026-07-13 22:17:38] [INFO] Draft hold: AGF-VP-BuyTraderVendingMachines-v3.0.3 v3.0.3 not promoted (baseline major 3; waiting for major increase)
[2026-07-13 22:17:38] [INFO] Draft hold: AGF-VP-CraftStackEngBattCells-v3.3.1 v3.3.1 not promoted (baseline major 3; waiting for major increase)
[2026-07-13 22:17:38] [INFO] Draft hold: AGF-VP-DecorationBlock-v3.0.3 v3.0.3 not promoted (baseline major 3; waiting for major increase)
[2026-07-13 22:17:38] [INFO] Draft hold: AGF-VP-DewsPlus-v2.4.3 v2.4.3 not promoted (baseline major 2; waiting for major increase)
[2026-07-13 22:17:38] [INFO] Draft hold: AGF-VP-DoorsPlus-v3.0.1 v3.0.1 not promoted (baseline major 3; waiting for major increase)
[2026-07-13 22:17:38] [INFO] Draft hold: AGF-VP-DrinkableAcid-v2.0.2 v2.0.2 not promoted (baseline major 2; waiting for major increase)
[2026-07-13 22:17:38] [INFO] Draft hold: AGF-VP-DyesPlus-v3.1.1 v3.1.1 not promoted (baseline major 3; waiting for major increase)
[2026-07-13 22:17:38] [INFO] Draft hold: AGF-VP-FarmingPlus-v5.6.3 v5.6.3 not promoted (baseline major 5; waiting for major increase)
[2026-07-13 22:17:38] [INFO] Draft hold: AGF-VP-FloraHarvester-v2.3.1 v2.3.1 not promoted (baseline major 2; waiting for major increase)
[2026-07-13 22:17:38] [INFO] Draft sync skipped for AGF-VP-MedicalTreatOthersTreatedInjuries-v0.0.2: version 0.0.2 is draft-only (major < 1)
[2026-07-13 22:17:38] [INFO] Draft sync skipped for AGF-VP-MedicallyTreatOthers-v0.0.2: version 0.0.2 is draft-only (major < 1)
[2026-07-13 22:17:38] [INFO] Draft hold: AGF-VP-MedicationNoInsectSlow-v1.1.1 v1.1.1 not promoted (baseline major 1; waiting for major increase)
[2026-07-13 22:17:38] [INFO] Draft hold: AGF-VP-MiningPlus-v1.2.1 v1.2.1 not promoted (baseline major 1; waiting for major increase)
[2026-07-13 22:17:38] [INFO] Draft hold: AGF-VP-Mod988-v2.0.2 v2.0.2 not promoted (baseline major 2; waiting for major increase)
[2026-07-13 22:17:38] [INFO] Draft hold: AGF-VP-ModBundling-v1.0.2 v1.0.2 not promoted (baseline major 1; waiting for major increase)
[2026-07-13 22:17:38] [INFO] Draft hold: AGF-VP-PaintbrushPlus-v2.1.1 v2.1.1 not promoted (baseline major 2; waiting for major increase)
[2026-07-13 22:17:38] [INFO] Draft hold: AGF-VP-PlayerVendingMachinesPlus-v1.0.1 v1.0.1 not promoted (baseline major 1; waiting for major increase)
[2026-07-13 22:17:38] [INFO] Draft hold: AGF-VP-PumpkinsPlus-v2.0.5 v2.0.5 not promoted (baseline major 2; waiting for major increase)
[2026-07-13 22:17:38] [INFO] Draft hold: AGF-VP-RecipeRottingFlesh-v1.0.1 v1.0.1 not promoted (baseline major 1; waiting for major increase)
[2026-07-13 22:17:38] [INFO] Draft hold: AGF-VP-RenamesAlphabeticalSort-v2.0.5 v2.0.5 not promoted (baseline major 2; waiting for major increase)
[2026-07-13 22:17:38] [INFO] Draft hold: AGF-VP-SmeltingPlus-v2.4.1 v2.4.1 not promoted (baseline major 2; waiting for major increase)
[2026-07-13 22:17:38] [INFO] Draft hold: AGF-VP-TacticalRiflePlus-v2.1.1 v2.1.1 not promoted (baseline major 2; waiting for major increase)
[2026-07-13 22:17:38] [INFO] Draft hold: AGF-VP-TreesPlus-v3.0.2 v3.0.2 not promoted (baseline major 3; waiting for major increase)
[2026-07-13 22:17:38] [INFO] Draft hold: AGF-VP-WriteStoryOnCrate-v1.0.1 v1.0.1 not promoted (baseline major 1; waiting for major increase)
[2026-07-13 22:17:38] [INFO] Draft hold: AGF-VP-XPDeathPenaltyReduction-v2.0.1 v2.0.1 not promoted (baseline major 2; waiting for major increase)
[2026-07-13 22:17:38] [INFO] Lane policy: keep major v0.x mods in Draft, not ActiveBuild
[2026-07-13 22:17:38] [INFO] Rename folders to match ModInfo Name+Version when safe
[2026-07-13 22:17:38] [INFO] Rename folders to match ModInfo Name+Version when safe
[2026-07-13 22:17:38] [INFO] Mode sync-work: Sync Staging <-> Game by version
[2026-07-13 22:17:38] [INFO] Policy: keep one active BackpackPlus in game root, keep all BackpackPlus in .Optionals-Backpack, mirror all HUDPlus/HUDPluszOther in .Optionals-HUDPlus and keep HUDPluszOther out of game root, and mirror AGF-4Modders into .Optionals-4Modders without auto-pushing them into game root.
[2026-07-13 22:17:38] [INFO] Quarantined game folder instead of delete: C:\Program Files (x86)\Steam\steamapps\common\7 Days To Die\Mods\AGF-BackpackPlus-084Slots-v4.1.1 -> C:\GitHub\7D2D-Mods\_Quarantine-GameRemovals\20260713-221738\AGF-BackpackPlus-084Slots-v4.1.1
[2026-07-13 22:17:38] [INFO] sync-work tie resolved for AGF-BackpackPlus-084Slots: both v4.1.1 but content differed. Pushed staging copy to game.
[2026-07-13 22:17:38] [INFO] Quarantined game folder instead of delete: C:\Program Files (x86)\Steam\steamapps\common\7 Days To Die\Mods\AGF-HUDPlus-1Main-v6.5.2 -> C:\GitHub\7D2D-Mods\_Quarantine-GameRemovals\20260713-221738\AGF-HUDPlus-1Main-v6.5.2
[2026-07-13 22:17:38] [INFO] sync-work tie resolved for AGF-HUDPlus-1Main: both v6.5.2 but content differed. Pushed staging copy to game.
[2026-07-13 22:17:38] [INFO] Quarantined game folder instead of delete: C:\Program Files (x86)\Steam\steamapps\common\7 Days To Die\Mods\AGF-HUDPlus-BMCounter-v4.0.1 -> C:\GitHub\7D2D-Mods\_Quarantine-GameRemovals\20260713-221738\AGF-HUDPlus-BMCounter-v4.0.1
[2026-07-13 22:17:38] [INFO] sync-work tie resolved for AGF-HUDPlus-BMCounter: both v4.0.1 but content differed. Pushed staging copy to game.
[2026-07-13 22:17:39] [INFO] Quarantined game folder instead of delete: C:\Program Files (x86)\Steam\steamapps\common\7 Days To Die\Mods\AGF-HUDPlus-PurpleBook-v3.1.1 -> C:\GitHub\7D2D-Mods\_Quarantine-GameRemovals\20260713-221739\AGF-HUDPlus-PurpleBook-v3.1.1
[2026-07-13 22:17:39] [INFO] sync-work tie resolved for AGF-HUDPlus-PurpleBook: both v3.1.1 but content differed. Pushed staging copy to game.
[2026-07-13 22:17:39] [INFO] Quarantined game folder instead of delete: C:\Program Files (x86)\Steam\steamapps\common\7 Days To Die\Mods\AGF-HUDPlus-RemoveEnteringPopUp-v2.1.1 -> C:\GitHub\7D2D-Mods\_Quarantine-GameRemovals\20260713-221739\AGF-HUDPlus-RemoveEnteringPopUp-v2.1.1
[2026-07-13 22:17:39] [INFO] sync-work tie resolved for AGF-HUDPlus-RemoveEnteringPopUp: both v2.1.1 but content differed. Pushed staging copy to game.
[2026-07-13 22:17:39] [INFO] Quarantined game folder instead of delete: C:\Program Files (x86)\Steam\steamapps\common\7 Days To Die\Mods\AGF-NoEAC-AutoRun-v2.1.1 -> C:\GitHub\7D2D-Mods\_Quarantine-GameRemovals\20260713-221739\AGF-NoEAC-AutoRun-v2.1.1
[2026-07-13 22:17:39] [INFO] sync-work tie resolved for AGF-NoEAC-AutoRun: both v2.1.1 but content differed. Pushed staging copy to game.
[2026-07-13 22:17:39] [INFO] Quarantined game folder instead of delete: C:\Program Files (x86)\Steam\steamapps\common\7 Days To Die\Mods\AGF-NoEAC-CosmeticLockIcon-v3.1.1 -> C:\GitHub\7D2D-Mods\_Quarantine-GameRemovals\20260713-221739\AGF-NoEAC-CosmeticLockIcon-v3.1.1
[2026-07-13 22:17:39] [INFO] sync-work tie resolved for AGF-NoEAC-CosmeticLockIcon: both v3.1.1 but content differed. Pushed staging copy to game.
[2026-07-13 22:17:40] [INFO] Quarantined game folder instead of delete: C:\Program Files (x86)\Steam\steamapps\common\7 Days To Die\Mods\AGF-NoEAC-EnhancedAGF-v4.3.1 -> C:\GitHub\7D2D-Mods\_Quarantine-GameRemovals\20260713-221740\AGF-NoEAC-EnhancedAGF-v4.3.1
[2026-07-13 22:17:40] [INFO] sync-work tie resolved for AGF-NoEAC-EnhancedAGF: both v4.3.1 but content differed. Pushed staging copy to game.
[2026-07-13 22:17:40] [INFO] Quarantined game folder instead of delete: C:\Program Files (x86)\Steam\steamapps\common\7 Days To Die\Mods\AGF-NoEAC-GlobalStormTracker-v2.1.1 -> C:\GitHub\7D2D-Mods\_Quarantine-GameRemovals\20260713-221740\AGF-NoEAC-GlobalStormTracker-v2.1.1
[2026-07-13 22:17:40] [INFO] sync-work tie resolved for AGF-NoEAC-GlobalStormTracker: both v2.1.1 but content differed. Pushed staging copy to game.
[2026-07-13 22:17:40] [INFO] Quarantined game folder instead of delete: C:\Program Files (x86)\Steam\steamapps\common\7 Days To Die\Mods\AGF-NoEAC-ScreamerAlert-v2.3.1 -> C:\GitHub\7D2D-Mods\_Quarantine-GameRemovals\20260713-221740\AGF-NoEAC-ScreamerAlert-v2.3.1
[2026-07-13 22:17:40] [INFO] sync-work tie resolved for AGF-NoEAC-ScreamerAlert: both v2.3.1 but content differed. Pushed staging copy to game.
[2026-07-13 22:17:40] [INFO] Quarantined game folder instead of delete: C:\Program Files (x86)\Steam\steamapps\common\7 Days To Die\Mods\AGF-NoEAC-SignErrorGuard-v1.1.1 -> C:\GitHub\7D2D-Mods\_Quarantine-GameRemovals\20260713-221740\AGF-NoEAC-SignErrorGuard-v1.1.1
[2026-07-13 22:17:40] [INFO] sync-work tie resolved for AGF-NoEAC-SignErrorGuard: both v1.1.1 but content differed. Pushed staging copy to game.
[2026-07-13 22:17:41] [INFO] Quarantined game folder instead of delete: C:\Program Files (x86)\Steam\steamapps\common\7 Days To Die\Mods\AGF-NoEAC-Toolbelt12Slots-v2.2.2 -> C:\GitHub\7D2D-Mods\_Quarantine-GameRemovals\20260713-221741\AGF-NoEAC-Toolbelt12Slots-v2.2.2
[2026-07-13 22:17:41] [INFO] sync-work tie resolved for AGF-NoEAC-Toolbelt12Slots: both v2.2.2 but content differed. Pushed staging copy to game.
[2026-07-13 22:17:41] [INFO] Quarantined game folder instead of delete: C:\Program Files (x86)\Steam\steamapps\common\7 Days To Die\Mods\AGF-VP-AutomobilesRespawn-v4.1.1 -> C:\GitHub\7D2D-Mods\_Quarantine-GameRemovals\20260713-221741\AGF-VP-AutomobilesRespawn-v4.1.1
[2026-07-13 22:17:41] [INFO] sync-work tie resolved for AGF-VP-AutomobilesRespawn: both v4.1.1 but content differed. Pushed staging copy to game.
[2026-07-13 22:17:41] [INFO] Quarantined game folder instead of delete: C:\Program Files (x86)\Steam\steamapps\common\7 Days To Die\Mods\AGF-VP-BedrollPlus-v2.1.1 -> C:\GitHub\7D2D-Mods\_Quarantine-GameRemovals\20260713-221741\AGF-VP-BedrollPlus-v2.1.1
[2026-07-13 22:17:41] [INFO] sync-work tie resolved for AGF-VP-BedrollPlus: both v2.1.1 but content differed. Pushed staging copy to game.
[2026-07-13 22:17:41] [INFO] Quarantined game folder instead of delete: C:\Program Files (x86)\Steam\steamapps\common\7 Days To Die\Mods\AGF-VP-BetterEggChance-v3.1.1 -> C:\GitHub\7D2D-Mods\_Quarantine-GameRemovals\20260713-221741\AGF-VP-BetterEggChance-v3.1.1
[2026-07-13 22:17:41] [INFO] sync-work tie resolved for AGF-VP-BetterEggChance: both v3.1.1 but content differed. Pushed staging copy to game.
[2026-07-13 22:17:41] [INFO] Quarantined game folder instead of delete: C:\Program Files (x86)\Steam\steamapps\common\7 Days To Die\Mods\AGF-VP-BreakItGetIt-v2.1.1 -> C:\GitHub\7D2D-Mods\_Quarantine-GameRemovals\20260713-221741\AGF-VP-BreakItGetIt-v2.1.1
[2026-07-13 22:17:41] [INFO] sync-work tie resolved for AGF-VP-BreakItGetIt: both v2.1.1 but content differed. Pushed staging copy to game.
[2026-07-13 22:17:41] [INFO] Quarantined game folder instead of delete: C:\Program Files (x86)\Steam\steamapps\common\7 Days To Die\Mods\AGF-VP-CraftSewingKits-v2.1.1 -> C:\GitHub\7D2D-Mods\_Quarantine-GameRemovals\20260713-221741\AGF-VP-CraftSewingKits-v2.1.1
[2026-07-13 22:17:41] [INFO] sync-work tie resolved for AGF-VP-CraftSewingKits: both v2.1.1 but content differed. Pushed staging copy to game.
[2026-07-13 22:17:41] [INFO] Quarantined game folder instead of delete: C:\Program Files (x86)\Steam\steamapps\common\7 Days To Die\Mods\AGF-VP-CraftVitamins-v2.1.1 -> C:\GitHub\7D2D-Mods\_Quarantine-GameRemovals\20260713-221741\AGF-VP-CraftVitamins-v2.1.1
[2026-07-13 22:17:41] [INFO] sync-work tie resolved for AGF-VP-CraftVitamins: both v2.1.1 but content differed. Pushed staging copy to game.
[2026-07-13 22:17:41] [INFO] Quarantined game folder instead of delete: C:\Program Files (x86)\Steam\steamapps\common\7 Days To Die\Mods\AGF-VP-FuelBurnPlus-v3.1.1 -> C:\GitHub\7D2D-Mods\_Quarantine-GameRemovals\20260713-221741\AGF-VP-FuelBurnPlus-v3.1.1
[2026-07-13 22:17:41] [INFO] sync-work tie resolved for AGF-VP-FuelBurnPlus: both v3.1.1 but content differed. Pushed staging copy to game.
[2026-07-13 22:17:41] [INFO] Quarantined game folder instead of delete: C:\Program Files (x86)\Steam\steamapps\common\7 Days To Die\Mods\AGF-VP-LargerStorageOption-v1.1.1 -> C:\GitHub\7D2D-Mods\_Quarantine-GameRemovals\20260713-221741\AGF-VP-LargerStorageOption-v1.1.1
[2026-07-13 22:17:41] [INFO] sync-work tie resolved for AGF-VP-LargerStorageOption: both v1.1.1 but content differed. Pushed staging copy to game.
[2026-07-13 22:17:41] [INFO] Quarantined game folder instead of delete: C:\Program Files (x86)\Steam\steamapps\common\7 Days To Die\Mods\AGF-VP-MasterTool-v7.1.1 -> C:\GitHub\7D2D-Mods\_Quarantine-GameRemovals\20260713-221741\AGF-VP-MasterTool-v7.1.1
[2026-07-13 22:17:41] [INFO] sync-work tie resolved for AGF-VP-MasterTool: both v7.1.1 but content differed. Pushed staging copy to game.
[2026-07-13 22:17:41] [INFO] Quarantined game folder instead of delete: C:\Program Files (x86)\Steam\steamapps\common\7 Days To Die\Mods\AGF-VP-MaxLevel500-v3.1.1 -> C:\GitHub\7D2D-Mods\_Quarantine-GameRemovals\20260713-221741\AGF-VP-MaxLevel500-v3.1.1
[2026-07-13 22:17:41] [INFO] sync-work tie resolved for AGF-VP-MaxLevel500: both v3.1.1 but content differed. Pushed staging copy to game.
[2026-07-13 22:17:41] [INFO] Quarantined game folder instead of delete: C:\Program Files (x86)\Steam\steamapps\common\7 Days To Die\Mods\AGF-VP-ModSlotsPlus-v4.1.1 -> C:\GitHub\7D2D-Mods\_Quarantine-GameRemovals\20260713-221741\AGF-VP-ModSlotsPlus-v4.1.1
[2026-07-13 22:17:41] [INFO] sync-work tie resolved for AGF-VP-ModSlotsPlus: both v4.1.1 but content differed. Pushed staging copy to game.
[2026-07-13 22:17:42] [INFO] Quarantined game folder instead of delete: C:\Program Files (x86)\Steam\steamapps\common\7 Days To Die\Mods\AGF-VP-PickupLanternsPlus-v3.1.1 -> C:\GitHub\7D2D-Mods\_Quarantine-GameRemovals\20260713-221742\AGF-VP-PickupLanternsPlus-v3.1.1
[2026-07-13 22:17:42] [INFO] sync-work tie resolved for AGF-VP-PickupLanternsPlus: both v3.1.1 but content differed. Pushed staging copy to game.
[2026-07-13 22:17:42] [INFO] Quarantined game folder instead of delete: C:\Program Files (x86)\Steam\steamapps\common\7 Days To Die\Mods\AGF-VP-PlayerResetQuests-v3.1.1 -> C:\GitHub\7D2D-Mods\_Quarantine-GameRemovals\20260713-221742\AGF-VP-PlayerResetQuests-v3.1.1
[2026-07-13 22:17:42] [INFO] sync-work tie resolved for AGF-VP-PlayerResetQuests: both v3.1.1 but content differed. Pushed staging copy to game.
[2026-07-13 22:17:42] [INFO] Quarantined game folder instead of delete: C:\Program Files (x86)\Steam\steamapps\common\7 Days To Die\Mods\AGF-VP-RebundleBundles-v2.1.1 -> C:\GitHub\7D2D-Mods\_Quarantine-GameRemovals\20260713-221742\AGF-VP-RebundleBundles-v2.1.1
[2026-07-13 22:17:42] [INFO] sync-work tie resolved for AGF-VP-RebundleBundles: both v2.1.1 but content differed. Pushed staging copy to game.
[2026-07-13 22:17:42] [INFO] Quarantined game folder instead of delete: C:\Program Files (x86)\Steam\steamapps\common\7 Days To Die\Mods\AGF-VP-RestorePowerAnyTime-v2.1.1 -> C:\GitHub\7D2D-Mods\_Quarantine-GameRemovals\20260713-221742\AGF-VP-RestorePowerAnyTime-v2.1.1
[2026-07-13 22:17:42] [INFO] sync-work tie resolved for AGF-VP-RestorePowerAnyTime: both v2.1.1 but content differed. Pushed staging copy to game.
[2026-07-13 22:17:42] [INFO] Quarantined game folder instead of delete: C:\Program Files (x86)\Steam\steamapps\common\7 Days To Die\Mods\AGF-VP-ScrapBatts4Acid-v2.1.1 -> C:\GitHub\7D2D-Mods\_Quarantine-GameRemovals\20260713-221742\AGF-VP-ScrapBatts4Acid-v2.1.1
[2026-07-13 22:17:42] [INFO] sync-work tie resolved for AGF-VP-ScrapBatts4Acid: both v2.1.1 but content differed. Pushed staging copy to game.
[2026-07-13 22:17:42] [INFO] Quarantined game folder instead of delete: C:\Program Files (x86)\Steam\steamapps\common\7 Days To Die\Mods\AGF-VP-ScrapEquipmentFaster-v2.1.1 -> C:\GitHub\7D2D-Mods\_Quarantine-GameRemovals\20260713-221742\AGF-VP-ScrapEquipmentFaster-v2.1.1
[2026-07-13 22:17:42] [INFO] sync-work tie resolved for AGF-VP-ScrapEquipmentFaster: both v2.1.1 but content differed. Pushed staging copy to game.
[2026-07-13 22:17:42] [INFO] Quarantined game folder instead of delete: C:\Program Files (x86)\Steam\steamapps\common\7 Days To Die\Mods\AGF-VP-SimplifiedStacks-v2.1.1 -> C:\GitHub\7D2D-Mods\_Quarantine-GameRemovals\20260713-221742\AGF-VP-SimplifiedStacks-v2.1.1
[2026-07-13 22:17:42] [INFO] sync-work tie resolved for AGF-VP-SimplifiedStacks: both v2.1.1 but content differed. Pushed staging copy to game.
[2026-07-13 22:17:42] [INFO] Quarantined game folder instead of delete: C:\Program Files (x86)\Steam\steamapps\common\7 Days To Die\Mods\AGF-VP-StayLongerAnimalCorpse-v3.1.1 -> C:\GitHub\7D2D-Mods\_Quarantine-GameRemovals\20260713-221742\AGF-VP-StayLongerAnimalCorpse-v3.1.1
[2026-07-13 22:17:42] [INFO] sync-work tie resolved for AGF-VP-StayLongerAnimalCorpse: both v3.1.1 but content differed. Pushed staging copy to game.
[2026-07-13 22:17:42] [INFO] Quarantined game folder instead of delete: C:\Program Files (x86)\Steam\steamapps\common\7 Days To Die\Mods\AGF-VP-StayLongerPlayerBackpack-v3.1.1 -> C:\GitHub\7D2D-Mods\_Quarantine-GameRemovals\20260713-221742\AGF-VP-StayLongerPlayerBackpack-v3.1.1
[2026-07-13 22:17:42] [INFO] sync-work tie resolved for AGF-VP-StayLongerPlayerBackpack: both v3.1.1 but content differed. Pushed staging copy to game.
[2026-07-13 22:17:42] [INFO] Quarantined game folder instead of delete: C:\Program Files (x86)\Steam\steamapps\common\7 Days To Die\Mods\AGF-VP-VehiclePerformance-v2.1.1 -> C:\GitHub\7D2D-Mods\_Quarantine-GameRemovals\20260713-221742\AGF-VP-VehiclePerformance-v2.1.1
[2026-07-13 22:17:42] [INFO] sync-work tie resolved for AGF-VP-VehiclePerformance: both v2.1.1 but content differed. Pushed staging copy to game.
[2026-07-13 22:17:42] [INFO] Quarantined game folder instead of delete: C:\Program Files (x86)\Steam\steamapps\common\7 Days To Die\Mods\AGF-VP-VehicleStoragePlus-v3.1.1 -> C:\GitHub\7D2D-Mods\_Quarantine-GameRemovals\20260713-221742\AGF-VP-VehicleStoragePlus-v3.1.1
[2026-07-13 22:17:42] [INFO] sync-work tie resolved for AGF-VP-VehicleStoragePlus: both v3.1.1 but content differed. Pushed staging copy to game.
[2026-07-13 22:17:42] [INFO] Quarantined game folder instead of delete: C:\Program Files (x86)\Steam\steamapps\common\7 Days To Die\Mods\AGF-VP-VehiclesExtraSeating-v2.1.1 -> C:\GitHub\7D2D-Mods\_Quarantine-GameRemovals\20260713-221742\AGF-VP-VehiclesExtraSeating-v2.1.1
[2026-07-13 22:17:42] [INFO] sync-work tie resolved for AGF-VP-VehiclesExtraSeating: both v2.1.1 but content differed. Pushed staging copy to game.
[2026-07-13 22:17:42] [INFO] Quarantined game folder instead of delete: C:\Program Files (x86)\Steam\steamapps\common\7 Days To Die\Mods\AGF-VP-ZombieCorpseLeaveQuicker-v3.1.1 -> C:\GitHub\7D2D-Mods\_Quarantine-GameRemovals\20260713-221742\AGF-VP-ZombieCorpseLeaveQuicker-v3.1.1
[2026-07-13 22:17:42] [INFO] sync-work tie resolved for AGF-VP-ZombieCorpseLeaveQuicker: both v3.1.1 but content differed. Pushed staging copy to game.
[2026-07-13 22:17:42] [INFO] Quarantined game folder instead of delete: C:\Program Files (x86)\Steam\steamapps\common\7 Days To Die\Mods\zzzAGF-Special-Compatibilities-v5.1.1 -> C:\GitHub\7D2D-Mods\_Quarantine-GameRemovals\20260713-221742\zzzAGF-Special-Compatibilities-v5.1.1
[2026-07-13 22:17:42] [INFO] sync-work tie resolved for zzzAGF-Special-Compatibilities: both v5.1.1 but content differed. Pushed staging copy to game.
[2026-07-13 22:17:43] [INFO] Quarantined game folder instead of delete: C:\Program Files (x86)\Steam\steamapps\common\7 Days To Die\Mods\zzzAGF-Special-LocalizationPatches-v1.0.1 -> C:\GitHub\7D2D-Mods\_Quarantine-GameRemovals\20260713-221743\zzzAGF-Special-LocalizationPatches-v1.0.1
[2026-07-13 22:17:43] [INFO] sync-work tie resolved for zzzAGF-Special-LocalizationPatches: both v1.0.1 but content differed. Pushed staging copy to game.
[2026-07-13 22:17:43] [INFO] sync-work mirror: backpack optional updated: AGF-BackpackPlus-060Slots-v4.1.1
[2026-07-13 22:17:43] [INFO] sync-work mirror: backpack optional updated: AGF-BackpackPlus-072Slots-v4.1.1
[2026-07-13 22:17:43] [INFO] sync-work mirror: backpack optional updated: AGF-BackpackPlus-084Slots-v4.1.1
[2026-07-13 22:17:43] [INFO] sync-work mirror: backpack optional updated: AGF-BackpackPlus-119Slots-v2.1.1
[2026-07-13 22:17:43] [INFO] sync-work mirror: HUD optional updated: AGF-HUDPlus-1Main-v6.5.2
[2026-07-13 22:17:43] [INFO] sync-work mirror: HUD optional updated: AGF-HUDPlus-BMCounter-v4.0.1
[2026-07-13 22:17:43] [INFO] sync-work mirror: HUD optional updated: AGF-HUDPlus-PurpleBook-v3.1.1
[2026-07-13 22:17:43] [INFO] sync-work mirror: HUD optional updated: AGF-HUDPlus-RemoveEnteringPopUp-v2.1.1
[2026-07-13 22:17:43] [INFO] sync-work mirror: HUD optional updated: AGF-HUDPluszOther-Weekday-v3.1.1
[2026-07-13 22:17:43] [INFO] Rename folders to match ModInfo Name+Version when safe
[2026-07-13 22:17:43] [INFO] sync-work cleanup: post-rename cleanup pass
[2026-07-13 22:17:43] [INFO] Pre-release prep: refresh folder names + README files
[2026-07-13 22:17:43] [INFO] Rename folders to match ModInfo Name+Version when safe
[2026-07-13 22:17:43] [INFO] Step 4.2: Normalize HELPER_ModCompatibility.csv
[2026-07-13 22:17:43] [INFO] Step 4.3: Normalize quote files
[2026-07-13 22:17:43] [INFO] Generate per-mod README.txt
[2026-07-13 22:17:43] [INFO] Cleanup: Remove legacy 4Modders-replaced folders in 02_ActiveBuild
[2026-07-13 22:17:43] [INFO] Cleanup: Remove older duplicate versions in 02_ActiveBuild
[2026-07-13 22:17:43] [INFO] Mod image generation disabled (no longer deployed to mod folders)
[2026-07-13 22:17:43] [INFO] Targeted game sync skipped: no ActiveBuild mods changed for mod image refresh
[2026-07-13 22:17:43] [INFO] Mode promote: Promote Staging -> PublishReady (version-gated)
[2026-07-13 22:17:43] [INFO] Promoted update: AGF-BackpackPlus-060Slots-v4.1.1 v4.1.1 (was AGF-BackpackPlus-060Slots-v4.1.0 v4.1.0)
[2026-07-13 22:17:43] [INFO] Promoted update: AGF-BackpackPlus-072Slots-v4.1.1 v4.1.1 (was AGF-BackpackPlus-072Slots-v4.1.0 v4.1.0)
[2026-07-13 22:17:43] [INFO] Promoted update: AGF-BackpackPlus-084Slots-v4.1.1 v4.1.1 (was AGF-BackpackPlus-084Slots-v4.1.0 v4.1.0)
[2026-07-13 22:17:43] [INFO] Promoted update: AGF-BackpackPlus-119Slots-v2.1.1 v2.1.1 (was AGF-BackpackPlus-119Slots-v2.1.0 v2.1.0)
[2026-07-13 22:17:43] [INFO] Promoted update: AGF-HUDPlus-1Main-v6.5.2 v6.5.2 (was AGF-HUDPlus-1Main-v6.5.1 v6.5.1)
[2026-07-13 22:17:43] [INFO] Promoted update: AGF-HUDPlus-BMCounter-v4.0.1 v4.0.1 (was AGF-HUDPlus-BMCounter-v4.0.0 v4.0.0)
[2026-07-13 22:17:44] [INFO] Promoted update: AGF-HUDPlus-PurpleBook-v3.1.1 v3.1.1 (was AGF-HUDPlus-PurpleBook-v3.1.0 v3.1.0)
[2026-07-13 22:17:44] [INFO] Promoted update: AGF-HUDPlus-RemoveEnteringPopUp-v2.1.1 v2.1.1 (was AGF-HUDPlus-RemoveEnteringPopUp-v2.1.0 v2.1.0)
[2026-07-13 22:17:44] [INFO] Promoted update: AGF-HUDPluszOther-Weekday-v3.1.1 v3.1.1 (was AGF-HUDPluszOther-Weekday-v3.1.0 v3.1.0)
[2026-07-13 22:17:44] [INFO] Promoted update: AGF-NoEAC-AutoRun-v2.1.1 v2.1.1 (was AGF-NoEAC-AutoRun-v2.1.0 v2.1.0)
[2026-07-13 22:17:44] [INFO] Promoted update: AGF-NoEAC-CosmeticLockIcon-v3.1.1 v3.1.1 (was AGF-NoEAC-CosmeticLockIcon-v3.1.0 v3.1.0)
[2026-07-13 22:17:44] [INFO] Promoted update: AGF-NoEAC-EnhancedAGF-v4.3.1 v4.3.1 (was AGF-NoEAC-EnhancedAGF-v4.3.0 v4.3.0)
[2026-07-13 22:17:44] [INFO] Promoted update: AGF-NoEAC-GlobalStormTracker-v2.1.1 v2.1.1 (was AGF-NoEAC-GlobalStormTracker-v2.1.0 v2.1.0)
[2026-07-13 22:17:44] [INFO] Promoted update: AGF-NoEAC-ScreamerAlert-v2.3.1 v2.3.1 (was AGF-NoEAC-ScreamerAlert-v2.3.0 v2.3.0)
[2026-07-13 22:17:44] [INFO] Promoted update: AGF-NoEAC-SignErrorGuard-v1.1.1 v1.1.1 (was AGF-NoEAC-SignErrorGuard-v1.1.0 v1.1.0)
[2026-07-13 22:17:44] [INFO] Promoted update: AGF-NoEAC-Toolbelt12Slots-v2.2.2 v2.2.2 (was AGF-NoEAC-Toolbelt12Slots-v2.2.1 v2.2.1)
[2026-07-13 22:17:44] [INFO] Promoted update: AGF-VP-AutomobilesRespawn-v4.1.1 v4.1.1 (was AGF-VP-AutomobilesRespawn-v4.1.0 v4.1.0)
[2026-07-13 22:17:44] [INFO] Promoted update: AGF-VP-BedrollPlus-v2.1.1 v2.1.1 (was AGF-VP-BedrollPlus-v2.1.0 v2.1.0)
[2026-07-13 22:17:44] [INFO] Promoted update: AGF-VP-BetterEggChance-v3.1.1 v3.1.1 (was AGF-VP-BetterEggChance-v3.1.0 v3.1.0)
[2026-07-13 22:17:44] [INFO] Promoted update: AGF-VP-BreakItGetIt-v2.1.1 v2.1.1 (was AGF-VP-BreakItGetIt-v2.1.0 v2.1.0)
[2026-07-13 22:17:44] [INFO] Promoted update: AGF-VP-CraftSewingKits-v2.1.1 v2.1.1 (was AGF-VP-CraftSewingKits-v2.1.0 v2.1.0)
[2026-07-13 22:17:44] [INFO] Promoted update: AGF-VP-CraftVitamins-v2.1.1 v2.1.1 (was AGF-VP-CraftVitamins-v2.1.0 v2.1.0)
[2026-07-13 22:17:44] [INFO] Promoted update: AGF-VP-FuelBurnPlus-v3.1.1 v3.1.1 (was AGF-VP-FuelBurnPlus-v3.1.0 v3.1.0)
[2026-07-13 22:17:44] [INFO] Promoted update: AGF-VP-LargerStorageOption-v1.1.1 v1.1.1 (was AGF-VP-LargerStorageOption-v1.1.0 v1.1.0)
[2026-07-13 22:17:44] [INFO] Promoted update: AGF-VP-MasterTool-v7.1.1 v7.1.1 (was AGF-VP-MasterTool-v7.1.0 v7.1.0)
[2026-07-13 22:17:44] [INFO] Promoted update: AGF-VP-MaxLevel500-v3.1.1 v3.1.1 (was AGF-VP-MaxLevel500-v3.1.0 v3.1.0)
[2026-07-13 22:17:44] [INFO] Promoted update: AGF-VP-ModSlotsPlus-v4.1.1 v4.1.1 (was AGF-VP-ModSlotsPlus-v4.1.0 v4.1.0)
[2026-07-13 22:17:44] [INFO] Promoted update: AGF-VP-PickupLanternsPlus-v3.1.1 v3.1.1 (was AGF-VP-PickupLanternsPlus-v3.1.0 v3.1.0)
[2026-07-13 22:17:44] [INFO] Promoted update: AGF-VP-PlayerResetQuests-v3.1.1 v3.1.1 (was AGF-VP-PlayerResetQuests-v3.1.0 v3.1.0)
[2026-07-13 22:17:44] [INFO] Promoted update: AGF-VP-RebundleBundles-v2.1.1 v2.1.1 (was AGF-VP-RebundleBundles-v2.1.0 v2.1.0)
[2026-07-13 22:17:44] [INFO] Promoted update: AGF-VP-RestorePowerAnyTime-v2.1.1 v2.1.1 (was AGF-VP-RestorePowerAnyTime-v2.1.0 v2.1.0)
[2026-07-13 22:17:44] [INFO] Promoted update: AGF-VP-ScrapBatts4Acid-v2.1.1 v2.1.1 (was AGF-VP-ScrapBatts4Acid-v2.1.0 v2.1.0)
[2026-07-13 22:17:44] [INFO] Promoted update: AGF-VP-ScrapEquipmentFaster-v2.1.1 v2.1.1 (was AGF-VP-ScrapEquipmentFaster-v2.1.0 v2.1.0)
[2026-07-13 22:17:44] [INFO] Promoted update: AGF-VP-SimplifiedStacks-v2.1.1 v2.1.1 (was AGF-VP-SimplifiedStacks-v2.1.0 v2.1.0)
[2026-07-13 22:17:44] [INFO] Promoted update: AGF-VP-StayLongerAnimalCorpse-v3.1.1 v3.1.1 (was AGF-VP-StayLongerAnimalCorpse-v3.1.0 v3.1.0)
[2026-07-13 22:17:44] [INFO] Promoted update: AGF-VP-StayLongerPlayerBackpack-v3.1.1 v3.1.1 (was AGF-VP-StayLongerPlayerBackpack-v3.1.0 v3.1.0)
[2026-07-13 22:17:44] [INFO] Promoted update: AGF-VP-VehiclePerformance-v2.1.1 v2.1.1 (was AGF-VP-VehiclePerformance-v2.1.0 v2.1.0)
[2026-07-13 22:17:44] [INFO] Promoted update: AGF-VP-VehiclesExtraSeating-v2.1.1 v2.1.1 (was AGF-VP-VehiclesExtraSeating-v2.1.0 v2.1.0)
[2026-07-13 22:17:44] [INFO] Promoted update: AGF-VP-VehicleStoragePlus-v3.1.1 v3.1.1 (was AGF-VP-VehicleStoragePlus-v3.1.0 v3.1.0)
[2026-07-13 22:17:44] [INFO] Promoted update: AGF-VP-ZombieCorpseLeaveQuicker-v3.1.1 v3.1.1 (was AGF-VP-ZombieCorpseLeaveQuicker-v3.1.0 v3.1.0)
[2026-07-13 22:17:44] [INFO] Promoted update: zzzAGF-Special-Compatibilities-v5.1.1 v5.1.1 (was zzzAGF-Special-Compatibilities-v5.1.0 v5.1.0)
[2026-07-13 22:17:44] [INFO] Promoted update: zzzAGF-Special-LocalizationPatches-v1.0.1 v1.0.1 (was zzzAGF-Special-LocalizationPatches-v1.0.0 v1.0.0)
[2026-07-13 22:17:44] [INFO] Cleanup: Remove legacy ReleaseSource folders replaced by AGF-4Modders renames
[2026-07-13 22:17:44] [INFO] Cleanup: Remove legacy 4Modders-replaced folders in 03_ReleaseSource
[2026-07-13 22:17:44] [INFO] Cleanup: Remove older duplicate versions in 03_ReleaseSource
[2026-07-13 22:17:44] [INFO] Rename folders to match ModInfo Name+Version when safe
[2026-07-13 22:17:44] [INFO] Rename folders to match ModInfo Name+Version when safe
[2026-07-13 22:17:44] [INFO] Cleanup: Remove older duplicate versions in 01_Draft
[2026-07-13 22:17:44] [INFO] Step 4.2: Normalize HELPER_ModCompatibility.csv
[2026-07-13 22:17:44] [INFO] Step 4.3: Normalize quote files
[2026-07-13 22:17:44] [INFO] Generate per-mod README.txt
[2026-07-13 22:17:45] [INFO] Generate per-mod README.txt
[2026-07-13 22:17:47] [INFO] Step 5: Push updated pulled mods back to game folder
[2026-07-13 22:17:47] [INFO] Step 6: Create all mod and category zip files
[2026-07-13 22:17:47] [INFO] Pack zip skipped (empty): 00_4Modders_All.zip
[2026-07-13 22:17:53] [INFO] GigglePack finalization skipped for this publish run; updating pending changes queue only.
[2026-07-13 22:17:53] [INFO] Pending GigglePack changes updated: new=0, updated=42, renamed=0, removed=0
[2026-07-13 22:17:53] [WARN] ACTION NEEDED: GigglePack release remains queued. Re-run publish with --publish-gigglepack-action finalize when ready.
[2026-07-13 22:17:53] [INFO] Generating thumbnail images from full-size originals
[2026-07-13 22:17:53] [INFO] Thumbnail generation complete: 0 generated, 43 up-to-date
[2026-07-13 22:17:53] [INFO] Step 7: Generate main README.md

=== SUMMARY ===
scanned_workspace_mods: 42
scanned_game_mods: 38
synced_pull_from_game: 0
synced_push_to_game: 38
sync_conflicts: 0
moved_to_publish_ready: 0
moved_to_in_progress: 0
renamed_folders: 0
csv_added_rows: 0
csv_removed_rows: 0
quote_files_created: 0
quote_files_renamed: 0
quote_files_blanked_none: 0
readmes_written: 134
readable_txt_written: 0
pushed_back_to_game: 0
mod_zips_created: 42
pack_zips_created: 6
promoted_to_publish_ready: 42
warnings: 1
errors: 0

=== MOD CHANGES ===
AGF-BackpackPlus-060Slots-v4.1.1 | promoted (updated)
AGF-BackpackPlus-072Slots-v4.1.1 | promoted (updated)
AGF-BackpackPlus-084Slots-v4.1.1 | promoted (updated)
AGF-BackpackPlus-119Slots-v2.1.1 | promoted (updated)
AGF-HUDPlus-1Main-v6.5.2 | promoted (updated)
AGF-HUDPlus-BMCounter-v4.0.1 | promoted (updated)
AGF-HUDPlus-PurpleBook-v3.1.1 | promoted (updated)
AGF-HUDPlus-RemoveEnteringPopUp-v2.1.1 | promoted (updated)
AGF-HUDPluszOther-Weekday-v3.1.1 | promoted (updated)
AGF-NoEAC-AutoRun-v2.1.1 | promoted (updated)
AGF-NoEAC-CosmeticLockIcon-v3.1.1 | promoted (updated)
AGF-NoEAC-EnhancedAGF-v4.3.1 | promoted (updated)
AGF-NoEAC-GlobalStormTracker-v2.1.1 | promoted (updated)
AGF-NoEAC-ScreamerAlert-v2.3.1 | promoted (updated)
AGF-NoEAC-SignErrorGuard-v1.1.1 | promoted (updated)
AGF-NoEAC-Toolbelt12Slots-v2.2.2 | promoted (updated)
AGF-VP-AutomobilesRespawn-v4.1.1 | promoted (updated)
AGF-VP-BedrollPlus-v2.1.1 | promoted (updated)
AGF-VP-BetterEggChance-v3.1.1 | promoted (updated)
AGF-VP-BreakItGetIt-v2.1.1 | promoted (updated)
AGF-VP-CraftSewingKits-v2.1.1 | promoted (updated)
AGF-VP-CraftVitamins-v2.1.1 | promoted (updated)
AGF-VP-FuelBurnPlus-v3.1.1 | promoted (updated)
AGF-VP-LargerStorageOption-v1.1.1 | promoted (updated)
AGF-VP-MasterTool-v7.1.1 | promoted (updated)
AGF-VP-MaxLevel500-v3.1.1 | promoted (updated)
AGF-VP-ModSlotsPlus-v4.1.1 | promoted (updated)
AGF-VP-PickupLanternsPlus-v3.1.1 | promoted (updated)
AGF-VP-PlayerResetQuests-v3.1.1 | promoted (updated)
AGF-VP-RebundleBundles-v2.1.1 | promoted (updated)
AGF-VP-RestorePowerAnyTime-v2.1.1 | promoted (updated)
AGF-VP-ScrapBatts4Acid-v2.1.1 | promoted (updated)
AGF-VP-ScrapEquipmentFaster-v2.1.1 | promoted (updated)
AGF-VP-SimplifiedStacks-v2.1.1 | promoted (updated)
AGF-VP-StayLongerAnimalCorpse-v3.1.1 | promoted (updated)
AGF-VP-StayLongerPlayerBackpack-v3.1.1 | promoted (updated)
AGF-VP-VehiclePerformance-v2.1.1 | promoted (updated)
AGF-VP-VehiclesExtraSeating-v2.1.1 | promoted (updated)
AGF-VP-VehicleStoragePlus-v3.1.1 | promoted (updated)
AGF-VP-ZombieCorpseLeaveQuicker-v3.1.1 | promoted (updated)
