[2026-06-25 22:43:34] [INFO] Starting SCRIPT-Main automation pipeline
[2026-06-25 22:43:34] [INFO] Selected mode: promote
[2026-06-25 22:43:34] [INFO] Scope policy: only AGF-/zzzAGF-prefixed mods are managed in workspace and game folders
[2026-06-25 22:43:34] [INFO] Preflight writeability check passed
[2026-06-25 22:43:34] [INFO] Lane policy: keep major v0.x mods in Draft, not ActiveBuild
[2026-06-25 22:43:34] [INFO] Pre-release prep: refresh folder names + README files
[2026-06-25 22:43:34] [INFO] Rename folders to match ModInfo Name+Version when safe
[2026-06-25 22:43:34] [INFO] Step 4.2: Normalize HELPER_ModCompatibility.csv
[2026-06-25 22:43:34] [INFO] Step 4.3: Normalize quote files
[2026-06-25 22:43:34] [INFO] Generate per-mod README.md and ReadableReadMe.txt
[2026-06-25 22:43:34] [INFO] Generating mod images: C:\GitHub\7D2D-Mods\.venv\Scripts\python.exe C:\GitHub\7D2D-Mods\Workflow\SCRIPT-GenerateModImages.py --changed-only
[2026-06-25 22:43:34] [INFO]   [modimages] unchanged-skipped=12
[2026-06-25 22:43:34] [INFO]   [modimages] media-status-csv=C:\GitHub\7D2D-Mods\00_Images\media-status.csv
[2026-06-25 22:43:34] [INFO]   [modimages] done: generated_or_planned=0, skipped=0, total=12
[2026-06-25 22:43:34] [INFO] Copy generated _01 -> 02_ActiveBuild\AGF-BackpackPlus-060Slots-v4.0.4\AGF-BackpackPlus-060Slots_01.png
[2026-06-25 22:43:34] [INFO] Copy generated _01 -> 02_ActiveBuild\AGF-BackpackPlus-072Slots-v4.0.3\AGF-BackpackPlus-072Slots_01.png
[2026-06-25 22:43:34] [INFO] Copy generated _01 -> 02_ActiveBuild\AGF-BackpackPlus-084Slots-v4.0.2\AGF-BackpackPlus-084Slots_01.png
[2026-06-25 22:43:34] [INFO] Copy generated _01 -> 02_ActiveBuild\AGF-BackpackPlus-119Slots-v2.0.0\AGF-BackpackPlus-119Slots_01.png
[2026-06-25 22:43:34] [INFO] Copy generated _01 -> 02_ActiveBuild\AGF-HUDPlus-1Main-v6.2.0\AGF-HUDPlus-1Main_01.png
[2026-06-25 22:43:34] [INFO] Copy generated _01 -> 02_ActiveBuild\AGF-HUDPlus-RemoveEnteringPopUp-v2.0.1\AGF-HUDPlus-RemoveEnteringPopUp_01.png
[2026-06-25 22:43:34] [INFO] Copy generated _01 -> 02_ActiveBuild\AGF-HUDPluszOther-Weekday-v3.0.3\AGF-HUDPluszOther-Weekday_01.png
[2026-06-25 22:43:34] [INFO] Copy generated _01 -> 02_ActiveBuild\AGF-NoEAC-AutoRun-v2.0.1\AGF-NoEAC-AutoRun_01.png
[2026-06-25 22:43:34] [INFO] Copy generated _01 -> 02_ActiveBuild\AGF-NoEAC-EnhancedAGF-v4.1.0\AGF-NoEAC-EnhancedAGF_01.png
[2026-06-25 22:43:34] [INFO] Copy generated _01 -> 02_ActiveBuild\AGF-NoEAC-GlobalStormTracker-v2.0.1\AGF-NoEAC-GlobalStormTracker_01.png
[2026-06-25 22:43:34] [INFO] Copy generated _01 -> 02_ActiveBuild\AGF-NoEAC-ScreamerAlert-v2.1.1\AGF-NoEAC-ScreamerAlert_01.png
[2026-06-25 22:43:34] [INFO] Copy generated _01 -> 02_ActiveBuild\AGF-NoEAC-Toolbelt12Slots-v2.1.1\AGF-NoEAC-Toolbelt12Slots_01.png
[2026-06-25 22:43:34] [INFO] Generated _01 image copy: 12 file(s) updated
[2026-06-25 22:43:34] [INFO] Thumbnail copy skipped by policy (thumbnails stay only in 00_Images/_generated)
[2026-06-25 22:43:34] [INFO] Mod media copy: 0 file(s) updated
[2026-06-25 22:43:34] [INFO] Mode promote: Promote Staging -> PublishReady (version-gated)
[2026-06-25 22:43:34] [INFO] Promote skipped for AGF-BackpackPlus-060Slots-v4.0.4: same version/content as publish-ready (4.0.4)
[2026-06-25 22:43:34] [INFO] Promote skipped for AGF-BackpackPlus-072Slots-v4.0.3: same version/content as publish-ready (4.0.3)
[2026-06-25 22:43:34] [INFO] Promote skipped for AGF-BackpackPlus-084Slots-v4.0.2: same version/content as publish-ready (4.0.2)
[2026-06-25 22:43:34] [INFO] Promote skipped for AGF-BackpackPlus-119Slots-v2.0.0: same version/content as publish-ready (2.0.0)
[2026-06-25 22:43:34] [INFO] Promote skipped for AGF-HUDPlus-1Main-v6.2.0: same version/content as publish-ready (6.2.0)
[2026-06-25 22:43:35] [INFO] Promote skipped for AGF-HUDPlus-RemoveEnteringPopUp-v2.0.1: same version/content as publish-ready (2.0.1)
[2026-06-25 22:43:35] [INFO] Promote skipped for AGF-HUDPluszOther-Weekday-v3.0.3: same version/content as publish-ready (3.0.3)
[2026-06-25 22:43:35] [INFO] Promote skipped for AGF-NoEAC-AutoRun-v2.0.1: same version/content as publish-ready (2.0.1)
[2026-06-25 22:43:35] [INFO] Promote skipped for AGF-NoEAC-EnhancedAGF-v4.1.0: same version/content as publish-ready (4.1.0)
[2026-06-25 22:43:35] [INFO] Promote skipped for AGF-NoEAC-GlobalStormTracker-v2.0.1: same version/content as publish-ready (2.0.1)
[2026-06-25 22:43:35] [INFO] Promoted refresh: AGF-NoEAC-ScreamerAlert-v2.1.1 v2.1.1 (same version, content/name changed from AGF-NoEAC-ScreamerAlert-v2.1.1)
[2026-06-25 22:43:35] [INFO] Promote skipped for AGF-NoEAC-Toolbelt12Slots-v2.1.1: same version/content as publish-ready (2.1.1)

=== SUMMARY ===
scanned_workspace_mods: 0
scanned_game_mods: 0
synced_pull_from_game: 0
synced_push_to_game: 0
sync_conflicts: 0
moved_to_publish_ready: 0
moved_to_in_progress: 0
renamed_folders: 0
csv_added_rows: 0
csv_removed_rows: 0
quote_files_created: 0
quote_files_renamed: 0
quote_files_blanked_none: 0
readmes_written: 12
readable_txt_written: 12
pushed_back_to_game: 0
mod_zips_created: 0
pack_zips_created: 0
promoted_to_publish_ready: 1
warnings: 0
errors: 0

=== MOD CHANGES ===
AGF-NoEAC-ScreamerAlert-v2.1.1 | promoted (refresh)
