[2026-07-13 22:12:50] [INFO] Starting SCRIPT-Main automation pipeline
[2026-07-13 22:12:50] [INFO] Selected mode: update
[2026-07-13 22:12:50] [INFO] Scope policy: only AGF-/zzzAGF-prefixed mods are managed in workspace and game folders
[2026-07-13 22:12:50] [INFO] Preflight writeability check passed
[2026-07-13 22:12:50] [INFO] Mode update: sync Draft<->Game, ingest Draft->ActiveBuild, sync ActiveBuild<->Game, normalize names/readmes — no promote or package.
[2026-07-13 22:12:51] [INFO] Step 0.25: Compare Game <-> Draft and pull newer game updates into Draft
[2026-07-13 22:12:51] [INFO] Rename folders to match ModInfo Name+Version when safe
[2026-07-13 22:12:51] [INFO] Step 0.5: Promote Draft mods to ActiveBuild only on major-version upgrade
[2026-07-13 22:12:51] [INFO] Draft hold: AGF-4Modders-10IngredientSlots-v1.0.2 v1.0.2 not promoted (baseline major 1; waiting for major increase)
[2026-07-13 22:12:51] [INFO] Draft sync skipped for AGF-4Modders-AntiCM-v0.0.2: version 0.0.2 is draft-only (major < 1)
[2026-07-13 22:12:51] [INFO] Draft hold: AGF-4Modders-CustomWindowEnteringDuration-v1.0.1 v1.0.1 not promoted (baseline major 1; waiting for major increase)
[2026-07-13 22:12:51] [INFO] Draft sync skipped for AGF-4Modders-ESCWindowPlus-v0.3.2: version 0.3.2 is draft-only (major < 1)
[2026-07-13 22:12:51] [INFO] Draft hold: AGF-4Modders-Fix4DestroyBiomeBadge-v1.0.1 v1.0.1 not promoted (baseline major 1; waiting for major increase)
[2026-07-13 22:12:51] [INFO] Draft hold: AGF-4Modders-Fix4RemoveItems-v1.0.1 v1.0.1 not promoted (baseline major 1; waiting for major increase)
[2026-07-13 22:12:51] [INFO] Draft hold: AGF-4Modders-ItemTypeIconColor-v2.0.0 v2.0.0 not promoted (baseline major 2; waiting for major increase)
[2026-07-13 22:12:51] [INFO] Draft hold: AGF-4Modders-SkillPointCap-v1.0.1 v1.0.1 not promoted (baseline major 1; waiting for major increase)
[2026-07-13 22:12:51] [INFO] Draft hold: AGF-HUDPluszOther-SmallerInteractionPrompt-v1.0.1 v1.0.1 not promoted (baseline major 1; waiting for major increase)
[2026-07-13 22:12:51] [INFO] Draft hold: AGF-HUDPluszOther-TinyBuffsPopUp-v1.0.1 v1.0.1 not promoted (baseline major 1; waiting for major increase)
[2026-07-13 22:12:51] [INFO] Draft hold: AGF-NoEAC-AudioOptionsPlus-v1.0.1 v1.0.1 not promoted (baseline major 1; waiting for major increase)
[2026-07-13 22:12:51] [INFO] Draft hold: AGF-NoEAC-ConsoleOpacityMod-v1.0.1 v1.0.1 not promoted (baseline major 1; waiting for major increase)
[2026-07-13 22:12:51] [INFO] Draft hold: AGF-NoEAC-ExpandedInteractionPrompts-v1.1.1 v1.1.1 not promoted (baseline major 1; waiting for major increase)
[2026-07-13 22:12:51] [INFO] Draft hold: AGF-NoEAC-FlightAssist-v1.0.1 v1.0.1 not promoted (baseline major 1; waiting for major increase)
[2026-07-13 22:12:51] [INFO] Draft hold: AGF-NoEAC-LockableWorkstations-v1.2.1 v1.2.1 not promoted (baseline major 1; waiting for major increase)
[2026-07-13 22:12:51] [INFO] Draft hold: AGF-NoEAC-OpenAllButton-v1.0.2 v1.0.2 not promoted (baseline major 1; waiting for major increase)
[2026-07-13 22:12:51] [INFO] Draft hold: AGF-NoEAC-SortingBox-v1.0.6 v1.0.6 not promoted (baseline major 1; waiting for major increase)
[2026-07-13 22:12:51] [INFO] Draft sync skipped for AGF-NoEAC-TerrainLeveler-v0.0.2: version 0.0.2 is draft-only (major < 1)
[2026-07-13 22:12:51] [INFO] Draft sync skipped for AGF-NoEAC-VisualEntityTracker-v0.2.0: version 0.2.0 is draft-only (major < 1)
[2026-07-13 22:12:51] [INFO] Draft hold: AGF-VP-AdminModdingSupport-v1.0.5 v1.0.5 not promoted (baseline major 1; waiting for major increase)
[2026-07-13 22:12:51] [INFO] Draft hold: AGF-VP-AlternativeRecipes-v1.0.2 v1.0.2 not promoted (baseline major 1; waiting for major increase)
[2026-07-13 22:12:51] [INFO] Draft hold: AGF-VP-AmmoDisassembly-v1.0.2 v1.0.2 not promoted (baseline major 1; waiting for major increase)
[2026-07-13 22:12:51] [INFO] Draft hold: AGF-VP-ApiaryPlus-v1.0.4 v1.0.4 not promoted (baseline major 1; waiting for major increase)
[2026-07-13 22:12:51] [INFO] Draft hold: AGF-VP-ArcheryFeathersChange-v1.0.3 v1.0.3 not promoted (baseline major 1; waiting for major increase)
[2026-07-13 22:12:51] [INFO] Draft hold: AGF-VP-ArmorHarvestMods-v2.1.1 v2.1.1 not promoted (baseline major 2; waiting for major increase)
[2026-07-13 22:12:51] [INFO] Draft hold: AGF-VP-BuyTraderVendingMachines-v3.0.3 v3.0.3 not promoted (baseline major 3; waiting for major increase)
[2026-07-13 22:12:51] [INFO] Draft hold: AGF-VP-CraftStackEngBattCells-v3.3.1 v3.3.1 not promoted (baseline major 3; waiting for major increase)
[2026-07-13 22:12:51] [INFO] Draft hold: AGF-VP-DecorationBlock-v3.0.3 v3.0.3 not promoted (baseline major 3; waiting for major increase)
[2026-07-13 22:12:51] [INFO] Draft hold: AGF-VP-DewsPlus-v2.4.3 v2.4.3 not promoted (baseline major 2; waiting for major increase)
[2026-07-13 22:12:51] [INFO] Draft hold: AGF-VP-DoorsPlus-v3.0.1 v3.0.1 not promoted (baseline major 3; waiting for major increase)
[2026-07-13 22:12:51] [INFO] Draft hold: AGF-VP-DrinkableAcid-v2.0.2 v2.0.2 not promoted (baseline major 2; waiting for major increase)
[2026-07-13 22:12:51] [INFO] Draft hold: AGF-VP-DyesPlus-v3.1.1 v3.1.1 not promoted (baseline major 3; waiting for major increase)
[2026-07-13 22:12:51] [INFO] Draft hold: AGF-VP-FarmingPlus-v5.6.3 v5.6.3 not promoted (baseline major 5; waiting for major increase)
[2026-07-13 22:12:51] [INFO] Draft hold: AGF-VP-FloraHarvester-v2.3.1 v2.3.1 not promoted (baseline major 2; waiting for major increase)
[2026-07-13 22:12:51] [INFO] Draft sync skipped for AGF-VP-MedicalTreatOthersTreatedInjuries-v0.0.2: version 0.0.2 is draft-only (major < 1)
[2026-07-13 22:12:51] [INFO] Draft sync skipped for AGF-VP-MedicallyTreatOthers-v0.0.2: version 0.0.2 is draft-only (major < 1)
[2026-07-13 22:12:51] [INFO] Draft hold: AGF-VP-MedicationNoInsectSlow-v1.1.1 v1.1.1 not promoted (baseline major 1; waiting for major increase)
[2026-07-13 22:12:51] [INFO] Draft hold: AGF-VP-MiningPlus-v1.2.1 v1.2.1 not promoted (baseline major 1; waiting for major increase)
[2026-07-13 22:12:51] [INFO] Draft hold: AGF-VP-Mod988-v2.0.2 v2.0.2 not promoted (baseline major 2; waiting for major increase)
[2026-07-13 22:12:51] [INFO] Draft hold: AGF-VP-ModBundling-v1.0.2 v1.0.2 not promoted (baseline major 1; waiting for major increase)
[2026-07-13 22:12:51] [INFO] Draft hold: AGF-VP-PaintbrushPlus-v2.1.1 v2.1.1 not promoted (baseline major 2; waiting for major increase)
[2026-07-13 22:12:51] [INFO] Draft hold: AGF-VP-PlayerVendingMachinesPlus-v1.0.1 v1.0.1 not promoted (baseline major 1; waiting for major increase)
[2026-07-13 22:12:51] [INFO] Draft hold: AGF-VP-PumpkinsPlus-v2.0.5 v2.0.5 not promoted (baseline major 2; waiting for major increase)
[2026-07-13 22:12:51] [INFO] Draft hold: AGF-VP-RecipeRottingFlesh-v1.0.1 v1.0.1 not promoted (baseline major 1; waiting for major increase)
[2026-07-13 22:12:51] [INFO] Draft hold: AGF-VP-RenamesAlphabeticalSort-v2.0.5 v2.0.5 not promoted (baseline major 2; waiting for major increase)
[2026-07-13 22:12:51] [INFO] Draft hold: AGF-VP-SmeltingPlus-v2.4.1 v2.4.1 not promoted (baseline major 2; waiting for major increase)
[2026-07-13 22:12:51] [INFO] Draft hold: AGF-VP-TacticalRiflePlus-v2.1.1 v2.1.1 not promoted (baseline major 2; waiting for major increase)
[2026-07-13 22:12:51] [INFO] Draft hold: AGF-VP-TreesPlus-v3.0.2 v3.0.2 not promoted (baseline major 3; waiting for major increase)
[2026-07-13 22:12:51] [INFO] Draft hold: AGF-VP-WriteStoryOnCrate-v1.0.1 v1.0.1 not promoted (baseline major 1; waiting for major increase)
[2026-07-13 22:12:51] [INFO] Draft hold: AGF-VP-XPDeathPenaltyReduction-v2.0.1 v2.0.1 not promoted (baseline major 2; waiting for major increase)
[2026-07-13 22:12:51] [INFO] Lane policy: keep major v0.x mods in Draft, not ActiveBuild
[2026-07-13 22:12:52] [INFO] Rename folders to match ModInfo Name+Version when safe
[2026-07-13 22:12:52] [INFO] Renamed folder: AGF-BackpackPlus-060Slots-v4.1.0 -> AGF-BackpackPlus-060Slots-v4.1.1
[2026-07-13 22:12:52] [INFO] Renamed folder: AGF-BackpackPlus-072Slots-v4.1.0 -> AGF-BackpackPlus-072Slots-v4.1.1
[2026-07-13 22:12:52] [INFO] Renamed folder: AGF-BackpackPlus-084Slots-v4.1.0 -> AGF-BackpackPlus-084Slots-v4.1.1
[2026-07-13 22:12:52] [INFO] Renamed folder: AGF-BackpackPlus-119Slots-v2.1.0 -> AGF-BackpackPlus-119Slots-v2.1.1
[2026-07-13 22:12:52] [INFO] Renamed folder: AGF-HUDPlus-1Main-v6.5.1 -> AGF-HUDPlus-1Main-v6.5.2
[2026-07-13 22:12:52] [INFO] Renamed folder: AGF-HUDPlus-BMCounter-v4.0.0 -> AGF-HUDPlus-BMCounter-v4.0.1
[2026-07-13 22:12:52] [INFO] Renamed folder: AGF-HUDPlus-PurpleBook-v3.1.0 -> AGF-HUDPlus-PurpleBook-v3.1.1
[2026-07-13 22:12:52] [INFO] Renamed folder: AGF-HUDPlus-RemoveEnteringPopUp-v2.1.0 -> AGF-HUDPlus-RemoveEnteringPopUp-v2.1.1
[2026-07-13 22:12:52] [INFO] Renamed folder: AGF-HUDPluszOther-Weekday-v3.1.0 -> AGF-HUDPluszOther-Weekday-v3.1.1
[2026-07-13 22:12:52] [INFO] Renamed folder: AGF-NoEAC-AutoRun-v2.1.0 -> AGF-NoEAC-AutoRun-v2.1.1
[2026-07-13 22:12:52] [INFO] Renamed folder: AGF-NoEAC-CosmeticLockIcon-v3.1.0 -> AGF-NoEAC-CosmeticLockIcon-v3.1.1
[2026-07-13 22:12:52] [INFO] Renamed folder: AGF-NoEAC-EnhancedAGF-v4.3.0 -> AGF-NoEAC-EnhancedAGF-v4.3.1
[2026-07-13 22:12:52] [INFO] Renamed folder: AGF-NoEAC-GlobalStormTracker-v2.1.0 -> AGF-NoEAC-GlobalStormTracker-v2.1.1
[2026-07-13 22:12:52] [INFO] Renamed folder: AGF-NoEAC-ScreamerAlert-v2.3.0 -> AGF-NoEAC-ScreamerAlert-v2.3.1
[2026-07-13 22:12:52] [INFO] Renamed folder: AGF-NoEAC-SignErrorGuard-v1.1.0 -> AGF-NoEAC-SignErrorGuard-v1.1.1
[2026-07-13 22:12:52] [INFO] Renamed folder: AGF-NoEAC-Toolbelt12Slots-v2.2.1 -> AGF-NoEAC-Toolbelt12Slots-v2.2.2
[2026-07-13 22:12:52] [INFO] Renamed folder: AGF-VP-AutomobilesRespawn-v4.1.0 -> AGF-VP-AutomobilesRespawn-v4.1.1
[2026-07-13 22:12:52] [INFO] Renamed folder: AGF-VP-BedrollPlus-v2.1.0 -> AGF-VP-BedrollPlus-v2.1.1
[2026-07-13 22:12:52] [INFO] Renamed folder: AGF-VP-BetterEggChance-v3.1.0 -> AGF-VP-BetterEggChance-v3.1.1
[2026-07-13 22:12:52] [INFO] Renamed folder: AGF-VP-BreakItGetIt-v2.1.0 -> AGF-VP-BreakItGetIt-v2.1.1
[2026-07-13 22:12:52] [INFO] Renamed folder: AGF-VP-CraftSewingKits-v2.1.0 -> AGF-VP-CraftSewingKits-v2.1.1
[2026-07-13 22:12:52] [INFO] Renamed folder: AGF-VP-CraftVitamins-v2.1.0 -> AGF-VP-CraftVitamins-v2.1.1
[2026-07-13 22:12:52] [INFO] Renamed folder: AGF-VP-FuelBurnPlus-v3.1.0 -> AGF-VP-FuelBurnPlus-v3.1.1
[2026-07-13 22:12:52] [INFO] Renamed folder: AGF-VP-LargerStorageOption-v1.1.0 -> AGF-VP-LargerStorageOption-v1.1.1
[2026-07-13 22:12:52] [INFO] Renamed folder: AGF-VP-MasterTool-v7.1.0 -> AGF-VP-MasterTool-v7.1.1
[2026-07-13 22:12:52] [INFO] Renamed folder: AGF-VP-MaxLevel500-v3.1.0 -> AGF-VP-MaxLevel500-v3.1.1
[2026-07-13 22:12:52] [INFO] Renamed folder: AGF-VP-ModSlotsPlus-v4.1.0 -> AGF-VP-ModSlotsPlus-v4.1.1
[2026-07-13 22:12:52] [INFO] Renamed folder: AGF-VP-PickupLanternsPlus-v3.1.0 -> AGF-VP-PickupLanternsPlus-v3.1.1
[2026-07-13 22:12:52] [INFO] Renamed folder: AGF-VP-PlayerResetQuests-v3.1.0 -> AGF-VP-PlayerResetQuests-v3.1.1
[2026-07-13 22:12:52] [INFO] Renamed folder: AGF-VP-RebundleBundles-v2.1.0 -> AGF-VP-RebundleBundles-v2.1.1
[2026-07-13 22:12:52] [INFO] Renamed folder: AGF-VP-RestorePowerAnyTime-v2.1.0 -> AGF-VP-RestorePowerAnyTime-v2.1.1
[2026-07-13 22:12:52] [INFO] Renamed folder: AGF-VP-ScrapBatts4Acid-v2.1.0 -> AGF-VP-ScrapBatts4Acid-v2.1.1
[2026-07-13 22:12:52] [INFO] Renamed folder: AGF-VP-ScrapEquipmentFaster-v2.1.0 -> AGF-VP-ScrapEquipmentFaster-v2.1.1
[2026-07-13 22:12:52] [INFO] Renamed folder: AGF-VP-SimplifiedStacks-v2.1.0 -> AGF-VP-SimplifiedStacks-v2.1.1
[2026-07-13 22:12:52] [INFO] Renamed folder: AGF-VP-StayLongerAnimalCorpse-v3.1.0 -> AGF-VP-StayLongerAnimalCorpse-v3.1.1
[2026-07-13 22:12:52] [INFO] Renamed folder: AGF-VP-StayLongerPlayerBackpack-v3.1.0 -> AGF-VP-StayLongerPlayerBackpack-v3.1.1
[2026-07-13 22:12:52] [INFO] Renamed folder: AGF-VP-VehiclePerformance-v2.1.0 -> AGF-VP-VehiclePerformance-v2.1.1
[2026-07-13 22:12:52] [INFO] Renamed folder: AGF-VP-VehiclesExtraSeating-v2.1.0 -> AGF-VP-VehiclesExtraSeating-v2.1.1
[2026-07-13 22:12:52] [INFO] Renamed folder: AGF-VP-VehicleStoragePlus-v3.1.0 -> AGF-VP-VehicleStoragePlus-v3.1.1
[2026-07-13 22:12:52] [INFO] Renamed folder: AGF-VP-ZombieCorpseLeaveQuicker-v3.1.0 -> AGF-VP-ZombieCorpseLeaveQuicker-v3.1.1
[2026-07-13 22:12:52] [INFO] Renamed folder: zzzAGF-Special-Compatibilities-v5.1.0 -> zzzAGF-Special-Compatibilities-v5.1.1
[2026-07-13 22:12:52] [INFO] Renamed folder: zzzAGF-Special-LocalizationPatches-v1.0.0 -> zzzAGF-Special-LocalizationPatches-v1.0.1
[2026-07-13 22:12:52] [INFO] Rename folders to match ModInfo Name+Version when safe
[2026-07-13 22:12:52] [INFO] Mode sync-work: Sync Staging <-> Game by version
[2026-07-13 22:12:52] [INFO] Policy: keep one active BackpackPlus in game root, keep all BackpackPlus in .Optionals-Backpack, mirror all HUDPlus/HUDPluszOther in .Optionals-HUDPlus and keep HUDPluszOther out of game root, and mirror AGF-4Modders into .Optionals-4Modders without auto-pushing them into game root.
[2026-07-13 22:12:52] [INFO] Quarantined game folder instead of delete: C:\Program Files (x86)\Steam\steamapps\common\7 Days To Die\Mods\AGF-BackpackPlus-084Slots-v4.1.0 -> C:\GitHub\7D2D-Mods\_Quarantine-GameRemovals\20260713-221252\AGF-BackpackPlus-084Slots-v4.1.0
[2026-07-13 22:12:52] [INFO] sync-work cleanup: removed non-active backpack from game root: AGF-BackpackPlus-084Slots-v4.1.0
[2026-07-13 22:12:52] [INFO] sync-work push: AGF-HUDPlus-1Main-v6.5.2 v6.5.2 -> game
[2026-07-13 22:12:52] [INFO] sync-work push: AGF-HUDPlus-BMCounter-v4.0.1 v4.0.1 -> game
[2026-07-13 22:12:52] [INFO] sync-work push: AGF-HUDPlus-PurpleBook-v3.1.1 v3.1.1 -> game
[2026-07-13 22:12:52] [INFO] sync-work push: AGF-HUDPlus-RemoveEnteringPopUp-v2.1.1 v2.1.1 -> game
[2026-07-13 22:12:52] [INFO] sync-work push: AGF-NoEAC-AutoRun-v2.1.1 v2.1.1 -> game
[2026-07-13 22:12:52] [INFO] sync-work push: AGF-NoEAC-CosmeticLockIcon-v3.1.1 v3.1.1 -> game
[2026-07-13 22:12:52] [INFO] sync-work push: AGF-NoEAC-EnhancedAGF-v4.3.1 v4.3.1 -> game
[2026-07-13 22:12:52] [INFO] sync-work push: AGF-NoEAC-GlobalStormTracker-v2.1.1 v2.1.1 -> game
[2026-07-13 22:12:52] [INFO] sync-work push: AGF-NoEAC-ScreamerAlert-v2.3.1 v2.3.1 -> game
[2026-07-13 22:12:52] [INFO] sync-work push: AGF-NoEAC-SignErrorGuard-v1.1.1 v1.1.1 -> game
[2026-07-13 22:12:52] [INFO] sync-work push: AGF-NoEAC-Toolbelt12Slots-v2.2.2 v2.2.2 -> game
[2026-07-13 22:12:52] [INFO] sync-work push: AGF-VP-AutomobilesRespawn-v4.1.1 v4.1.1 -> game
[2026-07-13 22:12:52] [INFO] sync-work push: AGF-VP-BedrollPlus-v2.1.1 v2.1.1 -> game
[2026-07-13 22:12:52] [INFO] sync-work push: AGF-VP-BetterEggChance-v3.1.1 v3.1.1 -> game
[2026-07-13 22:12:52] [INFO] sync-work push: AGF-VP-BreakItGetIt-v2.1.1 v2.1.1 -> game
[2026-07-13 22:12:52] [INFO] sync-work push: AGF-VP-CraftSewingKits-v2.1.1 v2.1.1 -> game
[2026-07-13 22:12:52] [INFO] sync-work push: AGF-VP-CraftVitamins-v2.1.1 v2.1.1 -> game
[2026-07-13 22:12:52] [INFO] sync-work push: AGF-VP-FuelBurnPlus-v3.1.1 v3.1.1 -> game
[2026-07-13 22:12:52] [INFO] sync-work push: AGF-VP-LargerStorageOption-v1.1.1 v1.1.1 -> game
[2026-07-13 22:12:52] [INFO] sync-work push: AGF-VP-MasterTool-v7.1.1 v7.1.1 -> game
[2026-07-13 22:12:52] [INFO] sync-work push: AGF-VP-MaxLevel500-v3.1.1 v3.1.1 -> game
[2026-07-13 22:12:52] [INFO] sync-work push: AGF-VP-ModSlotsPlus-v4.1.1 v4.1.1 -> game
[2026-07-13 22:12:52] [INFO] sync-work push: AGF-VP-PickupLanternsPlus-v3.1.1 v3.1.1 -> game
[2026-07-13 22:12:52] [INFO] sync-work push: AGF-VP-PlayerResetQuests-v3.1.1 v3.1.1 -> game
[2026-07-13 22:12:52] [INFO] sync-work push: AGF-VP-RebundleBundles-v2.1.1 v2.1.1 -> game
[2026-07-13 22:12:52] [INFO] sync-work push: AGF-VP-RestorePowerAnyTime-v2.1.1 v2.1.1 -> game
[2026-07-13 22:12:52] [INFO] sync-work push: AGF-VP-ScrapBatts4Acid-v2.1.1 v2.1.1 -> game
[2026-07-13 22:12:52] [INFO] sync-work push: AGF-VP-ScrapEquipmentFaster-v2.1.1 v2.1.1 -> game
[2026-07-13 22:12:52] [INFO] sync-work push: AGF-VP-SimplifiedStacks-v2.1.1 v2.1.1 -> game
[2026-07-13 22:12:52] [INFO] sync-work push: AGF-VP-StayLongerAnimalCorpse-v3.1.1 v3.1.1 -> game
[2026-07-13 22:12:52] [INFO] sync-work push: AGF-VP-StayLongerPlayerBackpack-v3.1.1 v3.1.1 -> game
[2026-07-13 22:12:53] [INFO] sync-work push: AGF-VP-VehiclePerformance-v2.1.1 v2.1.1 -> game
[2026-07-13 22:12:53] [INFO] sync-work push: AGF-VP-VehicleStoragePlus-v3.1.1 v3.1.1 -> game
[2026-07-13 22:12:53] [INFO] sync-work push: AGF-VP-VehiclesExtraSeating-v2.1.1 v2.1.1 -> game
[2026-07-13 22:12:53] [INFO] sync-work push: AGF-VP-ZombieCorpseLeaveQuicker-v3.1.1 v3.1.1 -> game
[2026-07-13 22:12:53] [INFO] sync-work push: zzzAGF-Special-Compatibilities-v5.1.1 v5.1.1 -> game
[2026-07-13 22:12:53] [INFO] sync-work push: zzzAGF-Special-LocalizationPatches-v1.0.1 v1.0.1 -> game
[2026-07-13 22:12:53] [INFO] sync-work push: ensured active backpack in game root: AGF-BackpackPlus-084Slots-v4.1.1
[2026-07-13 22:12:53] [INFO] sync-work push: added missing game mod AGF-BackpackPlus-084Slots-v4.1.1 v4.1.1
[2026-07-13 22:12:53] [INFO] sync-work mirror: backpack optional updated: AGF-BackpackPlus-060Slots-v4.1.1
[2026-07-13 22:12:53] [INFO] sync-work mirror: backpack optional updated: AGF-BackpackPlus-072Slots-v4.1.1
[2026-07-13 22:12:53] [INFO] sync-work mirror: backpack optional updated: AGF-BackpackPlus-084Slots-v4.1.1
[2026-07-13 22:12:53] [INFO] sync-work mirror: backpack optional updated: AGF-BackpackPlus-119Slots-v2.1.1
[2026-07-13 22:12:53] [INFO] sync-work mirror: HUD optional updated: AGF-HUDPlus-1Main-v6.5.2
[2026-07-13 22:12:53] [INFO] sync-work mirror: HUD optional updated: AGF-HUDPlus-BMCounter-v4.0.1
[2026-07-13 22:12:53] [INFO] sync-work mirror: HUD optional updated: AGF-HUDPlus-PurpleBook-v3.1.1
[2026-07-13 22:12:53] [INFO] sync-work mirror: HUD optional updated: AGF-HUDPlus-RemoveEnteringPopUp-v2.1.1
[2026-07-13 22:12:53] [INFO] sync-work mirror: HUD optional updated: AGF-HUDPluszOther-Weekday-v3.1.1
[2026-07-13 22:12:53] [INFO] Quarantined game folder instead of delete: C:\Program Files (x86)\Steam\steamapps\common\7 Days To Die\Mods\.Optionals-Backpack\AGF-BackpackPlus-060Slots-v4.1.0 -> C:\GitHub\7D2D-Mods\_Quarantine-GameRemovals\20260713-221253\.Optionals-Backpack\AGF-BackpackPlus-060Slots-v4.1.0
[2026-07-13 22:12:53] [INFO] sync-work cleanup: removed stale optional from .Optionals-Backpack: AGF-BackpackPlus-060Slots-v4.1.0
[2026-07-13 22:12:53] [INFO] Quarantined game folder instead of delete: C:\Program Files (x86)\Steam\steamapps\common\7 Days To Die\Mods\.Optionals-Backpack\AGF-BackpackPlus-072Slots-v4.1.0 -> C:\GitHub\7D2D-Mods\_Quarantine-GameRemovals\20260713-221253\.Optionals-Backpack\AGF-BackpackPlus-072Slots-v4.1.0
[2026-07-13 22:12:53] [INFO] sync-work cleanup: removed stale optional from .Optionals-Backpack: AGF-BackpackPlus-072Slots-v4.1.0
[2026-07-13 22:12:53] [INFO] Quarantined game folder instead of delete: C:\Program Files (x86)\Steam\steamapps\common\7 Days To Die\Mods\.Optionals-Backpack\AGF-BackpackPlus-084Slots-v4.1.0 -> C:\GitHub\7D2D-Mods\_Quarantine-GameRemovals\20260713-221253\.Optionals-Backpack\AGF-BackpackPlus-084Slots-v4.1.0
[2026-07-13 22:12:53] [INFO] sync-work cleanup: removed stale optional from .Optionals-Backpack: AGF-BackpackPlus-084Slots-v4.1.0
[2026-07-13 22:12:53] [INFO] Quarantined game folder instead of delete: C:\Program Files (x86)\Steam\steamapps\common\7 Days To Die\Mods\.Optionals-Backpack\AGF-BackpackPlus-119Slots-v2.1.0 -> C:\GitHub\7D2D-Mods\_Quarantine-GameRemovals\20260713-221253\.Optionals-Backpack\AGF-BackpackPlus-119Slots-v2.1.0
[2026-07-13 22:12:53] [INFO] sync-work cleanup: removed stale optional from .Optionals-Backpack: AGF-BackpackPlus-119Slots-v2.1.0
[2026-07-13 22:12:53] [INFO] Quarantined game folder instead of delete: C:\Program Files (x86)\Steam\steamapps\common\7 Days To Die\Mods\.Optionals-HUDPlus\AGF-HUDPlus-1Main-v6.5.1 -> C:\GitHub\7D2D-Mods\_Quarantine-GameRemovals\20260713-221253\.Optionals-HUDPlus\AGF-HUDPlus-1Main-v6.5.1
[2026-07-13 22:12:53] [INFO] sync-work cleanup: removed stale optional from .Optionals-HUDPlus: AGF-HUDPlus-1Main-v6.5.1
[2026-07-13 22:12:53] [INFO] Quarantined game folder instead of delete: C:\Program Files (x86)\Steam\steamapps\common\7 Days To Die\Mods\.Optionals-HUDPlus\AGF-HUDPlus-BMCounter-v4.0.0 -> C:\GitHub\7D2D-Mods\_Quarantine-GameRemovals\20260713-221253\.Optionals-HUDPlus\AGF-HUDPlus-BMCounter-v4.0.0
[2026-07-13 22:12:53] [INFO] sync-work cleanup: removed stale optional from .Optionals-HUDPlus: AGF-HUDPlus-BMCounter-v4.0.0
[2026-07-13 22:12:53] [INFO] Quarantined game folder instead of delete: C:\Program Files (x86)\Steam\steamapps\common\7 Days To Die\Mods\.Optionals-HUDPlus\AGF-HUDPlus-PurpleBook-v3.1.0 -> C:\GitHub\7D2D-Mods\_Quarantine-GameRemovals\20260713-221253\.Optionals-HUDPlus\AGF-HUDPlus-PurpleBook-v3.1.0
[2026-07-13 22:12:53] [INFO] sync-work cleanup: removed stale optional from .Optionals-HUDPlus: AGF-HUDPlus-PurpleBook-v3.1.0
[2026-07-13 22:12:53] [INFO] Quarantined game folder instead of delete: C:\Program Files (x86)\Steam\steamapps\common\7 Days To Die\Mods\.Optionals-HUDPlus\AGF-HUDPlus-RemoveEnteringPopUp-v2.1.0 -> C:\GitHub\7D2D-Mods\_Quarantine-GameRemovals\20260713-221253\.Optionals-HUDPlus\AGF-HUDPlus-RemoveEnteringPopUp-v2.1.0
[2026-07-13 22:12:53] [INFO] sync-work cleanup: removed stale optional from .Optionals-HUDPlus: AGF-HUDPlus-RemoveEnteringPopUp-v2.1.0
[2026-07-13 22:12:53] [INFO] Quarantined game folder instead of delete: C:\Program Files (x86)\Steam\steamapps\common\7 Days To Die\Mods\.Optionals-HUDPlus\AGF-HUDPluszOther-Weekday-v3.1.0 -> C:\GitHub\7D2D-Mods\_Quarantine-GameRemovals\20260713-221253\.Optionals-HUDPlus\AGF-HUDPluszOther-Weekday-v3.1.0
[2026-07-13 22:12:53] [INFO] sync-work cleanup: removed stale optional from .Optionals-HUDPlus: AGF-HUDPluszOther-Weekday-v3.1.0
[2026-07-13 22:12:53] [INFO] Rename folders to match ModInfo Name+Version when safe
[2026-07-13 22:12:53] [INFO] sync-work cleanup: post-rename cleanup pass
[2026-07-13 22:12:53] [INFO] Quarantined game folder instead of delete: C:\Program Files (x86)\Steam\steamapps\common\7 Days To Die\Mods\AGF-HUDPlus-1Main-v6.5.1 -> C:\GitHub\7D2D-Mods\_Quarantine-GameRemovals\20260713-221253\AGF-HUDPlus-1Main-v6.5.1
[2026-07-13 22:12:53] [INFO] sync-work cleanup: post-rename removed extra game version for base AGF-HUDPlus-1Main: AGF-HUDPlus-1Main-v6.5.1
[2026-07-13 22:12:53] [INFO] Quarantined game folder instead of delete: C:\Program Files (x86)\Steam\steamapps\common\7 Days To Die\Mods\AGF-HUDPlus-BMCounter-v4.0.0 -> C:\GitHub\7D2D-Mods\_Quarantine-GameRemovals\20260713-221253\AGF-HUDPlus-BMCounter-v4.0.0
[2026-07-13 22:12:53] [INFO] sync-work cleanup: post-rename removed extra game version for base AGF-HUDPlus-BMCounter: AGF-HUDPlus-BMCounter-v4.0.0
[2026-07-13 22:12:53] [INFO] Quarantined game folder instead of delete: C:\Program Files (x86)\Steam\steamapps\common\7 Days To Die\Mods\AGF-HUDPlus-PurpleBook-v3.1.0 -> C:\GitHub\7D2D-Mods\_Quarantine-GameRemovals\20260713-221253\AGF-HUDPlus-PurpleBook-v3.1.0
[2026-07-13 22:12:53] [INFO] sync-work cleanup: post-rename removed extra game version for base AGF-HUDPlus-PurpleBook: AGF-HUDPlus-PurpleBook-v3.1.0
[2026-07-13 22:12:53] [INFO] Quarantined game folder instead of delete: C:\Program Files (x86)\Steam\steamapps\common\7 Days To Die\Mods\AGF-HUDPlus-RemoveEnteringPopUp-v2.1.0 -> C:\GitHub\7D2D-Mods\_Quarantine-GameRemovals\20260713-221253\AGF-HUDPlus-RemoveEnteringPopUp-v2.1.0
[2026-07-13 22:12:53] [INFO] sync-work cleanup: post-rename removed extra game version for base AGF-HUDPlus-RemoveEnteringPopUp: AGF-HUDPlus-RemoveEnteringPopUp-v2.1.0
[2026-07-13 22:12:53] [INFO] Quarantined game folder instead of delete: C:\Program Files (x86)\Steam\steamapps\common\7 Days To Die\Mods\AGF-NoEAC-AutoRun-v2.1.0 -> C:\GitHub\7D2D-Mods\_Quarantine-GameRemovals\20260713-221253\AGF-NoEAC-AutoRun-v2.1.0
[2026-07-13 22:12:53] [INFO] sync-work cleanup: post-rename removed extra game version for base AGF-NoEAC-AutoRun: AGF-NoEAC-AutoRun-v2.1.0
[2026-07-13 22:12:53] [INFO] Quarantined game folder instead of delete: C:\Program Files (x86)\Steam\steamapps\common\7 Days To Die\Mods\AGF-NoEAC-CosmeticLockIcon-v3.1.0 -> C:\GitHub\7D2D-Mods\_Quarantine-GameRemovals\20260713-221253\AGF-NoEAC-CosmeticLockIcon-v3.1.0
[2026-07-13 22:12:53] [INFO] sync-work cleanup: post-rename removed extra game version for base AGF-NoEAC-CosmeticLockIcon: AGF-NoEAC-CosmeticLockIcon-v3.1.0
[2026-07-13 22:12:53] [INFO] Quarantined game folder instead of delete: C:\Program Files (x86)\Steam\steamapps\common\7 Days To Die\Mods\AGF-NoEAC-EnhancedAGF-v4.3.0 -> C:\GitHub\7D2D-Mods\_Quarantine-GameRemovals\20260713-221253\AGF-NoEAC-EnhancedAGF-v4.3.0
[2026-07-13 22:12:53] [INFO] sync-work cleanup: post-rename removed extra game version for base AGF-NoEAC-EnhancedAGF: AGF-NoEAC-EnhancedAGF-v4.3.0
[2026-07-13 22:12:53] [INFO] Quarantined game folder instead of delete: C:\Program Files (x86)\Steam\steamapps\common\7 Days To Die\Mods\AGF-NoEAC-GlobalStormTracker-v2.1.0 -> C:\GitHub\7D2D-Mods\_Quarantine-GameRemovals\20260713-221253\AGF-NoEAC-GlobalStormTracker-v2.1.0
[2026-07-13 22:12:53] [INFO] sync-work cleanup: post-rename removed extra game version for base AGF-NoEAC-GlobalStormTracker: AGF-NoEAC-GlobalStormTracker-v2.1.0
[2026-07-13 22:12:53] [INFO] Quarantined game folder instead of delete: C:\Program Files (x86)\Steam\steamapps\common\7 Days To Die\Mods\AGF-NoEAC-ScreamerAlert-v2.3.0 -> C:\GitHub\7D2D-Mods\_Quarantine-GameRemovals\20260713-221253\AGF-NoEAC-ScreamerAlert-v2.3.0
[2026-07-13 22:12:53] [INFO] sync-work cleanup: post-rename removed extra game version for base AGF-NoEAC-ScreamerAlert: AGF-NoEAC-ScreamerAlert-v2.3.0
[2026-07-13 22:12:53] [INFO] Quarantined game folder instead of delete: C:\Program Files (x86)\Steam\steamapps\common\7 Days To Die\Mods\AGF-NoEAC-SignErrorGuard-v1.1.0 -> C:\GitHub\7D2D-Mods\_Quarantine-GameRemovals\20260713-221253\AGF-NoEAC-SignErrorGuard-v1.1.0
[2026-07-13 22:12:53] [INFO] sync-work cleanup: post-rename removed extra game version for base AGF-NoEAC-SignErrorGuard: AGF-NoEAC-SignErrorGuard-v1.1.0
[2026-07-13 22:12:53] [INFO] Quarantined game folder instead of delete: C:\Program Files (x86)\Steam\steamapps\common\7 Days To Die\Mods\AGF-NoEAC-Toolbelt12Slots-v2.2.1 -> C:\GitHub\7D2D-Mods\_Quarantine-GameRemovals\20260713-221253\AGF-NoEAC-Toolbelt12Slots-v2.2.1
[2026-07-13 22:12:53] [INFO] sync-work cleanup: post-rename removed extra game version for base AGF-NoEAC-Toolbelt12Slots: AGF-NoEAC-Toolbelt12Slots-v2.2.1
[2026-07-13 22:12:53] [INFO] Quarantined game folder instead of delete: C:\Program Files (x86)\Steam\steamapps\common\7 Days To Die\Mods\AGF-VP-AutomobilesRespawn-v4.1.0 -> C:\GitHub\7D2D-Mods\_Quarantine-GameRemovals\20260713-221253\AGF-VP-AutomobilesRespawn-v4.1.0
[2026-07-13 22:12:53] [INFO] sync-work cleanup: post-rename removed extra game version for base AGF-VP-AutomobilesRespawn: AGF-VP-AutomobilesRespawn-v4.1.0
[2026-07-13 22:12:53] [INFO] Quarantined game folder instead of delete: C:\Program Files (x86)\Steam\steamapps\common\7 Days To Die\Mods\AGF-VP-BedrollPlus-v2.1.0 -> C:\GitHub\7D2D-Mods\_Quarantine-GameRemovals\20260713-221253\AGF-VP-BedrollPlus-v2.1.0
[2026-07-13 22:12:53] [INFO] sync-work cleanup: post-rename removed extra game version for base AGF-VP-BedrollPlus: AGF-VP-BedrollPlus-v2.1.0
[2026-07-13 22:12:53] [INFO] Quarantined game folder instead of delete: C:\Program Files (x86)\Steam\steamapps\common\7 Days To Die\Mods\AGF-VP-BetterEggChance-v3.1.0 -> C:\GitHub\7D2D-Mods\_Quarantine-GameRemovals\20260713-221253\AGF-VP-BetterEggChance-v3.1.0
[2026-07-13 22:12:53] [INFO] sync-work cleanup: post-rename removed extra game version for base AGF-VP-BetterEggChance: AGF-VP-BetterEggChance-v3.1.0
[2026-07-13 22:12:53] [INFO] Quarantined game folder instead of delete: C:\Program Files (x86)\Steam\steamapps\common\7 Days To Die\Mods\AGF-VP-BreakItGetIt-v2.1.0 -> C:\GitHub\7D2D-Mods\_Quarantine-GameRemovals\20260713-221253\AGF-VP-BreakItGetIt-v2.1.0
[2026-07-13 22:12:53] [INFO] sync-work cleanup: post-rename removed extra game version for base AGF-VP-BreakItGetIt: AGF-VP-BreakItGetIt-v2.1.0
[2026-07-13 22:12:53] [INFO] Quarantined game folder instead of delete: C:\Program Files (x86)\Steam\steamapps\common\7 Days To Die\Mods\AGF-VP-CraftSewingKits-v2.1.0 -> C:\GitHub\7D2D-Mods\_Quarantine-GameRemovals\20260713-221253\AGF-VP-CraftSewingKits-v2.1.0
[2026-07-13 22:12:53] [INFO] sync-work cleanup: post-rename removed extra game version for base AGF-VP-CraftSewingKits: AGF-VP-CraftSewingKits-v2.1.0
[2026-07-13 22:12:53] [INFO] Quarantined game folder instead of delete: C:\Program Files (x86)\Steam\steamapps\common\7 Days To Die\Mods\AGF-VP-CraftVitamins-v2.1.0 -> C:\GitHub\7D2D-Mods\_Quarantine-GameRemovals\20260713-221253\AGF-VP-CraftVitamins-v2.1.0
[2026-07-13 22:12:53] [INFO] sync-work cleanup: post-rename removed extra game version for base AGF-VP-CraftVitamins: AGF-VP-CraftVitamins-v2.1.0
[2026-07-13 22:12:53] [INFO] Quarantined game folder instead of delete: C:\Program Files (x86)\Steam\steamapps\common\7 Days To Die\Mods\AGF-VP-FuelBurnPlus-v3.1.0 -> C:\GitHub\7D2D-Mods\_Quarantine-GameRemovals\20260713-221253\AGF-VP-FuelBurnPlus-v3.1.0
[2026-07-13 22:12:53] [INFO] sync-work cleanup: post-rename removed extra game version for base AGF-VP-FuelBurnPlus: AGF-VP-FuelBurnPlus-v3.1.0
[2026-07-13 22:12:53] [INFO] Quarantined game folder instead of delete: C:\Program Files (x86)\Steam\steamapps\common\7 Days To Die\Mods\AGF-VP-LargerStorageOption-v1.1.0 -> C:\GitHub\7D2D-Mods\_Quarantine-GameRemovals\20260713-221253\AGF-VP-LargerStorageOption-v1.1.0
[2026-07-13 22:12:53] [INFO] sync-work cleanup: post-rename removed extra game version for base AGF-VP-LargerStorageOption: AGF-VP-LargerStorageOption-v1.1.0
[2026-07-13 22:12:53] [INFO] Quarantined game folder instead of delete: C:\Program Files (x86)\Steam\steamapps\common\7 Days To Die\Mods\AGF-VP-MasterTool-v7.1.0 -> C:\GitHub\7D2D-Mods\_Quarantine-GameRemovals\20260713-221253\AGF-VP-MasterTool-v7.1.0
[2026-07-13 22:12:53] [INFO] sync-work cleanup: post-rename removed extra game version for base AGF-VP-MasterTool: AGF-VP-MasterTool-v7.1.0
[2026-07-13 22:12:53] [INFO] Quarantined game folder instead of delete: C:\Program Files (x86)\Steam\steamapps\common\7 Days To Die\Mods\AGF-VP-MaxLevel500-v3.1.0 -> C:\GitHub\7D2D-Mods\_Quarantine-GameRemovals\20260713-221253\AGF-VP-MaxLevel500-v3.1.0
[2026-07-13 22:12:53] [INFO] sync-work cleanup: post-rename removed extra game version for base AGF-VP-MaxLevel500: AGF-VP-MaxLevel500-v3.1.0
[2026-07-13 22:12:53] [INFO] Quarantined game folder instead of delete: C:\Program Files (x86)\Steam\steamapps\common\7 Days To Die\Mods\AGF-VP-ModSlotsPlus-v4.1.0 -> C:\GitHub\7D2D-Mods\_Quarantine-GameRemovals\20260713-221253\AGF-VP-ModSlotsPlus-v4.1.0
[2026-07-13 22:12:53] [INFO] sync-work cleanup: post-rename removed extra game version for base AGF-VP-ModSlotsPlus: AGF-VP-ModSlotsPlus-v4.1.0
[2026-07-13 22:12:53] [INFO] Quarantined game folder instead of delete: C:\Program Files (x86)\Steam\steamapps\common\7 Days To Die\Mods\AGF-VP-PickupLanternsPlus-v3.1.0 -> C:\GitHub\7D2D-Mods\_Quarantine-GameRemovals\20260713-221253\AGF-VP-PickupLanternsPlus-v3.1.0
[2026-07-13 22:12:53] [INFO] sync-work cleanup: post-rename removed extra game version for base AGF-VP-PickupLanternsPlus: AGF-VP-PickupLanternsPlus-v3.1.0
[2026-07-13 22:12:53] [INFO] Quarantined game folder instead of delete: C:\Program Files (x86)\Steam\steamapps\common\7 Days To Die\Mods\AGF-VP-PlayerResetQuests-v3.1.0 -> C:\GitHub\7D2D-Mods\_Quarantine-GameRemovals\20260713-221253\AGF-VP-PlayerResetQuests-v3.1.0
[2026-07-13 22:12:53] [INFO] sync-work cleanup: post-rename removed extra game version for base AGF-VP-PlayerResetQuests: AGF-VP-PlayerResetQuests-v3.1.0
[2026-07-13 22:12:53] [INFO] Quarantined game folder instead of delete: C:\Program Files (x86)\Steam\steamapps\common\7 Days To Die\Mods\AGF-VP-RebundleBundles-v2.1.0 -> C:\GitHub\7D2D-Mods\_Quarantine-GameRemovals\20260713-221253\AGF-VP-RebundleBundles-v2.1.0
[2026-07-13 22:12:53] [INFO] sync-work cleanup: post-rename removed extra game version for base AGF-VP-RebundleBundles: AGF-VP-RebundleBundles-v2.1.0
[2026-07-13 22:12:53] [INFO] Quarantined game folder instead of delete: C:\Program Files (x86)\Steam\steamapps\common\7 Days To Die\Mods\AGF-VP-RestorePowerAnyTime-v2.1.0 -> C:\GitHub\7D2D-Mods\_Quarantine-GameRemovals\20260713-221253\AGF-VP-RestorePowerAnyTime-v2.1.0
[2026-07-13 22:12:53] [INFO] sync-work cleanup: post-rename removed extra game version for base AGF-VP-RestorePowerAnyTime: AGF-VP-RestorePowerAnyTime-v2.1.0
[2026-07-13 22:12:53] [INFO] Quarantined game folder instead of delete: C:\Program Files (x86)\Steam\steamapps\common\7 Days To Die\Mods\AGF-VP-ScrapBatts4Acid-v2.1.0 -> C:\GitHub\7D2D-Mods\_Quarantine-GameRemovals\20260713-221253\AGF-VP-ScrapBatts4Acid-v2.1.0
[2026-07-13 22:12:53] [INFO] sync-work cleanup: post-rename removed extra game version for base AGF-VP-ScrapBatts4Acid: AGF-VP-ScrapBatts4Acid-v2.1.0
[2026-07-13 22:12:53] [INFO] Quarantined game folder instead of delete: C:\Program Files (x86)\Steam\steamapps\common\7 Days To Die\Mods\AGF-VP-ScrapEquipmentFaster-v2.1.0 -> C:\GitHub\7D2D-Mods\_Quarantine-GameRemovals\20260713-221253\AGF-VP-ScrapEquipmentFaster-v2.1.0
[2026-07-13 22:12:53] [INFO] sync-work cleanup: post-rename removed extra game version for base AGF-VP-ScrapEquipmentFaster: AGF-VP-ScrapEquipmentFaster-v2.1.0
[2026-07-13 22:12:53] [INFO] Quarantined game folder instead of delete: C:\Program Files (x86)\Steam\steamapps\common\7 Days To Die\Mods\AGF-VP-SimplifiedStacks-v2.1.0 -> C:\GitHub\7D2D-Mods\_Quarantine-GameRemovals\20260713-221253\AGF-VP-SimplifiedStacks-v2.1.0
[2026-07-13 22:12:53] [INFO] sync-work cleanup: post-rename removed extra game version for base AGF-VP-SimplifiedStacks: AGF-VP-SimplifiedStacks-v2.1.0
[2026-07-13 22:12:53] [INFO] Quarantined game folder instead of delete: C:\Program Files (x86)\Steam\steamapps\common\7 Days To Die\Mods\AGF-VP-StayLongerAnimalCorpse-v3.1.0 -> C:\GitHub\7D2D-Mods\_Quarantine-GameRemovals\20260713-221253\AGF-VP-StayLongerAnimalCorpse-v3.1.0
[2026-07-13 22:12:53] [INFO] sync-work cleanup: post-rename removed extra game version for base AGF-VP-StayLongerAnimalCorpse: AGF-VP-StayLongerAnimalCorpse-v3.1.0
[2026-07-13 22:12:53] [INFO] Quarantined game folder instead of delete: C:\Program Files (x86)\Steam\steamapps\common\7 Days To Die\Mods\AGF-VP-StayLongerPlayerBackpack-v3.1.0 -> C:\GitHub\7D2D-Mods\_Quarantine-GameRemovals\20260713-221253\AGF-VP-StayLongerPlayerBackpack-v3.1.0
[2026-07-13 22:12:53] [INFO] sync-work cleanup: post-rename removed extra game version for base AGF-VP-StayLongerPlayerBackpack: AGF-VP-StayLongerPlayerBackpack-v3.1.0
[2026-07-13 22:12:53] [INFO] Quarantined game folder instead of delete: C:\Program Files (x86)\Steam\steamapps\common\7 Days To Die\Mods\AGF-VP-VehiclePerformance-v2.1.0 -> C:\GitHub\7D2D-Mods\_Quarantine-GameRemovals\20260713-221253\AGF-VP-VehiclePerformance-v2.1.0
[2026-07-13 22:12:53] [INFO] sync-work cleanup: post-rename removed extra game version for base AGF-VP-VehiclePerformance: AGF-VP-VehiclePerformance-v2.1.0
[2026-07-13 22:12:53] [INFO] Quarantined game folder instead of delete: C:\Program Files (x86)\Steam\steamapps\common\7 Days To Die\Mods\AGF-VP-VehiclesExtraSeating-v2.1.0 -> C:\GitHub\7D2D-Mods\_Quarantine-GameRemovals\20260713-221253\AGF-VP-VehiclesExtraSeating-v2.1.0
[2026-07-13 22:12:53] [INFO] sync-work cleanup: post-rename removed extra game version for base AGF-VP-VehiclesExtraSeating: AGF-VP-VehiclesExtraSeating-v2.1.0
[2026-07-13 22:12:53] [INFO] Quarantined game folder instead of delete: C:\Program Files (x86)\Steam\steamapps\common\7 Days To Die\Mods\AGF-VP-VehicleStoragePlus-v3.1.0 -> C:\GitHub\7D2D-Mods\_Quarantine-GameRemovals\20260713-221253\AGF-VP-VehicleStoragePlus-v3.1.0
[2026-07-13 22:12:53] [INFO] sync-work cleanup: post-rename removed extra game version for base AGF-VP-VehicleStoragePlus: AGF-VP-VehicleStoragePlus-v3.1.0
[2026-07-13 22:12:53] [INFO] Quarantined game folder instead of delete: C:\Program Files (x86)\Steam\steamapps\common\7 Days To Die\Mods\AGF-VP-ZombieCorpseLeaveQuicker-v3.1.0 -> C:\GitHub\7D2D-Mods\_Quarantine-GameRemovals\20260713-221253\AGF-VP-ZombieCorpseLeaveQuicker-v3.1.0
[2026-07-13 22:12:53] [INFO] sync-work cleanup: post-rename removed extra game version for base AGF-VP-ZombieCorpseLeaveQuicker: AGF-VP-ZombieCorpseLeaveQuicker-v3.1.0
[2026-07-13 22:12:53] [INFO] Quarantined game folder instead of delete: C:\Program Files (x86)\Steam\steamapps\common\7 Days To Die\Mods\zzzAGF-Special-Compatibilities-v5.1.0 -> C:\GitHub\7D2D-Mods\_Quarantine-GameRemovals\20260713-221253\zzzAGF-Special-Compatibilities-v5.1.0
[2026-07-13 22:12:53] [INFO] sync-work cleanup: post-rename removed extra game version for base zzzAGF-Special-Compatibilities: zzzAGF-Special-Compatibilities-v5.1.0
[2026-07-13 22:12:53] [INFO] Quarantined game folder instead of delete: C:\Program Files (x86)\Steam\steamapps\common\7 Days To Die\Mods\zzzAGF-Special-LocalizationPatches-v1.0.0 -> C:\GitHub\7D2D-Mods\_Quarantine-GameRemovals\20260713-221253\zzzAGF-Special-LocalizationPatches-v1.0.0
[2026-07-13 22:12:53] [INFO] sync-work cleanup: post-rename removed extra game version for base zzzAGF-Special-LocalizationPatches: zzzAGF-Special-LocalizationPatches-v1.0.0
[2026-07-13 22:12:53] [INFO] Pre-release prep: refresh folder names + README files
[2026-07-13 22:12:53] [INFO] Rename folders to match ModInfo Name+Version when safe
[2026-07-13 22:12:53] [INFO] Step 4.2: Normalize HELPER_ModCompatibility.csv
[2026-07-13 22:12:53] [INFO] Step 4.3: Normalize quote files
[2026-07-13 22:12:53] [INFO] Generate per-mod README.txt
[2026-07-13 22:12:54] [INFO] Cleanup: Remove legacy 4Modders-replaced folders in 02_ActiveBuild
[2026-07-13 22:12:54] [INFO] Cleanup: Remove older duplicate versions in 02_ActiveBuild
[2026-07-13 22:12:54] [INFO] Rename folders to match ModInfo Name+Version when safe
[2026-07-13 22:12:54] [INFO] Cleanup: Remove older duplicate versions in 01_Draft
[2026-07-13 22:12:54] [INFO] Step 4.2: Normalize HELPER_ModCompatibility.csv
[2026-07-13 22:12:54] [INFO] Step 4.3: Normalize quote files
[2026-07-13 22:12:54] [INFO] Generate per-mod README.txt
[2026-07-13 22:12:55] [INFO] Mod image generation disabled (no longer deployed to mod folders)
[2026-07-13 22:12:55] [INFO] Targeted game sync skipped: no ActiveBuild mods changed for mod image refresh
[2026-07-13 22:12:55] [INFO] Generate per-mod README.txt
[2026-07-13 22:12:56] [INFO] Step 5: Push updated pulled mods back to game folder
[2026-07-13 22:12:56] [INFO] Pending GigglePack changes updated: new=0, updated=42, renamed=0, removed=0

=== SUMMARY ===
scanned_workspace_mods: 42
scanned_game_mods: 38
synced_pull_from_game: 0
synced_push_to_game: 39
sync_conflicts: 0
moved_to_publish_ready: 0
moved_to_in_progress: 0
renamed_folders: 42
csv_added_rows: 0
csv_removed_rows: 0
quote_files_created: 0
quote_files_renamed: 0
quote_files_blanked_none: 0
readmes_written: 134
readable_txt_written: 0
pushed_back_to_game: 0
mod_zips_created: 0
pack_zips_created: 0
promoted_to_publish_ready: 0
warnings: 0
errors: 0

=== MOD CHANGES ===
AGF-BackpackPlus-084Slots-v4.1.1 | pushed to game
AGF-HUDPlus-1Main-v6.5.2 | pushed to game
AGF-HUDPlus-BMCounter-v4.0.1 | pushed to game
AGF-HUDPlus-PurpleBook-v3.1.1 | pushed to game
AGF-HUDPlus-RemoveEnteringPopUp-v2.1.1 | pushed to game
AGF-NoEAC-AutoRun-v2.1.1 | pushed to game
AGF-NoEAC-CosmeticLockIcon-v3.1.1 | pushed to game
AGF-NoEAC-EnhancedAGF-v4.3.1 | pushed to game
AGF-NoEAC-GlobalStormTracker-v2.1.1 | pushed to game
AGF-NoEAC-ScreamerAlert-v2.3.1 | pushed to game
AGF-NoEAC-SignErrorGuard-v1.1.1 | pushed to game
AGF-NoEAC-Toolbelt12Slots-v2.2.2 | pushed to game
AGF-VP-AutomobilesRespawn-v4.1.1 | pushed to game
AGF-VP-BedrollPlus-v2.1.1 | pushed to game
AGF-VP-BetterEggChance-v3.1.1 | pushed to game
AGF-VP-BreakItGetIt-v2.1.1 | pushed to game
AGF-VP-CraftSewingKits-v2.1.1 | pushed to game
AGF-VP-CraftVitamins-v2.1.1 | pushed to game
AGF-VP-FuelBurnPlus-v3.1.1 | pushed to game
AGF-VP-LargerStorageOption-v1.1.1 | pushed to game
AGF-VP-MasterTool-v7.1.1 | pushed to game
AGF-VP-MaxLevel500-v3.1.1 | pushed to game
AGF-VP-ModSlotsPlus-v4.1.1 | pushed to game
AGF-VP-PickupLanternsPlus-v3.1.1 | pushed to game
AGF-VP-PlayerResetQuests-v3.1.1 | pushed to game
AGF-VP-RebundleBundles-v2.1.1 | pushed to game
AGF-VP-RestorePowerAnyTime-v2.1.1 | pushed to game
AGF-VP-ScrapBatts4Acid-v2.1.1 | pushed to game
AGF-VP-ScrapEquipmentFaster-v2.1.1 | pushed to game
AGF-VP-SimplifiedStacks-v2.1.1 | pushed to game
AGF-VP-StayLongerAnimalCorpse-v3.1.1 | pushed to game
AGF-VP-StayLongerPlayerBackpack-v3.1.1 | pushed to game
AGF-VP-VehiclePerformance-v2.1.1 | pushed to game
AGF-VP-VehiclesExtraSeating-v2.1.1 | pushed to game
AGF-VP-VehicleStoragePlus-v3.1.1 | pushed to game
AGF-VP-ZombieCorpseLeaveQuicker-v3.1.1 | pushed to game
