[2026-07-13 16:11:55] [INFO] Starting SCRIPT-Main automation pipeline
[2026-07-13 16:11:55] [INFO] Selected mode: update
[2026-07-13 16:11:55] [INFO] Scope policy: only AGF-/zzzAGF-prefixed mods are managed in workspace and game folders
[2026-07-13 16:11:55] [INFO] Preflight writeability check passed
[2026-07-13 16:11:55] [INFO] Mode update: sync Draft<->Game, ingest Draft->ActiveBuild, sync ActiveBuild<->Game, normalize names/readmes — no promote or package.
[2026-07-13 16:11:56] [INFO] Step 0.25: Compare Game <-> Draft and pull newer game updates into Draft
[2026-07-13 16:11:56] [INFO] Rename folders to match ModInfo Name+Version when safe
[2026-07-13 16:11:56] [INFO] Step 0.5: Promote Draft mods to ActiveBuild only on major-version upgrade
[2026-07-13 16:11:56] [INFO] Draft hold: AGF-4Modders-10IngredientSlots-v1.0.2 v1.0.2 not promoted (baseline major 1; waiting for major increase)
[2026-07-13 16:11:56] [INFO] Draft sync skipped for AGF-4Modders-AntiCM-v0.0.2: version 0.0.2 is draft-only (major < 1)
[2026-07-13 16:11:56] [INFO] Draft hold: AGF-4Modders-CustomWindowEnteringDuration-v1.0.1 v1.0.1 not promoted (baseline major 1; waiting for major increase)
[2026-07-13 16:11:56] [INFO] Draft sync skipped for AGF-4Modders-ESCWindowPlus-v0.3.2: version 0.3.2 is draft-only (major < 1)
[2026-07-13 16:11:56] [INFO] Draft hold: AGF-4Modders-Fix4DestroyBiomeBadge-v1.0.1 v1.0.1 not promoted (baseline major 1; waiting for major increase)
[2026-07-13 16:11:56] [INFO] Draft hold: AGF-4Modders-Fix4RemoveItems-v1.0.1 v1.0.1 not promoted (baseline major 1; waiting for major increase)
[2026-07-13 16:11:56] [INFO] Draft hold: AGF-4Modders-ItemTypeIconColor-v2.0.0 v2.0.0 not promoted (baseline major 2; waiting for major increase)
[2026-07-13 16:11:56] [INFO] Draft hold: AGF-4Modders-SkillPointCap-v1.0.1 v1.0.1 not promoted (baseline major 1; waiting for major increase)
[2026-07-13 16:11:56] [INFO] Draft hold: AGF-HUDPluszOther-SmallerInteractionPrompt-v1.0.1 v1.0.1 not promoted (baseline major 1; waiting for major increase)
[2026-07-13 16:11:56] [INFO] Draft hold: AGF-HUDPluszOther-TinyBuffsPopUp-v1.0.1 v1.0.1 not promoted (baseline major 1; waiting for major increase)
[2026-07-13 16:11:56] [INFO] Draft hold: AGF-NoEAC-AudioOptionsPlus-v1.0.1 v1.0.1 not promoted (baseline major 1; waiting for major increase)
[2026-07-13 16:11:56] [INFO] Draft hold: AGF-NoEAC-ConsoleOpacityMod-v1.0.1 v1.0.1 not promoted (baseline major 1; waiting for major increase)
[2026-07-13 16:11:56] [INFO] Draft hold: AGF-NoEAC-ExpandedInteractionPrompts-v1.1.1 v1.1.1 not promoted (baseline major 1; waiting for major increase)
[2026-07-13 16:11:56] [INFO] Draft hold: AGF-NoEAC-FlightAssist-v1.0.1 v1.0.1 not promoted (baseline major 1; waiting for major increase)
[2026-07-13 16:11:56] [INFO] Draft hold: AGF-NoEAC-LockableWorkstations-v1.2.1 v1.2.1 not promoted (baseline major 1; waiting for major increase)
[2026-07-13 16:11:56] [INFO] Draft hold: AGF-NoEAC-OpenAllButton-v1.0.2 v1.0.2 not promoted (baseline major 1; waiting for major increase)
[2026-07-13 16:11:56] [INFO] Draft hold: AGF-NoEAC-SortingBox-v1.0.6 v1.0.6 not promoted (baseline major 1; waiting for major increase)
[2026-07-13 16:11:56] [INFO] Draft sync skipped for AGF-NoEAC-TerrainLeveler-v0.0.2: version 0.0.2 is draft-only (major < 1)
[2026-07-13 16:11:56] [INFO] Draft sync skipped for AGF-NoEAC-VisualEntityTracker-v0.2.0: version 0.2.0 is draft-only (major < 1)
[2026-07-13 16:11:56] [INFO] Draft hold: AGF-VP-AdminModdingSupport-v1.0.5 v1.0.5 not promoted (baseline major 1; waiting for major increase)
[2026-07-13 16:11:56] [INFO] Draft hold: AGF-VP-AlternativeRecipes-v1.0.2 v1.0.2 not promoted (baseline major 1; waiting for major increase)
[2026-07-13 16:11:56] [INFO] Draft hold: AGF-VP-AmmoDisassembly-v1.0.2 v1.0.2 not promoted (baseline major 1; waiting for major increase)
[2026-07-13 16:11:56] [INFO] Draft hold: AGF-VP-ApiaryPlus-v1.0.4 v1.0.4 not promoted (baseline major 1; waiting for major increase)
[2026-07-13 16:11:56] [INFO] Draft hold: AGF-VP-ArcheryFeathersChange-v1.0.3 v1.0.3 not promoted (baseline major 1; waiting for major increase)
[2026-07-13 16:11:56] [INFO] Draft hold: AGF-VP-ArmorHarvestMods-v2.1.1 v2.1.1 not promoted (baseline major 2; waiting for major increase)
[2026-07-13 16:11:56] [INFO] Draft hold: AGF-VP-BuyTraderVendingMachines-v3.0.3 v3.0.3 not promoted (baseline major 3; waiting for major increase)
[2026-07-13 16:11:56] [INFO] Draft hold: AGF-VP-CraftStackEngBattCells-v3.3.1 v3.3.1 not promoted (baseline major 3; waiting for major increase)
[2026-07-13 16:11:56] [INFO] Draft hold: AGF-VP-DecorationBlock-v3.0.3 v3.0.3 not promoted (baseline major 3; waiting for major increase)
[2026-07-13 16:11:56] [INFO] Draft hold: AGF-VP-DewsPlus-v2.4.3 v2.4.3 not promoted (baseline major 2; waiting for major increase)
[2026-07-13 16:11:56] [INFO] Draft hold: AGF-VP-DoorsPlus-v3.0.1 v3.0.1 not promoted (baseline major 3; waiting for major increase)
[2026-07-13 16:11:56] [INFO] Draft hold: AGF-VP-DrinkableAcid-v2.0.2 v2.0.2 not promoted (baseline major 2; waiting for major increase)
[2026-07-13 16:11:56] [INFO] Draft hold: AGF-VP-DyesPlus-v3.1.1 v3.1.1 not promoted (baseline major 3; waiting for major increase)
[2026-07-13 16:11:56] [INFO] Draft hold: AGF-VP-FarmingPlus-v5.6.3 v5.6.3 not promoted (baseline major 5; waiting for major increase)
[2026-07-13 16:11:56] [INFO] Draft hold: AGF-VP-FloraHarvester-v2.3.1 v2.3.1 not promoted (baseline major 2; waiting for major increase)
[2026-07-13 16:11:56] [INFO] Draft sync skipped for AGF-VP-MedicalTreatOthersTreatedInjuries-v0.0.2: version 0.0.2 is draft-only (major < 1)
[2026-07-13 16:11:56] [INFO] Draft sync skipped for AGF-VP-MedicallyTreatOthers-v0.0.2: version 0.0.2 is draft-only (major < 1)
[2026-07-13 16:11:56] [INFO] Draft hold: AGF-VP-MedicationNoInsectSlow-v1.1.1 v1.1.1 not promoted (baseline major 1; waiting for major increase)
[2026-07-13 16:11:56] [INFO] Draft hold: AGF-VP-MiningPlus-v1.2.1 v1.2.1 not promoted (baseline major 1; waiting for major increase)
[2026-07-13 16:11:56] [INFO] Draft hold: AGF-VP-Mod988-v2.0.2 v2.0.2 not promoted (baseline major 2; waiting for major increase)
[2026-07-13 16:11:56] [INFO] Draft hold: AGF-VP-ModBundling-v1.0.2 v1.0.2 not promoted (baseline major 1; waiting for major increase)
[2026-07-13 16:11:56] [INFO] Draft hold: AGF-VP-PaintbrushPlus-v2.1.1 v2.1.1 not promoted (baseline major 2; waiting for major increase)
[2026-07-13 16:11:56] [INFO] Draft hold: AGF-VP-PlayerVendingMachinesPlus-v1.0.1 v1.0.1 not promoted (baseline major 1; waiting for major increase)
[2026-07-13 16:11:56] [INFO] Draft hold: AGF-VP-PumpkinsPlus-v2.0.5 v2.0.5 not promoted (baseline major 2; waiting for major increase)
[2026-07-13 16:11:56] [INFO] Draft hold: AGF-VP-RecipeRottingFlesh-v1.0.1 v1.0.1 not promoted (baseline major 1; waiting for major increase)
[2026-07-13 16:11:56] [INFO] Draft hold: AGF-VP-RenamesAlphabeticalSort-v2.0.5 v2.0.5 not promoted (baseline major 2; waiting for major increase)
[2026-07-13 16:11:56] [INFO] Draft hold: AGF-VP-SmeltingPlus-v2.4.1 v2.4.1 not promoted (baseline major 2; waiting for major increase)
[2026-07-13 16:11:56] [INFO] Draft hold: AGF-VP-TacticalRiflePlus-v2.1.1 v2.1.1 not promoted (baseline major 2; waiting for major increase)
[2026-07-13 16:11:56] [INFO] Draft hold: AGF-VP-TreesPlus-v3.0.2 v3.0.2 not promoted (baseline major 3; waiting for major increase)
[2026-07-13 16:11:56] [INFO] Draft hold: AGF-VP-WriteStoryOnCrate-v1.0.1 v1.0.1 not promoted (baseline major 1; waiting for major increase)
[2026-07-13 16:11:56] [INFO] Draft hold: AGF-VP-XPDeathPenaltyReduction-v2.0.1 v2.0.1 not promoted (baseline major 2; waiting for major increase)
[2026-07-13 16:11:56] [INFO] Lane policy: keep major v0.x mods in Draft, not ActiveBuild
[2026-07-13 16:11:56] [INFO] Rename folders to match ModInfo Name+Version when safe
[2026-07-13 16:11:56] [INFO] Rename folders to match ModInfo Name+Version when safe
[2026-07-13 16:11:56] [INFO] Mode sync-work: Sync Staging <-> Game by version
[2026-07-13 16:11:56] [INFO] Policy: keep one active BackpackPlus in game root, keep all BackpackPlus in .Optionals-Backpack, mirror all HUDPlus/HUDPluszOther in .Optionals-HUDPlus and keep HUDPluszOther out of game root, and mirror AGF-4Modders into .Optionals-4Modders without auto-pushing them into game root.
[2026-07-13 16:11:56] [INFO] Quarantined game folder instead of delete: C:\Program Files (x86)\Steam\steamapps\common\7 Days To Die\Mods\AGF-HUDPlus-PurpleBook-v3.1.0 -> C:\GitHub\7D2D-Mods\_Quarantine-GameRemovals\20260713-161156\AGF-HUDPlus-PurpleBook-v3.1.0
[2026-07-13 16:11:56] [INFO] sync-work tie resolved for AGF-HUDPlus-PurpleBook: both v3.1.0 but content differed. Pushed staging copy to game.
[2026-07-13 16:11:57] [INFO] Quarantined game folder instead of delete: C:\Program Files (x86)\Steam\steamapps\common\7 Days To Die\Mods\AGF-NoEAC-EnhancedAGF-v4.3.0 -> C:\GitHub\7D2D-Mods\_Quarantine-GameRemovals\20260713-161157\AGF-NoEAC-EnhancedAGF-v4.3.0
[2026-07-13 16:11:57] [INFO] sync-work tie resolved for AGF-NoEAC-EnhancedAGF: both v4.3.0 but content differed. Pushed staging copy to game.
[2026-07-13 16:11:58] [INFO] Quarantined game folder instead of delete: C:\Program Files (x86)\Steam\steamapps\common\7 Days To Die\Mods\AGF-NoEAC-ScreamerAlert-v2.3.0 -> C:\GitHub\7D2D-Mods\_Quarantine-GameRemovals\20260713-161158\AGF-NoEAC-ScreamerAlert-v2.3.0
[2026-07-13 16:11:58] [INFO] sync-work tie resolved for AGF-NoEAC-ScreamerAlert: both v2.3.0 but content differed. Pushed staging copy to game.
[2026-07-13 16:11:59] [INFO] sync-work mirror: backpack optional updated: AGF-BackpackPlus-060Slots-v4.1.0
[2026-07-13 16:11:59] [INFO] sync-work mirror: backpack optional updated: AGF-BackpackPlus-072Slots-v4.1.0
[2026-07-13 16:11:59] [INFO] sync-work mirror: backpack optional updated: AGF-BackpackPlus-084Slots-v4.1.0
[2026-07-13 16:11:59] [INFO] sync-work mirror: backpack optional updated: AGF-BackpackPlus-119Slots-v2.1.0
[2026-07-13 16:11:59] [INFO] sync-work mirror: HUD optional updated: AGF-HUDPlus-1Main-v6.5.1
[2026-07-13 16:11:59] [INFO] sync-work mirror: HUD optional updated: AGF-HUDPlus-BMCounter-v4.0.0
[2026-07-13 16:11:59] [INFO] sync-work mirror: HUD optional updated: AGF-HUDPlus-PurpleBook-v3.1.0
[2026-07-13 16:11:59] [INFO] sync-work mirror: HUD optional updated: AGF-HUDPlus-RemoveEnteringPopUp-v2.1.0
[2026-07-13 16:11:59] [INFO] sync-work mirror: HUD optional updated: AGF-HUDPluszOther-Weekday-v3.1.0
[2026-07-13 16:11:59] [INFO] Rename folders to match ModInfo Name+Version when safe
[2026-07-13 16:11:59] [INFO] sync-work cleanup: post-rename cleanup pass
[2026-07-13 16:11:59] [INFO] Pre-release prep: refresh folder names + README files
[2026-07-13 16:11:59] [INFO] Rename folders to match ModInfo Name+Version when safe
[2026-07-13 16:11:59] [INFO] Step 4.2: Normalize HELPER_ModCompatibility.csv
[2026-07-13 16:11:59] [INFO] Step 4.3: Normalize quote files
[2026-07-13 16:11:59] [INFO] Generate per-mod README.txt
[2026-07-13 16:11:59] [INFO] Cleanup: Remove legacy 4Modders-replaced folders in 02_ActiveBuild
[2026-07-13 16:11:59] [INFO] Cleanup: Remove older duplicate versions in 02_ActiveBuild
[2026-07-13 16:11:59] [INFO] Rename folders to match ModInfo Name+Version when safe
[2026-07-13 16:11:59] [INFO] Cleanup: Remove older duplicate versions in 01_Draft
[2026-07-13 16:11:59] [INFO] Step 4.2: Normalize HELPER_ModCompatibility.csv
[2026-07-13 16:11:59] [INFO] Step 4.3: Normalize quote files
[2026-07-13 16:11:59] [INFO] Generate per-mod README.txt
[2026-07-13 16:12:00] [INFO] Mod image generation disabled (no longer deployed to mod folders)
[2026-07-13 16:12:00] [INFO] Targeted game sync skipped: no ActiveBuild mods changed for mod image refresh
[2026-07-13 16:12:00] [INFO] Generate per-mod README.txt
[2026-07-13 16:12:02] [INFO] Step 5: Push updated pulled mods back to game folder
[2026-07-13 16:12:02] [INFO] Pending GigglePack changes updated: new=0, updated=1, renamed=0, removed=0

=== SUMMARY ===
scanned_workspace_mods: 42
scanned_game_mods: 38
synced_pull_from_game: 0
synced_push_to_game: 3
sync_conflicts: 0
moved_to_publish_ready: 0
moved_to_in_progress: 0
renamed_folders: 0
csv_added_rows: 0
csv_removed_rows: 0
quote_files_created: 0
quote_files_renamed: 0
quote_files_blanked_none: 0
readmes_written: 134
readable_txt_written: 0
pushed_back_to_game: 0
mod_zips_created: 0
pack_zips_created: 0
promoted_to_publish_ready: 0
warnings: 0
errors: 0

=== MOD CHANGES ===
none
