[2026-06-26 17:54:34] [INFO] Starting SCRIPT-Main automation pipeline
[2026-06-26 17:54:34] [INFO] Selected mode: full
[2026-06-26 17:54:34] [INFO] Scope policy: only AGF-/zzzAGF-prefixed mods are managed in workspace and game folders
[2026-06-26 17:54:34] [INFO] Dry-run mode enabled: no file system changes will be written
[2026-06-26 17:54:34] [INFO] Preflight writeability check passed
[2026-06-26 17:54:34] [INFO] Mode full: sync Game<->Draft for tracked draft mods, ingest Draft->ActiveBuild, sync ActiveBuild<->Game, then apply targeted pushback for pulled mods, then finalize/promote/package.
[2026-06-26 17:54:34] [WARN] Notepad++ is currently open. Game-folder sync/push/pull is about to run and may fail due to file locks. Please close Notepad++ and press Enter to continue, or type 'skip' to abort. Proceeding because this run is non-interactive.
[2026-06-26 17:54:34] [INFO] Step 0.25: Compare Game <-> Draft and pull newer game updates into Draft
[2026-06-26 17:54:34] [INFO] Rename folders to match ModInfo Name+Version when safe
[2026-06-26 17:54:34] [INFO] Step 0.5: Promote Draft mods to ActiveBuild only on major-version upgrade
[2026-06-26 17:54:34] [INFO] Draft hold: AGF-4Modders-10IngredientSlots-v1.0.2 v1.0.2 not promoted (baseline major 1; waiting for major increase)
[2026-06-26 17:54:34] [INFO] Draft sync skipped for AGF-4Modders-AntiCM-v0.0.2: version 0.0.2 is draft-only (major < 1)
[2026-06-26 17:54:34] [INFO] Draft hold: AGF-4Modders-CustomWindowEnteringDuration-v1.0.1 v1.0.1 not promoted (baseline major 1; waiting for major increase)
[2026-06-26 17:54:34] [INFO] Draft sync skipped for AGF-4Modders-ESCWindowPlus-v0.3.2: version 0.3.2 is draft-only (major < 1)
[2026-06-26 17:54:34] [INFO] Draft hold: AGF-4Modders-Fix4DestroyBiomeBadge-v1.0.1 v1.0.1 not promoted (baseline major 1; waiting for major increase)
[2026-06-26 17:54:34] [INFO] Draft hold: AGF-4Modders-Fix4RemoveItems-v1.0.1 v1.0.1 not promoted (baseline major 1; waiting for major increase)
[2026-06-26 17:54:34] [INFO] Draft hold: AGF-4Modders-SkillPointCap-v1.0.1 v1.0.1 not promoted (baseline major 1; waiting for major increase)
[2026-06-26 17:54:34] [INFO] Draft hold: AGF-HUDPlus-BMCounter-v2.1.3 v2.1.3 not promoted (baseline major 2; waiting for major increase)
[2026-06-26 17:54:34] [INFO] Draft hold: AGF-HUDPlus-PurpleBook-v2.0.1 v2.0.1 not promoted (baseline major 2; waiting for major increase)
[2026-06-26 17:54:34] [INFO] Draft hold: AGF-HUDPluszOther-SmallerInteractionPrompt-v1.0.1 v1.0.1 not promoted (baseline major 1; waiting for major increase)
[2026-06-26 17:54:34] [INFO] Draft hold: AGF-HUDPluszOther-TinyBuffsPopUp-v1.0.1 v1.0.1 not promoted (baseline major 1; waiting for major increase)
[2026-06-26 17:54:34] [INFO] Draft hold: AGF-NoEAC-AudioOptionsPlus-v1.0.1 v1.0.1 not promoted (baseline major 1; waiting for major increase)
[2026-06-26 17:54:34] [INFO] Draft hold: AGF-NoEAC-ConsoleOpacityMod-v1.0.1 v1.0.1 not promoted (baseline major 1; waiting for major increase)
[2026-06-26 17:54:34] [INFO] Draft hold: AGF-NoEAC-CosmeticLockIcon-v1.0.2 v1.0.2 not promoted (baseline major 1; waiting for major increase)
[2026-06-26 17:54:34] [INFO] Draft hold: AGF-NoEAC-ExpandedInteractionPrompts-v1.1.1 v1.1.1 not promoted (baseline major 1; waiting for major increase)
[2026-06-26 17:54:34] [INFO] Draft hold: AGF-NoEAC-FlightAssist-v1.0.1 v1.0.1 not promoted (baseline major 1; waiting for major increase)
[2026-06-26 17:54:34] [INFO] Draft hold: AGF-NoEAC-ItemTypeIconColor-v1.0.3 v1.0.3 not promoted (baseline major 1; waiting for major increase)
[2026-06-26 17:54:34] [INFO] Draft hold: AGF-NoEAC-LockableWorkstations-v1.2.1 v1.2.1 not promoted (baseline major 1; waiting for major increase)
[2026-06-26 17:54:34] [INFO] Draft hold: AGF-NoEAC-OpenAllButton-v1.0.2 v1.0.2 not promoted (baseline major 1; waiting for major increase)
[2026-06-26 17:54:34] [INFO] [DRYRUN] Would copy directory: C:\GitHub\7D2D-Mods\01_Draft\AGF-NoEAC-SignErrorGuard-v1.0.0 -> C:\GitHub\7D2D-Mods\02_ActiveBuild\AGF-NoEAC-SignErrorGuard-v1.0.0
[2026-06-26 17:54:34] [INFO] Draft promotion add: AGF-NoEAC-SignErrorGuard-v1.0.0 v1.0.0 (no existing ActiveBuild copy)
[2026-06-26 17:54:34] [INFO] [DRYRUN] Would remove directory: C:\GitHub\7D2D-Mods\01_Draft\AGF-NoEAC-SignErrorGuard-v1.0.0
[2026-06-26 17:54:34] [INFO] Draft promotion cleanup: removed AGF-NoEAC-SignErrorGuard-v1.0.0 v1.0.0 from Draft after syncing to ActiveBuild
[2026-06-26 17:54:34] [INFO] Draft hold: AGF-NoEAC-SortingBox-v1.0.6 v1.0.6 not promoted (baseline major 1; waiting for major increase)
[2026-06-26 17:54:34] [INFO] Draft sync skipped for AGF-NoEAC-TerrainLeveler-v0.0.2: version 0.0.2 is draft-only (major < 1)
[2026-06-26 17:54:34] [INFO] Draft baseline updated for AGF-NoEAC-VisualEntityTracker-v0.2.0 v0.2.0 while draft-only (major < 1)
[2026-06-26 17:54:34] [INFO] Draft sync skipped for AGF-NoEAC-VisualEntityTracker-v0.2.0: version 0.2.0 is draft-only (major < 1)
[2026-06-26 17:54:34] [INFO] Draft sync skipped for AGF-PurpleBookGenerator-v0.0.1: version 0.0.1 is draft-only (major < 1)
[2026-06-26 17:54:34] [INFO] Draft hold: AGF-VP-AdminModdingSupport-v1.0.5 v1.0.5 not promoted (baseline major 1; waiting for major increase)
[2026-06-26 17:54:34] [INFO] Draft hold: AGF-VP-AlternativeRecipes-v1.0.2 v1.0.2 not promoted (baseline major 1; waiting for major increase)
[2026-06-26 17:54:34] [INFO] Draft hold: AGF-VP-AmmoDisassembly-v1.0.2 v1.0.2 not promoted (baseline major 1; waiting for major increase)
[2026-06-26 17:54:34] [INFO] Draft hold: AGF-VP-ApiaryPlus-v1.0.4 v1.0.4 not promoted (baseline major 1; waiting for major increase)
[2026-06-26 17:54:34] [INFO] Draft hold: AGF-VP-ArcheryFeathersChange-v1.0.3 v1.0.3 not promoted (baseline major 1; waiting for major increase)
[2026-06-26 17:54:34] [INFO] Draft hold: AGF-VP-ArmorHarvestMods-v2.1.1 v2.1.1 not promoted (baseline major 2; waiting for major increase)
[2026-06-26 17:54:34] [INFO] Draft hold: AGF-VP-AutomobilesRespawn-v3.1.1 v3.1.1 not promoted (baseline major 3; waiting for major increase)
[2026-06-26 17:54:34] [INFO] Draft hold: AGF-VP-BetterEggChance-v2.1.1 v2.1.1 not promoted (baseline major 2; waiting for major increase)
[2026-06-26 17:54:34] [INFO] Draft hold: AGF-VP-BreakItGetIt-v1.0.3 v1.0.3 not promoted (baseline major 1; waiting for major increase)
[2026-06-26 17:54:34] [INFO] Draft hold: AGF-VP-BuyTraderVendingMachines-v3.0.3 v3.0.3 not promoted (baseline major 3; waiting for major increase)
[2026-06-26 17:54:34] [INFO] Draft hold: AGF-VP-CraftSewingKits-v1.0.1 v1.0.1 not promoted (baseline major 1; waiting for major increase)
[2026-06-26 17:54:34] [INFO] Draft hold: AGF-VP-CraftStackEngBattCells-v3.3.1 v3.3.1 not promoted (baseline major 3; waiting for major increase)
[2026-06-26 17:54:34] [INFO] Draft hold: AGF-VP-CraftVitamins-v1.1.1 v1.1.1 not promoted (baseline major 1; waiting for major increase)
[2026-06-26 17:54:34] [INFO] Draft hold: AGF-VP-DecorationBlock-v3.0.3 v3.0.3 not promoted (baseline major 3; waiting for major increase)
[2026-06-26 17:54:34] [INFO] Draft hold: AGF-VP-DewsPlus-v2.4.3 v2.4.3 not promoted (baseline major 2; waiting for major increase)
[2026-06-26 17:54:34] [INFO] Draft hold: AGF-VP-DoorsPlus-v3.0.1 v3.0.1 not promoted (baseline major 3; waiting for major increase)
[2026-06-26 17:54:34] [INFO] Draft hold: AGF-VP-DrinkableAcid-v2.0.2 v2.0.2 not promoted (baseline major 2; waiting for major increase)
[2026-06-26 17:54:34] [INFO] Draft hold: AGF-VP-DyesPlus-v3.1.1 v3.1.1 not promoted (baseline major 3; waiting for major increase)
[2026-06-26 17:54:34] [INFO] Draft hold: AGF-VP-FarmingPlus-v5.6.3 v5.6.3 not promoted (baseline major 5; waiting for major increase)
[2026-06-26 17:54:34] [INFO] Draft hold: AGF-VP-FloraHarvester-v2.3.1 v2.3.1 not promoted (baseline major 2; waiting for major increase)
[2026-06-26 17:54:34] [INFO] [DRYRUN] Would copy directory: C:\GitHub\7D2D-Mods\01_Draft\AGF-VP-LargerStorageOption-v1.0.0 -> C:\GitHub\7D2D-Mods\02_ActiveBuild\AGF-VP-LargerStorageOption-v1.0.0
[2026-06-26 17:54:34] [INFO] Draft promotion add: AGF-VP-LargerStorageOption-v1.0.0 v1.0.0 (no existing ActiveBuild copy)
[2026-06-26 17:54:34] [INFO] [DRYRUN] Would remove directory: C:\GitHub\7D2D-Mods\01_Draft\AGF-VP-LargerStorageOption-v1.0.0
[2026-06-26 17:54:34] [INFO] Draft promotion cleanup: removed AGF-VP-LargerStorageOption-v1.0.0 v1.0.0 from Draft after syncing to ActiveBuild
[2026-06-26 17:54:34] [INFO] Draft hold: AGF-VP-MasterTool-v6.1.2 v6.1.2 not promoted (baseline major 6; waiting for major increase)
[2026-06-26 17:54:34] [INFO] Draft hold: AGF-VP-MaxLevel500-v2.0.3 v2.0.3 not promoted (baseline major 2; waiting for major increase)
[2026-06-26 17:54:34] [INFO] Draft sync skipped for AGF-VP-MedicalTreatOthersTreatedInjuries-v0.0.2: version 0.0.2 is draft-only (major < 1)
[2026-06-26 17:54:34] [INFO] Draft sync skipped for AGF-VP-MedicallyTreatOthers-v0.0.2: version 0.0.2 is draft-only (major < 1)
[2026-06-26 17:54:34] [INFO] Draft hold: AGF-VP-MedicationNoInsectSlow-v1.1.1 v1.1.1 not promoted (baseline major 1; waiting for major increase)
[2026-06-26 17:54:34] [INFO] Draft hold: AGF-VP-MiningPlus-v1.2.1 v1.2.1 not promoted (baseline major 1; waiting for major increase)
[2026-06-26 17:54:34] [INFO] Draft hold: AGF-VP-Mod988-v2.0.2 v2.0.2 not promoted (baseline major 2; waiting for major increase)
[2026-06-26 17:54:34] [INFO] Draft hold: AGF-VP-ModBundling-v1.0.2 v1.0.2 not promoted (baseline major 1; waiting for major increase)
[2026-06-26 17:54:34] [INFO] Draft hold: AGF-VP-PaintbrushPlus-v2.1.1 v2.1.1 not promoted (baseline major 2; waiting for major increase)
[2026-06-26 17:54:34] [INFO] Draft hold: AGF-VP-PlayerVendingMachinesPlus-v1.0.1 v1.0.1 not promoted (baseline major 1; waiting for major increase)
[2026-06-26 17:54:34] [INFO] Draft hold: AGF-VP-PumpkinsPlus-v2.0.5 v2.0.5 not promoted (baseline major 2; waiting for major increase)
[2026-06-26 17:54:34] [INFO] Draft hold: AGF-VP-RecipeRottingFlesh-v1.0.1 v1.0.1 not promoted (baseline major 1; waiting for major increase)
[2026-06-26 17:54:34] [INFO] Draft hold: AGF-VP-RenamesAlphabeticalSort-v2.0.5 v2.0.5 not promoted (baseline major 2; waiting for major increase)
[2026-06-26 17:54:34] [INFO] Draft hold: AGF-VP-RestorePowerAnyTime-v1.0.3 v1.0.3 not promoted (baseline major 1; waiting for major increase)
[2026-06-26 17:54:34] [INFO] Draft hold: AGF-VP-ScrapBatts4Acid-v1.1.1 v1.1.1 not promoted (baseline major 1; waiting for major increase)
[2026-06-26 17:54:34] [INFO] Draft hold: AGF-VP-ScrapEquipmentFaster-v1.0.1 v1.0.1 not promoted (baseline major 1; waiting for major increase)
[2026-06-26 17:54:34] [INFO] Draft hold: AGF-VP-SmeltingPlus-v2.4.1 v2.4.1 not promoted (baseline major 2; waiting for major increase)
[2026-06-26 17:54:34] [INFO] Draft hold: AGF-VP-StayLongerAnimalCorpse-v2.0.3 v2.0.3 not promoted (baseline major 2; waiting for major increase)
[2026-06-26 17:54:34] [INFO] Draft hold: AGF-VP-StayLongerPlayerBackpack-v2.0.2 v2.0.2 not promoted (baseline major 2; waiting for major increase)
[2026-06-26 17:54:34] [INFO] Draft hold: AGF-VP-StayLongerZombieLoot-v2.0.2 v2.0.2 not promoted (baseline major 2; waiting for major increase)
[2026-06-26 17:54:34] [INFO] Draft hold: AGF-VP-TacticalRiflePlus-v2.1.1 v2.1.1 not promoted (baseline major 2; waiting for major increase)
[2026-06-26 17:54:34] [INFO] Draft hold: AGF-VP-TreesPlus-v3.0.2 v3.0.2 not promoted (baseline major 3; waiting for major increase)
[2026-06-26 17:54:34] [INFO] Draft hold: AGF-VP-VehiclePerformance-v1.0.2 v1.0.2 not promoted (baseline major 1; waiting for major increase)
[2026-06-26 17:54:34] [INFO] Draft hold: AGF-VP-VehicleStoragePlus-v2.1.2 v2.1.2 not promoted (baseline major 2; waiting for major increase)
[2026-06-26 17:54:34] [INFO] Draft hold: AGF-VP-VehiclesExtraSeating-v1.0.1 v1.0.1 not promoted (baseline major 1; waiting for major increase)
[2026-06-26 17:54:34] [INFO] Draft hold: AGF-VP-WriteStoryOnCrate-v1.0.1 v1.0.1 not promoted (baseline major 1; waiting for major increase)
[2026-06-26 17:54:34] [INFO] Draft hold: AGF-VP-XPDeathPenaltyReduction-v2.0.1 v2.0.1 not promoted (baseline major 2; waiting for major increase)
[2026-06-26 17:54:34] [INFO] Draft hold: AGF-VP-ZombieCorpseLeaveQuicker-v2.0.2 v2.0.2 not promoted (baseline major 2; waiting for major increase)
[2026-06-26 17:54:34] [INFO] Draft hold: zzzAGF-Special-Compatibilities-v4.1.1 v4.1.1 not promoted (baseline major 4; waiting for major increase)
[2026-06-26 17:54:34] [INFO] [DRYRUN] Would update draft promotion baseline: C:\GitHub\7D2D-Mods\Workflow\draft-promotion-baseline.json
[2026-06-26 17:54:34] [INFO] Lane policy: keep major v0.x mods in Draft, not ActiveBuild
[2026-06-26 17:54:34] [INFO] Rename folders to match ModInfo Name+Version when safe
[2026-06-26 17:54:34] [INFO] Rename folders to match ModInfo Name+Version when safe
[2026-06-26 17:54:35] [WARN] Notepad++ is currently open. Game-folder sync/push/pull is about to run and may fail due to file locks. Please close Notepad++ and press Enter to continue, or type 'skip' to abort. Proceeding because this run is non-interactive.
[2026-06-26 17:54:35] [INFO] Mode sync-work: Sync Staging <-> Game by version
[2026-06-26 17:54:35] [INFO] Policy: keep one active BackpackPlus in game root, keep all BackpackPlus in .Optionals-Backpack, mirror all HUDPlus/HUDPluszOther in .Optionals-HUDPlus and keep HUDPluszOther out of game root, and mirror AGF-4Modders into .Optionals-4Modders without auto-pushing them into game root.
[2026-06-26 17:54:35] [INFO] sync-work preserve: kept Draft-tracked game mod in root: AGF-NoEAC-SignErrorGuard-v0.0.2
[2026-06-26 17:54:35] [INFO] sync-work preserve: kept Draft-tracked game mod in root: AGF-VP-LargerStorageOption-v1.0.0
[2026-06-26 17:54:35] [INFO] sync-work preserve: kept game mod not in ActiveBuild because Draft tracks it: AGF-NoEAC-SignErrorGuard-v0.0.2
[2026-06-26 17:54:35] [INFO] sync-work preserve: kept game mod not in ActiveBuild because Draft tracks it: AGF-VP-LargerStorageOption-v1.0.0
[2026-06-26 17:54:35] [INFO] [DRYRUN] Would ensure game optionals folder exists: C:\Program Files (x86)\Steam\steamapps\common\7 Days To Die\Mods\.Optionals-Backpack
[2026-06-26 17:54:35] [INFO] [DRYRUN] Would ensure game optionals folder exists: C:\Program Files (x86)\Steam\steamapps\common\7 Days To Die\Mods\.Optionals-HUDPlus
[2026-06-26 17:54:35] [INFO] [DRYRUN] Would ensure game optionals folder exists: C:\Program Files (x86)\Steam\steamapps\common\7 Days To Die\Mods\.Optionals-4Modders
[2026-06-26 17:54:35] [INFO] [DRYRUN] Would copy directory: C:\GitHub\7D2D-Mods\02_ActiveBuild\AGF-BackpackPlus-060Slots-v4.0.4 -> C:\Program Files (x86)\Steam\steamapps\common\7 Days To Die\Mods\.Optionals-Backpack\AGF-BackpackPlus-060Slots-v4.0.4
[2026-06-26 17:54:35] [INFO] sync-work mirror: backpack optional updated: AGF-BackpackPlus-060Slots-v4.0.4
[2026-06-26 17:54:35] [INFO] [DRYRUN] Would copy directory: C:\GitHub\7D2D-Mods\02_ActiveBuild\AGF-BackpackPlus-072Slots-v4.0.3 -> C:\Program Files (x86)\Steam\steamapps\common\7 Days To Die\Mods\.Optionals-Backpack\AGF-BackpackPlus-072Slots-v4.0.3
[2026-06-26 17:54:35] [INFO] sync-work mirror: backpack optional updated: AGF-BackpackPlus-072Slots-v4.0.3
[2026-06-26 17:54:35] [INFO] [DRYRUN] Would copy directory: C:\GitHub\7D2D-Mods\02_ActiveBuild\AGF-BackpackPlus-084Slots-v4.0.2 -> C:\Program Files (x86)\Steam\steamapps\common\7 Days To Die\Mods\.Optionals-Backpack\AGF-BackpackPlus-084Slots-v4.0.2
[2026-06-26 17:54:35] [INFO] sync-work mirror: backpack optional updated: AGF-BackpackPlus-084Slots-v4.0.2
[2026-06-26 17:54:35] [INFO] [DRYRUN] Would copy directory: C:\GitHub\7D2D-Mods\02_ActiveBuild\AGF-BackpackPlus-119Slots-v2.0.0 -> C:\Program Files (x86)\Steam\steamapps\common\7 Days To Die\Mods\.Optionals-Backpack\AGF-BackpackPlus-119Slots-v2.0.0
[2026-06-26 17:54:35] [INFO] sync-work mirror: backpack optional updated: AGF-BackpackPlus-119Slots-v2.0.0
[2026-06-26 17:54:35] [INFO] [DRYRUN] Would copy directory: C:\GitHub\7D2D-Mods\02_ActiveBuild\AGF-HUDPlus-1Main-v6.2.0 -> C:\Program Files (x86)\Steam\steamapps\common\7 Days To Die\Mods\.Optionals-HUDPlus\AGF-HUDPlus-1Main-v6.2.0
[2026-06-26 17:54:35] [INFO] sync-work mirror: HUD optional updated: AGF-HUDPlus-1Main-v6.2.0
[2026-06-26 17:54:35] [INFO] [DRYRUN] Would copy directory: C:\GitHub\7D2D-Mods\02_ActiveBuild\AGF-HUDPlus-RemoveEnteringPopUp-v2.0.1 -> C:\Program Files (x86)\Steam\steamapps\common\7 Days To Die\Mods\.Optionals-HUDPlus\AGF-HUDPlus-RemoveEnteringPopUp-v2.0.1
[2026-06-26 17:54:35] [INFO] sync-work mirror: HUD optional updated: AGF-HUDPlus-RemoveEnteringPopUp-v2.0.1
[2026-06-26 17:54:35] [INFO] [DRYRUN] Would copy directory: C:\GitHub\7D2D-Mods\02_ActiveBuild\AGF-HUDPluszOther-Weekday-v3.0.3 -> C:\Program Files (x86)\Steam\steamapps\common\7 Days To Die\Mods\.Optionals-HUDPlus\AGF-HUDPluszOther-Weekday-v3.0.3
[2026-06-26 17:54:35] [INFO] sync-work mirror: HUD optional updated: AGF-HUDPluszOther-Weekday-v3.0.3
[2026-06-26 17:54:35] [INFO] Rename folders to match ModInfo Name+Version when safe
[2026-06-26 17:54:35] [INFO] sync-work cleanup: post-rename cleanup pass
[2026-06-26 17:54:35] [INFO] sync-work preserve: post-rename kept game mod not in ActiveBuild because Draft tracks it: AGF-NoEAC-SignErrorGuard-v0.0.2
[2026-06-26 17:54:35] [INFO] sync-work preserve: post-rename kept game mod not in ActiveBuild because Draft tracks it: AGF-VP-LargerStorageOption-v1.0.0
[2026-06-26 17:54:35] [INFO] Pre-release prep: refresh folder names + README files
[2026-06-26 17:54:35] [INFO] Rename folders to match ModInfo Name+Version when safe
[2026-06-26 17:54:35] [INFO] Step 4.2: Normalize HELPER_ModCompatibility.csv
[2026-06-26 17:54:35] [INFO] [DRYRUN] Would write compatibility CSV: C:\GitHub\7D2D-Mods\HELPER_ModCompatibility.csv (93 rows)
[2026-06-26 17:54:35] [INFO] Step 4.3: Normalize quote files
[2026-06-26 17:54:35] [INFO] [DRYRUN] Would ensure quote directory exists: C:\GitHub\7D2D-Mods\_Quotes
[2026-06-26 17:54:35] [INFO] Generate per-mod README.md and ReadableReadMe.txt
[2026-06-26 17:54:35] [INFO] [DRYRUN] Would write README + ReadableReadMe for AGF-BackpackPlus-060Slots-v4.0.4
[2026-06-26 17:54:35] [INFO] [DRYRUN] Would write README + ReadableReadMe for AGF-BackpackPlus-072Slots-v4.0.3
[2026-06-26 17:54:35] [INFO] [DRYRUN] Would write README + ReadableReadMe for AGF-BackpackPlus-084Slots-v4.0.2
[2026-06-26 17:54:35] [INFO] [DRYRUN] Would write README + ReadableReadMe for AGF-BackpackPlus-119Slots-v2.0.0
[2026-06-26 17:54:35] [INFO] [DRYRUN] Would write README + ReadableReadMe for AGF-HUDPlus-1Main-v6.2.0
[2026-06-26 17:54:35] [INFO] [DRYRUN] Would write README + ReadableReadMe for AGF-HUDPlus-RemoveEnteringPopUp-v2.0.1
[2026-06-26 17:54:35] [INFO] [DRYRUN] Would write README + ReadableReadMe for AGF-HUDPluszOther-Weekday-v3.0.3
[2026-06-26 17:54:35] [INFO] [DRYRUN] Would write README + ReadableReadMe for AGF-NoEAC-AutoRun-v2.0.1
[2026-06-26 17:54:35] [INFO] [DRYRUN] Would write README + ReadableReadMe for AGF-NoEAC-EnhancedAGF-v4.1.0
[2026-06-26 17:54:35] [INFO] [DRYRUN] Would write README + ReadableReadMe for AGF-NoEAC-GlobalStormTracker-v2.0.1
[2026-06-26 17:54:35] [INFO] [DRYRUN] Would write README + ReadableReadMe for AGF-NoEAC-ScreamerAlert-v2.1.2
[2026-06-26 17:54:35] [INFO] [DRYRUN] Would write README + ReadableReadMe for AGF-NoEAC-Toolbelt12Slots-v2.1.1
[2026-06-26 17:54:35] [INFO] [DRYRUN] Would write README + ReadableReadMe for AGF-VP-BedrollPlus-v2.0.0
[2026-06-26 17:54:35] [INFO] [DRYRUN] Would write README + ReadableReadMe for AGF-VP-FuelBurnPlus-v3.0.0
[2026-06-26 17:54:35] [INFO] [DRYRUN] Would write README + ReadableReadMe for AGF-VP-ModSlotsPlus-v4.0.0
[2026-06-26 17:54:35] [INFO] [DRYRUN] Would write README + ReadableReadMe for AGF-VP-PickupLanternsPlus-v3.0.0
[2026-06-26 17:54:35] [INFO] [DRYRUN] Would write README + ReadableReadMe for AGF-VP-PlayerResetQuests-v3.0.0
[2026-06-26 17:54:35] [INFO] [DRYRUN] Would write README + ReadableReadMe for AGF-VP-RebundleBundles-v2.0.0
[2026-06-26 17:54:35] [INFO] [DRYRUN] Would write README + ReadableReadMe for AGF-VP-SimplifiedStacks-v2.0.1
[2026-06-26 17:54:35] [INFO] Cleanup: Remove legacy 4Modders-replaced folders in 02_ActiveBuild
[2026-06-26 17:54:35] [INFO] Cleanup: Remove older duplicate versions in 02_ActiveBuild
[2026-06-26 17:54:35] [INFO] Generating mod images: C:\GitHub\7D2D-Mods\.venv\Scripts\python.exe C:\GitHub\7D2D-Mods\Workflow\SCRIPT-GenerateModImages.py --changed-only --dry-run
[2026-06-26 17:54:35] [INFO] Copy generated _01 -> 02_ActiveBuild\AGF-BackpackPlus-060Slots-v4.0.4\AGF-BackpackPlus-060Slots_01.png
[2026-06-26 17:54:35] [INFO] Copy generated _01 -> 02_ActiveBuild\AGF-BackpackPlus-072Slots-v4.0.3\AGF-BackpackPlus-072Slots_01.png
[2026-06-26 17:54:35] [INFO] Copy generated _01 -> 02_ActiveBuild\AGF-BackpackPlus-084Slots-v4.0.2\AGF-BackpackPlus-084Slots_01.png
[2026-06-26 17:54:35] [INFO] Copy generated _01 -> 02_ActiveBuild\AGF-BackpackPlus-119Slots-v2.0.0\AGF-BackpackPlus-119Slots_01.png
[2026-06-26 17:54:35] [INFO] Copy generated _01 -> 02_ActiveBuild\AGF-HUDPlus-1Main-v6.2.0\AGF-HUDPlus-1Main_01.png
[2026-06-26 17:54:35] [INFO] Copy generated _01 -> 02_ActiveBuild\AGF-HUDPlus-RemoveEnteringPopUp-v2.0.1\AGF-HUDPlus-RemoveEnteringPopUp_01.png
[2026-06-26 17:54:35] [INFO] Copy generated _01 -> 02_ActiveBuild\AGF-HUDPluszOther-Weekday-v3.0.3\AGF-HUDPluszOther-Weekday_01.png
[2026-06-26 17:54:35] [INFO] Copy generated _01 -> 02_ActiveBuild\AGF-NoEAC-AutoRun-v2.0.1\AGF-NoEAC-AutoRun_01.png
[2026-06-26 17:54:35] [INFO] Copy generated _01 -> 02_ActiveBuild\AGF-NoEAC-EnhancedAGF-v4.1.0\AGF-NoEAC-EnhancedAGF_01.png
[2026-06-26 17:54:35] [INFO] Copy generated _01 -> 02_ActiveBuild\AGF-NoEAC-GlobalStormTracker-v2.0.1\AGF-NoEAC-GlobalStormTracker_01.png
[2026-06-26 17:54:35] [INFO] Copy generated _01 -> 02_ActiveBuild\AGF-NoEAC-ScreamerAlert-v2.1.2\AGF-NoEAC-ScreamerAlert_01.png
[2026-06-26 17:54:35] [INFO] Copy generated _01 -> 02_ActiveBuild\AGF-NoEAC-Toolbelt12Slots-v2.1.1\AGF-NoEAC-Toolbelt12Slots_01.png
[2026-06-26 17:54:35] [INFO] Copy generated _01 -> 02_ActiveBuild\AGF-VP-BedrollPlus-v2.0.0\AGF-VP-BedrollPlus_01.png
[2026-06-26 17:54:35] [INFO] Copy generated _01 -> 02_ActiveBuild\AGF-VP-FuelBurnPlus-v3.0.0\AGF-VP-FuelBurnPlus_01.png
[2026-06-26 17:54:35] [INFO] Copy generated _01 -> 02_ActiveBuild\AGF-VP-ModSlotsPlus-v4.0.0\AGF-VP-ModSlotsPlus_01.png
[2026-06-26 17:54:35] [INFO] Copy generated _01 -> 02_ActiveBuild\AGF-VP-PickupLanternsPlus-v3.0.0\AGF-VP-PickupLanternsPlus_01.png
[2026-06-26 17:54:35] [INFO] Copy generated _01 -> 02_ActiveBuild\AGF-VP-PlayerResetQuests-v3.0.0\AGF-VP-PlayerResetQuests_01.png
[2026-06-26 17:54:35] [INFO] Copy generated _01 -> 02_ActiveBuild\AGF-VP-RebundleBundles-v2.0.0\AGF-VP-RebundleBundles_01.png
[2026-06-26 17:54:35] [INFO] Copy generated _01 -> 02_ActiveBuild\AGF-VP-SimplifiedStacks-v2.0.1\AGF-VP-SimplifiedStacks_01.png
[2026-06-26 17:54:35] [INFO] Generated _01 image copy: 19 file(s) would be updated
[2026-06-26 17:54:35] [INFO] Thumbnail copy skipped by policy (thumbnails stay only in 00_Images/_generated)
[2026-06-26 17:54:35] [INFO] Mod media copy: 0 file(s) would be updated
[2026-06-26 17:54:35] [INFO] Mode promote: Promote Staging -> PublishReady (version-gated)
[2026-06-26 17:54:35] [INFO] Promote skipped for AGF-BackpackPlus-060Slots-v4.0.4: same version/content as publish-ready (4.0.4)
[2026-06-26 17:54:35] [INFO] Promote skipped for AGF-BackpackPlus-072Slots-v4.0.3: same version/content as publish-ready (4.0.3)
[2026-06-26 17:54:35] [INFO] Promote skipped for AGF-BackpackPlus-084Slots-v4.0.2: same version/content as publish-ready (4.0.2)
[2026-06-26 17:54:35] [INFO] Promote skipped for AGF-BackpackPlus-119Slots-v2.0.0: same version/content as publish-ready (2.0.0)
[2026-06-26 17:54:35] [INFO] Promote skipped for AGF-HUDPlus-1Main-v6.2.0: same version/content as publish-ready (6.2.0)
[2026-06-26 17:54:35] [INFO] Promote skipped for AGF-HUDPlus-RemoveEnteringPopUp-v2.0.1: same version/content as publish-ready (2.0.1)
[2026-06-26 17:54:35] [INFO] Promote skipped for AGF-HUDPluszOther-Weekday-v3.0.3: same version/content as publish-ready (3.0.3)
[2026-06-26 17:54:35] [INFO] Promote skipped for AGF-NoEAC-AutoRun-v2.0.1: same version/content as publish-ready (2.0.1)
[2026-06-26 17:54:35] [INFO] Promote skipped for AGF-NoEAC-EnhancedAGF-v4.1.0: same version/content as publish-ready (4.1.0)
[2026-06-26 17:54:35] [INFO] Promote skipped for AGF-NoEAC-GlobalStormTracker-v2.0.1: same version/content as publish-ready (2.0.1)
[2026-06-26 17:54:35] [INFO] Promote skipped for AGF-NoEAC-ScreamerAlert-v2.1.2: same version/content as publish-ready (2.1.2)
[2026-06-26 17:54:35] [INFO] Promote skipped for AGF-NoEAC-Toolbelt12Slots-v2.1.1: same version/content as publish-ready (2.1.1)
[2026-06-26 17:54:35] [INFO] Promote skipped for AGF-VP-BedrollPlus-v2.0.0: same version/content as publish-ready (2.0.0)
[2026-06-26 17:54:35] [INFO] Promote skipped for AGF-VP-FuelBurnPlus-v3.0.0: same version/content as publish-ready (3.0.0)
[2026-06-26 17:54:35] [INFO] Promote skipped for AGF-VP-ModSlotsPlus-v4.0.0: same version/content as publish-ready (4.0.0)
[2026-06-26 17:54:35] [INFO] Promote skipped for AGF-VP-PickupLanternsPlus-v3.0.0: same version/content as publish-ready (3.0.0)
[2026-06-26 17:54:35] [INFO] Promote skipped for AGF-VP-PlayerResetQuests-v3.0.0: same version/content as publish-ready (3.0.0)
[2026-06-26 17:54:35] [INFO] Promote skipped for AGF-VP-RebundleBundles-v2.0.0: same version/content as publish-ready (2.0.0)
[2026-06-26 17:54:35] [INFO] Promote skipped for AGF-VP-SimplifiedStacks-v2.0.1: same version/content as publish-ready (2.0.1)
[2026-06-26 17:54:35] [INFO] Cleanup: Remove legacy ReleaseSource folders replaced by AGF-4Modders renames
[2026-06-26 17:54:35] [INFO] Cleanup: Remove legacy 4Modders-replaced folders in 03_ReleaseSource
[2026-06-26 17:54:35] [INFO] Cleanup: Remove older duplicate versions in 03_ReleaseSource
[2026-06-26 17:54:35] [INFO] Rename folders to match ModInfo Name+Version when safe
[2026-06-26 17:54:35] [INFO] Rename folders to match ModInfo Name+Version when safe
[2026-06-26 17:54:35] [INFO] Cleanup: Remove older duplicate versions in 01_Draft
[2026-06-26 17:54:35] [INFO] Step 4.2: Normalize HELPER_ModCompatibility.csv
[2026-06-26 17:54:35] [INFO] [DRYRUN] Would write compatibility CSV: C:\GitHub\7D2D-Mods\HELPER_ModCompatibility.csv (93 rows)
[2026-06-26 17:54:35] [INFO] Step 4.3: Normalize quote files
[2026-06-26 17:54:35] [INFO] [DRYRUN] Would ensure quote directory exists: C:\GitHub\7D2D-Mods\_Quotes
[2026-06-26 17:54:35] [INFO] Generate per-mod README.md and ReadableReadMe.txt
[2026-06-26 17:54:35] [INFO] [DRYRUN] Would write README + ReadableReadMe for AGF-BackpackPlus-060Slots-v4.0.4
[2026-06-26 17:54:35] [INFO] [DRYRUN] Would write README + ReadableReadMe for AGF-BackpackPlus-072Slots-v4.0.3
[2026-06-26 17:54:35] [INFO] [DRYRUN] Would write README + ReadableReadMe for AGF-BackpackPlus-084Slots-v4.0.2
[2026-06-26 17:54:35] [INFO] [DRYRUN] Would write README + ReadableReadMe for AGF-BackpackPlus-119Slots-v2.0.0
[2026-06-26 17:54:35] [INFO] [DRYRUN] Would write README + ReadableReadMe for AGF-HUDPlus-1Main-v6.2.0
[2026-06-26 17:54:35] [INFO] [DRYRUN] Would write README + ReadableReadMe for AGF-HUDPlus-RemoveEnteringPopUp-v2.0.1
[2026-06-26 17:54:35] [INFO] [DRYRUN] Would write README + ReadableReadMe for AGF-HUDPluszOther-Weekday-v3.0.3
[2026-06-26 17:54:35] [INFO] [DRYRUN] Would write README + ReadableReadMe for AGF-NoEAC-AutoRun-v2.0.1
[2026-06-26 17:54:35] [INFO] [DRYRUN] Would write README + ReadableReadMe for AGF-NoEAC-EnhancedAGF-v4.1.0
[2026-06-26 17:54:35] [INFO] [DRYRUN] Would write README + ReadableReadMe for AGF-NoEAC-GlobalStormTracker-v2.0.1
[2026-06-26 17:54:35] [INFO] [DRYRUN] Would write README + ReadableReadMe for AGF-NoEAC-ScreamerAlert-v2.1.2
[2026-06-26 17:54:35] [INFO] [DRYRUN] Would write README + ReadableReadMe for AGF-NoEAC-Toolbelt12Slots-v2.1.1
[2026-06-26 17:54:35] [INFO] [DRYRUN] Would write README + ReadableReadMe for AGF-VP-BedrollPlus-v2.0.0
[2026-06-26 17:54:35] [INFO] [DRYRUN] Would write README + ReadableReadMe for AGF-VP-FuelBurnPlus-v3.0.0
[2026-06-26 17:54:35] [INFO] [DRYRUN] Would write README + ReadableReadMe for AGF-VP-ModSlotsPlus-v4.0.0
[2026-06-26 17:54:35] [INFO] [DRYRUN] Would write README + ReadableReadMe for AGF-VP-PickupLanternsPlus-v3.0.0
[2026-06-26 17:54:35] [INFO] [DRYRUN] Would write README + ReadableReadMe for AGF-VP-PlayerResetQuests-v3.0.0
[2026-06-26 17:54:35] [INFO] [DRYRUN] Would write README + ReadableReadMe for AGF-VP-RebundleBundles-v2.0.0
[2026-06-26 17:54:35] [INFO] [DRYRUN] Would write README + ReadableReadMe for AGF-VP-SimplifiedStacks-v2.0.1
[2026-06-26 17:54:35] [INFO] Generate per-mod README.md and ReadableReadMe.txt
[2026-06-26 17:54:35] [INFO] [DRYRUN] Would write README + ReadableReadMe for AGF-4Modders-10IngredientSlots-v1.0.2
[2026-06-26 17:54:35] [INFO] [DRYRUN] Would write README + ReadableReadMe for AGF-4Modders-AntiCM-v0.0.2
[2026-06-26 17:54:35] [INFO] [DRYRUN] Would write README + ReadableReadMe for AGF-4Modders-CustomWindowEnteringDuration-v1.0.1
[2026-06-26 17:54:35] [INFO] [DRYRUN] Would write README + ReadableReadMe for AGF-4Modders-ESCWindowPlus-v0.3.2
[2026-06-26 17:54:35] [INFO] [DRYRUN] Would write README + ReadableReadMe for AGF-4Modders-Fix4DestroyBiomeBadge-v1.0.1
[2026-06-26 17:54:35] [INFO] [DRYRUN] Would write README + ReadableReadMe for AGF-4Modders-Fix4RemoveItems-v1.0.1
[2026-06-26 17:54:35] [INFO] [DRYRUN] Would write README + ReadableReadMe for AGF-4Modders-SkillPointCap-v1.0.1
[2026-06-26 17:54:35] [INFO] [DRYRUN] Would write README + ReadableReadMe for AGF-HUDPlus-BMCounter-v2.1.3
[2026-06-26 17:54:35] [INFO] [DRYRUN] Would write README + ReadableReadMe for AGF-HUDPlus-PurpleBook-v2.0.1
[2026-06-26 17:54:35] [INFO] [DRYRUN] Would write README + ReadableReadMe for AGF-HUDPluszOther-SmallerInteractionPrompt-v1.0.1
[2026-06-26 17:54:35] [INFO] [DRYRUN] Would write README + ReadableReadMe for AGF-HUDPluszOther-TinyBuffsPopUp-v1.0.1
[2026-06-26 17:54:35] [INFO] [DRYRUN] Would write README + ReadableReadMe for AGF-NoEAC-AudioOptionsPlus-v1.0.1
[2026-06-26 17:54:35] [INFO] [DRYRUN] Would write README + ReadableReadMe for AGF-NoEAC-ConsoleOpacityMod-v1.0.1
[2026-06-26 17:54:35] [INFO] [DRYRUN] Would write README + ReadableReadMe for AGF-NoEAC-CosmeticLockIcon-v1.0.2
[2026-06-26 17:54:35] [INFO] [DRYRUN] Would write README + ReadableReadMe for AGF-NoEAC-ExpandedInteractionPrompts-v1.1.1
[2026-06-26 17:54:35] [INFO] [DRYRUN] Would write README + ReadableReadMe for AGF-NoEAC-FlightAssist-v1.0.1
[2026-06-26 17:54:35] [INFO] [DRYRUN] Would write README + ReadableReadMe for AGF-NoEAC-ItemTypeIconColor-v1.0.3
[2026-06-26 17:54:35] [INFO] [DRYRUN] Would write README + ReadableReadMe for AGF-NoEAC-LockableWorkstations-v1.2.1
[2026-06-26 17:54:35] [INFO] [DRYRUN] Would write README + ReadableReadMe for AGF-NoEAC-OpenAllButton-v1.0.2
[2026-06-26 17:54:35] [INFO] [DRYRUN] Would write README + ReadableReadMe for AGF-NoEAC-SignErrorGuard-v1.0.0
[2026-06-26 17:54:36] [INFO] [DRYRUN] Would write README + ReadableReadMe for AGF-NoEAC-SortingBox-v1.0.6
[2026-06-26 17:54:36] [INFO] [DRYRUN] Would write README + ReadableReadMe for AGF-NoEAC-TerrainLeveler-v0.0.2
[2026-06-26 17:54:36] [INFO] [DRYRUN] Would write README + ReadableReadMe for AGF-NoEAC-VisualEntityTracker-v0.2.0
[2026-06-26 17:54:36] [INFO] [DRYRUN] Would write README + ReadableReadMe for AGF-PurpleBookGenerator-v0.0.1
[2026-06-26 17:54:36] [INFO] [DRYRUN] Would write README + ReadableReadMe for AGF-VP-AdminModdingSupport-v1.0.5
[2026-06-26 17:54:36] [INFO] [DRYRUN] Would write README + ReadableReadMe for AGF-VP-AlternativeRecipes-v1.0.2
[2026-06-26 17:54:36] [INFO] [DRYRUN] Would write README + ReadableReadMe for AGF-VP-AmmoDisassembly-v1.0.2
[2026-06-26 17:54:36] [INFO] [DRYRUN] Would write README + ReadableReadMe for AGF-VP-ApiaryPlus-v1.0.4
[2026-06-26 17:54:36] [INFO] [DRYRUN] Would write README + ReadableReadMe for AGF-VP-ArcheryFeathersChange-v1.0.3
[2026-06-26 17:54:36] [INFO] [DRYRUN] Would write README + ReadableReadMe for AGF-VP-ArmorHarvestMods-v2.1.1
[2026-06-26 17:54:36] [INFO] [DRYRUN] Would write README + ReadableReadMe for AGF-VP-AutomobilesRespawn-v3.1.1
[2026-06-26 17:54:36] [INFO] [DRYRUN] Would write README + ReadableReadMe for AGF-VP-BetterEggChance-v2.1.1
[2026-06-26 17:54:36] [INFO] [DRYRUN] Would write README + ReadableReadMe for AGF-VP-BreakItGetIt-v1.0.3
[2026-06-26 17:54:36] [INFO] [DRYRUN] Would write README + ReadableReadMe for AGF-VP-BuyTraderVendingMachines-v3.0.3
[2026-06-26 17:54:36] [INFO] [DRYRUN] Would write README + ReadableReadMe for AGF-VP-CraftSewingKits-v1.0.1
[2026-06-26 17:54:36] [INFO] [DRYRUN] Would write README + ReadableReadMe for AGF-VP-CraftStackEngBattCells-v3.3.1
[2026-06-26 17:54:36] [INFO] [DRYRUN] Would write README + ReadableReadMe for AGF-VP-CraftVitamins-v1.1.1
[2026-06-26 17:54:36] [INFO] [DRYRUN] Would write README + ReadableReadMe for AGF-VP-DecorationBlock-v3.0.3
[2026-06-26 17:54:36] [INFO] [DRYRUN] Would write README + ReadableReadMe for AGF-VP-DewsPlus-v2.4.3
[2026-06-26 17:54:36] [INFO] [DRYRUN] Would write README + ReadableReadMe for AGF-VP-DoorsPlus-v3.0.1
[2026-06-26 17:54:36] [INFO] [DRYRUN] Would write README + ReadableReadMe for AGF-VP-DrinkableAcid-v2.0.2
[2026-06-26 17:54:36] [INFO] [DRYRUN] Would write README + ReadableReadMe for AGF-VP-DyesPlus-v3.1.1
[2026-06-26 17:54:36] [INFO] [DRYRUN] Would write README + ReadableReadMe for AGF-VP-FarmingPlus-v5.6.3
[2026-06-26 17:54:36] [INFO] [DRYRUN] Would write README + ReadableReadMe for AGF-VP-FloraHarvester-v2.3.1
[2026-06-26 17:54:36] [INFO] [DRYRUN] Would write README + ReadableReadMe for AGF-VP-LargerStorageOption-v1.0.0
[2026-06-26 17:54:36] [INFO] [DRYRUN] Would write README + ReadableReadMe for AGF-VP-MasterTool-v6.1.2
[2026-06-26 17:54:36] [INFO] [DRYRUN] Would write README + ReadableReadMe for AGF-VP-MaxLevel500-v2.0.3
[2026-06-26 17:54:36] [INFO] [DRYRUN] Would write README + ReadableReadMe for AGF-VP-MedicallyTreatOthers-v0.0.2
[2026-06-26 17:54:36] [INFO] [DRYRUN] Would write README + ReadableReadMe for AGF-VP-MedicalTreatOthersTreatedInjuries-v0.0.2
[2026-06-26 17:54:36] [INFO] [DRYRUN] Would write README + ReadableReadMe for AGF-VP-MedicationNoInsectSlow-v1.1.1
[2026-06-26 17:54:36] [INFO] [DRYRUN] Would write README + ReadableReadMe for AGF-VP-MiningPlus-v1.2.1
[2026-06-26 17:54:36] [INFO] [DRYRUN] Would write README + ReadableReadMe for AGF-VP-Mod988-v2.0.2
[2026-06-26 17:54:36] [INFO] [DRYRUN] Would write README + ReadableReadMe for AGF-VP-ModBundling-v1.0.2
[2026-06-26 17:54:36] [INFO] [DRYRUN] Would write README + ReadableReadMe for AGF-VP-PaintbrushPlus-v2.1.1
[2026-06-26 17:54:36] [INFO] [DRYRUN] Would write README + ReadableReadMe for AGF-VP-PlayerVendingMachinesPlus-v1.0.1
[2026-06-26 17:54:36] [INFO] [DRYRUN] Would write README + ReadableReadMe for AGF-VP-PumpkinsPlus-v2.0.5
[2026-06-26 17:54:36] [INFO] [DRYRUN] Would write README + ReadableReadMe for AGF-VP-RecipeRottingFlesh-v1.0.1
[2026-06-26 17:54:36] [INFO] [DRYRUN] Would write README + ReadableReadMe for AGF-VP-RenamesAlphabeticalSort-v2.0.5
[2026-06-26 17:54:36] [INFO] [DRYRUN] Would write README + ReadableReadMe for AGF-VP-RestorePowerAnyTime-v1.0.3
[2026-06-26 17:54:36] [INFO] [DRYRUN] Would write README + ReadableReadMe for AGF-VP-ScrapBatts4Acid-v1.1.1
[2026-06-26 17:54:36] [INFO] [DRYRUN] Would write README + ReadableReadMe for AGF-VP-ScrapEquipmentFaster-v1.0.1
[2026-06-26 17:54:36] [INFO] [DRYRUN] Would write README + ReadableReadMe for AGF-VP-SmeltingPlus-v2.4.1
[2026-06-26 17:54:36] [INFO] [DRYRUN] Would write README + ReadableReadMe for AGF-VP-StayLongerAnimalCorpse-v2.0.3
[2026-06-26 17:54:36] [INFO] [DRYRUN] Would write README + ReadableReadMe for AGF-VP-StayLongerPlayerBackpack-v2.0.2
[2026-06-26 17:54:36] [INFO] [DRYRUN] Would write README + ReadableReadMe for AGF-VP-StayLongerZombieLoot-v2.0.2
[2026-06-26 17:54:37] [INFO] [DRYRUN] Would write README + ReadableReadMe for AGF-VP-TacticalRiflePlus-v2.1.1
[2026-06-26 17:54:37] [INFO] [DRYRUN] Would write README + ReadableReadMe for AGF-VP-TreesPlus-v3.0.2
[2026-06-26 17:54:37] [INFO] [DRYRUN] Would write README + ReadableReadMe for AGF-VP-VehiclePerformance-v1.0.2
[2026-06-26 17:54:37] [INFO] [DRYRUN] Would write README + ReadableReadMe for AGF-VP-VehiclesExtraSeating-v1.0.1
[2026-06-26 17:54:37] [INFO] [DRYRUN] Would write README + ReadableReadMe for AGF-VP-VehicleStoragePlus-v2.1.2
[2026-06-26 17:54:37] [INFO] [DRYRUN] Would write README + ReadableReadMe for AGF-VP-WriteStoryOnCrate-v1.0.1
[2026-06-26 17:54:37] [INFO] [DRYRUN] Would write README + ReadableReadMe for AGF-VP-XPDeathPenaltyReduction-v2.0.1
[2026-06-26 17:54:37] [INFO] [DRYRUN] Would write README + ReadableReadMe for AGF-VP-ZombieCorpseLeaveQuicker-v2.0.2
[2026-06-26 17:54:37] [INFO] [DRYRUN] Would write README + ReadableReadMe for zzzAGF-Special-Compatibilities-v4.1.1
[2026-06-26 17:54:37] [WARN] Notepad++ is currently open. Game-folder sync/push/pull is about to run and may fail due to file locks. Please close Notepad++ and press Enter to continue, or type 'skip' to abort. Proceeding because this run is non-interactive.
[2026-06-26 17:54:37] [INFO] Step 5: Push updated pulled mods back to game folder
[2026-06-26 17:54:37] [INFO] Step 6: Create all mod and category zip files
[2026-06-26 17:54:37] [INFO] [DRYRUN] Would ensure zip output directory exists: C:\GitHub\7D2D-Mods\04_DownloadZips
[2026-06-26 17:54:37] [INFO] [DRYRUN] Would delete old zip: 00_BackpackPlus_All.zip
[2026-06-26 17:54:37] [INFO] [DRYRUN] Would delete old zip: 00_GigglePack_All.zip
[2026-06-26 17:54:37] [INFO] [DRYRUN] Would delete old zip: 00_HUDPluszOther_All.zip
[2026-06-26 17:54:37] [INFO] [DRYRUN] Would delete old zip: 00_HUDPlus_All.zip
[2026-06-26 17:54:37] [INFO] [DRYRUN] Would delete old zip: 00_NoEAC_All.zip
[2026-06-26 17:54:37] [INFO] [DRYRUN] Would delete old zip: 00_VP_All.zip
[2026-06-26 17:54:37] [INFO] [DRYRUN] Would delete old zip: AGF-BackpackPlus-060Slots.zip
[2026-06-26 17:54:37] [INFO] [DRYRUN] Would delete old zip: AGF-BackpackPlus-072Slots.zip
[2026-06-26 17:54:37] [INFO] [DRYRUN] Would delete old zip: AGF-BackpackPlus-084Slots.zip
[2026-06-26 17:54:37] [INFO] [DRYRUN] Would delete old zip: AGF-BackpackPlus-119Slots.zip
[2026-06-26 17:54:37] [INFO] [DRYRUN] Would delete old zip: AGF-GigglePack-v0.8.0.zip
[2026-06-26 17:54:37] [INFO] [DRYRUN] Would delete old zip: AGF-HUDPlus-1Main.zip
[2026-06-26 17:54:37] [INFO] [DRYRUN] Would delete old zip: AGF-HUDPlus-RemoveEnteringPopUp.zip
[2026-06-26 17:54:37] [INFO] [DRYRUN] Would delete old zip: AGF-HUDPluszOther-Weekday.zip
[2026-06-26 17:54:37] [INFO] [DRYRUN] Would delete old zip: AGF-NoEAC-AutoRun.zip
[2026-06-26 17:54:37] [INFO] [DRYRUN] Would delete old zip: AGF-NoEAC-EnhancedAGF.zip
[2026-06-26 17:54:37] [INFO] [DRYRUN] Would delete old zip: AGF-NoEAC-GlobalStormTracker.zip
[2026-06-26 17:54:37] [INFO] [DRYRUN] Would delete old zip: AGF-NoEAC-ScreamerAlert.zip
[2026-06-26 17:54:37] [INFO] [DRYRUN] Would delete old zip: AGF-NoEAC-Toolbelt12Slots.zip
[2026-06-26 17:54:37] [INFO] [DRYRUN] Would delete old zip: AGF-VP-BedrollPlus.zip
[2026-06-26 17:54:37] [INFO] [DRYRUN] Would delete old zip: AGF-VP-FuelBurnPlus.zip
[2026-06-26 17:54:37] [INFO] [DRYRUN] Would delete old zip: AGF-VP-ModSlotsPlus.zip
[2026-06-26 17:54:37] [INFO] [DRYRUN] Would delete old zip: AGF-VP-PickupLanternsPlus.zip
[2026-06-26 17:54:37] [INFO] [DRYRUN] Would delete old zip: AGF-VP-PlayerResetQuests.zip
[2026-06-26 17:54:37] [INFO] [DRYRUN] Would delete old zip: AGF-VP-RebundleBundles.zip
[2026-06-26 17:54:37] [INFO] [DRYRUN] Would delete old zip: AGF-VP-SimplifiedStacks.zip
[2026-06-26 17:54:37] [INFO] [DRYRUN] Would create mod zip: AGF-BackpackPlus-060Slots.zip
[2026-06-26 17:54:37] [INFO] [DRYRUN] Would create mod zip: AGF-BackpackPlus-072Slots.zip
[2026-06-26 17:54:37] [INFO] [DRYRUN] Would create mod zip: AGF-BackpackPlus-084Slots.zip
[2026-06-26 17:54:37] [INFO] [DRYRUN] Would create mod zip: AGF-BackpackPlus-119Slots.zip
[2026-06-26 17:54:37] [INFO] [DRYRUN] Would create mod zip: AGF-HUDPlus-RemoveEnteringPopUp.zip
[2026-06-26 17:54:37] [INFO] [DRYRUN] Would create mod zip: AGF-HUDPlus-1Main.zip
[2026-06-26 17:54:37] [INFO] [DRYRUN] Would create mod zip: AGF-HUDPluszOther-Weekday.zip
[2026-06-26 17:54:37] [INFO] [DRYRUN] Would create mod zip: AGF-NoEAC-GlobalStormTracker.zip
[2026-06-26 17:54:37] [INFO] [DRYRUN] Would create mod zip: AGF-NoEAC-AutoRun.zip
[2026-06-26 17:54:37] [INFO] [DRYRUN] Would create mod zip: AGF-NoEAC-EnhancedAGF.zip
[2026-06-26 17:54:37] [INFO] [DRYRUN] Would create mod zip: AGF-NoEAC-ScreamerAlert.zip
[2026-06-26 17:54:37] [INFO] [DRYRUN] Would create mod zip: AGF-VP-ModSlotsPlus.zip
[2026-06-26 17:54:37] [INFO] [DRYRUN] Would create mod zip: AGF-NoEAC-Toolbelt12Slots.zip
[2026-06-26 17:54:37] [INFO] [DRYRUN] Would create mod zip: AGF-VP-BedrollPlus.zip
[2026-06-26 17:54:37] [INFO] [DRYRUN] Would create mod zip: AGF-VP-FuelBurnPlus.zip
[2026-06-26 17:54:37] [INFO] [DRYRUN] Would create mod zip: AGF-VP-PickupLanternsPlus.zip
[2026-06-26 17:54:37] [INFO] [DRYRUN] Would create mod zip: AGF-VP-SimplifiedStacks.zip
[2026-06-26 17:54:37] [INFO] [DRYRUN] Would create mod zip: AGF-VP-RebundleBundles.zip
[2026-06-26 17:54:37] [INFO] [DRYRUN] Would create mod zip: AGF-VP-PlayerResetQuests.zip
[2026-06-26 17:54:37] [INFO] [DRYRUN] Would create pack zip: 00_BackpackPlus_All.zip
[2026-06-26 17:54:37] [INFO] [DRYRUN] Would create pack zip: 00_GigglePack_All.zip
[2026-06-26 17:54:37] [INFO] [DRYRUN] Would create pack zip: 00_HUDPlus_All.zip
[2026-06-26 17:54:37] [INFO] [DRYRUN] Would create pack zip: 00_HUDPluszOther_All.zip
[2026-06-26 17:54:37] [INFO] [DRYRUN] Would create pack zip: 00_NoEAC_All.zip
[2026-06-26 17:54:37] [INFO] Pack zip skipped (empty): 00_4Modders_All.zip
[2026-06-26 17:54:37] [INFO] [DRYRUN] Would create pack zip: 00_VP_All.zip
[2026-06-26 17:54:37] [INFO] Step 6.5: Generate GigglePack release metadata + changelog outputs
[2026-06-26 17:54:37] [INFO] Step 7: Generate main README.md
[2026-06-26 17:54:37] [INFO] [DRYRUN] Would write main README: C:\GitHub\7D2D-Mods\README.md

=== SUMMARY ===
scanned_workspace_mods: 19
scanned_game_mods: 17
synced_pull_from_game: 0
synced_push_to_game: 0
sync_conflicts: 0
moved_to_publish_ready: 0
moved_to_in_progress: 0
renamed_folders: 0
csv_added_rows: 0
csv_removed_rows: 0
quote_files_created: 0
quote_files_renamed: 0
quote_files_blanked_none: 0
readmes_written: 112
readable_txt_written: 112
pushed_back_to_game: 0
mod_zips_created: 19
pack_zips_created: 6
promoted_to_publish_ready: 0
warnings: 3
errors: 0

=== MOD CHANGES ===
none
