[2026-04-06 14:09:00] [INFO] Starting SCRIPT-Main automation pipeline
[2026-04-06 14:09:00] [INFO] Selected mode: full
[2026-04-06 14:09:00] [INFO] Mode full: sync Game<->Draft for tracked draft mods, ingest Draft->ActiveBuild, sync ActiveBuild<->Game, then finalize/promote/package.
[2026-04-06 14:09:00] [INFO] Step 0.25: Compare Game <-> Draft and pull newer game updates into Draft
[2026-04-06 14:09:00] [INFO] Draft/game tie refresh for AGF-4Modders-AntiCM: both v0.0.1 but content differed. Pulled game copy into Draft.
[2026-04-06 14:09:01] [INFO] Draft/game tie refresh for AGF-4Modders-ESCWindowPlus: both v0.1.1 but content differed. Pulled game copy into Draft.
[2026-04-06 14:09:01] [INFO] Draft/game tie refresh for AGF-NoEAC-TerrainLeveler: both v0.0.1 but content differed. Pulled game copy into Draft.
[2026-04-06 14:09:01] [INFO] Draft/game tie refresh for AGF-VP-MedicalTreatOthersTreatedInjuries: both v0.0.1 but content differed. Pulled game copy into Draft.
[2026-04-06 14:09:01] [INFO] Draft/game tie refresh for AGF-VP-MedicallyTreatOthers: both v0.0.1 but content differed. Pulled game copy into Draft.
[2026-04-06 14:09:01] [INFO] Step 0.5: Ensure latest Draft mods are in ActiveBuild
[2026-04-06 14:09:01] [INFO] Draft sync skipped for AGF-4Modders-AntiCM-v0.0.1: version 0.0.1 is draft-only (major < 1)
[2026-04-06 14:09:01] [INFO] Draft sync skipped for AGF-4Modders-ESCWindowPlus-v0.1.1: version 0.1.1 is draft-only (major < 1)
[2026-04-06 14:09:01] [INFO] Draft sync skipped for AGF-NoEAC-TerrainLeveler-v0.0.1: version 0.0.1 is draft-only (major < 1)
[2026-04-06 14:09:01] [INFO] Draft sync skipped for AGF-VP-MedicalTreatOthersTreatedInjuries-v0.0.1: version 0.0.1 is draft-only (major < 1)
[2026-04-06 14:09:01] [INFO] Draft sync skipped for AGF-VP-MedicallyTreatOthers-v0.0.1: version 0.0.1 is draft-only (major < 1)
[2026-04-06 14:09:01] [INFO] Lane policy: keep major v0.x mods in Draft, not ActiveBuild
[2026-04-06 14:09:02] [INFO] Mode sync-work: Sync Staging <-> Game by version
[2026-04-06 14:09:02] [INFO] Policy: keep one active BackpackPlus in game root, keep all BackpackPlus in .Optionals-Backpack, mirror all HUDPlus/HUDPluszOther in .Optionals-HUDPlus and keep HUDPluszOther out of game root, and mirror AGF-4Modders into .Optionals-4Modders without auto-pushing them into game root.
[2026-04-06 14:09:02] [INFO] sync-work tie resolved for AGF-BackpackPlus-084Slots: both v3.2.2 but content differed. Pushed staging copy to game.
[2026-04-06 14:09:03] [INFO] sync-work tie resolved for AGF-HUDPlus-1Main: both v5.4.4 but content differed. Pushed staging copy to game.
[2026-04-06 14:09:03] [INFO] sync-work tie resolved for AGF-HUDPlus-BMCounter: both v2.1.2 but content differed. Pushed staging copy to game.
[2026-04-06 14:09:03] [INFO] sync-work tie resolved for AGF-HUDPlus-HealthBars: both v4.0.0 but content differed. Pushed staging copy to game.
[2026-04-06 14:09:03] [INFO] sync-work tie resolved for AGF-HUDPlus-PurpleBook: both v2.0.0 but content differed. Pushed staging copy to game.
[2026-04-06 14:09:03] [INFO] sync-work tie resolved for AGF-HUDPlus-RemoveEnteringPopUp: both v1.0.0 but content differed. Pushed staging copy to game.
[2026-04-06 14:09:03] [INFO] sync-work tie resolved for AGF-NoEAC-ConsoleOpacityMod: both v1.0.0 but content differed. Pushed staging copy to game.
[2026-04-06 14:09:03] [INFO] sync-work tie resolved for AGF-NoEAC-CosmeticLockIcon: both v1.0.1 but content differed. Pushed staging copy to game.
[2026-04-06 14:09:04] [INFO] sync-work tie resolved for AGF-NoEAC-EnhancedPatch: both v3.1.1 but content differed. Pushed staging copy to game.
[2026-04-06 14:09:04] [INFO] sync-work tie resolved for AGF-NoEAC-ExpandedInteractionPrompts: both v1.1.0 but content differed. Pushed staging copy to game.
[2026-04-06 14:09:04] [INFO] sync-work tie resolved for AGF-NoEAC-GlobalStormTracker: both v1.0.0 but content differed. Pushed staging copy to game.
[2026-04-06 14:09:04] [INFO] sync-work tie resolved for AGF-NoEAC-ItemTypeIconColor: both v1.0.0 but content differed. Pushed staging copy to game.
[2026-04-06 14:09:04] [INFO] sync-work pull: AGF-NoEAC-LockableWorkstations-v1.1.0 v1.1.1 -> staging
[2026-04-06 14:09:05] [INFO] sync-work tie resolved for AGF-NoEAC-OpenAllButton: both v1.0.1 but content differed. Pushed staging copy to game.
[2026-04-06 14:09:05] [INFO] sync-work tie resolved for AGF-NoEAC-ScreamerAlert: both v1.1.1 but content differed. Pushed staging copy to game.
[2026-04-06 14:09:05] [INFO] sync-work tie resolved for AGF-NoEAC-SortingBox: both v1.0.5 but content differed. Pushed staging copy to game.
[2026-04-06 14:09:05] [INFO] sync-work tie resolved for AGF-NoEAC-Toolbelt12Slots: both v1.0.1 but content differed. Pushed staging copy to game.
[2026-04-06 14:09:05] [INFO] sync-work tie resolved for AGF-VP-AdminModdingSupport: both v1.0.3 but content differed. Pushed staging copy to game.
[2026-04-06 14:09:06] [INFO] sync-work tie resolved for AGF-VP-AlternativeRecipes: both v1.0.1 but content differed. Pushed staging copy to game.
[2026-04-06 14:09:06] [INFO] sync-work tie resolved for AGF-VP-AmmoDisassembly: both v1.0.1 but content differed. Pushed staging copy to game.
[2026-04-06 14:09:06] [INFO] sync-work tie resolved for AGF-VP-ApiaryPlus: both v1.0.3 but content differed. Pushed staging copy to game.
[2026-04-06 14:09:06] [INFO] sync-work tie resolved for AGF-VP-ArcheryFeathersChange: both v1.0.2 but content differed. Pushed staging copy to game.
[2026-04-06 14:09:06] [INFO] sync-work tie resolved for AGF-VP-ArmorHarvestMods: both v2.1.0 but content differed. Pushed staging copy to game.
[2026-04-06 14:09:06] [INFO] sync-work tie resolved for AGF-VP-AutomobilesRespawn: both v3.0.1 but content differed. Pushed staging copy to game.
[2026-04-06 14:09:06] [INFO] sync-work tie resolved for AGF-VP-BedrollPlus: both v1.0.0 but content differed. Pushed staging copy to game.
[2026-04-06 14:09:06] [INFO] sync-work tie resolved for AGF-VP-BetterEggChance: both v2.1.0 but content differed. Pushed staging copy to game.
[2026-04-06 14:09:06] [INFO] sync-work tie resolved for AGF-VP-BreakItGetIt: both v1.0.2 but content differed. Pushed staging copy to game.
[2026-04-06 14:09:06] [INFO] sync-work tie resolved for AGF-VP-BuyTraderVendingMachines: both v3.0.2 but content differed. Pushed staging copy to game.
[2026-04-06 14:09:07] [INFO] sync-work tie resolved for AGF-VP-CraftSewingKits: both v1.0.0 but content differed. Pushed staging copy to game.
[2026-04-06 14:09:07] [INFO] sync-work tie resolved for AGF-VP-CraftStackEngBattCells: both v3.3.0 but content differed. Pushed staging copy to game.
[2026-04-06 14:09:07] [INFO] sync-work tie resolved for AGF-VP-CraftVitamins: both v1.1.0 but content differed. Pushed staging copy to game.
[2026-04-06 14:09:07] [INFO] sync-work tie resolved for AGF-VP-DecorationBlock: both v3.0.2 but content differed. Pushed staging copy to game.
[2026-04-06 14:09:07] [INFO] sync-work tie resolved for AGF-VP-DewsPlus: both v2.4.2 but content differed. Pushed staging copy to game.
[2026-04-06 14:09:08] [INFO] sync-work tie resolved for AGF-VP-DoorsPlus: both v3.0.0 but content differed. Pushed staging copy to game.
[2026-04-06 14:09:08] [INFO] sync-work tie resolved for AGF-VP-DrinkableAcid: both v2.0.1 but content differed. Pushed staging copy to game.
[2026-04-06 14:09:08] [INFO] sync-work tie resolved for AGF-VP-DyesPlus: both v3.1.0 but content differed. Pushed staging copy to game.
[2026-04-06 14:09:08] [INFO] sync-work tie resolved for AGF-VP-FarmingPlus: both v5.6.1 but content differed. Pushed staging copy to game.
[2026-04-06 14:09:08] [INFO] sync-work tie resolved for AGF-VP-FloraHarvester: both v2.3.0 but content differed. Pushed staging copy to game.
[2026-04-06 14:09:08] [INFO] sync-work tie resolved for AGF-VP-FuelBurnPlus: both v2.3.0 but content differed. Pushed staging copy to game.
[2026-04-06 14:09:08] [INFO] sync-work tie resolved for AGF-VP-MasterTool: both v6.1.0 but content differed. Pushed staging copy to game.
[2026-04-06 14:09:09] [INFO] sync-work tie resolved for AGF-VP-MaxLevel500: both v2.0.2 but content differed. Pushed staging copy to game.
[2026-04-06 14:09:09] [INFO] sync-work tie resolved for AGF-VP-MedicationNoInsectSlow: both v1.1.0 but content differed. Pushed staging copy to game.
[2026-04-06 14:09:09] [INFO] sync-work tie resolved for AGF-VP-MiningPlus: both v1.2.0 but content differed. Pushed staging copy to game.
[2026-04-06 14:09:09] [INFO] sync-work tie resolved for AGF-VP-Mod988: both v2.0.1 but content differed. Pushed staging copy to game.
[2026-04-06 14:09:09] [INFO] sync-work tie resolved for AGF-VP-ModBundling: both v1.0.1 but content differed. Pushed staging copy to game.
[2026-04-06 14:09:09] [INFO] sync-work tie resolved for AGF-VP-ModSlotsPlus: both v3.0.1 but content differed. Pushed staging copy to game.
[2026-04-06 14:09:09] [INFO] sync-work tie resolved for AGF-VP-PaintbrushPlus: both v2.1.0 but content differed. Pushed staging copy to game.
[2026-04-06 14:09:09] [INFO] sync-work tie resolved for AGF-VP-PickupLanternsPlus: both v2.0.1 but content differed. Pushed staging copy to game.
[2026-04-06 14:09:09] [INFO] sync-work tie resolved for AGF-VP-PlayerResetQuests: both v2.0.1 but content differed. Pushed staging copy to game.
[2026-04-06 14:09:09] [INFO] sync-work tie resolved for AGF-VP-PlayerVendingMachinesPlus: both v1.0.0 but content differed. Pushed staging copy to game.
[2026-04-06 14:09:10] [INFO] sync-work tie resolved for AGF-VP-PumpkinsPlus: both v2.0.4 but content differed. Pushed staging copy to game.
[2026-04-06 14:09:10] [INFO] sync-work tie resolved for AGF-VP-QuickStart: both v2.0.0 but content differed. Pushed staging copy to game.
[2026-04-06 14:09:10] [INFO] sync-work tie resolved for AGF-VP-RebundleBundles: both v1.0.0 but content differed. Pushed staging copy to game.
[2026-04-06 14:09:10] [INFO] sync-work tie resolved for AGF-VP-RecipeRottingFlesh: both v1.0.0 but content differed. Pushed staging copy to game.
[2026-04-06 14:09:10] [INFO] sync-work tie resolved for AGF-VP-RenamesAlphabeticalSort: both v2.0.4 but content differed. Pushed staging copy to game.
[2026-04-06 14:09:10] [INFO] sync-work tie resolved for AGF-VP-RestorePowerAnyTime: both v1.0.2 but content differed. Pushed staging copy to game.
[2026-04-06 14:09:10] [INFO] sync-work tie resolved for AGF-VP-ScrapBatts4Acid: both v1.1.0 but content differed. Pushed staging copy to game.
[2026-04-06 14:09:10] [INFO] sync-work tie resolved for AGF-VP-ScrapEquipmentFaster: both v1.0.0 but content differed. Pushed staging copy to game.
[2026-04-06 14:09:10] [INFO] sync-work tie resolved for AGF-VP-SimplifiedStacks: both v1.2.3 but content differed. Pushed staging copy to game.
[2026-04-06 14:09:10] [INFO] sync-work tie resolved for AGF-VP-SmeltingPlus: both v2.4.0 but content differed. Pushed staging copy to game.
[2026-04-06 14:09:10] [INFO] sync-work tie resolved for AGF-VP-StayLongerAnimalCorpse: both v2.0.2 but content differed. Pushed staging copy to game.
[2026-04-06 14:09:11] [INFO] sync-work tie resolved for AGF-VP-StayLongerPlayerBackpack: both v2.0.1 but content differed. Pushed staging copy to game.
[2026-04-06 14:09:11] [INFO] sync-work tie resolved for AGF-VP-StayLongerZombieLoot: both v2.0.1 but content differed. Pushed staging copy to game.
[2026-04-06 14:09:11] [INFO] sync-work tie resolved for AGF-VP-TacticalRiflePlus: both v2.1.0 but content differed. Pushed staging copy to game.
[2026-04-06 14:09:11] [INFO] sync-work tie resolved for AGF-VP-TraderAlwaysOpen: both v2.0.1 but content differed. Pushed staging copy to game.
[2026-04-06 14:09:11] [INFO] sync-work tie resolved for AGF-VP-TraderCostlierPrices: both v1.0.0 but content differed. Pushed staging copy to game.
[2026-04-06 14:09:11] [INFO] sync-work tie resolved for AGF-VP-TraderSellsMoreBooks: both v3.0.0 but content differed. Pushed staging copy to game.
[2026-04-06 14:09:11] [INFO] sync-work tie resolved for AGF-VP-TradersRestockEvery2Days: both v1.0.0 but content differed. Pushed staging copy to game.
[2026-04-06 14:09:11] [INFO] sync-work tie resolved for AGF-VP-TreesPlus: both v3.0.0 but content differed. Pushed staging copy to game.
[2026-04-06 14:09:11] [INFO] sync-work tie resolved for AGF-VP-VehiclePerformance: both v1.0.1 but content differed. Pushed staging copy to game.
[2026-04-06 14:09:12] [INFO] sync-work tie resolved for AGF-VP-VehicleStoragePlus: both v2.1.1 but content differed. Pushed staging copy to game.
[2026-04-06 14:09:12] [INFO] sync-work tie resolved for AGF-VP-VehiclesExtraSeating: both v1.0.0 but content differed. Pushed staging copy to game.
[2026-04-06 14:09:12] [INFO] sync-work tie resolved for AGF-VP-WriteStoryOnCrate: both v1.0.0 but content differed. Pushed staging copy to game.
[2026-04-06 14:09:12] [INFO] sync-work tie resolved for AGF-VP-XPDeathPenaltyReduction: both v2.0.0 but content differed. Pushed staging copy to game.
[2026-04-06 14:09:12] [INFO] sync-work tie resolved for AGF-VP-ZombieBiomeSpawning: both v3.0.0 but content differed. Pushed staging copy to game.
[2026-04-06 14:09:12] [INFO] sync-work tie resolved for AGF-VP-ZombieCorpseLeaveQuicker: both v2.0.1 but content differed. Pushed staging copy to game.
[2026-04-06 14:09:12] [INFO] sync-work tie resolved for AGF-VP-ZombieLargerHordes: both v2.0.1 but content differed. Pushed staging copy to game.
[2026-04-06 14:09:13] [INFO] sync-work tie resolved for zzzAGF-Special-Compatibilities: both v4.0.3 but content differed. Pushed staging copy to game.
[2026-04-06 14:09:13] [INFO] sync-work mirror: 4Modders optional updated: AGF-4Modders-10IngredientSlots-v1.0.1
[2026-04-06 14:09:13] [INFO] sync-work mirror: 4Modders optional updated: AGF-4Modders-CustomWindowEnteringDuration-v1.0.0
[2026-04-06 14:09:13] [INFO] sync-work mirror: 4Modders optional updated: AGF-4Modders-Fix4DestroyBiomeBadge-v1.0.0
[2026-04-06 14:09:13] [INFO] sync-work mirror: 4Modders optional updated: AGF-4Modders-Fix4RemoveItems-v1.0.0
[2026-04-06 14:09:13] [INFO] sync-work mirror: 4Modders optional updated: AGF-4Modders-SkillPointCap-v1.0.0
[2026-04-06 14:09:13] [INFO] sync-work mirror: backpack optional updated: AGF-BackpackPlus-060Slots-v3.2.2
[2026-04-06 14:09:13] [INFO] sync-work mirror: backpack optional updated: AGF-BackpackPlus-072Slots-v3.2.2
[2026-04-06 14:09:13] [INFO] sync-work mirror: backpack optional updated: AGF-BackpackPlus-084Slots-v3.2.2
[2026-04-06 14:09:13] [INFO] sync-work mirror: backpack optional updated: AGF-BackpackPlus-119Slots-v1.2.2
[2026-04-06 14:09:13] [INFO] sync-work mirror: HUD optional updated: AGF-HUDPlus-1Main-v5.4.4
[2026-04-06 14:09:13] [INFO] sync-work mirror: HUD optional updated: AGF-HUDPlus-BMCounter-v2.1.2
[2026-04-06 14:09:13] [INFO] sync-work mirror: HUD optional updated: AGF-HUDPlus-HealthBars-v4.0.0
[2026-04-06 14:09:13] [INFO] sync-work mirror: HUD optional updated: AGF-HUDPlus-PurpleBook-v2.0.0
[2026-04-06 14:09:13] [INFO] sync-work mirror: HUD optional updated: AGF-HUDPlus-RemoveEnteringPopUp-v1.0.0
[2026-04-06 14:09:13] [INFO] sync-work mirror: HUD optional updated: AGF-HUDPluszOther-RemoveWrittentormAlerts-v2.0.0
[2026-04-06 14:09:13] [INFO] sync-work mirror: HUD optional updated: AGF-HUDPluszOther-SmallerInteractionPrompt-v1.0.0
[2026-04-06 14:09:13] [INFO] sync-work mirror: HUD optional updated: AGF-HUDPluszOther-TinyBuffsPopUp-v1.0.0
[2026-04-06 14:09:13] [INFO] sync-work mirror: HUD optional updated: AGF-HUDPluszOther-Weekday-v2.1.0
[2026-04-06 14:09:13] [INFO] Rename folders to match ModInfo Name+Version when safe
[2026-04-06 14:09:13] [INFO] Renamed folder: AGF-NoEAC-LockableWorkstations-v1.1.0 -> AGF-NoEAC-LockableWorkstations-v1.1.1
[2026-04-06 14:09:13] [INFO] Pre-release prep: refresh folder names + README files
[2026-04-06 14:09:13] [INFO] Rename folders to match ModInfo Name+Version when safe
[2026-04-06 14:09:13] [INFO] Step 4.2: Normalize HELPER_ModCompatibility.csv
[2026-04-06 14:09:13] [INFO] Step 4.3: Normalize quote files
[2026-04-06 14:09:13] [INFO] Generate per-mod README.md and ReadableReadMe.txt
[2026-04-06 14:09:14] [INFO] Cleanup: Remove legacy 4Modders-replaced folders in 02_ActiveBuild
[2026-04-06 14:09:14] [INFO] Cleanup: Remove older duplicate versions in 02_ActiveBuild
[2026-04-06 14:09:14] [INFO] Mode sync-work: Sync Staging <-> Game by version
[2026-04-06 14:09:14] [INFO] Policy: keep one active BackpackPlus in game root, keep all BackpackPlus in .Optionals-Backpack, mirror all HUDPlus/HUDPluszOther in .Optionals-HUDPlus and keep HUDPluszOther out of game root, and mirror AGF-4Modders into .Optionals-4Modders without auto-pushing them into game root.
[2026-04-06 14:09:14] [INFO] sync-work tie resolved for AGF-BackpackPlus-084Slots: both v3.2.2 but content differed. Pushed staging copy to game.
[2026-04-06 14:09:14] [INFO] sync-work tie resolved for AGF-HUDPlus-1Main: both v5.4.4 but content differed. Pushed staging copy to game.
[2026-04-06 14:09:14] [INFO] sync-work tie resolved for AGF-HUDPlus-BMCounter: both v2.1.2 but content differed. Pushed staging copy to game.
[2026-04-06 14:09:15] [INFO] sync-work tie resolved for AGF-HUDPlus-HealthBars: both v4.0.0 but content differed. Pushed staging copy to game.
[2026-04-06 14:09:15] [INFO] sync-work tie resolved for AGF-HUDPlus-PurpleBook: both v2.0.0 but content differed. Pushed staging copy to game.
[2026-04-06 14:09:15] [INFO] sync-work tie resolved for AGF-HUDPlus-RemoveEnteringPopUp: both v1.0.0 but content differed. Pushed staging copy to game.
[2026-04-06 14:09:15] [INFO] sync-work tie resolved for AGF-NoEAC-ConsoleOpacityMod: both v1.0.0 but content differed. Pushed staging copy to game.
[2026-04-06 14:09:15] [INFO] sync-work tie resolved for AGF-NoEAC-CosmeticLockIcon: both v1.0.1 but content differed. Pushed staging copy to game.
[2026-04-06 14:09:16] [INFO] sync-work tie resolved for AGF-NoEAC-EnhancedPatch: both v3.1.1 but content differed. Pushed staging copy to game.
[2026-04-06 14:09:16] [INFO] sync-work tie resolved for AGF-NoEAC-ExpandedInteractionPrompts: both v1.1.0 but content differed. Pushed staging copy to game.
[2026-04-06 14:09:16] [INFO] sync-work tie resolved for AGF-NoEAC-GlobalStormTracker: both v1.0.0 but content differed. Pushed staging copy to game.
[2026-04-06 14:09:17] [INFO] sync-work tie resolved for AGF-NoEAC-ItemTypeIconColor: both v1.0.0 but content differed. Pushed staging copy to game.
[2026-04-06 14:09:17] [INFO] sync-work tie resolved for AGF-NoEAC-LockableWorkstations: both v1.1.1 but content differed. Pushed staging copy to game.
[2026-04-06 14:09:17] [INFO] sync-work tie resolved for AGF-NoEAC-OpenAllButton: both v1.0.1 but content differed. Pushed staging copy to game.
[2026-04-06 14:09:17] [INFO] sync-work tie resolved for AGF-NoEAC-ScreamerAlert: both v1.1.1 but content differed. Pushed staging copy to game.
[2026-04-06 14:09:18] [INFO] sync-work tie resolved for AGF-NoEAC-SortingBox: both v1.0.5 but content differed. Pushed staging copy to game.
[2026-04-06 14:09:18] [INFO] sync-work tie resolved for AGF-NoEAC-Toolbelt12Slots: both v1.0.1 but content differed. Pushed staging copy to game.
[2026-04-06 14:09:18] [INFO] sync-work tie resolved for AGF-VP-AdminModdingSupport: both v1.0.3 but content differed. Pushed staging copy to game.
[2026-04-06 14:09:18] [INFO] sync-work tie resolved for AGF-VP-AlternativeRecipes: both v1.0.1 but content differed. Pushed staging copy to game.
[2026-04-06 14:09:19] [INFO] sync-work tie resolved for AGF-VP-AmmoDisassembly: both v1.0.1 but content differed. Pushed staging copy to game.
[2026-04-06 14:09:19] [INFO] sync-work tie resolved for AGF-VP-ApiaryPlus: both v1.0.3 but content differed. Pushed staging copy to game.
[2026-04-06 14:09:19] [INFO] sync-work tie resolved for AGF-VP-ArcheryFeathersChange: both v1.0.2 but content differed. Pushed staging copy to game.
[2026-04-06 14:09:19] [INFO] sync-work tie resolved for AGF-VP-ArmorHarvestMods: both v2.1.0 but content differed. Pushed staging copy to game.
[2026-04-06 14:09:19] [INFO] sync-work tie resolved for AGF-VP-AutomobilesRespawn: both v3.0.1 but content differed. Pushed staging copy to game.
[2026-04-06 14:09:19] [INFO] sync-work tie resolved for AGF-VP-BedrollPlus: both v1.0.0 but content differed. Pushed staging copy to game.
[2026-04-06 14:09:20] [INFO] sync-work tie resolved for AGF-VP-BetterEggChance: both v2.1.0 but content differed. Pushed staging copy to game.
[2026-04-06 14:09:20] [INFO] sync-work tie resolved for AGF-VP-BreakItGetIt: both v1.0.2 but content differed. Pushed staging copy to game.
[2026-04-06 14:09:20] [INFO] sync-work tie resolved for AGF-VP-BuyTraderVendingMachines: both v3.0.2 but content differed. Pushed staging copy to game.
[2026-04-06 14:09:20] [INFO] sync-work tie resolved for AGF-VP-CraftSewingKits: both v1.0.0 but content differed. Pushed staging copy to game.
[2026-04-06 14:09:20] [INFO] sync-work tie resolved for AGF-VP-CraftStackEngBattCells: both v3.3.0 but content differed. Pushed staging copy to game.
[2026-04-06 14:09:20] [INFO] sync-work tie resolved for AGF-VP-CraftVitamins: both v1.1.0 but content differed. Pushed staging copy to game.
[2026-04-06 14:09:21] [INFO] sync-work tie resolved for AGF-VP-DecorationBlock: both v3.0.2 but content differed. Pushed staging copy to game.
[2026-04-06 14:09:21] [INFO] sync-work tie resolved for AGF-VP-DewsPlus: both v2.4.2 but content differed. Pushed staging copy to game.
[2026-04-06 14:09:21] [INFO] sync-work tie resolved for AGF-VP-DoorsPlus: both v3.0.0 but content differed. Pushed staging copy to game.
[2026-04-06 14:09:22] [INFO] sync-work tie resolved for AGF-VP-DrinkableAcid: both v2.0.1 but content differed. Pushed staging copy to game.
[2026-04-06 14:09:22] [INFO] sync-work tie resolved for AGF-VP-DyesPlus: both v3.1.0 but content differed. Pushed staging copy to game.
[2026-04-06 14:09:22] [INFO] sync-work tie resolved for AGF-VP-FarmingPlus: both v5.6.1 but content differed. Pushed staging copy to game.
[2026-04-06 14:09:22] [INFO] sync-work tie resolved for AGF-VP-FloraHarvester: both v2.3.0 but content differed. Pushed staging copy to game.
[2026-04-06 14:09:22] [INFO] sync-work tie resolved for AGF-VP-FuelBurnPlus: both v2.3.0 but content differed. Pushed staging copy to game.
[2026-04-06 14:09:23] [INFO] sync-work tie resolved for AGF-VP-MasterTool: both v6.1.0 but content differed. Pushed staging copy to game.
[2026-04-06 14:09:23] [INFO] sync-work tie resolved for AGF-VP-MaxLevel500: both v2.0.2 but content differed. Pushed staging copy to game.
[2026-04-06 14:09:23] [INFO] sync-work tie resolved for AGF-VP-MedicationNoInsectSlow: both v1.1.0 but content differed. Pushed staging copy to game.
[2026-04-06 14:09:23] [INFO] sync-work tie resolved for AGF-VP-MiningPlus: both v1.2.0 but content differed. Pushed staging copy to game.
[2026-04-06 14:09:23] [INFO] sync-work tie resolved for AGF-VP-Mod988: both v2.0.1 but content differed. Pushed staging copy to game.
[2026-04-06 14:09:23] [INFO] sync-work tie resolved for AGF-VP-ModBundling: both v1.0.1 but content differed. Pushed staging copy to game.
[2026-04-06 14:09:23] [INFO] sync-work tie resolved for AGF-VP-ModSlotsPlus: both v3.0.1 but content differed. Pushed staging copy to game.
[2026-04-06 14:09:24] [INFO] sync-work tie resolved for AGF-VP-PaintbrushPlus: both v2.1.0 but content differed. Pushed staging copy to game.
[2026-04-06 14:09:24] [INFO] sync-work tie resolved for AGF-VP-PickupLanternsPlus: both v2.0.1 but content differed. Pushed staging copy to game.
[2026-04-06 14:09:24] [INFO] sync-work tie resolved for AGF-VP-PlayerResetQuests: both v2.0.1 but content differed. Pushed staging copy to game.
[2026-04-06 14:09:24] [INFO] sync-work tie resolved for AGF-VP-PlayerVendingMachinesPlus: both v1.0.0 but content differed. Pushed staging copy to game.
[2026-04-06 14:09:24] [INFO] sync-work tie resolved for AGF-VP-PumpkinsPlus: both v2.0.4 but content differed. Pushed staging copy to game.
[2026-04-06 14:09:24] [INFO] sync-work tie resolved for AGF-VP-QuickStart: both v2.0.0 but content differed. Pushed staging copy to game.
[2026-04-06 14:09:24] [INFO] sync-work tie resolved for AGF-VP-RebundleBundles: both v1.0.0 but content differed. Pushed staging copy to game.
[2026-04-06 14:09:25] [INFO] sync-work tie resolved for AGF-VP-RecipeRottingFlesh: both v1.0.0 but content differed. Pushed staging copy to game.
[2026-04-06 14:09:25] [INFO] sync-work tie resolved for AGF-VP-RenamesAlphabeticalSort: both v2.0.4 but content differed. Pushed staging copy to game.
[2026-04-06 14:09:25] [INFO] sync-work tie resolved for AGF-VP-RestorePowerAnyTime: both v1.0.2 but content differed. Pushed staging copy to game.
[2026-04-06 14:09:25] [INFO] sync-work tie resolved for AGF-VP-ScrapBatts4Acid: both v1.1.0 but content differed. Pushed staging copy to game.
[2026-04-06 14:09:25] [INFO] sync-work tie resolved for AGF-VP-ScrapEquipmentFaster: both v1.0.0 but content differed. Pushed staging copy to game.
[2026-04-06 14:09:25] [INFO] sync-work tie resolved for AGF-VP-SimplifiedStacks: both v1.2.3 but content differed. Pushed staging copy to game.
[2026-04-06 14:09:25] [INFO] sync-work tie resolved for AGF-VP-SmeltingPlus: both v2.4.0 but content differed. Pushed staging copy to game.
[2026-04-06 14:09:26] [INFO] sync-work tie resolved for AGF-VP-StayLongerAnimalCorpse: both v2.0.2 but content differed. Pushed staging copy to game.
[2026-04-06 14:09:26] [INFO] sync-work tie resolved for AGF-VP-StayLongerPlayerBackpack: both v2.0.1 but content differed. Pushed staging copy to game.
[2026-04-06 14:09:26] [INFO] sync-work tie resolved for AGF-VP-StayLongerZombieLoot: both v2.0.1 but content differed. Pushed staging copy to game.
[2026-04-06 14:09:26] [INFO] sync-work tie resolved for AGF-VP-TacticalRiflePlus: both v2.1.0 but content differed. Pushed staging copy to game.
[2026-04-06 14:09:26] [INFO] sync-work tie resolved for AGF-VP-TraderAlwaysOpen: both v2.0.1 but content differed. Pushed staging copy to game.
[2026-04-06 14:09:26] [INFO] sync-work tie resolved for AGF-VP-TraderCostlierPrices: both v1.0.0 but content differed. Pushed staging copy to game.
[2026-04-06 14:09:26] [INFO] sync-work tie resolved for AGF-VP-TraderSellsMoreBooks: both v3.0.0 but content differed. Pushed staging copy to game.
[2026-04-06 14:09:26] [INFO] sync-work tie resolved for AGF-VP-TradersRestockEvery2Days: both v1.0.0 but content differed. Pushed staging copy to game.
[2026-04-06 14:09:27] [INFO] sync-work tie resolved for AGF-VP-TreesPlus: both v3.0.0 but content differed. Pushed staging copy to game.
[2026-04-06 14:09:27] [INFO] sync-work tie resolved for AGF-VP-VehiclePerformance: both v1.0.1 but content differed. Pushed staging copy to game.
[2026-04-06 14:09:27] [INFO] sync-work tie resolved for AGF-VP-VehicleStoragePlus: both v2.1.1 but content differed. Pushed staging copy to game.
[2026-04-06 14:09:27] [INFO] sync-work tie resolved for AGF-VP-VehiclesExtraSeating: both v1.0.0 but content differed. Pushed staging copy to game.
[2026-04-06 14:09:27] [INFO] sync-work tie resolved for AGF-VP-WriteStoryOnCrate: both v1.0.0 but content differed. Pushed staging copy to game.
[2026-04-06 14:09:27] [INFO] sync-work tie resolved for AGF-VP-XPDeathPenaltyReduction: both v2.0.0 but content differed. Pushed staging copy to game.
[2026-04-06 14:09:27] [INFO] sync-work tie resolved for AGF-VP-ZombieBiomeSpawning: both v3.0.0 but content differed. Pushed staging copy to game.
[2026-04-06 14:09:27] [INFO] sync-work tie resolved for AGF-VP-ZombieCorpseLeaveQuicker: both v2.0.1 but content differed. Pushed staging copy to game.
[2026-04-06 14:09:28] [INFO] sync-work tie resolved for AGF-VP-ZombieLargerHordes: both v2.0.1 but content differed. Pushed staging copy to game.
[2026-04-06 14:09:28] [INFO] sync-work tie resolved for zzzAGF-Special-Compatibilities: both v4.0.3 but content differed. Pushed staging copy to game.
[2026-04-06 14:09:28] [INFO] sync-work mirror: 4Modders optional updated: AGF-4Modders-10IngredientSlots-v1.0.1
[2026-04-06 14:09:28] [INFO] sync-work mirror: 4Modders optional updated: AGF-4Modders-CustomWindowEnteringDuration-v1.0.0
[2026-04-06 14:09:28] [INFO] sync-work mirror: 4Modders optional updated: AGF-4Modders-Fix4DestroyBiomeBadge-v1.0.0
[2026-04-06 14:09:28] [INFO] sync-work mirror: 4Modders optional updated: AGF-4Modders-Fix4RemoveItems-v1.0.0
[2026-04-06 14:09:28] [INFO] sync-work mirror: 4Modders optional updated: AGF-4Modders-SkillPointCap-v1.0.0
[2026-04-06 14:09:28] [INFO] sync-work mirror: backpack optional updated: AGF-BackpackPlus-060Slots-v3.2.2
[2026-04-06 14:09:28] [INFO] sync-work mirror: backpack optional updated: AGF-BackpackPlus-072Slots-v3.2.2
[2026-04-06 14:09:28] [INFO] sync-work mirror: backpack optional updated: AGF-BackpackPlus-084Slots-v3.2.2
[2026-04-06 14:09:28] [INFO] sync-work mirror: backpack optional updated: AGF-BackpackPlus-119Slots-v1.2.2
[2026-04-06 14:09:28] [INFO] sync-work mirror: HUD optional updated: AGF-HUDPlus-1Main-v5.4.4
[2026-04-06 14:09:28] [INFO] sync-work mirror: HUD optional updated: AGF-HUDPlus-BMCounter-v2.1.2
[2026-04-06 14:09:28] [INFO] sync-work mirror: HUD optional updated: AGF-HUDPlus-HealthBars-v4.0.0
[2026-04-06 14:09:28] [INFO] sync-work mirror: HUD optional updated: AGF-HUDPlus-PurpleBook-v2.0.0
[2026-04-06 14:09:28] [INFO] sync-work mirror: HUD optional updated: AGF-HUDPlus-RemoveEnteringPopUp-v1.0.0
[2026-04-06 14:09:28] [INFO] sync-work mirror: HUD optional updated: AGF-HUDPluszOther-RemoveWrittentormAlerts-v2.0.0
[2026-04-06 14:09:28] [INFO] sync-work mirror: HUD optional updated: AGF-HUDPluszOther-SmallerInteractionPrompt-v1.0.0
[2026-04-06 14:09:28] [INFO] sync-work mirror: HUD optional updated: AGF-HUDPluszOther-TinyBuffsPopUp-v1.0.0
[2026-04-06 14:09:28] [INFO] sync-work mirror: HUD optional updated: AGF-HUDPluszOther-Weekday-v2.1.0
[2026-04-06 14:09:28] [INFO] Rename folders to match ModInfo Name+Version when safe
[2026-04-06 14:09:28] [INFO] Mode promote: Promote Staging -> PublishReady (version-gated)
[2026-04-06 14:09:28] [INFO] Promoted refresh: AGF-4Modders-10IngredientSlots-v1.0.1 v1.0.1 (same version, content/name changed from AGF-4Modders-10IngredientSlots-v1.0.1)
[2026-04-06 14:09:29] [INFO] Promoted refresh: AGF-4Modders-CustomWindowEnteringDuration-v1.0.0 v1.0.0 (same version, content/name changed from AGF-4Modders-CustomWindowEnteringDuration-v1.0.0)
[2026-04-06 14:09:29] [INFO] Promoted refresh: AGF-4Modders-Fix4DestroyBiomeBadge-v1.0.0 v1.0.0 (same version, content/name changed from AGF-4Modders-Fix4DestroyBiomeBadge-v1.0.0)
[2026-04-06 14:09:29] [INFO] Promoted refresh: AGF-4Modders-Fix4RemoveItems-v1.0.0 v1.0.0 (same version, content/name changed from AGF-4Modders-Fix4RemoveItems-v1.0.0)
[2026-04-06 14:09:29] [INFO] Promoted refresh: AGF-4Modders-SkillPointCap-v1.0.0 v1.0.0 (same version, content/name changed from AGF-4Modders-SkillPointCap-v1.0.0)
[2026-04-06 14:09:30] [INFO] Promoted refresh: AGF-BackpackPlus-060Slots-v3.2.2 v3.2.2 (same version, content/name changed from AGF-BackpackPlus-060Slots-v3.2.2)
[2026-04-06 14:09:30] [INFO] Promoted refresh: AGF-BackpackPlus-072Slots-v3.2.2 v3.2.2 (same version, content/name changed from AGF-BackpackPlus-072Slots-v3.2.2)
[2026-04-06 14:09:30] [INFO] Promoted refresh: AGF-BackpackPlus-084Slots-v3.2.2 v3.2.2 (same version, content/name changed from AGF-BackpackPlus-084Slots-v3.2.2)
[2026-04-06 14:09:31] [INFO] Promoted refresh: AGF-BackpackPlus-119Slots-v1.2.2 v1.2.2 (same version, content/name changed from AGF-BackpackPlus-119Slots-v1.2.2)
[2026-04-06 14:09:31] [INFO] Promoted refresh: AGF-HUDPlus-1Main-v5.4.4 v5.4.4 (same version, content/name changed from AGF-HUDPlus-1Main-v5.4.4)
[2026-04-06 14:09:31] [INFO] Promoted refresh: AGF-HUDPlus-BMCounter-v2.1.2 v2.1.2 (same version, content/name changed from AGF-HUDPlus-BMCounter-v2.1.2)
[2026-04-06 14:09:31] [INFO] Promoted refresh: AGF-HUDPlus-HealthBars-v4.0.0 v4.0.0 (same version, content/name changed from AGF-HUDPlus-HealthBars-v4.0.0)
[2026-04-06 14:09:31] [INFO] Promoted refresh: AGF-HUDPlus-PurpleBook-v2.0.0 v2.0.0 (same version, content/name changed from AGF-HUDPlus-PurpleBook-v2.0.0)
[2026-04-06 14:09:31] [INFO] Promoted refresh: AGF-HUDPlus-RemoveEnteringPopUp-v1.0.0 v1.0.0 (same version, content/name changed from AGF-HUDPlus-RemoveEnteringPopUp-v1.0.0)
[2026-04-06 14:09:31] [INFO] Promoted refresh: AGF-HUDPluszOther-RemoveWrittentormAlerts-v2.0.0 v2.0.0 (same version, content/name changed from AGF-HUDPluszOther-RemoveWrittentormAlerts-v2.0.0)
[2026-04-06 14:09:31] [INFO] Promoted refresh: AGF-HUDPluszOther-SmallerInteractionPrompt-v1.0.0 v1.0.0 (same version, content/name changed from AGF-HUDPluszOther-SmallerInteractionPrompt-v1.0.0)
[2026-04-06 14:09:32] [INFO] Promoted refresh: AGF-HUDPluszOther-TinyBuffsPopUp-v1.0.0 v1.0.0 (same version, content/name changed from AGF-HUDPluszOther-TinyBuffsPopUp-v1.0.0)
[2026-04-06 14:09:32] [INFO] Promoted refresh: AGF-HUDPluszOther-Weekday-v2.1.0 v2.1.0 (same version, content/name changed from AGF-HUDPluszOther-Weekday-v2.1.0)
[2026-04-06 14:09:32] [INFO] Promoted refresh: AGF-NoEAC-ConsoleOpacityMod-v1.0.0 v1.0.0 (same version, content/name changed from AGF-NoEAC-ConsoleOpacityMod-v1.0.0)
[2026-04-06 14:09:32] [INFO] Promoted refresh: AGF-NoEAC-CosmeticLockIcon-v1.0.1 v1.0.1 (same version, content/name changed from AGF-NoEAC-CosmeticLockIcon-v1.0.1)
[2026-04-06 14:09:32] [INFO] Promoted refresh: AGF-NoEAC-EnhancedPatch-v3.1.1 v3.1.1 (same version, content/name changed from AGF-NoEAC-EnhancedPatch-v3.1.1)
[2026-04-06 14:09:32] [INFO] Promoted refresh: AGF-NoEAC-ExpandedInteractionPrompts-v1.1.0 v1.1.0 (same version, content/name changed from AGF-NoEAC-ExpandedInteractionPrompts-v1.1.0)
[2026-04-06 14:09:33] [INFO] Promoted refresh: AGF-NoEAC-GlobalStormTracker-v1.0.0 v1.0.0 (same version, content/name changed from AGF-NoEAC-GlobalStormTracker-v1.0.0)
[2026-04-06 14:09:33] [INFO] Promoted refresh: AGF-NoEAC-ItemTypeIconColor-v1.0.0 v1.0.0 (same version, content/name changed from AGF-NoEAC-ItemTypeIconColor-v1.0.0)
[2026-04-06 14:09:33] [INFO] Promoted update: AGF-NoEAC-LockableWorkstations-v1.1.1 v1.1.1 (was AGF-NoEAC-LockableWorkstations-v1.1.0 v1.1.0)
[2026-04-06 14:09:33] [INFO] Promoted refresh: AGF-NoEAC-OpenAllButton-v1.0.1 v1.0.1 (same version, content/name changed from AGF-NoEAC-OpenAllButton-v1.0.1)
[2026-04-06 14:09:33] [INFO] Promoted refresh: AGF-NoEAC-ScreamerAlert-v1.1.1 v1.1.1 (same version, content/name changed from AGF-NoEAC-ScreamerAlert-v1.1.1)
[2026-04-06 14:09:34] [INFO] Promoted refresh: AGF-NoEAC-SortingBox-v1.0.5 v1.0.5 (same version, content/name changed from AGF-NoEAC-SortingBox-v1.0.5)
[2026-04-06 14:09:34] [INFO] Promoted refresh: AGF-NoEAC-Toolbelt12Slots-v1.0.1 v1.0.1 (same version, content/name changed from AGF-NoEAC-Toolbelt12Slots-v1.0.1)
[2026-04-06 14:09:34] [INFO] Promoted refresh: AGF-VP-AdminModdingSupport-v1.0.3 v1.0.3 (same version, content/name changed from AGF-VP-AdminModdingSupport-v1.0.3)
[2026-04-06 14:09:34] [INFO] Promoted refresh: AGF-VP-AlternativeRecipes-v1.0.1 v1.0.1 (same version, content/name changed from AGF-VP-AlternativeRecipes-v1.0.1)
[2026-04-06 14:09:34] [INFO] Promoted refresh: AGF-VP-AmmoDisassembly-v1.0.1 v1.0.1 (same version, content/name changed from AGF-VP-AmmoDisassembly-v1.0.1)
[2026-04-06 14:09:34] [INFO] Promoted refresh: AGF-VP-ApiaryPlus-v1.0.3 v1.0.3 (same version, content/name changed from AGF-VP-ApiaryPlus-v1.0.3)
[2026-04-06 14:09:34] [INFO] Promoted refresh: AGF-VP-ArcheryFeathersChange-v1.0.2 v1.0.2 (same version, content/name changed from AGF-VP-ArcheryFeathersChange-v1.0.2)
[2026-04-06 14:09:34] [INFO] Promoted refresh: AGF-VP-ArmorHarvestMods-v2.1.0 v2.1.0 (same version, content/name changed from AGF-VP-ArmorHarvestMods-v2.1.0)
[2026-04-06 14:09:34] [INFO] Promoted refresh: AGF-VP-AutomobilesRespawn-v3.0.1 v3.0.1 (same version, content/name changed from AGF-VP-AutomobilesRespawn-v3.0.1)
[2026-04-06 14:09:34] [INFO] Promoted refresh: AGF-VP-BedrollPlus-v1.0.0 v1.0.0 (same version, content/name changed from AGF-VP-BedrollPlus-v1.0.0)
[2026-04-06 14:09:34] [INFO] Promoted refresh: AGF-VP-BetterEggChance-v2.1.0 v2.1.0 (same version, content/name changed from AGF-VP-BetterEggChance-v2.1.0)
[2026-04-06 14:09:34] [INFO] Promoted refresh: AGF-VP-BreakItGetIt-v1.0.2 v1.0.2 (same version, content/name changed from AGF-VP-BreakItGetIt-v1.0.2)
[2026-04-06 14:09:35] [INFO] Promoted refresh: AGF-VP-BuyTraderVendingMachines-v3.0.2 v3.0.2 (same version, content/name changed from AGF-VP-BuyTraderVendingMachines-v3.0.2)
[2026-04-06 14:09:35] [INFO] Promoted refresh: AGF-VP-CraftSewingKits-v1.0.0 v1.0.0 (same version, content/name changed from AGF-VP-CraftSewingKits-v1.0.0)
[2026-04-06 14:09:35] [INFO] Promoted refresh: AGF-VP-CraftStackEngBattCells-v3.3.0 v3.3.0 (same version, content/name changed from AGF-VP-CraftStackEngBattCells-v3.3.0)
[2026-04-06 14:09:35] [INFO] Promoted refresh: AGF-VP-CraftVitamins-v1.1.0 v1.1.0 (same version, content/name changed from AGF-VP-CraftVitamins-v1.1.0)
[2026-04-06 14:09:35] [INFO] Promoted refresh: AGF-VP-DecorationBlock-v3.0.2 v3.0.2 (same version, content/name changed from AGF-VP-DecorationBlock-v3.0.2)
[2026-04-06 14:09:35] [INFO] Promoted refresh: AGF-VP-DewsPlus-v2.4.2 v2.4.2 (same version, content/name changed from AGF-VP-DewsPlus-v2.4.2)
[2026-04-06 14:09:36] [INFO] Promoted refresh: AGF-VP-DoorsPlus-v3.0.0 v3.0.0 (same version, content/name changed from AGF-VP-DoorsPlus-v3.0.0)
[2026-04-06 14:09:36] [INFO] Promoted refresh: AGF-VP-DrinkableAcid-v2.0.1 v2.0.1 (same version, content/name changed from AGF-VP-DrinkableAcid-v2.0.1)
[2026-04-06 14:09:36] [INFO] Promoted refresh: AGF-VP-DyesPlus-v3.1.0 v3.1.0 (same version, content/name changed from AGF-VP-DyesPlus-v3.1.0)
[2026-04-06 14:09:36] [INFO] Promoted refresh: AGF-VP-FarmingPlus-v5.6.1 v5.6.1 (same version, content/name changed from AGF-VP-FarmingPlus-v5.6.1)
[2026-04-06 14:09:36] [INFO] Promoted refresh: AGF-VP-FloraHarvester-v2.3.0 v2.3.0 (same version, content/name changed from AGF-VP-FloraHarvester-v2.3.0)
[2026-04-06 14:09:36] [INFO] Promoted refresh: AGF-VP-FuelBurnPlus-v2.3.0 v2.3.0 (same version, content/name changed from AGF-VP-FuelBurnPlus-v2.3.0)
[2026-04-06 14:09:36] [INFO] Promoted refresh: AGF-VP-MasterTool-v6.1.0 v6.1.0 (same version, content/name changed from AGF-VP-MasterTool-v6.1.0)
[2026-04-06 14:09:36] [INFO] Promoted refresh: AGF-VP-MaxLevel500-v2.0.2 v2.0.2 (same version, content/name changed from AGF-VP-MaxLevel500-v2.0.2)
[2026-04-06 14:09:36] [INFO] Promoted refresh: AGF-VP-MedicationNoInsectSlow-v1.1.0 v1.1.0 (same version, content/name changed from AGF-VP-MedicationNoInsectSlow-v1.1.0)
[2026-04-06 14:09:36] [INFO] Promoted refresh: AGF-VP-MiningPlus-v1.2.0 v1.2.0 (same version, content/name changed from AGF-VP-MiningPlus-v1.2.0)
[2026-04-06 14:09:36] [INFO] Promoted refresh: AGF-VP-Mod988-v2.0.1 v2.0.1 (same version, content/name changed from AGF-VP-Mod988-v2.0.1)
[2026-04-06 14:09:37] [INFO] Promoted refresh: AGF-VP-ModBundling-v1.0.1 v1.0.1 (same version, content/name changed from AGF-VP-ModBundling-v1.0.1)
[2026-04-06 14:09:37] [INFO] Promoted refresh: AGF-VP-ModSlotsPlus-v3.0.1 v3.0.1 (same version, content/name changed from AGF-VP-ModSlotsPlus-v3.0.1)
[2026-04-06 14:09:37] [INFO] Promoted refresh: AGF-VP-PaintbrushPlus-v2.1.0 v2.1.0 (same version, content/name changed from AGF-VP-PaintbrushPlus-v2.1.0)
[2026-04-06 14:09:37] [INFO] Promoted refresh: AGF-VP-PickupLanternsPlus-v2.0.1 v2.0.1 (same version, content/name changed from AGF-VP-PickupLanternsPlus-v2.0.1)
[2026-04-06 14:09:37] [INFO] Promoted refresh: AGF-VP-PlayerResetQuests-v2.0.1 v2.0.1 (same version, content/name changed from AGF-VP-PlayerResetQuests-v2.0.1)
[2026-04-06 14:09:37] [INFO] Promoted refresh: AGF-VP-PlayerVendingMachinesPlus-v1.0.0 v1.0.0 (same version, content/name changed from AGF-VP-PlayerVendingMachinesPlus-v1.0.0)
[2026-04-06 14:09:37] [INFO] Promoted refresh: AGF-VP-PumpkinsPlus-v2.0.4 v2.0.4 (same version, content/name changed from AGF-VP-PumpkinsPlus-v2.0.4)
[2026-04-06 14:09:37] [INFO] Promoted refresh: AGF-VP-QuickStart-v2.0.0 v2.0.0 (same version, content/name changed from AGF-VP-QuickStart-v2.0.0)
[2026-04-06 14:09:37] [INFO] Promoted refresh: AGF-VP-RebundleBundles-v1.0.0 v1.0.0 (same version, content/name changed from AGF-VP-RebundleBundles-v1.0.0)
[2026-04-06 14:09:37] [INFO] Promoted refresh: AGF-VP-RecipeRottingFlesh-v1.0.0 v1.0.0 (same version, content/name changed from AGF-VP-RecipeRottingFlesh-v1.0.0)
[2026-04-06 14:09:37] [INFO] Promoted refresh: AGF-VP-RenamesAlphabeticalSort-v2.0.4 v2.0.4 (same version, content/name changed from AGF-VP-RenamesAlphabeticalSort-v2.0.4)
[2026-04-06 14:09:37] [INFO] Promoted refresh: AGF-VP-RestorePowerAnyTime-v1.0.2 v1.0.2 (same version, content/name changed from AGF-VP-RestorePowerAnyTime-v1.0.2)
[2026-04-06 14:09:37] [INFO] Promoted refresh: AGF-VP-ScrapBatts4Acid-v1.1.0 v1.1.0 (same version, content/name changed from AGF-VP-ScrapBatts4Acid-v1.1.0)
[2026-04-06 14:09:38] [INFO] Promoted refresh: AGF-VP-ScrapEquipmentFaster-v1.0.0 v1.0.0 (same version, content/name changed from AGF-VP-ScrapEquipmentFaster-v1.0.0)
[2026-04-06 14:09:38] [INFO] Promoted refresh: AGF-VP-SimplifiedStacks-v1.2.3 v1.2.3 (same version, content/name changed from AGF-VP-SimplifiedStacks-v1.2.3)
[2026-04-06 14:09:38] [INFO] Promoted refresh: AGF-VP-SmeltingPlus-v2.4.0 v2.4.0 (same version, content/name changed from AGF-VP-SmeltingPlus-v2.4.0)
[2026-04-06 14:09:38] [INFO] Promoted refresh: AGF-VP-StayLongerAnimalCorpse-v2.0.2 v2.0.2 (same version, content/name changed from AGF-VP-StayLongerAnimalCorpse-v2.0.2)
[2026-04-06 14:09:38] [INFO] Promoted refresh: AGF-VP-StayLongerPlayerBackpack-v2.0.1 v2.0.1 (same version, content/name changed from AGF-VP-StayLongerPlayerBackpack-v2.0.1)
[2026-04-06 14:09:38] [INFO] Promoted refresh: AGF-VP-StayLongerZombieLoot-v2.0.1 v2.0.1 (same version, content/name changed from AGF-VP-StayLongerZombieLoot-v2.0.1)
[2026-04-06 14:09:38] [INFO] Promoted refresh: AGF-VP-TacticalRiflePlus-v2.1.0 v2.1.0 (same version, content/name changed from AGF-VP-TacticalRiflePlus-v2.1.0)
[2026-04-06 14:09:38] [INFO] Promoted refresh: AGF-VP-TraderAlwaysOpen-v2.0.1 v2.0.1 (same version, content/name changed from AGF-VP-TraderAlwaysOpen-v2.0.1)
[2026-04-06 14:09:38] [INFO] Promoted refresh: AGF-VP-TraderCostlierPrices-v1.0.0 v1.0.0 (same version, content/name changed from AGF-VP-TraderCostlierPrices-v1.0.0)
[2026-04-06 14:09:38] [INFO] Promoted refresh: AGF-VP-TraderSellsMoreBooks-v3.0.0 v3.0.0 (same version, content/name changed from AGF-VP-TraderSellsMoreBooks-v3.0.0)
[2026-04-06 14:09:38] [INFO] Promoted refresh: AGF-VP-TradersRestockEvery2Days-v1.0.0 v1.0.0 (same version, content/name changed from AGF-VP-TradersRestockEvery2Days-v1.0.0)
[2026-04-06 14:09:38] [INFO] Promoted refresh: AGF-VP-TreesPlus-v3.0.0 v3.0.0 (same version, content/name changed from AGF-VP-TreesPlus-v3.0.0)
[2026-04-06 14:09:38] [INFO] Promoted refresh: AGF-VP-VehiclePerformance-v1.0.1 v1.0.1 (same version, content/name changed from AGF-VP-VehiclePerformance-v1.0.1)
[2026-04-06 14:09:39] [INFO] Promoted refresh: AGF-VP-VehiclesExtraSeating-v1.0.0 v1.0.0 (same version, content/name changed from AGF-VP-VehiclesExtraSeating-v1.0.0)
[2026-04-06 14:09:39] [INFO] Promoted refresh: AGF-VP-VehicleStoragePlus-v2.1.1 v2.1.1 (same version, content/name changed from AGF-VP-VehicleStoragePlus-v2.1.1)
[2026-04-06 14:09:39] [INFO] Promoted refresh: AGF-VP-WriteStoryOnCrate-v1.0.0 v1.0.0 (same version, content/name changed from AGF-VP-WriteStoryOnCrate-v1.0.0)
[2026-04-06 14:09:39] [INFO] Promoted refresh: AGF-VP-XPDeathPenaltyReduction-v2.0.0 v2.0.0 (same version, content/name changed from AGF-VP-XPDeathPenaltyReduction-v2.0.0)
[2026-04-06 14:09:39] [INFO] Promoted refresh: AGF-VP-ZombieBiomeSpawning-v3.0.0 v3.0.0 (same version, content/name changed from AGF-VP-ZombieBiomeSpawning-v3.0.0)
[2026-04-06 14:09:39] [INFO] Promoted refresh: AGF-VP-ZombieCorpseLeaveQuicker-v2.0.1 v2.0.1 (same version, content/name changed from AGF-VP-ZombieCorpseLeaveQuicker-v2.0.1)
[2026-04-06 14:09:39] [INFO] Promoted refresh: AGF-VP-ZombieLargerHordes-v2.0.1 v2.0.1 (same version, content/name changed from AGF-VP-ZombieLargerHordes-v2.0.1)
[2026-04-06 14:09:39] [INFO] Promoted refresh: zzzAGF-Special-Compatibilities-v4.0.3 v4.0.3 (same version, content/name changed from zzzAGF-Special-Compatibilities-v4.0.3)
[2026-04-06 14:09:39] [INFO] Cleanup: Remove legacy ReleaseSource folders replaced by AGF-4Modders renames
[2026-04-06 14:09:39] [INFO] Cleanup: Remove legacy 4Modders-replaced folders in 03_ReleaseSource
[2026-04-06 14:09:39] [INFO] Cleanup: Remove older duplicate versions in 03_ReleaseSource
[2026-04-06 14:09:39] [INFO] Rename folders to match ModInfo Name+Version when safe
[2026-04-06 14:09:39] [INFO] Rename folders to match ModInfo Name+Version when safe
[2026-04-06 14:09:39] [INFO] Step 4.2: Normalize HELPER_ModCompatibility.csv
[2026-04-06 14:09:39] [INFO] Step 4.3: Normalize quote files
[2026-04-06 14:09:39] [INFO] Generate per-mod README.md and ReadableReadMe.txt
[2026-04-06 14:09:42] [INFO] Generate per-mod README.md and ReadableReadMe.txt
[2026-04-06 14:09:42] [INFO] Step 6: Create all mod and category zip files
[2026-04-06 14:09:45] [INFO] Step 6.5: Generate GigglePack release metadata + changelog outputs
[2026-04-06 14:09:45] [INFO] Step 7: Generate main README.md

=== SUMMARY ===
scanned_workspace_mods: 90
scanned_game_mods: 84
synced_pull_from_game: 6
synced_push_to_game: 155
sync_conflicts: 0
moved_to_publish_ready: 0
moved_to_in_progress: 0
renamed_folders: 1
csv_added_rows: 0
csv_removed_rows: 0
quote_files_created: 0
quote_files_renamed: 0
quote_files_blanked_none: 0
readmes_written: 186
readable_txt_written: 186
pushed_back_to_game: 0
mod_zips_created: 91
pack_zips_created: 7
promoted_to_publish_ready: 90
warnings: 0
errors: 0

=== MOD CHANGES ===
AGF-4Modders-10IngredientSlots-v1.0.1 | promoted (refresh)
AGF-4Modders-CustomWindowEnteringDuration-v1.0.0 | promoted (refresh)
AGF-4Modders-Fix4DestroyBiomeBadge-v1.0.0 | promoted (refresh)
AGF-4Modders-Fix4RemoveItems-v1.0.0 | promoted (refresh)
AGF-4Modders-SkillPointCap-v1.0.0 | promoted (refresh)
AGF-BackpackPlus-060Slots-v3.2.2 | promoted (refresh)
AGF-BackpackPlus-072Slots-v3.2.2 | promoted (refresh)
AGF-BackpackPlus-084Slots-v3.2.2 | promoted (refresh)
AGF-BackpackPlus-119Slots-v1.2.2 | promoted (refresh)
AGF-HUDPlus-1Main-v5.4.4 | promoted (refresh)
AGF-HUDPlus-BMCounter-v2.1.2 | promoted (refresh)
AGF-HUDPlus-HealthBars-v4.0.0 | promoted (refresh)
AGF-HUDPlus-PurpleBook-v2.0.0 | promoted (refresh)
AGF-HUDPlus-RemoveEnteringPopUp-v1.0.0 | promoted (refresh)
AGF-HUDPluszOther-RemoveWrittentormAlerts-v2.0.0 | promoted (refresh)
AGF-HUDPluszOther-SmallerInteractionPrompt-v1.0.0 | promoted (refresh)
AGF-HUDPluszOther-TinyBuffsPopUp-v1.0.0 | promoted (refresh)
AGF-HUDPluszOther-Weekday-v2.1.0 | promoted (refresh)
AGF-NoEAC-ConsoleOpacityMod-v1.0.0 | promoted (refresh)
AGF-NoEAC-CosmeticLockIcon-v1.0.1 | promoted (refresh)
AGF-NoEAC-EnhancedPatch-v3.1.1 | promoted (refresh)
AGF-NoEAC-ExpandedInteractionPrompts-v1.1.0 | promoted (refresh)
AGF-NoEAC-GlobalStormTracker-v1.0.0 | promoted (refresh)
AGF-NoEAC-ItemTypeIconColor-v1.0.0 | promoted (refresh)
AGF-NoEAC-LockableWorkstations-v1.1.0 | pulled from game
AGF-NoEAC-LockableWorkstations-v1.1.1 | promoted (updated)
AGF-NoEAC-OpenAllButton-v1.0.1 | promoted (refresh)
AGF-NoEAC-ScreamerAlert-v1.1.1 | promoted (refresh)
AGF-NoEAC-SortingBox-v1.0.5 | promoted (refresh)
AGF-NoEAC-Toolbelt12Slots-v1.0.1 | promoted (refresh)
AGF-VP-AdminModdingSupport-v1.0.3 | promoted (refresh)
AGF-VP-AlternativeRecipes-v1.0.1 | promoted (refresh)
AGF-VP-AmmoDisassembly-v1.0.1 | promoted (refresh)
AGF-VP-ApiaryPlus-v1.0.3 | promoted (refresh)
AGF-VP-ArcheryFeathersChange-v1.0.2 | promoted (refresh)
AGF-VP-ArmorHarvestMods-v2.1.0 | promoted (refresh)
AGF-VP-AutomobilesRespawn-v3.0.1 | promoted (refresh)
AGF-VP-BedrollPlus-v1.0.0 | promoted (refresh)
AGF-VP-BetterEggChance-v2.1.0 | promoted (refresh)
AGF-VP-BreakItGetIt-v1.0.2 | promoted (refresh)
AGF-VP-BuyTraderVendingMachines-v3.0.2 | promoted (refresh)
AGF-VP-CraftSewingKits-v1.0.0 | promoted (refresh)
AGF-VP-CraftStackEngBattCells-v3.3.0 | promoted (refresh)
AGF-VP-CraftVitamins-v1.1.0 | promoted (refresh)
AGF-VP-DecorationBlock-v3.0.2 | promoted (refresh)
AGF-VP-DewsPlus-v2.4.2 | promoted (refresh)
AGF-VP-DoorsPlus-v3.0.0 | promoted (refresh)
AGF-VP-DrinkableAcid-v2.0.1 | promoted (refresh)
AGF-VP-DyesPlus-v3.1.0 | promoted (refresh)
AGF-VP-FarmingPlus-v5.6.1 | promoted (refresh)
AGF-VP-FloraHarvester-v2.3.0 | promoted (refresh)
AGF-VP-FuelBurnPlus-v2.3.0 | promoted (refresh)
AGF-VP-MasterTool-v6.1.0 | promoted (refresh)
AGF-VP-MaxLevel500-v2.0.2 | promoted (refresh)
AGF-VP-MedicationNoInsectSlow-v1.1.0 | promoted (refresh)
AGF-VP-MiningPlus-v1.2.0 | promoted (refresh)
AGF-VP-Mod988-v2.0.1 | promoted (refresh)
AGF-VP-ModBundling-v1.0.1 | promoted (refresh)
AGF-VP-ModSlotsPlus-v3.0.1 | promoted (refresh)
AGF-VP-PaintbrushPlus-v2.1.0 | promoted (refresh)
AGF-VP-PickupLanternsPlus-v2.0.1 | promoted (refresh)
AGF-VP-PlayerResetQuests-v2.0.1 | promoted (refresh)
AGF-VP-PlayerVendingMachinesPlus-v1.0.0 | promoted (refresh)
AGF-VP-PumpkinsPlus-v2.0.4 | promoted (refresh)
AGF-VP-QuickStart-v2.0.0 | promoted (refresh)
AGF-VP-RebundleBundles-v1.0.0 | promoted (refresh)
AGF-VP-RecipeRottingFlesh-v1.0.0 | promoted (refresh)
AGF-VP-RenamesAlphabeticalSort-v2.0.4 | promoted (refresh)
AGF-VP-RestorePowerAnyTime-v1.0.2 | promoted (refresh)
AGF-VP-ScrapBatts4Acid-v1.1.0 | promoted (refresh)
AGF-VP-ScrapEquipmentFaster-v1.0.0 | promoted (refresh)
AGF-VP-SimplifiedStacks-v1.2.3 | promoted (refresh)
AGF-VP-SmeltingPlus-v2.4.0 | promoted (refresh)
AGF-VP-StayLongerAnimalCorpse-v2.0.2 | promoted (refresh)
AGF-VP-StayLongerPlayerBackpack-v2.0.1 | promoted (refresh)
AGF-VP-StayLongerZombieLoot-v2.0.1 | promoted (refresh)
AGF-VP-TacticalRiflePlus-v2.1.0 | promoted (refresh)
AGF-VP-TraderAlwaysOpen-v2.0.1 | promoted (refresh)
AGF-VP-TraderCostlierPrices-v1.0.0 | promoted (refresh)
AGF-VP-TraderSellsMoreBooks-v3.0.0 | promoted (refresh)
AGF-VP-TradersRestockEvery2Days-v1.0.0 | promoted (refresh)
AGF-VP-TreesPlus-v3.0.0 | promoted (refresh)
AGF-VP-VehiclePerformance-v1.0.1 | promoted (refresh)
AGF-VP-VehiclesExtraSeating-v1.0.0 | promoted (refresh)
AGF-VP-VehicleStoragePlus-v2.1.1 | promoted (refresh)
AGF-VP-WriteStoryOnCrate-v1.0.0 | promoted (refresh)
AGF-VP-XPDeathPenaltyReduction-v2.0.0 | promoted (refresh)
AGF-VP-ZombieBiomeSpawning-v3.0.0 | promoted (refresh)
AGF-VP-ZombieCorpseLeaveQuicker-v2.0.1 | promoted (refresh)
AGF-VP-ZombieLargerHordes-v2.0.1 | promoted (refresh)
