[2026-03-26 04:17:38] [INFO] Starting SCRIPT-Main automation pipeline
[2026-03-26 04:17:38] [INFO] Selected mode: full
[2026-03-26 04:17:38] [INFO] Step 1/2: Scan mod folders and sync by version
[2026-03-26 04:17:38] [INFO] Workspace is newer for AGF-BackpackPlus-084Slots: workspace=AGF-BackpackPlus-084Slots-v3.2.2 v3.2.2, game=AGF-BackpackPlus-084Slots-v3.2.1 v3.2.1. Pushing to game.
[2026-03-26 04:17:38] [INFO] Workspace is newer for AGF-HUDPlus-1Main: workspace=AGF-HUDPlus-1Main-v5.4.4 v5.4.4, game=AGF-HUDPlus-1Main-v5.4.3 v5.4.3. Pushing to game.
[2026-03-26 04:17:39] [WARN] Version tie conflict for AGF-HUDPlus-BMCounter: both v2.1.2 but content differs. No overwrite performed.
[2026-03-26 04:17:39] [WARN] Version tie conflict for AGF-HUDPlus-HealthBars: both v4.0.0 but content differs. No overwrite performed.
[2026-03-26 04:17:39] [WARN] Version tie conflict for AGF-HUDPlus-PurpleBook: both v2.0.0 but content differs. No overwrite performed.
[2026-03-26 04:17:39] [WARN] Version tie conflict for AGF-HUDPlus-RemoveEnteringPopUp: both v1.0.0 but content differs. No overwrite performed.
[2026-03-26 04:17:39] [WARN] Version tie conflict for AGF-NoEAC-ConfigureWindowEnteringDuration: both v1.0.1 but content differs. No overwrite performed.
[2026-03-26 04:17:39] [WARN] Version tie conflict for AGF-NoEAC-ConsoleOpacityMod: both v1.0.0 but content differs. No overwrite performed.
[2026-03-26 04:17:39] [WARN] Version tie conflict for AGF-NoEAC-CosmeticLockIcon: both v1.0.1 but content differs. No overwrite performed.
[2026-03-26 04:17:39] [WARN] Version tie conflict for AGF-NoEAC-EnhancedPatch: both v3.0.0 but content differs. No overwrite performed.
[2026-03-26 04:17:39] [WARN] Version tie conflict for AGF-NoEAC-ExpandedInteractionPrompts: both v1.0.1 but content differs. No overwrite performed.
[2026-03-26 04:17:39] [WARN] Version tie conflict for AGF-NoEAC-GlobalStormTracker: both v1.0.0 but content differs. No overwrite performed.
[2026-03-26 04:17:39] [WARN] Version tie conflict for AGF-NoEAC-ItemTypeIconColor: both v1.0.0 but content differs. No overwrite performed.
[2026-03-26 04:17:39] [WARN] Version tie conflict for AGF-NoEAC-OpenAllButton: both v1.0.0 but content differs. No overwrite performed.
[2026-03-26 04:17:39] [WARN] Version tie conflict for AGF-NoEAC-ScreamerAlert: both v1.1.1 but content differs. No overwrite performed.
[2026-03-26 04:17:39] [INFO] Workspace is newer for AGF-NoEAC-SortingBox: workspace=AGF-NoEAC-SortingBox-v1.0.5 v1.0.5, game=AGF-NoEAC-SortingBox-v1.0.4 v1.0.4. Pushing to game.
[2026-03-26 04:17:39] [WARN] Version tie conflict for AGF-VP-AdminModdingSupport: both v1.0.3 but content differs. No overwrite performed.
[2026-03-26 04:17:39] [WARN] Version tie conflict for AGF-VP-AlternativeRecipes: both v1.0.1 but content differs. No overwrite performed.
[2026-03-26 04:17:39] [WARN] Version tie conflict for AGF-VP-AmmoDisassembly: both v1.0.1 but content differs. No overwrite performed.
[2026-03-26 04:17:39] [WARN] Version tie conflict for AGF-VP-ApiaryPlus: both v1.0.3 but content differs. No overwrite performed.
[2026-03-26 04:17:39] [WARN] Version tie conflict for AGF-VP-ArcheryFeathersChange: both v1.0.2 but content differs. No overwrite performed.
[2026-03-26 04:17:39] [WARN] Version tie conflict for AGF-VP-ArmorHarvestMods: both v2.1.0 but content differs. No overwrite performed.
[2026-03-26 04:17:39] [WARN] Version tie conflict for AGF-VP-AutomobilesRespawn: both v3.0.1 but content differs. No overwrite performed.
[2026-03-26 04:17:39] [WARN] Version tie conflict for AGF-VP-BedrollPlus: both v1.0.0 but content differs. No overwrite performed.
[2026-03-26 04:17:39] [WARN] Version tie conflict for AGF-VP-BetterEggChance: both v2.1.0 but content differs. No overwrite performed.
[2026-03-26 04:17:39] [WARN] Version tie conflict for AGF-VP-BreakItGetIt: both v1.0.2 but content differs. No overwrite performed.
[2026-03-26 04:17:39] [WARN] Version tie conflict for AGF-VP-BuyTraderVendingMachines: both v3.0.2 but content differs. No overwrite performed.
[2026-03-26 04:17:39] [WARN] Version tie conflict for AGF-VP-CraftSewingKits: both v1.0.0 but content differs. No overwrite performed.
[2026-03-26 04:17:39] [WARN] Version tie conflict for AGF-VP-CraftStackEngBattCells: both v3.3.0 but content differs. No overwrite performed.
[2026-03-26 04:17:39] [WARN] Version tie conflict for AGF-VP-CraftVitamins: both v1.1.0 but content differs. No overwrite performed.
[2026-03-26 04:17:39] [WARN] Version tie conflict for AGF-VP-DecorationBlock: both v3.0.2 but content differs. No overwrite performed.
[2026-03-26 04:17:39] [WARN] Version tie conflict for AGF-VP-DewsPlus: both v2.4.2 but content differs. No overwrite performed.
[2026-03-26 04:17:39] [WARN] Version tie conflict for AGF-VP-DoorsPlus: both v3.0.0 but content differs. No overwrite performed.
[2026-03-26 04:17:39] [WARN] Version tie conflict for AGF-VP-DrinkableAcid: both v2.0.1 but content differs. No overwrite performed.
[2026-03-26 04:17:39] [WARN] Version tie conflict for AGF-VP-DyesPlus: both v3.1.0 but content differs. No overwrite performed.
[2026-03-26 04:17:39] [WARN] Version tie conflict for AGF-VP-FarmingPlus: both v5.6.1 but content differs. No overwrite performed.
[2026-03-26 04:17:39] [WARN] Version tie conflict for AGF-VP-FloraHarvester: both v2.3.0 but content differs. No overwrite performed.
[2026-03-26 04:17:39] [WARN] Version tie conflict for AGF-VP-FuelBurnPlus: both v2.3.0 but content differs. No overwrite performed.
[2026-03-26 04:17:39] [WARN] Version tie conflict for AGF-VP-MasterTool: both v6.1.0 but content differs. No overwrite performed.
[2026-03-26 04:17:39] [WARN] Version tie conflict for AGF-VP-MaxLevel500: both v2.0.2 but content differs. No overwrite performed.
[2026-03-26 04:17:39] [WARN] Version tie conflict for AGF-VP-MedicationNoInsectSlow: both v1.1.0 but content differs. No overwrite performed.
[2026-03-26 04:17:39] [WARN] Version tie conflict for AGF-VP-MiningPlus: both v1.2.0 but content differs. No overwrite performed.
[2026-03-26 04:17:39] [WARN] Version tie conflict for AGF-VP-Mod988: both v2.0.1 but content differs. No overwrite performed.
[2026-03-26 04:17:39] [WARN] Version tie conflict for AGF-VP-ModBundling: both v1.0.1 but content differs. No overwrite performed.
[2026-03-26 04:17:39] [WARN] Version tie conflict for AGF-VP-ModSlotsPlus: both v3.0.1 but content differs. No overwrite performed.
[2026-03-26 04:17:39] [WARN] Version tie conflict for AGF-VP-PaintbrushPlus: both v2.1.0 but content differs. No overwrite performed.
[2026-03-26 04:17:39] [WARN] Version tie conflict for AGF-VP-PickupLanternsPlus: both v2.0.1 but content differs. No overwrite performed.
[2026-03-26 04:17:39] [WARN] Version tie conflict for AGF-VP-PlayerResetQuests: both v2.0.1 but content differs. No overwrite performed.
[2026-03-26 04:17:39] [WARN] Version tie conflict for AGF-VP-PlayerVendingMachinesPlus: both v1.0.0 but content differs. No overwrite performed.
[2026-03-26 04:17:39] [WARN] Version tie conflict for AGF-VP-PumpkinsPlus: both v2.0.4 but content differs. No overwrite performed.
[2026-03-26 04:17:39] [WARN] Version tie conflict for AGF-VP-QuickStart: both v2.0.0 but content differs. No overwrite performed.
[2026-03-26 04:17:39] [WARN] Version tie conflict for AGF-VP-RebundleBundles: both v1.0.0 but content differs. No overwrite performed.
[2026-03-26 04:17:39] [WARN] Version tie conflict for AGF-VP-RecipeRottingFlesh: both v1.0.0 but content differs. No overwrite performed.
[2026-03-26 04:17:39] [WARN] Version tie conflict for AGF-VP-RenamesAlphabeticalSort: both v2.0.4 but content differs. No overwrite performed.
[2026-03-26 04:17:39] [WARN] Version tie conflict for AGF-VP-RestorePowerAnyTime: both v1.0.2 but content differs. No overwrite performed.
[2026-03-26 04:17:39] [WARN] Version tie conflict for AGF-VP-ScrapBatts4Acid: both v1.1.0 but content differs. No overwrite performed.
[2026-03-26 04:17:39] [WARN] Version tie conflict for AGF-VP-ScrapEquipmentFaster: both v1.0.0 but content differs. No overwrite performed.
[2026-03-26 04:17:39] [WARN] Version tie conflict for AGF-VP-SimplifiedStacks: both v1.2.3 but content differs. No overwrite performed.
[2026-03-26 04:17:39] [WARN] Version tie conflict for AGF-VP-SmeltingPlus: both v2.4.0 but content differs. No overwrite performed.
[2026-03-26 04:17:39] [WARN] Version tie conflict for AGF-VP-StayLongerAnimalCorpse: both v2.0.2 but content differs. No overwrite performed.
[2026-03-26 04:17:39] [WARN] Version tie conflict for AGF-VP-StayLongerPlayerBackpack: both v2.0.1 but content differs. No overwrite performed.
[2026-03-26 04:17:39] [WARN] Version tie conflict for AGF-VP-StayLongerZombieLoot: both v2.0.1 but content differs. No overwrite performed.
[2026-03-26 04:17:39] [WARN] Version tie conflict for AGF-VP-TacticalRiflePlus: both v2.1.0 but content differs. No overwrite performed.
[2026-03-26 04:17:39] [WARN] Version tie conflict for AGF-VP-TraderAlwaysOpen: both v2.0.1 but content differs. No overwrite performed.
[2026-03-26 04:17:39] [WARN] Version tie conflict for AGF-VP-TraderCostlierPrices: both v1.0.0 but content differs. No overwrite performed.
[2026-03-26 04:17:39] [WARN] Version tie conflict for AGF-VP-TraderSellsMoreBooks: both v3.0.0 but content differs. No overwrite performed.
[2026-03-26 04:17:39] [WARN] Version tie conflict for AGF-VP-TradersRestockEvery2Days: both v1.0.0 but content differs. No overwrite performed.
[2026-03-26 04:17:39] [WARN] Version tie conflict for AGF-VP-TreesPlus: both v3.0.0 but content differs. No overwrite performed.
[2026-03-26 04:17:39] [WARN] Version tie conflict for AGF-VP-VehiclePerformance: both v1.0.1 but content differs. No overwrite performed.
[2026-03-26 04:17:39] [WARN] Version tie conflict for AGF-VP-VehiclesExtraSeating: both v1.0.0 but content differs. No overwrite performed.
[2026-03-26 04:17:39] [WARN] Version tie conflict for AGF-VP-VehicleStoragePlus: both v2.1.1 but content differs. No overwrite performed.
[2026-03-26 04:17:39] [WARN] Version tie conflict for AGF-VP-WriteStoryOnCrate: both v1.0.0 but content differs. No overwrite performed.
[2026-03-26 04:17:39] [WARN] Version tie conflict for AGF-VP-XPDeathPenaltyReduction: both v2.0.0 but content differs. No overwrite performed.
[2026-03-26 04:17:39] [WARN] Version tie conflict for AGF-VP-ZombieBiomeSpawning: both v3.0.0 but content differs. No overwrite performed.
[2026-03-26 04:17:39] [WARN] Version tie conflict for AGF-VP-ZombieCorpseLeaveQuicker: both v2.0.1 but content differs. No overwrite performed.
[2026-03-26 04:17:39] [WARN] Version tie conflict for AGF-VP-ZombieLargerHordes: both v2.0.1 but content differs. No overwrite performed.
[2026-03-26 04:17:39] [INFO] Workspace is newer for zzzAGF-Special-Compatibilities: workspace=zzzAGF-Special-Compatibilities-v4.0.3 v4.0.3, game=zzzAGF-Special-Compatibilities-v4.0.2 v4.0.2. Pushing to game.
[2026-03-26 04:17:39] [INFO] Game is newer for AGF-NoEAC-Toolbelt12Slots: game=AGF-NoEAC-Toolbelt12Slots-v0.0.1 v1.0.0, workspace=AGF-NoEAC-Toolbelt12Slots-v0.0.1 v0.0.1. Pulling from game.
[2026-03-26 04:17:39] [ERROR] Failed to remove directory C:\Program Files (x86)\Steam\steamapps\common\7 Days To Die\Mods\AGF-NoEAC-Toolbelt12Slots-v0.0.1: [WinError 32] The process cannot access the file because it is being used by another process: 'C:\\Program Files (x86)\\Steam\\steamapps\\common\\7 Days To Die\\Mods\\AGF-NoEAC-Toolbelt12Slots-v0.0.1'
[2026-03-26 04:17:39] [INFO] Step 3: Move mods between In-Progress and PublishReady by major version
[2026-03-26 04:17:39] [INFO] Moved to PublishReady: AGF-NoEAC-Toolbelt12Slots-v0.0.1 (v1.0.0)
[2026-03-26 04:17:39] [INFO] Rename folders to match ModInfo Name+Version when safe
[2026-03-26 04:17:39] [INFO] Renamed folder: AGF-NoEAC-Toolbelt12Slots-v0.0.1 -> AGF-NoEAC-Toolbelt12Slots-v1.0.0
[2026-03-26 04:17:39] [INFO] Step 4.2: Normalize HELPER_ModCompatibility.csv
[2026-03-26 04:17:39] [INFO] Step 4.3: Normalize quote files
[2026-03-26 04:17:39] [INFO] Generate per-mod README.md and ReadableReadMe.txt
[2026-03-26 04:17:39] [INFO] Step 5: Push updated pulled mods back to game folder
[2026-03-26 04:17:39] [WARN] Pushback skipped for AGF-NoEAC-Toolbelt12Slots-v0.0.1: workspace path missing C:\GitHub\7D2D-Mods\01_Draft\AGF-NoEAC-Toolbelt12Slots-v0.0.1
[2026-03-26 04:17:39] [INFO] Step 6: Create all mod and category zip files
[2026-03-26 04:17:40] [INFO] Step 6.5: Generate GigglePack release metadata + changelog outputs
[2026-03-26 04:17:41] [INFO] Discord webhook post completed
[2026-03-26 04:17:41] [INFO] Step 7: Generate main README.md

=== SUMMARY ===
scanned_workspace_mods: 90
scanned_game_mods: 78
synced_pull_from_game: 1
synced_push_to_game: 4
sync_conflicts: 73
moved_to_publish_ready: 1
moved_to_in_progress: 0
renamed_folders: 1
csv_added_rows: 0
csv_removed_rows: 0
quote_files_created: 0
quote_files_renamed: 0
quote_files_blanked_none: 0
readmes_written: 90
readable_txt_written: 90
pushed_back_to_game: 0
mod_zips_created: 86
pack_zips_created: 6
promoted_to_publish_ready: 0
warnings: 74
errors: 1
